[1728995167] unbound[1:0] debug: mesh_run: start
[1728995167] unbound[1:0] debug: validator[module 0] operate: extstate:module_state_initial event:module_event_new
[1728995167] unbound[1:0] info: validator operate: query www.keytrap.test. A IN
[1728995167] unbound[1:0] debug: validator: pass to next module
[1728995167] unbound[1:0] debug: mesh_run: validator module exit state is module_wait_module
[1728995167] unbound[1:0] debug: iterator[module 1] operate: extstate:module_state_initial event:module_event_pass
[1728995167] unbound[1:0] debug: process_request: new external request event
[1728995167] unbound[1:0] debug: iter_handle processing q with state INIT REQUEST STATE
[1728995167] unbound[1:0] info: resolving www.keytrap.test. A IN
[1728995167] unbound[1:0] debug: request has dependency depth of 0
[1728995167] unbound[1:0] info: use stub keytrap.test. NS IN
[1728995167] unbound[1:0] debug: cache delegation returns delegpt
[1728995167] unbound[1:0] info: DelegationPoint<keytrap.test.>: 0 names (0 missing), 1 addrs (0 result, 1 avail) parentNS
[1728995167] unbound[1:0] debug:    ip4 10.10.3.3 port 53 (len 16)
[1728995167] unbound[1:0] debug: iter_handle processing q with state INIT REQUEST STATE (stage 2)
[1728995167] unbound[1:0] info: resolving (init part 2):  www.keytrap.test. A IN
[1728995167] unbound[1:0] info: use stub keytrap.test. NS IN
[1728995167] unbound[1:0] debug: iter_handle processing q with state INIT REQUEST STATE (stage 3)
[1728995167] unbound[1:0] info: resolving (init part 3):  www.keytrap.test. A IN
[1728995167] unbound[1:0] debug: iter_handle processing q with state QUERY TARGETS STATE
[1728995167] unbound[1:0] info: processQueryTargets: www.keytrap.test. A IN
[1728995167] unbound[1:0] debug: processQueryTargets: targetqueries 0, currentqueries 0 sentcount 0
[1728995167] unbound[1:0] info: DelegationPoint<keytrap.test.>: 0 names (0 missing), 1 addrs (0 result, 1 avail) parentNS
[1728995167] unbound[1:0] debug:    ip4 10.10.3.3 port 53 (len 16)
[1728995167] unbound[1:0] debug: attempt to get extra 3 targets
[1728995167] unbound[1:0] debug: rpz: iterator module callback: have_rpz=0
[1728995167] unbound[1:0] debug: selrtt 376
[1728995167] unbound[1:0] info: sending query: www.keytrap.test. A IN
[1728995167] unbound[1:0] debug: sending to target: <keytrap.test.> 10.10.3.3#53
[1728995167] unbound[1:0] debug: dnssec status: expected
[1728995167] unbound[1:0] debug: mesh_run: iterator module exit state is module_wait_reply
[1728995167] unbound[1:0] info: mesh_run: end 1 recursion states (1 with reply, 0 detached), 1 waiting replies, 0 recursion replies sent, 0 replies dropped, 0 states jostled out
[1728995167] unbound[1:0] info: 0RDd mod1 rep www.keytrap.test. A IN
[1728995167] unbound[1:0] debug: cache memory msg=66104 rrset=66104 infra=8224 val=66384
[1728995167] unbound[1:0] debug: serviced send timer
[1728995167] unbound[1:0] debug: EDNS lookup known=0 vs=0
[1728995167] unbound[1:0] debug: serviced query UDP timeout=376 msec
[1728995167] unbound[1:0] debug: inserted new pending reply id=89b0
[1728995167] unbound[1:0] debug: opened UDP if=0 port=52333
[1728995167] unbound[1:0] debug: comm point start listening 7 (-1 msec)
[1728995167] unbound[1:0] debug: answer cb
[1728995167] unbound[1:0] debug: Incoming reply id = 89b0
[1728995167] unbound[1:0] debug: Incoming reply addr = ip4 10.10.3.3 port 53 (len 16)
[1728995167] unbound[1:0] debug: lookup size is 1 entries
[1728995167] unbound[1:0] debug: received udp reply.
[1728995167] unbound[1:0] debug: udp message[3552:0] 89B08400000100020002002003777777076B6579747261700474657374000001000103777777076B657974726170047465737400000100010001518000040A0A030303777777076B657974726170047465737400002E000100015180008000010E030001518067334F2B670BC22B18CE076B65797472617004746573740062C3CFB365A9B82D21EFE7986A70EBDCD67E6E80D29140141E384A546CCC947A64A728D3329258B0793F33D1E6DA2B2AE65A172A9092E3720B91BFFDFA4054A728D2FA4310C0DF95EEFFB87CF102A5A03E07EB21D52D04DB34F4976E0905B070076B65797472617004746573740000020001000151800012036E7331076B65797472
[1728995167] unbound[1:0] debug: udp message[3552:256] 6170047465737400076B657974726170047465737400002E000100015180008000020E020001518067334F2B670BC22B18CE076B657974726170047465737400DA0FBB8F01C649A8EE06D39860CD4EFBF002EB809DC1168CE25354AF2C58773F959FF66A50BFD1C69FD11C41636B96BE4B00F3304E95C33638EC114BA68402D3869FCDAC702924E99F59B0DAD4714BE64BBC8FECD178512CB19B564D2F7FDA5B03777730086F75747369646572047465737400000100010001518000040A0A030303777730086F75747369646572047465737400001C000100015180001020010DB800000000000000000000000303777730086F757473696465720474657374
[1728995167] unbound[1:0] debug: udp message[3552:512] 00002E000100015180008000010E030001518067334F2B670BC22B18CE076B6579747261700474657374004B356CE651D330E6EF87D4C088F9D022A850A666DD135D5C049CA555152C43CC8B31FFA703CF3FACD6EA3C71EC05103BAEA222695FC72811E82E9DFCEDFC2E208B67758026455FFEA533D3D20CADD10B6B3B06417A3EDB1D1F7EC962373C6CD903777730086F75747369646572047465737400002E0001000151800080001C0E030001518067334F2B670BC22B18CE076B65797472617004746573740087A19FC469756D812C1064CE9795D8DFDEA09EB29C5AC342B4B439A6F5A0E48DF1AD1D1098314F961C36DCC0928F078D447FEFEE50E3AB70
[1728995167] unbound[1:0] debug: udp message[3552:768] A8F605F0CB14C54DFDEBF70C0207C45B68DE792488B63001FCF60F3C267CBBBA761FC5382B645F1503777731086F75747369646572047465737400000100010001518000040A0A030303777731086F75747369646572047465737400001C000100015180001020010DB800000000000000000000000303777731086F75747369646572047465737400002E000100015180008000010E030001518067334F2B670BC22B18CE076B657974726170047465737400D0261FEE34C8B05E71F1C276310A172095671F0BC00981CC4BFCB2B18AEB36929010680C0FB721E94FE764558E3941598E08134E9EC23BAA3BB0EA9D035A9F955CCE21C4A390F4FF79442B1EBF
[1728995167] unbound[1:0] debug: udp message[3552:1024] 8433FDF9878852E973DB668D8F387EAAC03F5403777731086F75747369646572047465737400002E0001000151800080001C0E030001518067334F2B670BC22B18CE076B6579747261700474657374004D7536A63522761F00C0DC8BF46184B22F241D892BD5D84B41EAB52EC1C694DFE31AD49B4E8C5B35BDB9FE672983C9FA28E3E0296064B332A3706F2C7F391B929A63DBCF191CA58A354FB11F636759591EBEA18013892990E2DDE16FC89545B203777732086F75747369646572047465737400000100010001518000040A0A030303777732086F75747369646572047465737400001C000100015180001020010DB80000000000000000000000030377
[1728995167] unbound[1:0] debug: udp message[3552:1280] 7732086F75747369646572047465737400002E000100015180008000010E030001518067334F2B670BC22B18CE076B657974726170047465737400CCB8F1950ADF0C38D3FA2317B0A4D9E3232B0EEFE6431662297A8B1D64CF059038ABBFF8C48415FBE2F7022974E7F25F46D6694B259C99D0524091F41B54E935359BC0621967F90C1544010888E4B6BF6658C9A7ED4626D7CB4CD88C8947080203777732086F75747369646572047465737400002E0001000151800080001C0E030001518067334F2B670BC22B18CE076B6579747261700474657374001BE0D17C3DE65AD9922E7A8C9DE3B36F1D97023D9968A172280ACC8D04A916479FF6BD70D5955540
[1728995167] unbound[1:0] debug: udp message[3552:1536] 5E8FF9CF7934E81C3A0F398051A5FADDB9F7F487F22DB8D6E469C19AC54CC4B50B7DCB29A2675AB3F0A24F8938118761CF16DAB6A123406703777733086F75747369646572047465737400000100010001518000040A0A030303777733086F75747369646572047465737400001C000100015180001020010DB800000000000000000000000303777733086F75747369646572047465737400002E000100015180008000010E030001518067334F2B670BC22B18CE076B6579747261700474657374007960A9AD6BCBDC2E6968251436B1AC08A255D4FCF6301A12A3167B8DCF7CA60BEEDCAE170B4D053F31BD2FCAB4B50DB4E6ED1C7E9FE7EEAC063B66E8DC
[1728995167] unbound[1:0] debug: udp message[3552:1792] 94970EF87D3E42F10F6DCBC86A0D344DDF57B56AB80D732D5B294319680A5A5C78993103777733086F75747369646572047465737400002E0001000151800080001C0E030001518067334F2B670BC22B18CE076B65797472617004746573740091A5F181E07B650E0DF618E0DA9A45591568E2F95E458AD6628E73F364FE81E6B58A140183676D64C6B69679D6569788AADDB5E0E7D49E030D6DCB5E5C9CF6FD9E427971FE19CC6A6E4372DD1FEE35C0E2460ED45EA40A029B2A54A5F096769203777734086F75747369646572047465737400000100010001518000040A0A030303777734086F75747369646572047465737400001C00010001518000102001
[1728995167] unbound[1:0] debug: udp message[3552:2048] 0DB800000000000000000000000303777734086F75747369646572047465737400002E000100015180008000010E030001518067334F2B670BC22B18CE076B657974726170047465737400205A6CE4365E6C911BA3B60FA6BF76851DF90D96FF3496C3A0D4493825AA2BA819DB602BCAE9DDC1FA6E6070C8D515ACC5124292C3250A510A122B4FAB25F0078D94935ADF73AD19ECE3B092C051EF83180BA7C55096F16A6AB51E278DFEA42A03777734086F75747369646572047465737400002E0001000151800080001C0E030001518067334F2B670BC22B18CE076B657974726170047465737400EC5A810118F266DB752B830FE4194F8149E73B62205F8CFE
[1728995167] unbound[1:0] debug: udp message[3552:2304] 00481AB5FE1B5472F98BD4C080B25B99AED8625D539652E5321EE2332B14CF54E17B120DF23DCD79B188B9891187468BCB6FCFDBE76FA592265382081ABDEB658BE24EF7254338ED03777735086F75747369646572047465737400000100010001518000040A0A030303777735086F75747369646572047465737400001C000100015180001020010DB800000000000000000000000303777735086F75747369646572047465737400002E000100015180008000010E030001518067334F2B670BC22B18CE076B6579747261700474657374000AE5ACC80FACF27615FB2D4954321FD8DE8EAC3DDA23A155D2302159573D4302B9C96A0A4692BE4B89500A49BA
[1728995167] unbound[1:0] debug: udp message[3552:2560] C113D863423719B657BCBDF13DF498E2AAF8580D1DB1E4203C619204B259FD695B6D33EB9B1EEA876304848642905FAFE59C8403777735086F75747369646572047465737400002E0001000151800080001C0E030001518067334F2B670BC22B18CE076B657974726170047465737400A9B0CA66E85975A436BA5DDCA66D863DE71129602BAD0F0579B1B059F37039AFC9D82098795D70BDBC46CA589583CA1591A693EF292BEC745FEA98ABA548EED9FA9F2248EB7C29EBC101D93ED45572F58525A00CF619D8E3395A888982FB649903777736086F75747369646572047465737400000100010001518000040A0A030303777736086F757473696465720474
[1728995167] unbound[1:0] debug: udp message[3552:2816] 65737400001C000100015180001020010DB800000000000000000000000303777736086F75747369646572047465737400002E000100015180008000010E030001518067334F2B670BC22B18CE076B657974726170047465737400CFB855D9E7D0F0D31DFD224A62F876901FE2ED4F4A1D79B71FB0A53EF1031621A664747C1EAFE83A1B5534D7B483677E2E1D53C48CB4F811D20B65D22EE3FDE5FB0D9853F8A85911D1D1EBE1DF12079EF6C5763532218C0502E3F1749240DB9703777736086F75747369646572047465737400002E0001000151800080001C0E030001518067334F2B670BC22B18CE076B657974726170047465737400CBCAA737A1900574
[1728995167] unbound[1:0] debug: udp message[3552:3072] DF752E19754880CD38D03C8253ADEDEEDB964C598C93FEFFE131423311BE702CB4F03975B09433B6FAF335D20215125CC5309144071DC0640EFBC86E8A1EAF7EED7A69F08AE31166749387903B8E261FD88B114ED1936CB303777737086F75747369646572047465737400000100010001518000040A0A030303777737086F75747369646572047465737400001C000100015180001020010DB800000000000000000000000303777737086F75747369646572047465737400002E000100015180008000010E030001518067334F2B670BC22B18CE076B657974726170047465737400B884972140D2BA01DEA7B693D62B65BA76472EAB64B692792D824F94AA
[1728995167] unbound[1:0] debug: udp message[3552:3328] 6A97509E9A2C19278E15F3986B179CF002520FB1B3834A874B9FF2B02F6A53862CA8D8E5548D3A79885EC1AFA3607202C58F6AF0E3AB400403C8FF53B48203D0C5FF3303777737086F75747369646572047465737400002E0001000151800080001C0E030001518067334F2B670BC22B18CE076B657974726170047465737400891CC35CCFB5CDE93AD1E3CC85F97EFABF98D9088116309D315C2AFE0B6BFE4CE87FE17800687694170081178A5FB7404A58D35DD1CF1AB09EDCACE74D3FB4001BC3B8E1C5D3B0C89822D72B2F4EA1596EE3CCC68606530E5651BF43DC3AD253
[1728995167] unbound[1:0] debug: outnet handle udp reply
[1728995167] unbound[1:0] debug: serviced query: EDNS works for ip4 10.10.3.3 port 53 (len 16)
[1728995167] unbound[1:0] debug: measured roundtrip at 1 msec
[1728995167] unbound[1:0] debug: svcd callbacks start
[1728995167] unbound[1:0] debug: worker svcd callback for qstate 0x559df3c94510
[1728995167] unbound[1:0] debug: mesh_run: start
[1728995167] unbound[1:0] debug: iterator[module 1] operate: extstate:module_wait_reply event:module_event_reply
[1728995167] unbound[1:0] info: iterator operate: query www.keytrap.test. A IN
[1728995167] unbound[1:0] debug: process_response: new external response event
[1728995167] unbound[1:0] info: scrub for keytrap.test. NS IN
[1728995167] unbound[1:0] info: normalize: removing irrelevant RRset: ww0.outsider.test. A IN
[1728995167] unbound[1:0] info: normalize: removing irrelevant RRset: ww0.outsider.test. AAAA IN
[1728995167] unbound[1:0] info: normalize: removing irrelevant RRset: ww1.outsider.test. A IN
[1728995167] unbound[1:0] info: normalize: removing irrelevant RRset: ww1.outsider.test. AAAA IN
[1728995167] unbound[1:0] info: normalize: removing irrelevant RRset: ww2.outsider.test. A IN
[1728995167] unbound[1:0] info: normalize: removing irrelevant RRset: ww2.outsider.test. AAAA IN
[1728995167] unbound[1:0] info: normalize: removing irrelevant RRset: ww3.outsider.test. A IN
[1728995167] unbound[1:0] info: normalize: removing irrelevant RRset: ww3.outsider.test. AAAA IN
[1728995167] unbound[1:0] info: normalize: removing irrelevant RRset: ww4.outsider.test. A IN
[1728995167] unbound[1:0] info: normalize: removing irrelevant RRset: ww4.outsider.test. AAAA IN
[1728995167] unbound[1:0] info: normalize: removing irrelevant RRset: ww5.outsider.test. A IN
[1728995167] unbound[1:0] info: normalize: removing irrelevant RRset: ww5.outsider.test. AAAA IN
[1728995167] unbound[1:0] info: normalize: removing irrelevant RRset: ww6.outsider.test. A IN
[1728995167] unbound[1:0] info: normalize: removing irrelevant RRset: ww6.outsider.test. AAAA IN
[1728995167] unbound[1:0] info: normalize: removing irrelevant RRset: ww7.outsider.test. A IN
[1728995167] unbound[1:0] info: normalize: removing irrelevant RRset: ww7.outsider.test. AAAA IN
[1728995167] unbound[1:0] info: response for www.keytrap.test. A IN
[1728995167] unbound[1:0] info: reply from <keytrap.test.> 10.10.3.3#53
[1728995167] unbound[1:0] info: incoming scrubbed packet: ;; ->>HEADER<<- opcode: QUERY, rcode: NOERROR, id: 0
;; flags: qr aa ; QUERY: 1, ANSWER: 2, AUTHORITY: 2, ADDITIONAL: 0 
;; QUESTION SECTION:
www.keytrap.test.INA

;; ANSWER SECTION:
www.keytrap.test.86400INA10.10.3.3
www.keytrap.test.86400INRRSIGA 14 3 86400 20241112125051 20241013125051 6350 keytrap.test. YsPPs2WpuC0h7+eYanDr3NZ+boDSkUAUHjhKVGzMlHpkpyjTMpJYsHk/M9Hm2isq5loXKpCS43ILkb/9+kBUpyjS+kMQwN+V7v+4fPECpaA+B+sh1S0E2zT0l24JBbBw ;{id = 6350}

;; AUTHORITY SECTION:
keytrap.test.86400INNSns1.keytrap.test.
keytrap.test.86400INRRSIGNS 14 2 86400 20241112125051 20241013125051 6350 keytrap.test. 2g+7jwHGSajuBtOYYM1O+/AC64CdwRaM4lNUryxYdz+Vn/ZqUL/Rxp/RHEFja5a+SwDzME6VwzY47BFLpoQC04afzaxwKSTpn1mw2tRxS+ZLvI/s0XhRLLGbVk0vf9pb ;{id = 6350}

;; ADDITIONAL SECTION:
;; MSG SIZE  rcvd: 348

[1728995167] unbound[1:0] debug: iter_handle processing q with state QUERY RESPONSE STATE
[1728995167] unbound[1:0] info: query response was ANSWER
[1728995167] unbound[1:0] debug: iter_handle processing q with state FINISHED RESPONSE STATE
[1728995167] unbound[1:0] info: finishing processing for www.keytrap.test. A IN
[1728995167] unbound[1:0] debug: mesh_run: iterator module exit state is module_finished
[1728995167] unbound[1:0] debug: validator[module 0] operate: extstate:module_wait_module event:module_event_moddone
[1728995167] unbound[1:0] info: validator operate: query www.keytrap.test. A IN
[1728995167] unbound[1:0] debug: validator: nextmodule returned
[1728995167] unbound[1:0] debug: val handle processing q with state VAL_INIT_STATE
[1728995167] unbound[1:0] debug: validator classification positive
[1728995167] unbound[1:0] info: signer is keytrap.test. TYPE0 CLASS0
[1728995167] unbound[1:0] info: prime trust anchor
[1728995167] unbound[1:0] info: generate request keytrap.test. DNSKEY IN
[1728995167] unbound[1:0] info: generate keytag query _ta-75b2.keytrap.test. NULL IN
[1728995167] unbound[1:0] info: generate request _ta-75b2.keytrap.test. NULL IN
[1728995167] unbound[1:0] debug: mesh_run: validator module exit state is module_wait_subquery
[1728995167] unbound[1:0] debug: validator[module 0] operate: extstate:module_state_initial event:module_event_pass
[1728995167] unbound[1:0] info: validator operate: query keytrap.test. DNSKEY IN
[1728995167] unbound[1:0] debug: validator: pass to next module
[1728995167] unbound[1:0] debug: mesh_run: validator module exit state is module_wait_module
[1728995167] unbound[1:0] debug: iterator[module 1] operate: extstate:module_state_initial event:module_event_pass
[1728995167] unbound[1:0] debug: process_request: new external request event
[1728995167] unbound[1:0] debug: iter_handle processing q with state INIT REQUEST STATE
[1728995167] unbound[1:0] info: resolving keytrap.test. DNSKEY IN
[1728995167] unbound[1:0] debug: request has dependency depth of 0
[1728995167] unbound[1:0] debug: cache has stub or fwd but no addresses, fallback to config
[1728995167] unbound[1:0] debug: cache delegation returns delegpt
[1728995167] unbound[1:0] info: DelegationPoint<keytrap.test.>: 0 names (0 missing), 1 addrs (0 result, 1 avail) parentNS
[1728995167] unbound[1:0] debug:    ip4 10.10.3.3 port 53 (len 16)
[1728995167] unbound[1:0] debug: iter_handle processing q with state INIT REQUEST STATE (stage 2)
[1728995167] unbound[1:0] info: resolving (init part 2):  keytrap.test. DNSKEY IN
[1728995167] unbound[1:0] info: use stub keytrap.test. NS IN
[1728995167] unbound[1:0] debug: iter_handle processing q with state INIT REQUEST STATE (stage 3)
[1728995167] unbound[1:0] info: resolving (init part 3):  keytrap.test. DNSKEY IN
[1728995167] unbound[1:0] debug: iter_handle processing q with state QUERY TARGETS STATE
[1728995167] unbound[1:0] info: processQueryTargets: keytrap.test. DNSKEY IN
[1728995167] unbound[1:0] debug: processQueryTargets: targetqueries 0, currentqueries 0 sentcount 0
[1728995167] unbound[1:0] info: DelegationPoint<keytrap.test.>: 0 names (0 missing), 1 addrs (0 result, 1 avail) parentNS
[1728995167] unbound[1:0] debug:    ip4 10.10.3.3 port 53 (len 16)
[1728995167] unbound[1:0] debug: attempt to get extra 3 targets
[1728995167] unbound[1:0] debug: rpz: iterator module callback: have_rpz=0
[1728995167] unbound[1:0] debug: servselect ip4 10.10.3.3 port 53 (len 16)
[1728995167] unbound[1:0] debug:    rtt=284
[1728995167] unbound[1:0] debug: selrtt 284
[1728995167] unbound[1:0] info: sending query: keytrap.test. DNSKEY IN
[1728995167] unbound[1:0] debug: sending to target: <keytrap.test.> 10.10.3.3#53
[1728995167] unbound[1:0] debug: dnssec status: expected
[1728995167] unbound[1:0] debug: mesh_run: iterator module exit state is module_wait_reply
[1728995167] unbound[1:0] debug: validator[module 0] operate: extstate:module_state_initial event:module_event_pass
[1728995167] unbound[1:0] info: validator operate: query _ta-75b2.keytrap.test. NULL IN
[1728995167] unbound[1:0] debug: validator: pass to next module
[1728995167] unbound[1:0] debug: mesh_run: validator module exit state is module_wait_module
[1728995167] unbound[1:0] debug: iterator[module 1] operate: extstate:module_state_initial event:module_event_pass
[1728995167] unbound[1:0] debug: process_request: new external request event
[1728995167] unbound[1:0] debug: iter_handle processing q with state INIT REQUEST STATE
[1728995167] unbound[1:0] info: resolving _ta-75b2.keytrap.test. NULL IN
[1728995167] unbound[1:0] debug: request has dependency depth of 0
[1728995167] unbound[1:0] debug: cache has stub or fwd but no addresses, fallback to config
[1728995167] unbound[1:0] debug: cache delegation returns delegpt
[1728995167] unbound[1:0] info: DelegationPoint<keytrap.test.>: 0 names (0 missing), 1 addrs (0 result, 1 avail) parentNS
[1728995167] unbound[1:0] debug:    ip4 10.10.3.3 port 53 (len 16)
[1728995167] unbound[1:0] debug: iter_handle processing q with state INIT REQUEST STATE (stage 2)
[1728995167] unbound[1:0] info: resolving (init part 2):  _ta-75b2.keytrap.test. NULL IN
[1728995167] unbound[1:0] info: use stub keytrap.test. NS IN
[1728995167] unbound[1:0] debug: iter_handle processing q with state INIT REQUEST STATE (stage 3)
[1728995167] unbound[1:0] info: resolving (init part 3):  _ta-75b2.keytrap.test. NULL IN
[1728995167] unbound[1:0] debug: iter_handle processing q with state QUERY TARGETS STATE
[1728995167] unbound[1:0] info: processQueryTargets: _ta-75b2.keytrap.test. NULL IN
[1728995167] unbound[1:0] debug: processQueryTargets: targetqueries 0, currentqueries 0 sentcount 0
[1728995167] unbound[1:0] info: DelegationPoint<keytrap.test.>: 0 names (0 missing), 1 addrs (0 result, 1 avail) parentNS
[1728995167] unbound[1:0] debug:    ip4 10.10.3.3 port 53 (len 16)
[1728995167] unbound[1:0] debug: attempt to get extra 3 targets
[1728995167] unbound[1:0] debug: rpz: iterator module callback: have_rpz=0
[1728995167] unbound[1:0] debug: servselect ip4 10.10.3.3 port 53 (len 16)
[1728995167] unbound[1:0] debug:    rtt=284
[1728995167] unbound[1:0] debug: selrtt 284
[1728995167] unbound[1:0] info: sending query: _ta-75b2.keytrap.test. A IN
[1728995167] unbound[1:0] debug: sending to target: <keytrap.test.> 10.10.3.3#53
[1728995167] unbound[1:0] debug: dnssec status: expected
[1728995167] unbound[1:0] debug: mesh_run: iterator module exit state is module_wait_reply
[1728995167] unbound[1:0] info: mesh_run: end 3 recursion states (1 with reply, 1 detached), 1 waiting replies, 0 recursion replies sent, 0 replies dropped, 0 states jostled out
[1728995167] unbound[1:0] info: 0vRDCD mod1  keytrap.test. DNSKEY IN
[1728995167] unbound[1:0] info: 1vRDd mod1  _ta-75b2.keytrap.test. NULL IN
[1728995167] unbound[1:0] info: 2RDdc mod0 rep www.keytrap.test. A IN
[1728995167] unbound[1:0] debug: cache memory msg=66394 rrset=66918 infra=8534 val=66384
[1728995167] unbound[1:0] debug: svcd callbacks end
[1728995167] unbound[1:0] debug: close of port 52333
[1728995167] unbound[1:0] debug: close fd 7
[1728995167] unbound[1:0] debug: serviced send timer
[1728995167] unbound[1:0] debug: EDNS lookup known=1 vs=0
[1728995167] unbound[1:0] debug: serviced query UDP timeout=284 msec
[1728995167] unbound[1:0] debug: inserted new pending reply id=c1d1
[1728995167] unbound[1:0] debug: opened UDP if=0 port=17775
[1728995167] unbound[1:0] debug: comm point start listening 7 (-1 msec)
[1728995167] unbound[1:0] debug: serviced send timer
[1728995167] unbound[1:0] debug: EDNS lookup known=1 vs=0
[1728995167] unbound[1:0] debug: serviced query UDP timeout=284 msec
[1728995167] unbound[1:0] debug: inserted new pending reply id=1e27
[1728995167] unbound[1:0] debug: opened UDP if=0 port=40695
[1728995167] unbound[1:0] debug: comm point start listening 8 (-1 msec)
[1728995167] unbound[1:0] debug: answer cb
[1728995167] unbound[1:0] debug: Incoming reply id = 1e27
[1728995167] unbound[1:0] debug: Incoming reply addr = ip4 10.10.3.3 port 53 (len 16)
[1728995167] unbound[1:0] debug: lookup size is 2 entries
[1728995167] unbound[1:0] debug: received udp reply.
[1728995167] unbound[1:0] debug: udp message[39:0] 1E2784030001000000000000085F74612D37356232076B65797472617004746573740000010001
[1728995167] unbound[1:0] debug: outnet handle udp reply
[1728995167] unbound[1:0] debug: measured roundtrip at 19 msec
[1728995167] unbound[1:0] debug: svcd callbacks start
[1728995167] unbound[1:0] debug: worker svcd callback for qstate 0x559df3c884e0
[1728995167] unbound[1:0] debug: mesh_run: start
[1728995167] unbound[1:0] debug: iterator[module 1] operate: extstate:module_wait_reply event:module_event_reply
[1728995167] unbound[1:0] info: iterator operate: query _ta-75b2.keytrap.test. NULL IN
[1728995167] unbound[1:0] debug: process_response: new external response event
[1728995167] unbound[1:0] info: scrub for keytrap.test. NS IN
[1728995167] unbound[1:0] info: response for _ta-75b2.keytrap.test. NULL IN
[1728995167] unbound[1:0] info: reply from <keytrap.test.> 10.10.3.3#53
[1728995167] unbound[1:0] info: incoming scrubbed packet: ;; ->>HEADER<<- opcode: QUERY, rcode: NXDOMAIN, id: 0
;; flags: qr aa ; QUERY: 1, ANSWER: 0, AUTHORITY: 0, ADDITIONAL: 0 
;; QUESTION SECTION:
_ta-75b2.keytrap.test.INA

;; ANSWER SECTION:

;; AUTHORITY SECTION:

;; ADDITIONAL SECTION:
;; MSG SIZE  rcvd: 39

[1728995167] unbound[1:0] debug: iter_handle processing q with state QUERY RESPONSE STATE
[1728995167] unbound[1:0] info: query response was DNSSEC LAME
[1728995167] unbound[1:0] debug: iter_handle processing q with state QUERY TARGETS STATE
[1728995167] unbound[1:0] info: processQueryTargets: _ta-75b2.keytrap.test. NULL IN
[1728995167] unbound[1:0] debug: processQueryTargets: targetqueries 0, currentqueries 0 sentcount 1
[1728995167] unbound[1:0] info: DelegationPoint<keytrap.test.>: 0 names (0 missing), 1 addrs (1 result, 0 avail) parentNS
[1728995167] unbound[1:0] debug:    ip4 10.10.3.3 port 53 (len 16)
[1728995167] unbound[1:0] debug: attempt to get extra 3 targets
[1728995167] unbound[1:0] debug: rpz: iterator module callback: have_rpz=0
[1728995167] unbound[1:0] debug: servselect ip4 10.10.3.3 port 53 (len 16)
[1728995167] unbound[1:0] debug:    rtt=234 ADDR_DNSSEC_LAME
[1728995167] unbound[1:0] debug: selrtt 240234
[1728995167] unbound[1:0] debug: chase to dnssec lame server
[1728995167] unbound[1:0] info: sending query: _ta-75b2.keytrap.test. NULL IN
[1728995167] unbound[1:0] debug: sending to target: <keytrap.test.> 10.10.3.3#53
[1728995167] unbound[1:0] debug: dnssec status: expected but lame_query anyway
[1728995167] unbound[1:0] debug: mesh_run: iterator module exit state is module_wait_reply
[1728995167] unbound[1:0] info: mesh_run: end 3 recursion states (1 with reply, 1 detached), 1 waiting replies, 0 recursion replies sent, 0 replies dropped, 0 states jostled out
[1728995167] unbound[1:0] info: 0vRDCD mod1  keytrap.test. DNSKEY IN
[1728995167] unbound[1:0] info: 1vRDd mod1  _ta-75b2.keytrap.test. NULL IN
[1728995167] unbound[1:0] info: 2RDdc mod0 rep www.keytrap.test. A IN
[1728995167] unbound[1:0] debug: cache memory msg=66394 rrset=66918 infra=8534 val=66384
[1728995167] unbound[1:0] debug: svcd callbacks end
[1728995167] unbound[1:0] debug: close of port 40695
[1728995167] unbound[1:0] debug: close fd 8
[1728995167] unbound[1:0] debug: serviced send timer
[1728995167] unbound[1:0] debug: EDNS lookup known=1 vs=0
[1728995167] unbound[1:0] debug: serviced query UDP timeout=234 msec
[1728995167] unbound[1:0] debug: inserted new pending reply id=0f32
[1728995167] unbound[1:0] debug: opened UDP if=0 port=4397
[1728995167] unbound[1:0] debug: comm point start listening 8 (-1 msec)
[1728995167] unbound[1:0] debug: answer cb
[1728995167] unbound[1:0] debug: Incoming reply id = c1d1
[1728995167] unbound[1:0] debug: Incoming reply addr = ip4 10.10.3.3 port 53 (len 16)
[1728995167] unbound[1:0] debug: lookup size is 2 entries
[1728995167] unbound[1:0] debug: received udp reply.
[1728995167] unbound[1:0] debug: udp message[582:0] C1D184000001000400000000076B65797472617004746573740000300001076B657974726170047465737400003000010001518000640101030E33326C153B40A348FCA86A4322110C9CAE08993C98C0CC033D4E60B7F15A5DDE933B0E80BD90C08F6865859BDAC4C5D5EB10B0D4C53988FBF9650ADBDCD0CB514F935B4EE2989E460FD60A8B44228B2A68FB386D2F868668E1BEF3BD321F0B98076B657974726170047465737400003000010001518000640100030E0DC62B78087E512B0AD66B6FEDB491DA2690BD284F52A0B2EE5FC14505EDB4016EA57A7AA54690652FA48A2F87D8926A77EAD2E18802DCA09DFDBCBCC908B98FE592CB6C91A6B4AE16E0
[1728995167] unbound[1:0] debug: udp message[582:256] F2A993059C34FF3F2FA71A39886B9F7E5B588C74461B076B657974726170047465737400002E000100015180008000300E020001518067334F2B670BC22B18CE076B657974726170047465737400D53DB3C0B11756F63C64029108AC581A9EA389A00AF7F7ACEA74906CE052E6F8152DA062FFC517E61563741A60986C49A8F558CF0976D0BD387CF0ED0083007115C2A736FC35FCE71181517C120C039DDF047B3921840650F046AC7E673CC1AB076B657974726170047465737400002E000100015180008000300E020001518067334F2B670BC22B75B2076B657974726170047465737400B587DC97C8166F53AAACF506A0CDF85F9BB48D7EBF0F129A8EC4
[1728995167] unbound[1:0] debug: udp message[582:512] 0B5C01022EBB82944C05FD0CD25B7EC910802E1AF1A092624D7A38A7BA4AC6F99E9BB809746C59027C46F2513F8D11CAF76B74EB63ED07117C8FC5D2B24081D73624192C3FFA
[1728995167] unbound[1:0] debug: outnet handle udp reply
[1728995167] unbound[1:0] debug: measured roundtrip at 20 msec
[1728995167] unbound[1:0] debug: svcd callbacks start
[1728995167] unbound[1:0] debug: worker svcd callback for qstate 0x559df3c8c4f0
[1728995167] unbound[1:0] debug: mesh_run: start
[1728995167] unbound[1:0] debug: iterator[module 1] operate: extstate:module_wait_reply event:module_event_reply
[1728995167] unbound[1:0] info: iterator operate: query keytrap.test. DNSKEY IN
[1728995167] unbound[1:0] debug: process_response: new external response event
[1728995167] unbound[1:0] info: scrub for keytrap.test. NS IN
[1728995167] unbound[1:0] info: response for keytrap.test. DNSKEY IN
[1728995167] unbound[1:0] info: reply from <keytrap.test.> 10.10.3.3#53
[1728995167] unbound[1:0] info: incoming scrubbed packet: ;; ->>HEADER<<- opcode: QUERY, rcode: NOERROR, id: 0
;; flags: qr aa ; QUERY: 1, ANSWER: 4, AUTHORITY: 0, ADDITIONAL: 0 
;; QUESTION SECTION:
keytrap.test.INDNSKEY

;; ANSWER SECTION:
keytrap.test.86400INDNSKEY256 3 14 DcYreAh+USsK1mtv7bSR2iaQvShPUqCy7l/BRQXttAFupXp6pUaQZS+kii+H2JJqd+rS4YgC3KCd/by8yQi5j+WSy2yRprSuFuDyqZMFnDT/Py+nGjmIa59+W1iMdEYb ;{id = 6350 (zsk), size = 384b}
keytrap.test.86400INDNSKEY257 3 14 MzJsFTtAo0j8qGpDIhEMnK4ImTyYwMwDPU5gt/FaXd6TOw6AvZDAj2hlhZvaxMXV6xCw1MU5iPv5ZQrb3NDLUU+TW07imJ5GD9YKi0Qiiypo+zhtL4aGaOG+870yHwuY ;{id = 30130 (ksk), size = 384b}
keytrap.test.86400INRRSIGDNSKEY 14 2 86400 20241112125051 20241013125051 6350 keytrap.test. 1T2zwLEXVvY8ZAKRCKxYGp6jiaAK9/es6nSQbOBS5vgVLaBi/8UX5hVjdBpgmGxJqPVYzwl20L04fPDtAIMAcRXCpzb8NfznEYFRfBIMA53fBHs5IYQGUPBGrH5nPMGr ;{id = 6350}
keytrap.test.86400INRRSIGDNSKEY 14 2 86400 20241112125051 20241013125051 30130 keytrap.test. tYfcl8gWb1OqrPUGoM34X5u0jX6/DxKajsQLXAECLruClEwF/QzSW37JEIAuGvGgkmJNejinukrG+Z6buAl0bFkCfEbyUT+NEcr3a3TrY+0HEXyPxdKyQIHXNiQZLD/6 ;{id = 30130}

;; AUTHORITY SECTION:

;; ADDITIONAL SECTION:
;; MSG SIZE  rcvd: 534

[1728995167] unbound[1:0] debug: iter_handle processing q with state QUERY RESPONSE STATE
[1728995167] unbound[1:0] info: query response was ANSWER
[1728995167] unbound[1:0] debug: iter_handle processing q with state FINISHED RESPONSE STATE
[1728995167] unbound[1:0] info: finishing processing for keytrap.test. DNSKEY IN
[1728995167] unbound[1:0] debug: mesh_run: iterator module exit state is module_finished
[1728995167] unbound[1:0] debug: validator[module 0] operate: extstate:module_wait_module event:module_event_moddone
[1728995167] unbound[1:0] info: validator operate: query keytrap.test. DNSKEY IN
[1728995167] unbound[1:0] debug: validator: nextmodule returned
[1728995167] unbound[1:0] debug: not validating response, is valrec(validation recursion lookup)
[1728995167] unbound[1:0] debug: mesh_run: validator module exit state is module_finished
[1728995167] unbound[1:0] info: validator: inform_super, sub is keytrap.test. DNSKEY IN
[1728995167] unbound[1:0] info: super is www.keytrap.test. A IN
[1728995167] unbound[1:0] debug: anchor matched DNSKEY.
[1728995167] unbound[1:0] info: validate keys with anchor(DS): sec_status_secure
[1728995167] unbound[1:0] info: Successfully primed trust anchor keytrap.test. DNSKEY IN
[1728995167] unbound[1:0] debug: validator[module 0] operate: extstate:module_wait_subquery event:module_event_pass
[1728995167] unbound[1:0] info: validator operate: query www.keytrap.test. A IN
[1728995167] unbound[1:0] debug: val handle processing q with state VAL_FINDKEY_STATE
[1728995167] unbound[1:0] info: validator: FindKey www.keytrap.test. A IN
[1728995167] unbound[1:0] debug: val handle processing q with state VAL_VALIDATE_STATE
[1728995167] unbound[1:0] info: verify rrset www.keytrap.test. A IN
[1728995167] unbound[1:0] debug: verify sig 6350 14
[1728995167] unbound[1:0] debug: verify result: sec_status_secure
[1728995167] unbound[1:0] info: verify rrset keytrap.test. NS IN
[1728995167] unbound[1:0] debug: verify sig 6350 14
[1728995167] unbound[1:0] debug: verify result: sec_status_secure
[1728995167] unbound[1:0] debug: Validating a positive response
[1728995167] unbound[1:0] debug: Successfully validated positive response
[1728995167] unbound[1:0] info: validate(positive): sec_status_secure
[1728995167] unbound[1:0] debug: val handle processing q with state VAL_FINISHED_STATE
[1728995167] unbound[1:0] info: validation success www.keytrap.test. A IN
[1728995167] unbound[1:0] debug: mesh_run: validator module exit state is module_finished
[1728995167] unbound[1:0] debug: query took 0.021865 sec
[1728995167] unbound[1:0] info: mesh_run: end 1 recursion states (0 with reply, 1 detached), 0 waiting replies, 1 recursion replies sent, 0 replies dropped, 0 states jostled out
[1728995167] unbound[1:0] info: average recursion processing time 0.021865 sec
[1728995167] unbound[1:0] info: histogram of recursion processing times
[1728995167] unbound[1:0] info: [25%]=0 median[50%]=0 [75%]=0
[1728995167] unbound[1:0] info: lower(secs) upper(secs) recursions
[1728995167] unbound[1:0] info:    0.016384    0.032768 1
[1728995167] unbound[1:0] info: 0vRDd mod1  _ta-75b2.keytrap.test. NULL IN
[1728995167] unbound[1:0] debug: cache memory msg=66656 rrset=67692 infra=8534 val=67198
[1728995167] unbound[1:0] debug: svcd callbacks end
[1728995167] unbound[1:0] debug: close of port 17775
[1728995167] unbound[1:0] debug: close fd 7
[1728995167] unbound[1:0] debug: answer cb
[1728995167] unbound[1:0] debug: Incoming reply id = 0f32
[1728995167] unbound[1:0] debug: Incoming reply addr = ip4 10.10.3.3 port 53 (len 16)
[1728995167] unbound[1:0] debug: lookup size is 1 entries
[1728995167] unbound[1:0] debug: received udp reply.
[1728995167] unbound[1:0] debug: udp message[39:0] 0F3284030001000000000000085F74612D37356232076B657974726170047465737400000A0001
[1728995167] unbound[1:0] debug: outnet handle udp reply
[1728995167] unbound[1:0] debug: measured roundtrip at 34 msec
[1728995167] unbound[1:0] debug: svcd callbacks start
[1728995167] unbound[1:0] debug: worker svcd callback for qstate 0x559df3c884e0
[1728995167] unbound[1:0] debug: mesh_run: start
[1728995167] unbound[1:0] debug: iterator[module 1] operate: extstate:module_wait_reply event:module_event_reply
[1728995167] unbound[1:0] info: iterator operate: query _ta-75b2.keytrap.test. NULL IN
[1728995167] unbound[1:0] debug: process_response: new external response event
[1728995167] unbound[1:0] info: scrub for keytrap.test. NS IN
[1728995167] unbound[1:0] info: response for _ta-75b2.keytrap.test. NULL IN
[1728995167] unbound[1:0] info: reply from <keytrap.test.> 10.10.3.3#53
[1728995167] unbound[1:0] info: incoming scrubbed packet: ;; ->>HEADER<<- opcode: QUERY, rcode: NXDOMAIN, id: 0
;; flags: qr aa ; QUERY: 1, ANSWER: 0, AUTHORITY: 0, ADDITIONAL: 0 
;; QUESTION SECTION:
_ta-75b2.keytrap.test.INNULL

;; ANSWER SECTION:

;; AUTHORITY SECTION:

;; ADDITIONAL SECTION:
;; MSG SIZE  rcvd: 39

[1728995167] unbound[1:0] debug: iter_handle processing q with state QUERY RESPONSE STATE
[1728995167] unbound[1:0] info: query response was NXDOMAIN ANSWER
[1728995167] unbound[1:0] debug: iter_handle processing q with state FINISHED RESPONSE STATE
[1728995167] unbound[1:0] info: finishing processing for _ta-75b2.keytrap.test. NULL IN
[1728995167] unbound[1:0] debug: mesh_run: iterator module exit state is module_finished
[1728995167] unbound[1:0] debug: validator[module 0] operate: extstate:module_wait_module event:module_event_moddone
[1728995167] unbound[1:0] info: validator operate: query _ta-75b2.keytrap.test. NULL IN
[1728995167] unbound[1:0] debug: validator: nextmodule returned
[1728995167] unbound[1:0] debug: not validating response, is valrec(validation recursion lookup)
[1728995167] unbound[1:0] debug: mesh_run: validator module exit state is module_finished
[1728995167] unbound[1:0] info: mesh_run: end 0 recursion states (0 with reply, 0 detached), 0 waiting replies, 1 recursion replies sent, 0 replies dropped, 0 states jostled out
[1728995167] unbound[1:0] info: average recursion processing time 0.021865 sec
[1728995167] unbound[1:0] info: histogram of recursion processing times
[1728995167] unbound[1:0] info: [25%]=0 median[50%]=0 [75%]=0
[1728995167] unbound[1:0] info: lower(secs) upper(secs) recursions
[1728995167] unbound[1:0] info:    0.016384    0.032768 1
[1728995167] unbound[1:0] debug: cache memory msg=66903 rrset=67692 infra=8534 val=67198
[1728995167] unbound[1:0] debug: svcd callbacks end
[1728995167] unbound[1:0] debug: close of port 4397
[1728995167] unbound[1:0] debug: close fd 8
