2024-10-15 16:54:07 [1728982447] unbound[1:0] debug: mesh_run: start
2024-10-15 16:54:07 [1728982447] unbound[1:0] debug: validator[module 0] operate: extstate:module_state_initial event:module_event_new
2024-10-15 16:54:07 [1728982447] unbound[1:0] info: validator operate: query keytrap.test. TXT IN
2024-10-15 16:54:07 [1728982447] unbound[1:0] debug: validator: pass to next module
2024-10-15 16:54:07 [1728982447] unbound[1:0] debug: mesh_run: validator module exit state is module_wait_module
2024-10-15 16:54:07 [1728982447] unbound[1:0] debug: iterator[module 1] operate: extstate:module_state_initial event:module_event_pass
2024-10-15 16:54:07 [1728982447] unbound[1:0] debug: process_request: new external request event
2024-10-15 16:54:07 [1728982447] unbound[1:0] debug: iter_handle processing q with state INIT REQUEST STATE
2024-10-15 16:54:07 [1728982447] unbound[1:0] info: resolving keytrap.test. TXT IN
2024-10-15 16:54:07 [1728982447] unbound[1:0] debug: request has dependency depth of 0
2024-10-15 16:54:07 [1728982447] unbound[1:0] info: use stub keytrap.test. NS IN
2024-10-15 16:54:07 [1728982447] unbound[1:0] debug: cache delegation returns delegpt
2024-10-15 16:54:07 [1728982447] unbound[1:0] info: DelegationPoint<keytrap.test.>: 0 names (0 missing), 1 addrs (0 result, 1 avail) parentNS
2024-10-15 16:54:07 [1728982447] unbound[1:0] debug:    ip4 10.10.3.3 port 53 (len 16)
2024-10-15 16:54:07 [1728982447] unbound[1:0] debug: iter_handle processing q with state INIT REQUEST STATE (stage 2)
2024-10-15 16:54:07 [1728982447] unbound[1:0] info: resolving (init part 2):  keytrap.test. TXT IN
2024-10-15 16:54:07 [1728982447] unbound[1:0] info: use stub keytrap.test. NS IN
2024-10-15 16:54:07 [1728982447] unbound[1:0] debug: iter_handle processing q with state INIT REQUEST STATE (stage 3)
2024-10-15 16:54:07 [1728982447] unbound[1:0] info: resolving (init part 3):  keytrap.test. TXT IN
2024-10-15 16:54:07 [1728982447] unbound[1:0] debug: iter_handle processing q with state QUERY TARGETS STATE
2024-10-15 16:54:07 [1728982447] unbound[1:0] info: processQueryTargets: keytrap.test. TXT IN
2024-10-15 16:54:07 [1728982447] unbound[1:0] debug: processQueryTargets: targetqueries 0, currentqueries 0 sentcount 0
2024-10-15 16:54:07 [1728982447] unbound[1:0] info: DelegationPoint<keytrap.test.>: 0 names (0 missing), 1 addrs (0 result, 1 avail) parentNS
2024-10-15 16:54:07 [1728982447] unbound[1:0] debug:    ip4 10.10.3.3 port 53 (len 16)
2024-10-15 16:54:07 [1728982447] unbound[1:0] debug: attempt to get extra 3 targets
2024-10-15 16:54:07 [1728982447] unbound[1:0] debug: rpz: iterator module callback: have_rpz=0
2024-10-15 16:54:07 [1728982447] unbound[1:0] debug: selrtt 376
2024-10-15 16:54:07 [1728982447] unbound[1:0] info: sending query: keytrap.test. TXT IN
2024-10-15 16:54:07 [1728982447] unbound[1:0] debug: sending to target: <keytrap.test.> 10.10.3.3#53
2024-10-15 16:54:07 [1728982447] unbound[1:0] debug: dnssec status: expected
2024-10-15 16:54:07 [1728982447] unbound[1:0] debug: mesh_run: iterator module exit state is module_wait_reply
2024-10-15 16:54:07 [1728982447] unbound[1:0] info: mesh_run: end 1 recursion states (1 with reply, 0 detached), 1 waiting replies, 0 recursion replies sent, 0 replies dropped, 0 states jostled out
2024-10-15 16:54:07 [1728982447] unbound[1:0] info: 0RDd mod1 rep keytrap.test. TXT IN
2024-10-15 16:54:07 [1728982447] unbound[1:0] debug: cache memory msg=66104 rrset=66104 infra=8224 val=66384
2024-10-15 16:54:07 [1728982447] unbound[1:0] debug: serviced send timer
2024-10-15 16:54:07 [1728982447] unbound[1:0] debug: EDNS lookup known=0 vs=0
2024-10-15 16:54:07 [1728982447] unbound[1:0] debug: serviced query UDP timeout=376 msec
2024-10-15 16:54:07 [1728982447] unbound[1:0] debug: inserted new pending reply id=0016
2024-10-15 16:54:07 [1728982447] unbound[1:0] debug: opened UDP if=0 port=49543
2024-10-15 16:54:07 [1728982447] unbound[1:0] debug: comm point start listening 7 (-1 msec)
2024-10-15 16:54:07 [1728982447] unbound[1:0] debug: answer cb
2024-10-15 16:54:07 [1728982447] unbound[1:0] debug: Incoming reply id = 0016
2024-10-15 16:54:07 [1728982447] unbound[1:0] debug: Incoming reply addr = ip4 10.10.3.3 port 53 (len 16)
2024-10-15 16:54:07 [1728982447] unbound[1:0] debug: lookup size is 1 entries
2024-10-15 16:54:07 [1728982447] unbound[1:0] debug: received udp reply.
2024-10-15 16:54:07 [1728982447] unbound[1:0] debug: udp message[605:0] 001684000001000200020002076B65797472617004746573740000100001076B657974726170047465737400001000010001518000111066DC81CDF297AC017C45D066E61FD149076B657974726170047465737400002E000100015180008000100E020001518067334F2B670BC22B18CE076B65797472617004746573740062C3CFB365A9B82D21EFE7986A70EBDCD67E6E80D29140141E384A546CCC947A64A728D3329258B0793F33D1E6DA2B2AE65A172A9092E3720B91BFFDFA4054A728D2FA4310C0DF95EEFFB87CF102A5A03E07EB21D52D04DB34F4976E0905B070076B65797472617004746573740000020001000151800012036E7331076B657974
2024-10-15 16:54:07 [1728982447] unbound[1:0] debug: udp message[605:256] 726170047465737400076B657974726170047465737400002E000100015180008000020E020001518067334F2B670BC22B18CE076B657974726170047465737400DA0FBB8F01C649A8EE06D39860CD4EFBF002EB809DC1168CE25354AF2C58773F959FF66A50BFD1C69FD11C41636B96BE4B00F3304E95C33638EC114BA68402D3869FCDAC702924E99F59B0DAD4714BE64BBC8FECD178512CB19B564D2F7FDA5B036E7331076B657974726170047465737400000100010001518000040A0A0303036E7331076B657974726170047465737400002E000100015180008000010E030001518067334F2B670BC22B18CE076B65797472617004746573740079F896
2024-10-15 16:54:07 [1728982447] unbound[1:0] debug: udp message[605:512] 468B2957B88F50CA53E93F3515B676C75D07BC46E04BE2FFF13BC83626CD65F8B438B6959BF010FFFB42423C7CE806A4F258362061FD126A9A790C1D8151B7E1B2DD59B72C8A7F89BEE5CE3EB0792B985E3F15F9F4B4B4B2F14C5B2F0F
2024-10-15 16:54:07 [1728982447] unbound[1:0] debug: outnet handle udp reply
2024-10-15 16:54:07 [1728982447] unbound[1:0] debug: serviced query: EDNS works for ip4 10.10.3.3 port 53 (len 16)
2024-10-15 16:54:07 [1728982447] unbound[1:0] debug: measured roundtrip at 15 msec
2024-10-15 16:54:07 [1728982447] unbound[1:0] debug: svcd callbacks start
2024-10-15 16:54:07 [1728982447] unbound[1:0] debug: worker svcd callback for qstate 0x556bea69f510
2024-10-15 16:54:07 [1728982447] unbound[1:0] debug: mesh_run: start
2024-10-15 16:54:07 [1728982447] unbound[1:0] debug: iterator[module 1] operate: extstate:module_wait_reply event:module_event_reply
2024-10-15 16:54:07 [1728982447] unbound[1:0] info: iterator operate: query keytrap.test. TXT IN
2024-10-15 16:54:07 [1728982447] unbound[1:0] debug: process_response: new external response event
2024-10-15 16:54:07 [1728982447] unbound[1:0] info: scrub for keytrap.test. NS IN
2024-10-15 16:54:07 [1728982447] unbound[1:0] info: response for keytrap.test. TXT IN
2024-10-15 16:54:07 [1728982447] unbound[1:0] info: reply from <keytrap.test.> 10.10.3.3#53
2024-10-15 16:54:07 [1728982447] unbound[1:0] info: incoming scrubbed packet: ;; ->>HEADER<<- opcode: QUERY, rcode: NOERROR, id: 0
2024-10-15 16:54:07 ;; flags: qr aa ; QUERY: 1, ANSWER: 2, AUTHORITY: 2, ADDITIONAL: 2 
2024-10-15 16:54:07 ;; QUESTION SECTION:
2024-10-15 16:54:07 keytrap.test.INTXT
2024-10-15 16:54:07 
2024-10-15 16:54:07 ;; ANSWER SECTION:
2024-10-15 16:54:07 keytrap.test.86400INTXT"f\220\129\205\242\151\172\001|E\208f\230\031\209I"
2024-10-15 16:54:07 keytrap.test.86400INRRSIGTXT 14 2 86400 20241112125051 20241013125051 6350 keytrap.test. YsPPs2WpuC0h7+eYanDr3NZ+boDSkUAUHjhKVGzMlHpkpyjTMpJYsHk/M9Hm2isq5loXKpCS43ILkb/9+kBUpyjS+kMQwN+V7v+4fPECpaA+B+sh1S0E2zT0l24JBbBw ;{id = 6350}
2024-10-15 16:54:07 
2024-10-15 16:54:07 ;; AUTHORITY SECTION:
2024-10-15 16:54:07 keytrap.test.86400INNSns1.keytrap.test.
2024-10-15 16:54:07 keytrap.test.86400INRRSIGNS 14 2 86400 20241112125051 20241013125051 6350 keytrap.test. 2g+7jwHGSajuBtOYYM1O+/AC64CdwRaM4lNUryxYdz+Vn/ZqUL/Rxp/RHEFja5a+SwDzME6VwzY47BFLpoQC04afzaxwKSTpn1mw2tRxS+ZLvI/s0XhRLLGbVk0vf9pb ;{id = 6350}
2024-10-15 16:54:07 
2024-10-15 16:54:07 ;; ADDITIONAL SECTION:
2024-10-15 16:54:07 ns1.keytrap.test.86400INA10.10.3.3
2024-10-15 16:54:07 ns1.keytrap.test.86400INRRSIGA 14 3 86400 20241112125051 20241013125051 6350 keytrap.test. efiWRospV7iPUMpT6T81FbZ2x10HvEbgS+L/8TvINibNZfi0OLaVm/AQ//tCQjx86Aak8lg2IGH9EmqaeQwdgVG34bLdWbcsin+JvuXOPrB5K5hePxX59LS0svFMWy8P ;{id = 6350}
2024-10-15 16:54:07 ;; MSG SIZE  rcvd: 513
2024-10-15 16:54:07 
2024-10-15 16:54:07 [1728982447] unbound[1:0] debug: iter_handle processing q with state QUERY RESPONSE STATE
2024-10-15 16:54:07 [1728982447] unbound[1:0] info: query response was ANSWER
2024-10-15 16:54:07 [1728982447] unbound[1:0] debug: iter_handle processing q with state FINISHED RESPONSE STATE
2024-10-15 16:54:07 [1728982447] unbound[1:0] info: finishing processing for keytrap.test. TXT IN
2024-10-15 16:54:07 [1728982447] unbound[1:0] debug: mesh_run: iterator module exit state is module_finished
2024-10-15 16:54:07 [1728982447] unbound[1:0] debug: validator[module 0] operate: extstate:module_wait_module event:module_event_moddone
2024-10-15 16:54:07 [1728982447] unbound[1:0] info: validator operate: query keytrap.test. TXT IN
2024-10-15 16:54:07 [1728982447] unbound[1:0] debug: validator: nextmodule returned
2024-10-15 16:54:07 [1728982447] unbound[1:0] debug: val handle processing q with state VAL_INIT_STATE
2024-10-15 16:54:07 [1728982447] unbound[1:0] debug: validator classification positive
2024-10-15 16:54:07 [1728982447] unbound[1:0] info: signer is keytrap.test. TYPE0 CLASS0
2024-10-15 16:54:07 [1728982447] unbound[1:0] info: prime trust anchor
2024-10-15 16:54:07 [1728982447] unbound[1:0] info: generate request keytrap.test. DNSKEY IN
2024-10-15 16:54:07 [1728982447] unbound[1:0] info: generate keytag query _ta-75b2.keytrap.test. NULL IN
2024-10-15 16:54:07 [1728982447] unbound[1:0] info: generate request _ta-75b2.keytrap.test. NULL IN
2024-10-15 16:54:07 [1728982447] unbound[1:0] debug: mesh_run: validator module exit state is module_wait_subquery
2024-10-15 16:54:07 [1728982447] unbound[1:0] debug: validator[module 0] operate: extstate:module_state_initial event:module_event_pass
2024-10-15 16:54:07 [1728982447] unbound[1:0] info: validator operate: query keytrap.test. DNSKEY IN
2024-10-15 16:54:07 [1728982447] unbound[1:0] debug: validator: pass to next module
2024-10-15 16:54:07 [1728982447] unbound[1:0] debug: mesh_run: validator module exit state is module_wait_module
2024-10-15 16:54:07 [1728982447] unbound[1:0] debug: iterator[module 1] operate: extstate:module_state_initial event:module_event_pass
2024-10-15 16:54:07 [1728982447] unbound[1:0] debug: process_request: new external request event
2024-10-15 16:54:07 [1728982447] unbound[1:0] debug: iter_handle processing q with state INIT REQUEST STATE
2024-10-15 16:54:07 [1728982447] unbound[1:0] info: resolving keytrap.test. DNSKEY IN
2024-10-15 16:54:07 [1728982447] unbound[1:0] debug: request has dependency depth of 0
2024-10-15 16:54:07 [1728982447] unbound[1:0] debug: cache delegation returns delegpt
2024-10-15 16:54:07 [1728982447] unbound[1:0] info: DelegationPoint<keytrap.test.>: 1 names (1 missing), 1 addrs (0 result, 1 avail) cacheNS
2024-10-15 16:54:07 [1728982447] unbound[1:0] info:   ns1.keytrap.test.  A
2024-10-15 16:54:07 [1728982447] unbound[1:0] debug:    ip4 10.10.3.3 port 53 (len 16)
2024-10-15 16:54:07 [1728982447] unbound[1:0] debug: iter_handle processing q with state INIT REQUEST STATE (stage 2)
2024-10-15 16:54:07 [1728982447] unbound[1:0] info: resolving (init part 2):  keytrap.test. DNSKEY IN
2024-10-15 16:54:07 [1728982447] unbound[1:0] info: use stub keytrap.test. NS IN
2024-10-15 16:54:07 [1728982447] unbound[1:0] debug: iter_handle processing q with state INIT REQUEST STATE (stage 3)
2024-10-15 16:54:07 [1728982447] unbound[1:0] info: resolving (init part 3):  keytrap.test. DNSKEY IN
2024-10-15 16:54:07 [1728982447] unbound[1:0] debug: iter_handle processing q with state QUERY TARGETS STATE
2024-10-15 16:54:07 [1728982447] unbound[1:0] info: processQueryTargets: keytrap.test. DNSKEY IN
2024-10-15 16:54:07 [1728982447] unbound[1:0] debug: processQueryTargets: targetqueries 0, currentqueries 0 sentcount 0
2024-10-15 16:54:07 [1728982447] unbound[1:0] info: DelegationPoint<keytrap.test.>: 0 names (0 missing), 1 addrs (0 result, 1 avail) parentNS
2024-10-15 16:54:07 [1728982447] unbound[1:0] debug:    ip4 10.10.3.3 port 53 (len 16)
2024-10-15 16:54:07 [1728982447] unbound[1:0] debug: attempt to get extra 3 targets
2024-10-15 16:54:07 [1728982447] unbound[1:0] debug: rpz: iterator module callback: have_rpz=0
2024-10-15 16:54:07 [1728982447] unbound[1:0] debug: servselect ip4 10.10.3.3 port 53 (len 16)
2024-10-15 16:54:07 [1728982447] unbound[1:0] debug:    rtt=301
2024-10-15 16:54:07 [1728982447] unbound[1:0] debug: selrtt 301
2024-10-15 16:54:07 [1728982447] unbound[1:0] info: sending query: keytrap.test. DNSKEY IN
2024-10-15 16:54:07 [1728982447] unbound[1:0] debug: sending to target: <keytrap.test.> 10.10.3.3#53
2024-10-15 16:54:07 [1728982447] unbound[1:0] debug: dnssec status: expected
2024-10-15 16:54:07 [1728982447] unbound[1:0] debug: mesh_run: iterator module exit state is module_wait_reply
2024-10-15 16:54:07 [1728982447] unbound[1:0] debug: validator[module 0] operate: extstate:module_state_initial event:module_event_pass
2024-10-15 16:54:07 [1728982447] unbound[1:0] info: validator operate: query _ta-75b2.keytrap.test. NULL IN
2024-10-15 16:54:07 [1728982447] unbound[1:0] debug: validator: pass to next module
2024-10-15 16:54:07 [1728982447] unbound[1:0] debug: mesh_run: validator module exit state is module_wait_module
2024-10-15 16:54:07 [1728982447] unbound[1:0] debug: iterator[module 1] operate: extstate:module_state_initial event:module_event_pass
2024-10-15 16:54:07 [1728982447] unbound[1:0] debug: process_request: new external request event
2024-10-15 16:54:07 [1728982447] unbound[1:0] debug: iter_handle processing q with state INIT REQUEST STATE
2024-10-15 16:54:07 [1728982447] unbound[1:0] info: resolving _ta-75b2.keytrap.test. NULL IN
2024-10-15 16:54:07 [1728982447] unbound[1:0] debug: request has dependency depth of 0
2024-10-15 16:54:07 [1728982447] unbound[1:0] debug: cache delegation returns delegpt
2024-10-15 16:54:07 [1728982447] unbound[1:0] info: DelegationPoint<keytrap.test.>: 1 names (1 missing), 1 addrs (0 result, 1 avail) cacheNS
2024-10-15 16:54:07 [1728982447] unbound[1:0] info:   ns1.keytrap.test.  A
2024-10-15 16:54:07 [1728982447] unbound[1:0] debug:    ip4 10.10.3.3 port 53 (len 16)
2024-10-15 16:54:07 [1728982447] unbound[1:0] debug: iter_handle processing q with state INIT REQUEST STATE (stage 2)
2024-10-15 16:54:07 [1728982447] unbound[1:0] info: resolving (init part 2):  _ta-75b2.keytrap.test. NULL IN
2024-10-15 16:54:07 [1728982447] unbound[1:0] info: use stub keytrap.test. NS IN
2024-10-15 16:54:07 [1728982447] unbound[1:0] debug: iter_handle processing q with state INIT REQUEST STATE (stage 3)
2024-10-15 16:54:07 [1728982447] unbound[1:0] info: resolving (init part 3):  _ta-75b2.keytrap.test. NULL IN
2024-10-15 16:54:07 [1728982447] unbound[1:0] debug: iter_handle processing q with state QUERY TARGETS STATE
2024-10-15 16:54:07 [1728982447] unbound[1:0] info: processQueryTargets: _ta-75b2.keytrap.test. NULL IN
2024-10-15 16:54:07 [1728982447] unbound[1:0] debug: processQueryTargets: targetqueries 0, currentqueries 0 sentcount 0
2024-10-15 16:54:07 [1728982447] unbound[1:0] info: DelegationPoint<keytrap.test.>: 0 names (0 missing), 1 addrs (0 result, 1 avail) parentNS
2024-10-15 16:54:07 [1728982447] unbound[1:0] debug:    ip4 10.10.3.3 port 53 (len 16)
2024-10-15 16:54:07 [1728982447] unbound[1:0] debug: attempt to get extra 3 targets
2024-10-15 16:54:07 [1728982447] unbound[1:0] debug: rpz: iterator module callback: have_rpz=0
2024-10-15 16:54:07 [1728982447] unbound[1:0] debug: servselect ip4 10.10.3.3 port 53 (len 16)
2024-10-15 16:54:07 [1728982447] unbound[1:0] debug:    rtt=301
2024-10-15 16:54:07 [1728982447] unbound[1:0] debug: selrtt 301
2024-10-15 16:54:07 [1728982447] unbound[1:0] info: sending query: _ta-75b2.keytrap.test. A IN
2024-10-15 16:54:07 [1728982447] unbound[1:0] debug: sending to target: <keytrap.test.> 10.10.3.3#53
2024-10-15 16:54:07 [1728982447] unbound[1:0] debug: dnssec status: expected
2024-10-15 16:54:07 [1728982447] unbound[1:0] debug: mesh_run: iterator module exit state is module_wait_reply
2024-10-15 16:54:07 [1728982447] unbound[1:0] info: mesh_run: end 3 recursion states (1 with reply, 1 detached), 1 waiting replies, 0 recursion replies sent, 0 replies dropped, 0 states jostled out
2024-10-15 16:54:07 [1728982447] unbound[1:0] info: 0vRDCD mod1  keytrap.test. DNSKEY IN
2024-10-15 16:54:07 [1728982447] unbound[1:0] info: 1vRDd mod1  _ta-75b2.keytrap.test. NULL IN
2024-10-15 16:54:07 [1728982447] unbound[1:0] info: 2RDdc mod0 rep keytrap.test. TXT IN
2024-10-15 16:54:07 [1728982447] unbound[1:0] debug: cache memory msg=66414 rrset=67329 infra=8534 val=66384
2024-10-15 16:54:07 [1728982447] unbound[1:0] debug: svcd callbacks end
2024-10-15 16:54:07 [1728982447] unbound[1:0] debug: close of port 49543
2024-10-15 16:54:07 [1728982447] unbound[1:0] debug: close fd 7
2024-10-15 16:54:07 [1728982447] unbound[1:0] debug: serviced send timer
2024-10-15 16:54:07 [1728982447] unbound[1:0] debug: EDNS lookup known=1 vs=0
2024-10-15 16:54:07 [1728982447] unbound[1:0] debug: serviced query UDP timeout=301 msec
2024-10-15 16:54:07 [1728982447] unbound[1:0] debug: inserted new pending reply id=88df
2024-10-15 16:54:07 [1728982447] unbound[1:0] debug: opened UDP if=0 port=4254
2024-10-15 16:54:07 [1728982447] unbound[1:0] debug: comm point start listening 7 (-1 msec)
2024-10-15 16:54:07 [1728982447] unbound[1:0] debug: serviced send timer
2024-10-15 16:54:07 [1728982447] unbound[1:0] debug: EDNS lookup known=1 vs=0
2024-10-15 16:54:07 [1728982447] unbound[1:0] debug: serviced query UDP timeout=301 msec
2024-10-15 16:54:07 [1728982447] unbound[1:0] debug: inserted new pending reply id=d4d9
2024-10-15 16:54:07 [1728982447] unbound[1:0] debug: opened UDP if=0 port=32988
2024-10-15 16:54:07 [1728982447] unbound[1:0] debug: comm point start listening 8 (-1 msec)
2024-10-15 16:54:07 [1728982447] unbound[1:0] debug: answer cb
2024-10-15 16:54:07 [1728982447] unbound[1:0] debug: Incoming reply id = 88df
2024-10-15 16:54:07 [1728982447] unbound[1:0] debug: Incoming reply addr = ip4 10.10.3.3 port 53 (len 16)
2024-10-15 16:54:07 [1728982447] unbound[1:0] debug: lookup size is 2 entries
2024-10-15 16:54:07 [1728982447] unbound[1:0] debug: received udp reply.
2024-10-15 16:54:07 [1728982447] unbound[1:0] debug: udp message[582:0] 88DF84000001000400000000076B65797472617004746573740000300001076B657974726170047465737400003000010001518000640101030E33326C153B40A348FCA86A4322110C9CAE08993C98C0CC033D4E60B7F15A5DDE933B0E80BD90C08F6865859BDAC4C5D5EB10B0D4C53988FBF9650ADBDCD0CB514F935B4EE2989E460FD60A8B44228B2A68FB386D2F868668E1BEF3BD321F0B98076B657974726170047465737400003000010001518000640100030E0DC62B78087E512B0AD66B6FEDB491DA2690BD284F52A0B2EE5FC14505EDB4016EA57A7AA54690652FA48A2F87D8926A77EAD2E18802DCA09DFDBCBCC908B98FE592CB6C91A6B4AE16E0
2024-10-15 16:54:07 [1728982447] unbound[1:0] debug: udp message[582:256] F2A993059C34FF3F2FA71A39886B9F7E5B588C74461B076B657974726170047465737400002E000100015180008000300E020001518067334F2B670BC22B18CE076B657974726170047465737400D53DB3C0B11756F63C64029108AC581A9EA389A00AF7F7ACEA74906CE052E6F8152DA062FFC517E61563741A60986C49A8F558CF0976D0BD387CF0ED0083007115C2A736FC35FCE71181517C120C039DDF047B3921840650F046AC7E673CC1AB076B657974726170047465737400002E000100015180008000300E020001518067334F2B670BC22B75B2076B657974726170047465737400B587DC97C8166F53AAACF506A0CDF85F9BB48D7EBF0F129A8EC4
2024-10-15 16:54:07 [1728982447] unbound[1:0] debug: udp message[582:512] 0B5C01022EBB82944C05FD0CD25B7EC910802E1AF1A092624D7A38A7BA4AC6F99E9BB809746C59027C46F2513F8D11CAF76B74EB63ED07117C8FC5D2B24081D73624192C3FFA
2024-10-15 16:54:07 [1728982447] unbound[1:0] debug: outnet handle udp reply
2024-10-15 16:54:07 [1728982447] unbound[1:0] debug: measured roundtrip at 19 msec
2024-10-15 16:54:07 [1728982447] unbound[1:0] debug: svcd callbacks start
2024-10-15 16:54:07 [1728982447] unbound[1:0] debug: worker svcd callback for qstate 0x556bea6974f0
2024-10-15 16:54:07 [1728982447] unbound[1:0] debug: mesh_run: start
2024-10-15 16:54:07 [1728982447] unbound[1:0] debug: iterator[module 1] operate: extstate:module_wait_reply event:module_event_reply
2024-10-15 16:54:07 [1728982447] unbound[1:0] info: iterator operate: query keytrap.test. DNSKEY IN
2024-10-15 16:54:07 [1728982447] unbound[1:0] debug: process_response: new external response event
2024-10-15 16:54:07 [1728982447] unbound[1:0] info: scrub for keytrap.test. NS IN
2024-10-15 16:54:07 [1728982447] unbound[1:0] info: response for keytrap.test. DNSKEY IN
2024-10-15 16:54:07 [1728982447] unbound[1:0] info: reply from <keytrap.test.> 10.10.3.3#53
2024-10-15 16:54:07 [1728982447] unbound[1:0] info: incoming scrubbed packet: ;; ->>HEADER<<- opcode: QUERY, rcode: NOERROR, id: 0
2024-10-15 16:54:07 ;; flags: qr aa ; QUERY: 1, ANSWER: 4, AUTHORITY: 0, ADDITIONAL: 0 
2024-10-15 16:54:07 ;; QUESTION SECTION:
2024-10-15 16:54:07 keytrap.test.INDNSKEY
2024-10-15 16:54:07 
2024-10-15 16:54:07 ;; ANSWER SECTION:
2024-10-15 16:54:07 keytrap.test.86400INDNSKEY256 3 14 DcYreAh+USsK1mtv7bSR2iaQvShPUqCy7l/BRQXttAFupXp6pUaQZS+kii+H2JJqd+rS4YgC3KCd/by8yQi5j+WSy2yRprSuFuDyqZMFnDT/Py+nGjmIa59+W1iMdEYb ;{id = 6350 (zsk), size = 384b}
2024-10-15 16:54:07 keytrap.test.86400INDNSKEY257 3 14 MzJsFTtAo0j8qGpDIhEMnK4ImTyYwMwDPU5gt/FaXd6TOw6AvZDAj2hlhZvaxMXV6xCw1MU5iPv5ZQrb3NDLUU+TW07imJ5GD9YKi0Qiiypo+zhtL4aGaOG+870yHwuY ;{id = 30130 (ksk), size = 384b}
2024-10-15 16:54:07 keytrap.test.86400INRRSIGDNSKEY 14 2 86400 20241112125051 20241013125051 6350 keytrap.test. 1T2zwLEXVvY8ZAKRCKxYGp6jiaAK9/es6nSQbOBS5vgVLaBi/8UX5hVjdBpgmGxJqPVYzwl20L04fPDtAIMAcRXCpzb8NfznEYFRfBIMA53fBHs5IYQGUPBGrH5nPMGr ;{id = 6350}
2024-10-15 16:54:07 keytrap.test.86400INRRSIGDNSKEY 14 2 86400 20241112125051 20241013125051 30130 keytrap.test. tYfcl8gWb1OqrPUGoM34X5u0jX6/DxKajsQLXAECLruClEwF/QzSW37JEIAuGvGgkmJNejinukrG+Z6buAl0bFkCfEbyUT+NEcr3a3TrY+0HEXyPxdKyQIHXNiQZLD/6 ;{id = 30130}
2024-10-15 16:54:07 
2024-10-15 16:54:07 ;; AUTHORITY SECTION:
2024-10-15 16:54:07 
2024-10-15 16:54:07 ;; ADDITIONAL SECTION:
2024-10-15 16:54:07 ;; MSG SIZE  rcvd: 534
2024-10-15 16:54:07 
2024-10-15 16:54:07 [1728982447] unbound[1:0] debug: iter_handle processing q with state QUERY RESPONSE STATE
2024-10-15 16:54:07 [1728982447] unbound[1:0] info: query response was ANSWER
2024-10-15 16:54:07 [1728982447] unbound[1:0] debug: iter_handle processing q with state FINISHED RESPONSE STATE
2024-10-15 16:54:07 [1728982447] unbound[1:0] info: finishing processing for keytrap.test. DNSKEY IN
2024-10-15 16:54:07 [1728982447] unbound[1:0] debug: mesh_run: iterator module exit state is module_finished
2024-10-15 16:54:07 [1728982447] unbound[1:0] debug: validator[module 0] operate: extstate:module_wait_module event:module_event_moddone
2024-10-15 16:54:07 [1728982447] unbound[1:0] info: validator operate: query keytrap.test. DNSKEY IN
2024-10-15 16:54:07 [1728982447] unbound[1:0] debug: validator: nextmodule returned
2024-10-15 16:54:07 [1728982447] unbound[1:0] debug: not validating response, is valrec(validation recursion lookup)
2024-10-15 16:54:07 [1728982447] unbound[1:0] debug: mesh_run: validator module exit state is module_finished
2024-10-15 16:54:07 [1728982447] unbound[1:0] info: validator: inform_super, sub is keytrap.test. DNSKEY IN
2024-10-15 16:54:07 [1728982447] unbound[1:0] info: super is keytrap.test. TXT IN
2024-10-15 16:54:07 [1728982447] unbound[1:0] debug: anchor matched DNSKEY.
2024-10-15 16:54:07 [1728982447] unbound[1:0] info: validate keys with anchor(DS): sec_status_secure
2024-10-15 16:54:07 [1728982447] unbound[1:0] info: Successfully primed trust anchor keytrap.test. DNSKEY IN
2024-10-15 16:54:07 [1728982447] unbound[1:0] debug: validator[module 0] operate: extstate:module_wait_subquery event:module_event_pass
2024-10-15 16:54:07 [1728982447] unbound[1:0] info: validator operate: query keytrap.test. TXT IN
2024-10-15 16:54:07 [1728982447] unbound[1:0] debug: val handle processing q with state VAL_FINDKEY_STATE
2024-10-15 16:54:07 [1728982447] unbound[1:0] info: validator: FindKey keytrap.test. TXT IN
2024-10-15 16:54:07 [1728982447] unbound[1:0] debug: val handle processing q with state VAL_VALIDATE_STATE
2024-10-15 16:54:07 [1728982447] unbound[1:0] info: verify rrset keytrap.test. TXT IN
2024-10-15 16:54:07 [1728982447] unbound[1:0] debug: verify sig 6350 14
2024-10-15 16:54:07 [1728982447] unbound[1:0] debug: verify: signature mismatch
2024-10-15 16:54:07 [1728982447] unbound[1:0] debug: rrset failed to verify: no valid signatures
2024-10-15 16:54:07 [1728982447] unbound[1:0] debug: verify result: sec_status_bogus
2024-10-15 16:54:07 [1728982447] unbound[1:0] info: validator: response has failed ANSWER rrset: keytrap.test. TXT IN
2024-10-15 16:54:07 [1728982447] unbound[1:0] info: Validate: message contains bad rrsets
2024-10-15 16:54:07 [1728982447] unbound[1:0] debug: val handle processing q with state VAL_FINISHED_STATE
2024-10-15 16:54:07 [1728982447] unbound[1:0] debug: validation failed, blacklist and retry to fetch data
2024-10-15 16:54:07 [1728982447] unbound[1:0] debug: blacklist add ip4 10.10.3.3 port 53 (len 16)
2024-10-15 16:54:07 [1728982447] unbound[1:0] debug: pass back to next module
2024-10-15 16:54:07 [1728982447] unbound[1:0] debug: mesh_run: validator module exit state is module_restart_next
2024-10-15 16:54:07 [1728982447] unbound[1:0] debug: iterator[module 1] operate: extstate:module_finished event:module_event_pass
2024-10-15 16:54:07 [1728982447] unbound[1:0] debug: process_request: new external request event
2024-10-15 16:54:07 [1728982447] unbound[1:0] debug: iter_handle processing q with state INIT REQUEST STATE
2024-10-15 16:54:07 [1728982447] unbound[1:0] info: resolving keytrap.test. TXT IN
2024-10-15 16:54:07 [1728982447] unbound[1:0] debug: request has dependency depth of 0
2024-10-15 16:54:07 [1728982447] unbound[1:0] debug: cache blacklisted, going to the network
2024-10-15 16:54:07 [1728982447] unbound[1:0] debug: cache delegation returns delegpt
2024-10-15 16:54:07 [1728982447] unbound[1:0] info: DelegationPoint<keytrap.test.>: 1 names (1 missing), 1 addrs (0 result, 1 avail) cacheNS
2024-10-15 16:54:07 [1728982447] unbound[1:0] info:   ns1.keytrap.test.  A
2024-10-15 16:54:07 [1728982447] unbound[1:0] debug:    ip4 10.10.3.3 port 53 (len 16)
2024-10-15 16:54:07 [1728982447] unbound[1:0] debug: iter_handle processing q with state INIT REQUEST STATE (stage 2)
2024-10-15 16:54:07 [1728982447] unbound[1:0] info: resolving (init part 2):  keytrap.test. TXT IN
2024-10-15 16:54:07 [1728982447] unbound[1:0] info: use stub keytrap.test. NS IN
2024-10-15 16:54:07 [1728982447] unbound[1:0] debug: iter_handle processing q with state INIT REQUEST STATE (stage 3)
2024-10-15 16:54:07 [1728982447] unbound[1:0] info: resolving (init part 3):  keytrap.test. TXT IN
2024-10-15 16:54:07 [1728982447] unbound[1:0] debug: iter_handle processing q with state QUERY TARGETS STATE
2024-10-15 16:54:07 [1728982447] unbound[1:0] info: processQueryTargets: keytrap.test. TXT IN
2024-10-15 16:54:07 [1728982447] unbound[1:0] debug: processQueryTargets: targetqueries 0, currentqueries 0 sentcount 0
2024-10-15 16:54:07 [1728982447] unbound[1:0] info: DelegationPoint<keytrap.test.>: 0 names (0 missing), 1 addrs (0 result, 1 avail) parentNS
2024-10-15 16:54:07 [1728982447] unbound[1:0] debug:    ip4 10.10.3.3 port 53 (len 16)
2024-10-15 16:54:07 [1728982447] unbound[1:0] debug: attempt to get extra 3 targets
2024-10-15 16:54:07 [1728982447] unbound[1:0] debug: rpz: iterator module callback: have_rpz=0
2024-10-15 16:54:07 [1728982447] unbound[1:0] debug: servselect ip4 10.10.3.3 port 53 (len 16)
2024-10-15 16:54:07 [1728982447] unbound[1:0] debug:    rtt=247
2024-10-15 16:54:07 [1728982447] unbound[1:0] debug: selrtt 480247
2024-10-15 16:54:07 [1728982447] unbound[1:0] info: sending query: keytrap.test. TXT IN
2024-10-15 16:54:07 [1728982447] unbound[1:0] debug: sending to target: <keytrap.test.> 10.10.3.3#53
2024-10-15 16:54:07 [1728982447] unbound[1:0] debug: dnssec status: expected
2024-10-15 16:54:07 [1728982447] unbound[1:0] debug: mesh_run: iterator module exit state is module_wait_reply
2024-10-15 16:54:07 [1728982447] unbound[1:0] info: mesh_run: end 2 recursion states (1 with reply, 1 detached), 1 waiting replies, 0 recursion replies sent, 0 replies dropped, 0 states jostled out
2024-10-15 16:54:07 [1728982447] unbound[1:0] info: 0vRDd mod1  _ta-75b2.keytrap.test. NULL IN
2024-10-15 16:54:07 [1728982447] unbound[1:0] info: 1RDd mod1 rep keytrap.test. TXT IN
2024-10-15 16:54:07 [1728982447] unbound[1:0] debug: cache memory msg=66676 rrset=68103 infra=8534 val=67198
2024-10-15 16:54:07 [1728982447] unbound[1:0] debug: svcd callbacks end
2024-10-15 16:54:07 [1728982447] unbound[1:0] debug: close of port 4254
2024-10-15 16:54:07 [1728982447] unbound[1:0] debug: close fd 7
2024-10-15 16:54:07 [1728982447] unbound[1:0] debug: answer cb
2024-10-15 16:54:07 [1728982447] unbound[1:0] debug: Incoming reply id = d4d9
2024-10-15 16:54:07 [1728982447] unbound[1:0] debug: Incoming reply addr = ip4 10.10.3.3 port 53 (len 16)
2024-10-15 16:54:07 [1728982447] unbound[1:0] debug: lookup size is 1 entries
2024-10-15 16:54:07 [1728982447] unbound[1:0] debug: received udp reply.
2024-10-15 16:54:07 [1728982447] unbound[1:0] debug: udp message[39:0] D4D984030001000000000000085F74612D37356232076B65797472617004746573740000010001
2024-10-15 16:54:07 [1728982447] unbound[1:0] debug: outnet handle udp reply
2024-10-15 16:54:07 [1728982447] unbound[1:0] debug: measured roundtrip at 19 msec
2024-10-15 16:54:07 [1728982447] unbound[1:0] debug: svcd callbacks start
2024-10-15 16:54:07 [1728982447] unbound[1:0] debug: worker svcd callback for qstate 0x556bea6934e0
2024-10-15 16:54:07 [1728982447] unbound[1:0] debug: mesh_run: start
2024-10-15 16:54:07 [1728982447] unbound[1:0] debug: iterator[module 1] operate: extstate:module_wait_reply event:module_event_reply
2024-10-15 16:54:07 [1728982447] unbound[1:0] info: iterator operate: query _ta-75b2.keytrap.test. NULL IN
2024-10-15 16:54:07 [1728982447] unbound[1:0] debug: process_response: new external response event
2024-10-15 16:54:07 [1728982447] unbound[1:0] info: scrub for keytrap.test. NS IN
2024-10-15 16:54:07 [1728982447] unbound[1:0] info: response for _ta-75b2.keytrap.test. NULL IN
2024-10-15 16:54:07 [1728982447] unbound[1:0] info: reply from <keytrap.test.> 10.10.3.3#53
2024-10-15 16:54:07 [1728982447] unbound[1:0] info: incoming scrubbed packet: ;; ->>HEADER<<- opcode: QUERY, rcode: NXDOMAIN, id: 0
2024-10-15 16:54:07 ;; flags: qr aa ; QUERY: 1, ANSWER: 0, AUTHORITY: 0, ADDITIONAL: 0 
2024-10-15 16:54:07 ;; QUESTION SECTION:
2024-10-15 16:54:07 _ta-75b2.keytrap.test.INA
2024-10-15 16:54:07 
2024-10-15 16:54:07 ;; ANSWER SECTION:
2024-10-15 16:54:07 
2024-10-15 16:54:07 ;; AUTHORITY SECTION:
2024-10-15 16:54:07 
2024-10-15 16:54:07 ;; ADDITIONAL SECTION:
2024-10-15 16:54:07 ;; MSG SIZE  rcvd: 39
2024-10-15 16:54:07 
2024-10-15 16:54:07 [1728982447] unbound[1:0] debug: iter_handle processing q with state QUERY RESPONSE STATE
2024-10-15 16:54:07 [1728982447] unbound[1:0] info: query response was DNSSEC LAME
2024-10-15 16:54:07 [1728982447] unbound[1:0] debug: iter_handle processing q with state QUERY TARGETS STATE
2024-10-15 16:54:07 [1728982447] unbound[1:0] info: processQueryTargets: _ta-75b2.keytrap.test. NULL IN
2024-10-15 16:54:07 [1728982447] unbound[1:0] debug: processQueryTargets: targetqueries 0, currentqueries 0 sentcount 1
2024-10-15 16:54:07 [1728982447] unbound[1:0] info: DelegationPoint<keytrap.test.>: 0 names (0 missing), 1 addrs (1 result, 0 avail) parentNS
2024-10-15 16:54:07 [1728982447] unbound[1:0] debug:    ip4 10.10.3.3 port 53 (len 16)
2024-10-15 16:54:07 [1728982447] unbound[1:0] debug: attempt to get extra 3 targets
2024-10-15 16:54:07 [1728982447] unbound[1:0] debug: rpz: iterator module callback: have_rpz=0
2024-10-15 16:54:07 [1728982447] unbound[1:0] debug: servselect ip4 10.10.3.3 port 53 (len 16)
2024-10-15 16:54:07 [1728982447] unbound[1:0] debug:    rtt=205 ADDR_DNSSEC_LAME
2024-10-15 16:54:07 [1728982447] unbound[1:0] debug: selrtt 240205
2024-10-15 16:54:07 [1728982447] unbound[1:0] debug: chase to dnssec lame server
2024-10-15 16:54:07 [1728982447] unbound[1:0] info: sending query: _ta-75b2.keytrap.test. NULL IN
2024-10-15 16:54:07 [1728982447] unbound[1:0] debug: sending to target: <keytrap.test.> 10.10.3.3#53
2024-10-15 16:54:07 [1728982447] unbound[1:0] debug: dnssec status: expected but lame_query anyway
2024-10-15 16:54:07 [1728982447] unbound[1:0] debug: mesh_run: iterator module exit state is module_wait_reply
2024-10-15 16:54:07 [1728982447] unbound[1:0] info: mesh_run: end 2 recursion states (1 with reply, 1 detached), 1 waiting replies, 0 recursion replies sent, 0 replies dropped, 0 states jostled out
2024-10-15 16:54:07 [1728982447] unbound[1:0] info: 0vRDd mod1  _ta-75b2.keytrap.test. NULL IN
2024-10-15 16:54:07 [1728982447] unbound[1:0] info: 1RDd mod1 rep keytrap.test. TXT IN
2024-10-15 16:54:07 [1728982447] unbound[1:0] debug: cache memory msg=66676 rrset=68103 infra=8534 val=67198
2024-10-15 16:54:07 [1728982447] unbound[1:0] debug: svcd callbacks end
2024-10-15 16:54:07 [1728982447] unbound[1:0] debug: close of port 32988
2024-10-15 16:54:07 [1728982447] unbound[1:0] debug: close fd 8
2024-10-15 16:54:07 [1728982447] unbound[1:0] debug: serviced send timer
2024-10-15 16:54:07 [1728982447] unbound[1:0] debug: EDNS lookup known=1 vs=0
2024-10-15 16:54:07 [1728982447] unbound[1:0] debug: serviced query UDP timeout=205 msec
2024-10-15 16:54:07 [1728982447] unbound[1:0] debug: inserted new pending reply id=ce92
2024-10-15 16:54:07 [1728982447] unbound[1:0] debug: opened UDP if=0 port=44745
2024-10-15 16:54:07 [1728982447] unbound[1:0] debug: comm point start listening 7 (-1 msec)
2024-10-15 16:54:07 [1728982447] unbound[1:0] debug: serviced send timer
2024-10-15 16:54:07 [1728982447] unbound[1:0] debug: EDNS lookup known=1 vs=0
2024-10-15 16:54:07 [1728982447] unbound[1:0] debug: serviced query UDP timeout=205 msec
2024-10-15 16:54:07 [1728982447] unbound[1:0] debug: inserted new pending reply id=5365
2024-10-15 16:54:07 [1728982447] unbound[1:0] debug: opened UDP if=0 port=22442
2024-10-15 16:54:07 [1728982447] unbound[1:0] debug: comm point start listening 8 (-1 msec)
2024-10-15 16:54:07 [1728982447] unbound[1:0] debug: answer cb
2024-10-15 16:54:07 [1728982447] unbound[1:0] debug: Incoming reply id = 5365
2024-10-15 16:54:07 [1728982447] unbound[1:0] debug: Incoming reply addr = ip4 10.10.3.3 port 53 (len 16)
2024-10-15 16:54:07 [1728982447] unbound[1:0] debug: lookup size is 2 entries
2024-10-15 16:54:07 [1728982447] unbound[1:0] debug: received udp reply.
2024-10-15 16:54:07 [1728982447] unbound[1:0] debug: udp message[39:0] 536584030001000000000000085F74612D37356232076B657974726170047465737400000A0001
2024-10-15 16:54:07 [1728982447] unbound[1:0] debug: outnet handle udp reply
2024-10-15 16:54:07 [1728982447] unbound[1:0] debug: measured roundtrip at 31 msec
2024-10-15 16:54:07 [1728982447] unbound[1:0] debug: svcd callbacks start
2024-10-15 16:54:07 [1728982447] unbound[1:0] debug: worker svcd callback for qstate 0x556bea6934e0
2024-10-15 16:54:07 [1728982447] unbound[1:0] debug: mesh_run: start
2024-10-15 16:54:07 [1728982447] unbound[1:0] debug: iterator[module 1] operate: extstate:module_wait_reply event:module_event_reply
2024-10-15 16:54:07 [1728982447] unbound[1:0] info: iterator operate: query _ta-75b2.keytrap.test. NULL IN
2024-10-15 16:54:07 [1728982447] unbound[1:0] debug: process_response: new external response event
2024-10-15 16:54:07 [1728982447] unbound[1:0] info: scrub for keytrap.test. NS IN
2024-10-15 16:54:07 [1728982447] unbound[1:0] info: response for _ta-75b2.keytrap.test. NULL IN
2024-10-15 16:54:07 [1728982447] unbound[1:0] info: reply from <keytrap.test.> 10.10.3.3#53
2024-10-15 16:54:07 [1728982447] unbound[1:0] info: incoming scrubbed packet: ;; ->>HEADER<<- opcode: QUERY, rcode: NXDOMAIN, id: 0
2024-10-15 16:54:07 ;; flags: qr aa ; QUERY: 1, ANSWER: 0, AUTHORITY: 0, ADDITIONAL: 0 
2024-10-15 16:54:07 ;; QUESTION SECTION:
2024-10-15 16:54:07 _ta-75b2.keytrap.test.INNULL
2024-10-15 16:54:07 
2024-10-15 16:54:07 ;; ANSWER SECTION:
2024-10-15 16:54:07 
2024-10-15 16:54:07 ;; AUTHORITY SECTION:
2024-10-15 16:54:07 
2024-10-15 16:54:07 ;; ADDITIONAL SECTION:
2024-10-15 16:54:07 ;; MSG SIZE  rcvd: 39
2024-10-15 16:54:07 
2024-10-15 16:54:07 [1728982447] unbound[1:0] debug: iter_handle processing q with state QUERY RESPONSE STATE
2024-10-15 16:54:07 [1728982447] unbound[1:0] info: query response was NXDOMAIN ANSWER
2024-10-15 16:54:07 [1728982447] unbound[1:0] debug: iter_handle processing q with state FINISHED RESPONSE STATE
2024-10-15 16:54:07 [1728982447] unbound[1:0] info: finishing processing for _ta-75b2.keytrap.test. NULL IN
2024-10-15 16:54:07 [1728982447] unbound[1:0] debug: mesh_run: iterator module exit state is module_finished
2024-10-15 16:54:07 [1728982447] unbound[1:0] debug: validator[module 0] operate: extstate:module_wait_module event:module_event_moddone
2024-10-15 16:54:07 [1728982447] unbound[1:0] info: validator operate: query _ta-75b2.keytrap.test. NULL IN
2024-10-15 16:54:07 [1728982447] unbound[1:0] debug: validator: nextmodule returned
2024-10-15 16:54:07 [1728982447] unbound[1:0] debug: not validating response, is valrec(validation recursion lookup)
2024-10-15 16:54:07 [1728982447] unbound[1:0] debug: mesh_run: validator module exit state is module_finished
2024-10-15 16:54:07 [1728982447] unbound[1:0] info: mesh_run: end 1 recursion states (1 with reply, 0 detached), 1 waiting replies, 0 recursion replies sent, 0 replies dropped, 0 states jostled out
2024-10-15 16:54:07 [1728982447] unbound[1:0] info: 0RDd mod1 rep keytrap.test. TXT IN
2024-10-15 16:54:07 [1728982447] unbound[1:0] debug: cache memory msg=66923 rrset=68103 infra=8534 val=67198
2024-10-15 16:54:07 [1728982447] unbound[1:0] debug: svcd callbacks end
2024-10-15 16:54:07 [1728982447] unbound[1:0] debug: close of port 22442
2024-10-15 16:54:07 [1728982447] unbound[1:0] debug: close fd 8
2024-10-15 16:54:07 [1728982447] unbound[1:0] debug: answer cb
2024-10-15 16:54:07 [1728982447] unbound[1:0] debug: Incoming reply id = ce92
2024-10-15 16:54:07 [1728982447] unbound[1:0] debug: Incoming reply addr = ip4 10.10.3.3 port 53 (len 16)
2024-10-15 16:54:07 [1728982447] unbound[1:0] debug: lookup size is 1 entries
2024-10-15 16:54:07 [1728982447] unbound[1:0] debug: received udp reply.
2024-10-15 16:54:07 [1728982447] unbound[1:0] debug: udp message[605:0] CE9284000001000200020002076B65797472617004746573740000100001076B657974726170047465737400001000010001518000111066DC81CDF297AC017C45D066E61FD149076B657974726170047465737400002E000100015180008000100E020001518067334F2B670BC22B18CE076B65797472617004746573740062C3CFB365A9B82D21EFE7986A70EBDCD67E6E80D29140141E384A546CCC947A64A728D3329258B0793F33D1E6DA2B2AE65A172A9092E3720B91BFFDFA4054A728D2FA4310C0DF95EEFFB87CF102A5A03E07EB21D52D04DB34F4976E0905B070076B65797472617004746573740000020001000151800012036E7331076B657974
2024-10-15 16:54:07 [1728982447] unbound[1:0] debug: udp message[605:256] 726170047465737400076B657974726170047465737400002E000100015180008000020E020001518067334F2B670BC22B18CE076B657974726170047465737400DA0FBB8F01C649A8EE06D39860CD4EFBF002EB809DC1168CE25354AF2C58773F959FF66A50BFD1C69FD11C41636B96BE4B00F3304E95C33638EC114BA68402D3869FCDAC702924E99F59B0DAD4714BE64BBC8FECD178512CB19B564D2F7FDA5B036E7331076B657974726170047465737400000100010001518000040A0A0303036E7331076B657974726170047465737400002E000100015180008000010E030001518067334F2B670BC22B18CE076B65797472617004746573740079F896
2024-10-15 16:54:07 [1728982447] unbound[1:0] debug: udp message[605:512] 468B2957B88F50CA53E93F3515B676C75D07BC46E04BE2FFF13BC83626CD65F8B438B6959BF010FFFB42423C7CE806A4F258362061FD126A9A790C1D8151B7E1B2DD59B72C8A7F89BEE5CE3EB0792B985E3F15F9F4B4B4B2F14C5B2F0F
2024-10-15 16:54:07 [1728982447] unbound[1:0] debug: outnet handle udp reply
2024-10-15 16:54:07 [1728982447] unbound[1:0] debug: measured roundtrip at 31 msec
2024-10-15 16:54:07 [1728982447] unbound[1:0] debug: svcd callbacks start
2024-10-15 16:54:07 [1728982447] unbound[1:0] debug: worker svcd callback for qstate 0x556bea69f510
2024-10-15 16:54:07 [1728982447] unbound[1:0] debug: mesh_run: start
2024-10-15 16:54:07 [1728982447] unbound[1:0] debug: iterator[module 1] operate: extstate:module_wait_reply event:module_event_reply
2024-10-15 16:54:07 [1728982447] unbound[1:0] info: iterator operate: query keytrap.test. TXT IN
2024-10-15 16:54:07 [1728982447] unbound[1:0] debug: process_response: new external response event
2024-10-15 16:54:07 [1728982447] unbound[1:0] info: scrub for keytrap.test. NS IN
2024-10-15 16:54:07 [1728982447] unbound[1:0] info: response for keytrap.test. TXT IN
2024-10-15 16:54:07 [1728982447] unbound[1:0] info: reply from <keytrap.test.> 10.10.3.3#53
2024-10-15 16:54:07 [1728982447] unbound[1:0] info: incoming scrubbed packet: ;; ->>HEADER<<- opcode: QUERY, rcode: NOERROR, id: 0
2024-10-15 16:54:07 ;; flags: qr aa ; QUERY: 1, ANSWER: 2, AUTHORITY: 2, ADDITIONAL: 2 
2024-10-15 16:54:07 ;; QUESTION SECTION:
2024-10-15 16:54:07 keytrap.test.INTXT
2024-10-15 16:54:07 
2024-10-15 16:54:07 ;; ANSWER SECTION:
2024-10-15 16:54:07 keytrap.test.86400INTXT"f\220\129\205\242\151\172\001|E\208f\230\031\209I"
2024-10-15 16:54:07 keytrap.test.86400INRRSIGTXT 14 2 86400 20241112125051 20241013125051 6350 keytrap.test. YsPPs2WpuC0h7+eYanDr3NZ+boDSkUAUHjhKVGzMlHpkpyjTMpJYsHk/M9Hm2isq5loXKpCS43ILkb/9+kBUpyjS+kMQwN+V7v+4fPECpaA+B+sh1S0E2zT0l24JBbBw ;{id = 6350}
2024-10-15 16:54:07 
2024-10-15 16:54:07 ;; AUTHORITY SECTION:
2024-10-15 16:54:07 keytrap.test.86400INNSns1.keytrap.test.
2024-10-15 16:54:07 keytrap.test.86400INRRSIGNS 14 2 86400 20241112125051 20241013125051 6350 keytrap.test. 2g+7jwHGSajuBtOYYM1O+/AC64CdwRaM4lNUryxYdz+Vn/ZqUL/Rxp/RHEFja5a+SwDzME6VwzY47BFLpoQC04afzaxwKSTpn1mw2tRxS+ZLvI/s0XhRLLGbVk0vf9pb ;{id = 6350}
2024-10-15 16:54:07 
2024-10-15 16:54:07 ;; ADDITIONAL SECTION:
2024-10-15 16:54:07 ns1.keytrap.test.86400INA10.10.3.3
2024-10-15 16:54:07 ns1.keytrap.test.86400INRRSIGA 14 3 86400 20241112125051 20241013125051 6350 keytrap.test. efiWRospV7iPUMpT6T81FbZ2x10HvEbgS+L/8TvINibNZfi0OLaVm/AQ//tCQjx86Aak8lg2IGH9EmqaeQwdgVG34bLdWbcsin+JvuXOPrB5K5hePxX59LS0svFMWy8P ;{id = 6350}
2024-10-15 16:54:07 ;; MSG SIZE  rcvd: 513
2024-10-15 16:54:07 
2024-10-15 16:54:07 [1728982447] unbound[1:0] debug: iter_handle processing q with state QUERY RESPONSE STATE
2024-10-15 16:54:07 [1728982447] unbound[1:0] info: query response was ANSWER
2024-10-15 16:54:07 [1728982447] unbound[1:0] debug: iter_handle processing q with state FINISHED RESPONSE STATE
2024-10-15 16:54:07 [1728982447] unbound[1:0] info: finishing processing for keytrap.test. TXT IN
2024-10-15 16:54:07 [1728982447] unbound[1:0] debug: mesh_run: iterator module exit state is module_finished
2024-10-15 16:54:07 [1728982447] unbound[1:0] debug: validator[module 0] operate: extstate:module_restart_next event:module_event_moddone
2024-10-15 16:54:07 [1728982447] unbound[1:0] info: validator operate: query keytrap.test. TXT IN
2024-10-15 16:54:07 [1728982447] unbound[1:0] info: validator operate: chased to . TYPE0 CLASS0
2024-10-15 16:54:07 [1728982447] unbound[1:0] debug: validator: nextmodule returned
2024-10-15 16:54:07 [1728982447] unbound[1:0] debug: val handle processing q with state VAL_INIT_STATE
2024-10-15 16:54:07 [1728982447] unbound[1:0] debug: validator classification positive
2024-10-15 16:54:07 [1728982447] unbound[1:0] info: signer is keytrap.test. TYPE0 CLASS0
2024-10-15 16:54:07 [1728982447] unbound[1:0] debug: val handle processing q with state VAL_FINDKEY_STATE
2024-10-15 16:54:07 [1728982447] unbound[1:0] info: validator: FindKey keytrap.test. TXT IN
2024-10-15 16:54:07 [1728982447] unbound[1:0] debug: val handle processing q with state VAL_VALIDATE_STATE
2024-10-15 16:54:07 [1728982447] unbound[1:0] info: verify rrset keytrap.test. TXT IN
2024-10-15 16:54:07 [1728982447] unbound[1:0] debug: verify sig 6350 14
2024-10-15 16:54:07 [1728982447] unbound[1:0] debug: verify: signature mismatch
2024-10-15 16:54:07 [1728982447] unbound[1:0] debug: rrset failed to verify: no valid signatures
2024-10-15 16:54:07 [1728982447] unbound[1:0] debug: verify result: sec_status_bogus
2024-10-15 16:54:07 [1728982447] unbound[1:0] info: validator: response has failed ANSWER rrset: keytrap.test. TXT IN
2024-10-15 16:54:07 [1728982447] unbound[1:0] info: Validate: message contains bad rrsets
2024-10-15 16:54:07 [1728982447] unbound[1:0] debug: val handle processing q with state VAL_FINISHED_STATE
2024-10-15 16:54:07 [1728982447] unbound[1:0] debug: validation failed, blacklist and retry to fetch data
2024-10-15 16:54:07 [1728982447] unbound[1:0] debug: blacklist ip4 10.10.3.3 port 53 (len 16)
2024-10-15 16:54:07 [1728982447] unbound[1:0] debug: blacklist add ip4 10.10.3.3 port 53 (len 16)
2024-10-15 16:54:07 [1728982447] unbound[1:0] debug: pass back to next module
2024-10-15 16:54:07 [1728982447] unbound[1:0] debug: mesh_run: validator module exit state is module_restart_next
2024-10-15 16:54:07 [1728982447] unbound[1:0] debug: iterator[module 1] operate: extstate:module_finished event:module_event_pass
2024-10-15 16:54:07 [1728982447] unbound[1:0] debug: process_request: new external request event
2024-10-15 16:54:07 [1728982447] unbound[1:0] debug: iter_handle processing q with state INIT REQUEST STATE
2024-10-15 16:54:07 [1728982447] unbound[1:0] info: resolving keytrap.test. TXT IN
2024-10-15 16:54:07 [1728982447] unbound[1:0] debug: request has dependency depth of 0
2024-10-15 16:54:07 [1728982447] unbound[1:0] debug: cache blacklisted, going to the network
2024-10-15 16:54:07 [1728982447] unbound[1:0] debug: cache delegation returns delegpt
2024-10-15 16:54:07 [1728982447] unbound[1:0] info: DelegationPoint<keytrap.test.>: 1 names (1 missing), 1 addrs (0 result, 1 avail) cacheNS
2024-10-15 16:54:07 [1728982447] unbound[1:0] info:   ns1.keytrap.test.  A
2024-10-15 16:54:07 [1728982447] unbound[1:0] debug:    ip4 10.10.3.3 port 53 (len 16)
2024-10-15 16:54:07 [1728982447] unbound[1:0] debug: iter_handle processing q with state INIT REQUEST STATE (stage 2)
2024-10-15 16:54:07 [1728982447] unbound[1:0] info: resolving (init part 2):  keytrap.test. TXT IN
2024-10-15 16:54:07 [1728982447] unbound[1:0] info: use stub keytrap.test. NS IN
2024-10-15 16:54:07 [1728982447] unbound[1:0] debug: iter_handle processing q with state INIT REQUEST STATE (stage 3)
2024-10-15 16:54:07 [1728982447] unbound[1:0] info: resolving (init part 3):  keytrap.test. TXT IN
2024-10-15 16:54:07 [1728982447] unbound[1:0] debug: iter_handle processing q with state QUERY TARGETS STATE
2024-10-15 16:54:07 [1728982447] unbound[1:0] info: processQueryTargets: keytrap.test. TXT IN
2024-10-15 16:54:07 [1728982447] unbound[1:0] debug: processQueryTargets: targetqueries 0, currentqueries 0 sentcount 0
2024-10-15 16:54:07 [1728982447] unbound[1:0] info: DelegationPoint<keytrap.test.>: 0 names (0 missing), 1 addrs (0 result, 1 avail) parentNS
2024-10-15 16:54:07 [1728982447] unbound[1:0] debug:    ip4 10.10.3.3 port 53 (len 16)
2024-10-15 16:54:07 [1728982447] unbound[1:0] debug: attempt to get extra 3 targets
2024-10-15 16:54:07 [1728982447] unbound[1:0] debug: rpz: iterator module callback: have_rpz=0
2024-10-15 16:54:07 [1728982447] unbound[1:0] debug: servselect ip4 10.10.3.3 port 53 (len 16)
2024-10-15 16:54:07 [1728982447] unbound[1:0] debug:    rtt=166
2024-10-15 16:54:07 [1728982447] unbound[1:0] debug: selrtt 480166
2024-10-15 16:54:07 [1728982447] unbound[1:0] info: sending query: keytrap.test. TXT IN
2024-10-15 16:54:07 [1728982447] unbound[1:0] debug: sending to target: <keytrap.test.> 10.10.3.3#53
2024-10-15 16:54:07 [1728982447] unbound[1:0] debug: dnssec status: expected
2024-10-15 16:54:07 [1728982447] unbound[1:0] debug: mesh_run: iterator module exit state is module_wait_reply
2024-10-15 16:54:07 [1728982447] unbound[1:0] info: mesh_run: end 1 recursion states (1 with reply, 0 detached), 1 waiting replies, 0 recursion replies sent, 0 replies dropped, 0 states jostled out
2024-10-15 16:54:07 [1728982447] unbound[1:0] info: 0RDd mod1 rep keytrap.test. TXT IN
2024-10-15 16:54:07 [1728982447] unbound[1:0] debug: cache memory msg=66923 rrset=68103 infra=8534 val=67198
2024-10-15 16:54:07 [1728982447] unbound[1:0] debug: svcd callbacks end
2024-10-15 16:54:07 [1728982447] unbound[1:0] debug: close of port 44745
2024-10-15 16:54:07 [1728982447] unbound[1:0] debug: close fd 7
2024-10-15 16:54:07 [1728982447] unbound[1:0] debug: serviced send timer
2024-10-15 16:54:07 [1728982447] unbound[1:0] debug: EDNS lookup known=1 vs=0
2024-10-15 16:54:07 [1728982447] unbound[1:0] debug: serviced query UDP timeout=166 msec
2024-10-15 16:54:07 [1728982447] unbound[1:0] debug: inserted new pending reply id=54a3
2024-10-15 16:54:07 [1728982447] unbound[1:0] debug: opened UDP if=0 port=38265
2024-10-15 16:54:07 [1728982447] unbound[1:0] debug: comm point start listening 7 (-1 msec)
2024-10-15 16:54:07 [1728982447] unbound[1:0] debug: answer cb
2024-10-15 16:54:07 [1728982447] unbound[1:0] debug: Incoming reply id = 54a3
2024-10-15 16:54:07 [1728982447] unbound[1:0] debug: Incoming reply addr = ip4 10.10.3.3 port 53 (len 16)
2024-10-15 16:54:07 [1728982447] unbound[1:0] debug: lookup size is 1 entries
2024-10-15 16:54:07 [1728982447] unbound[1:0] debug: received udp reply.
2024-10-15 16:54:07 [1728982447] unbound[1:0] debug: udp message[605:0] 54A384000001000200020002076B65797472617004746573740000100001076B657974726170047465737400001000010001518000111066DC81CDF297AC017C45D066E61FD149076B657974726170047465737400002E000100015180008000100E020001518067334F2B670BC22B18CE076B65797472617004746573740062C3CFB365A9B82D21EFE7986A70EBDCD67E6E80D29140141E384A546CCC947A64A728D3329258B0793F33D1E6DA2B2AE65A172A9092E3720B91BFFDFA4054A728D2FA4310C0DF95EEFFB87CF102A5A03E07EB21D52D04DB34F4976E0905B070076B65797472617004746573740000020001000151800012036E7331076B657974
2024-10-15 16:54:07 [1728982447] unbound[1:0] debug: udp message[605:256] 726170047465737400076B657974726170047465737400002E000100015180008000020E020001518067334F2B670BC22B18CE076B657974726170047465737400DA0FBB8F01C649A8EE06D39860CD4EFBF002EB809DC1168CE25354AF2C58773F959FF66A50BFD1C69FD11C41636B96BE4B00F3304E95C33638EC114BA68402D3869FCDAC702924E99F59B0DAD4714BE64BBC8FECD178512CB19B564D2F7FDA5B036E7331076B657974726170047465737400000100010001518000040A0A0303036E7331076B657974726170047465737400002E000100015180008000010E030001518067334F2B670BC22B18CE076B65797472617004746573740079F896
2024-10-15 16:54:07 [1728982447] unbound[1:0] debug: udp message[605:512] 468B2957B88F50CA53E93F3515B676C75D07BC46E04BE2FFF13BC83626CD65F8B438B6959BF010FFFB42423C7CE806A4F258362061FD126A9A790C1D8151B7E1B2DD59B72C8A7F89BEE5CE3EB0792B985E3F15F9F4B4B4B2F14C5B2F0F
2024-10-15 16:54:07 [1728982447] unbound[1:0] debug: outnet handle udp reply
2024-10-15 16:54:07 [1728982447] unbound[1:0] debug: measured roundtrip at 19 msec
2024-10-15 16:54:07 [1728982447] unbound[1:0] debug: svcd callbacks start
2024-10-15 16:54:07 [1728982447] unbound[1:0] debug: worker svcd callback for qstate 0x556bea69f510
2024-10-15 16:54:07 [1728982447] unbound[1:0] debug: mesh_run: start
2024-10-15 16:54:07 [1728982447] unbound[1:0] debug: iterator[module 1] operate: extstate:module_wait_reply event:module_event_reply
2024-10-15 16:54:07 [1728982447] unbound[1:0] info: iterator operate: query keytrap.test. TXT IN
2024-10-15 16:54:07 [1728982447] unbound[1:0] debug: process_response: new external response event
2024-10-15 16:54:07 [1728982447] unbound[1:0] info: scrub for keytrap.test. NS IN
2024-10-15 16:54:07 [1728982447] unbound[1:0] info: response for keytrap.test. TXT IN
2024-10-15 16:54:07 [1728982447] unbound[1:0] info: reply from <keytrap.test.> 10.10.3.3#53
2024-10-15 16:54:07 [1728982447] unbound[1:0] info: incoming scrubbed packet: ;; ->>HEADER<<- opcode: QUERY, rcode: NOERROR, id: 0
2024-10-15 16:54:07 ;; flags: qr aa ; QUERY: 1, ANSWER: 2, AUTHORITY: 2, ADDITIONAL: 2 
2024-10-15 16:54:07 ;; QUESTION SECTION:
2024-10-15 16:54:07 keytrap.test.INTXT
2024-10-15 16:54:07 
2024-10-15 16:54:07 ;; ANSWER SECTION:
2024-10-15 16:54:07 keytrap.test.86400INTXT"f\220\129\205\242\151\172\001|E\208f\230\031\209I"
2024-10-15 16:54:07 keytrap.test.86400INRRSIGTXT 14 2 86400 20241112125051 20241013125051 6350 keytrap.test. YsPPs2WpuC0h7+eYanDr3NZ+boDSkUAUHjhKVGzMlHpkpyjTMpJYsHk/M9Hm2isq5loXKpCS43ILkb/9+kBUpyjS+kMQwN+V7v+4fPECpaA+B+sh1S0E2zT0l24JBbBw ;{id = 6350}
2024-10-15 16:54:07 
2024-10-15 16:54:07 ;; AUTHORITY SECTION:
2024-10-15 16:54:07 keytrap.test.86400INNSns1.keytrap.test.
2024-10-15 16:54:07 keytrap.test.86400INRRSIGNS 14 2 86400 20241112125051 20241013125051 6350 keytrap.test. 2g+7jwHGSajuBtOYYM1O+/AC64CdwRaM4lNUryxYdz+Vn/ZqUL/Rxp/RHEFja5a+SwDzME6VwzY47BFLpoQC04afzaxwKSTpn1mw2tRxS+ZLvI/s0XhRLLGbVk0vf9pb ;{id = 6350}
2024-10-15 16:54:07 
2024-10-15 16:54:07 ;; ADDITIONAL SECTION:
2024-10-15 16:54:07 ns1.keytrap.test.86400INA10.10.3.3
2024-10-15 16:54:07 ns1.keytrap.test.86400INRRSIGA 14 3 86400 20241112125051 20241013125051 6350 keytrap.test. efiWRospV7iPUMpT6T81FbZ2x10HvEbgS+L/8TvINibNZfi0OLaVm/AQ//tCQjx86Aak8lg2IGH9EmqaeQwdgVG34bLdWbcsin+JvuXOPrB5K5hePxX59LS0svFMWy8P ;{id = 6350}
2024-10-15 16:54:07 ;; MSG SIZE  rcvd: 513
2024-10-15 16:54:07 
2024-10-15 16:54:07 [1728982447] unbound[1:0] debug: iter_handle processing q with state QUERY RESPONSE STATE
2024-10-15 16:54:07 [1728982447] unbound[1:0] info: query response was ANSWER
2024-10-15 16:54:07 [1728982447] unbound[1:0] debug: iter_handle processing q with state FINISHED RESPONSE STATE
2024-10-15 16:54:07 [1728982447] unbound[1:0] info: finishing processing for keytrap.test. TXT IN
2024-10-15 16:54:07 [1728982447] unbound[1:0] debug: mesh_run: iterator module exit state is module_finished
2024-10-15 16:54:07 [1728982447] unbound[1:0] debug: validator[module 0] operate: extstate:module_restart_next event:module_event_moddone
2024-10-15 16:54:07 [1728982447] unbound[1:0] info: validator operate: query keytrap.test. TXT IN
2024-10-15 16:54:07 [1728982447] unbound[1:0] info: validator operate: chased to . TYPE0 CLASS0
2024-10-15 16:54:07 [1728982447] unbound[1:0] debug: validator: nextmodule returned
2024-10-15 16:54:07 [1728982447] unbound[1:0] debug: val handle processing q with state VAL_INIT_STATE
2024-10-15 16:54:07 [1728982447] unbound[1:0] debug: validator classification positive
2024-10-15 16:54:07 [1728982447] unbound[1:0] info: signer is keytrap.test. TYPE0 CLASS0
2024-10-15 16:54:07 [1728982447] unbound[1:0] debug: val handle processing q with state VAL_FINDKEY_STATE
2024-10-15 16:54:07 [1728982447] unbound[1:0] info: validator: FindKey keytrap.test. TXT IN
2024-10-15 16:54:07 [1728982447] unbound[1:0] debug: val handle processing q with state VAL_VALIDATE_STATE
2024-10-15 16:54:07 [1728982447] unbound[1:0] info: verify rrset keytrap.test. TXT IN
2024-10-15 16:54:07 [1728982447] unbound[1:0] debug: verify sig 6350 14
2024-10-15 16:54:07 [1728982447] unbound[1:0] debug: verify: signature mismatch
2024-10-15 16:54:07 [1728982447] unbound[1:0] debug: rrset failed to verify: no valid signatures
2024-10-15 16:54:07 [1728982447] unbound[1:0] debug: verify result: sec_status_bogus
2024-10-15 16:54:07 [1728982447] unbound[1:0] info: validator: response has failed ANSWER rrset: keytrap.test. TXT IN
2024-10-15 16:54:07 [1728982447] unbound[1:0] info: Validate: message contains bad rrsets
2024-10-15 16:54:07 [1728982447] unbound[1:0] debug: val handle processing q with state VAL_FINISHED_STATE
2024-10-15 16:54:07 [1728982447] unbound[1:0] debug: validation failed, blacklist and retry to fetch data
2024-10-15 16:54:07 [1728982447] unbound[1:0] debug: blacklist ip4 10.10.3.3 port 53 (len 16)
2024-10-15 16:54:07 [1728982447] unbound[1:0] debug: blacklist ip4 10.10.3.3 port 53 (len 16)
2024-10-15 16:54:07 [1728982447] unbound[1:0] debug: blacklist add ip4 10.10.3.3 port 53 (len 16)
2024-10-15 16:54:07 [1728982447] unbound[1:0] debug: pass back to next module
2024-10-15 16:54:07 [1728982447] unbound[1:0] debug: mesh_run: validator module exit state is module_restart_next
2024-10-15 16:54:07 [1728982447] unbound[1:0] debug: iterator[module 1] operate: extstate:module_finished event:module_event_pass
2024-10-15 16:54:07 [1728982447] unbound[1:0] debug: process_request: new external request event
2024-10-15 16:54:07 [1728982447] unbound[1:0] debug: iter_handle processing q with state INIT REQUEST STATE
2024-10-15 16:54:07 [1728982447] unbound[1:0] info: resolving keytrap.test. TXT IN
2024-10-15 16:54:07 [1728982447] unbound[1:0] debug: request has dependency depth of 0
2024-10-15 16:54:07 [1728982447] unbound[1:0] debug: cache blacklisted, going to the network
2024-10-15 16:54:07 [1728982447] unbound[1:0] debug: cache delegation returns delegpt
2024-10-15 16:54:07 [1728982447] unbound[1:0] info: DelegationPoint<keytrap.test.>: 1 names (1 missing), 1 addrs (0 result, 1 avail) cacheNS
2024-10-15 16:54:07 [1728982447] unbound[1:0] info:   ns1.keytrap.test.  A
2024-10-15 16:54:07 [1728982447] unbound[1:0] debug:    ip4 10.10.3.3 port 53 (len 16)
2024-10-15 16:54:07 [1728982447] unbound[1:0] debug: iter_handle processing q with state INIT REQUEST STATE (stage 2)
2024-10-15 16:54:07 [1728982447] unbound[1:0] info: resolving (init part 2):  keytrap.test. TXT IN
2024-10-15 16:54:07 [1728982447] unbound[1:0] info: use stub keytrap.test. NS IN
2024-10-15 16:54:07 [1728982447] unbound[1:0] debug: iter_handle processing q with state INIT REQUEST STATE (stage 3)
2024-10-15 16:54:07 [1728982447] unbound[1:0] info: resolving (init part 3):  keytrap.test. TXT IN
2024-10-15 16:54:07 [1728982447] unbound[1:0] debug: iter_handle processing q with state QUERY TARGETS STATE
2024-10-15 16:54:07 [1728982447] unbound[1:0] info: processQueryTargets: keytrap.test. TXT IN
2024-10-15 16:54:07 [1728982447] unbound[1:0] debug: processQueryTargets: targetqueries 0, currentqueries 0 sentcount 0
2024-10-15 16:54:07 [1728982447] unbound[1:0] info: DelegationPoint<keytrap.test.>: 0 names (0 missing), 1 addrs (0 result, 1 avail) parentNS
2024-10-15 16:54:07 [1728982447] unbound[1:0] debug:    ip4 10.10.3.3 port 53 (len 16)
2024-10-15 16:54:07 [1728982447] unbound[1:0] debug: attempt to get extra 3 targets
2024-10-15 16:54:07 [1728982447] unbound[1:0] debug: rpz: iterator module callback: have_rpz=0
2024-10-15 16:54:07 [1728982447] unbound[1:0] debug: servselect ip4 10.10.3.3 port 53 (len 16)
2024-10-15 16:54:07 [1728982447] unbound[1:0] debug:    rtt=139
2024-10-15 16:54:07 [1728982447] unbound[1:0] debug: selrtt 480139
2024-10-15 16:54:07 [1728982447] unbound[1:0] info: sending query: keytrap.test. TXT IN
2024-10-15 16:54:07 [1728982447] unbound[1:0] debug: sending to target: <keytrap.test.> 10.10.3.3#53
2024-10-15 16:54:07 [1728982447] unbound[1:0] debug: dnssec status: expected
2024-10-15 16:54:07 [1728982447] unbound[1:0] debug: mesh_run: iterator module exit state is module_wait_reply
2024-10-15 16:54:07 [1728982447] unbound[1:0] info: mesh_run: end 1 recursion states (1 with reply, 0 detached), 1 waiting replies, 0 recursion replies sent, 0 replies dropped, 0 states jostled out
2024-10-15 16:54:07 [1728982447] unbound[1:0] info: 0RDd mod1 rep keytrap.test. TXT IN
2024-10-15 16:54:07 [1728982447] unbound[1:0] debug: cache memory msg=66923 rrset=68103 infra=8534 val=67198
2024-10-15 16:54:07 [1728982447] unbound[1:0] debug: svcd callbacks end
2024-10-15 16:54:07 [1728982447] unbound[1:0] debug: close of port 38265
2024-10-15 16:54:07 [1728982447] unbound[1:0] debug: close fd 7
2024-10-15 16:54:07 [1728982447] unbound[1:0] debug: serviced send timer
2024-10-15 16:54:07 [1728982447] unbound[1:0] debug: EDNS lookup known=1 vs=0
2024-10-15 16:54:07 [1728982447] unbound[1:0] debug: serviced query UDP timeout=139 msec
2024-10-15 16:54:07 [1728982447] unbound[1:0] debug: inserted new pending reply id=9e33
2024-10-15 16:54:07 [1728982447] unbound[1:0] debug: opened UDP if=0 port=57319
2024-10-15 16:54:07 [1728982447] unbound[1:0] debug: comm point start listening 7 (-1 msec)
2024-10-15 16:54:07 [1728982447] unbound[1:0] debug: answer cb
2024-10-15 16:54:07 [1728982447] unbound[1:0] debug: Incoming reply id = 9e33
2024-10-15 16:54:07 [1728982447] unbound[1:0] debug: Incoming reply addr = ip4 10.10.3.3 port 53 (len 16)
2024-10-15 16:54:07 [1728982447] unbound[1:0] debug: lookup size is 1 entries
2024-10-15 16:54:07 [1728982447] unbound[1:0] debug: received udp reply.
2024-10-15 16:54:07 [1728982447] unbound[1:0] debug: udp message[605:0] 9E3384000001000200020002076B65797472617004746573740000100001076B657974726170047465737400001000010001518000111066DC81CDF297AC017C45D066E61FD149076B657974726170047465737400002E000100015180008000100E020001518067334F2B670BC22B18CE076B65797472617004746573740062C3CFB365A9B82D21EFE7986A70EBDCD67E6E80D29140141E384A546CCC947A64A728D3329258B0793F33D1E6DA2B2AE65A172A9092E3720B91BFFDFA4054A728D2FA4310C0DF95EEFFB87CF102A5A03E07EB21D52D04DB34F4976E0905B070076B65797472617004746573740000020001000151800012036E7331076B657974
2024-10-15 16:54:07 [1728982447] unbound[1:0] debug: udp message[605:256] 726170047465737400076B657974726170047465737400002E000100015180008000020E020001518067334F2B670BC22B18CE076B657974726170047465737400DA0FBB8F01C649A8EE06D39860CD4EFBF002EB809DC1168CE25354AF2C58773F959FF66A50BFD1C69FD11C41636B96BE4B00F3304E95C33638EC114BA68402D3869FCDAC702924E99F59B0DAD4714BE64BBC8FECD178512CB19B564D2F7FDA5B036E7331076B657974726170047465737400000100010001518000040A0A0303036E7331076B657974726170047465737400002E000100015180008000010E030001518067334F2B670BC22B18CE076B65797472617004746573740079F896
2024-10-15 16:54:07 [1728982447] unbound[1:0] debug: udp message[605:512] 468B2957B88F50CA53E93F3515B676C75D07BC46E04BE2FFF13BC83626CD65F8B438B6959BF010FFFB42423C7CE806A4F258362061FD126A9A790C1D8151B7E1B2DD59B72C8A7F89BEE5CE3EB0792B985E3F15F9F4B4B4B2F14C5B2F0F
2024-10-15 16:54:07 [1728982447] unbound[1:0] debug: outnet handle udp reply
2024-10-15 16:54:07 [1728982447] unbound[1:0] debug: measured roundtrip at 19 msec
2024-10-15 16:54:07 [1728982447] unbound[1:0] debug: svcd callbacks start
2024-10-15 16:54:07 [1728982447] unbound[1:0] debug: worker svcd callback for qstate 0x556bea69f510
2024-10-15 16:54:07 [1728982447] unbound[1:0] debug: mesh_run: start
2024-10-15 16:54:07 [1728982447] unbound[1:0] debug: iterator[module 1] operate: extstate:module_wait_reply event:module_event_reply
2024-10-15 16:54:07 [1728982447] unbound[1:0] info: iterator operate: query keytrap.test. TXT IN
2024-10-15 16:54:07 [1728982447] unbound[1:0] debug: process_response: new external response event
2024-10-15 16:54:07 [1728982447] unbound[1:0] info: scrub for keytrap.test. NS IN
2024-10-15 16:54:07 [1728982447] unbound[1:0] info: response for keytrap.test. TXT IN
2024-10-15 16:54:07 [1728982447] unbound[1:0] info: reply from <keytrap.test.> 10.10.3.3#53
2024-10-15 16:54:07 [1728982447] unbound[1:0] info: incoming scrubbed packet: ;; ->>HEADER<<- opcode: QUERY, rcode: NOERROR, id: 0
2024-10-15 16:54:07 ;; flags: qr aa ; QUERY: 1, ANSWER: 2, AUTHORITY: 2, ADDITIONAL: 2 
2024-10-15 16:54:07 ;; QUESTION SECTION:
2024-10-15 16:54:07 keytrap.test.INTXT
2024-10-15 16:54:07 
2024-10-15 16:54:07 ;; ANSWER SECTION:
2024-10-15 16:54:07 keytrap.test.86400INTXT"f\220\129\205\242\151\172\001|E\208f\230\031\209I"
2024-10-15 16:54:07 keytrap.test.86400INRRSIGTXT 14 2 86400 20241112125051 20241013125051 6350 keytrap.test. YsPPs2WpuC0h7+eYanDr3NZ+boDSkUAUHjhKVGzMlHpkpyjTMpJYsHk/M9Hm2isq5loXKpCS43ILkb/9+kBUpyjS+kMQwN+V7v+4fPECpaA+B+sh1S0E2zT0l24JBbBw ;{id = 6350}
2024-10-15 16:54:07 
2024-10-15 16:54:07 ;; AUTHORITY SECTION:
2024-10-15 16:54:07 keytrap.test.86400INNSns1.keytrap.test.
2024-10-15 16:54:07 keytrap.test.86400INRRSIGNS 14 2 86400 20241112125051 20241013125051 6350 keytrap.test. 2g+7jwHGSajuBtOYYM1O+/AC64CdwRaM4lNUryxYdz+Vn/ZqUL/Rxp/RHEFja5a+SwDzME6VwzY47BFLpoQC04afzaxwKSTpn1mw2tRxS+ZLvI/s0XhRLLGbVk0vf9pb ;{id = 6350}
2024-10-15 16:54:07 
2024-10-15 16:54:07 ;; ADDITIONAL SECTION:
2024-10-15 16:54:07 ns1.keytrap.test.86400INA10.10.3.3
2024-10-15 16:54:07 ns1.keytrap.test.86400INRRSIGA 14 3 86400 20241112125051 20241013125051 6350 keytrap.test. efiWRospV7iPUMpT6T81FbZ2x10HvEbgS+L/8TvINibNZfi0OLaVm/AQ//tCQjx86Aak8lg2IGH9EmqaeQwdgVG34bLdWbcsin+JvuXOPrB5K5hePxX59LS0svFMWy8P ;{id = 6350}
2024-10-15 16:54:07 ;; MSG SIZE  rcvd: 513
2024-10-15 16:54:07 
2024-10-15 16:54:07 [1728982447] unbound[1:0] debug: iter_handle processing q with state QUERY RESPONSE STATE
2024-10-15 16:54:07 [1728982447] unbound[1:0] info: query response was ANSWER
2024-10-15 16:54:07 [1728982447] unbound[1:0] debug: iter_handle processing q with state FINISHED RESPONSE STATE
2024-10-15 16:54:07 [1728982447] unbound[1:0] info: finishing processing for keytrap.test. TXT IN
2024-10-15 16:54:07 [1728982447] unbound[1:0] debug: mesh_run: iterator module exit state is module_finished
2024-10-15 16:54:07 [1728982447] unbound[1:0] debug: validator[module 0] operate: extstate:module_restart_next event:module_event_moddone
2024-10-15 16:54:07 [1728982447] unbound[1:0] info: validator operate: query keytrap.test. TXT IN
2024-10-15 16:54:07 [1728982447] unbound[1:0] info: validator operate: chased to . TYPE0 CLASS0
2024-10-15 16:54:07 [1728982447] unbound[1:0] debug: validator: nextmodule returned
2024-10-15 16:54:07 [1728982447] unbound[1:0] debug: val handle processing q with state VAL_INIT_STATE
2024-10-15 16:54:07 [1728982447] unbound[1:0] debug: validator classification positive
2024-10-15 16:54:07 [1728982447] unbound[1:0] info: signer is keytrap.test. TYPE0 CLASS0
2024-10-15 16:54:07 [1728982447] unbound[1:0] debug: val handle processing q with state VAL_FINDKEY_STATE
2024-10-15 16:54:07 [1728982447] unbound[1:0] info: validator: FindKey keytrap.test. TXT IN
2024-10-15 16:54:07 [1728982447] unbound[1:0] debug: val handle processing q with state VAL_VALIDATE_STATE
2024-10-15 16:54:07 [1728982447] unbound[1:0] info: verify rrset keytrap.test. TXT IN
2024-10-15 16:54:07 [1728982447] unbound[1:0] debug: verify sig 6350 14
2024-10-15 16:54:07 [1728982447] unbound[1:0] debug: verify: signature mismatch
2024-10-15 16:54:07 [1728982447] unbound[1:0] debug: rrset failed to verify: no valid signatures
2024-10-15 16:54:07 [1728982447] unbound[1:0] debug: verify result: sec_status_bogus
2024-10-15 16:54:07 [1728982447] unbound[1:0] info: validator: response has failed ANSWER rrset: keytrap.test. TXT IN
2024-10-15 16:54:07 [1728982447] unbound[1:0] info: Validate: message contains bad rrsets
2024-10-15 16:54:07 [1728982447] unbound[1:0] debug: val handle processing q with state VAL_FINISHED_STATE
2024-10-15 16:54:07 [1728982447] unbound[1:0] debug: validation failed, blacklist and retry to fetch data
2024-10-15 16:54:07 [1728982447] unbound[1:0] debug: blacklist ip4 10.10.3.3 port 53 (len 16)
2024-10-15 16:54:07 [1728982447] unbound[1:0] debug: blacklist ip4 10.10.3.3 port 53 (len 16)
2024-10-15 16:54:07 [1728982447] unbound[1:0] debug: blacklist ip4 10.10.3.3 port 53 (len 16)
2024-10-15 16:54:07 [1728982447] unbound[1:0] debug: blacklist add ip4 10.10.3.3 port 53 (len 16)
2024-10-15 16:54:07 [1728982447] unbound[1:0] debug: pass back to next module
2024-10-15 16:54:07 [1728982447] unbound[1:0] debug: mesh_run: validator module exit state is module_restart_next
2024-10-15 16:54:07 [1728982447] unbound[1:0] debug: iterator[module 1] operate: extstate:module_finished event:module_event_pass
2024-10-15 16:54:07 [1728982447] unbound[1:0] debug: process_request: new external request event
2024-10-15 16:54:07 [1728982447] unbound[1:0] debug: iter_handle processing q with state INIT REQUEST STATE
2024-10-15 16:54:07 [1728982447] unbound[1:0] info: resolving keytrap.test. TXT IN
2024-10-15 16:54:07 [1728982447] unbound[1:0] debug: request has dependency depth of 0
2024-10-15 16:54:07 [1728982447] unbound[1:0] debug: cache blacklisted, going to the network
2024-10-15 16:54:07 [1728982447] unbound[1:0] debug: cache delegation returns delegpt
2024-10-15 16:54:07 [1728982447] unbound[1:0] info: DelegationPoint<keytrap.test.>: 1 names (1 missing), 1 addrs (0 result, 1 avail) cacheNS
2024-10-15 16:54:07 [1728982447] unbound[1:0] info:   ns1.keytrap.test.  A
2024-10-15 16:54:07 [1728982447] unbound[1:0] debug:    ip4 10.10.3.3 port 53 (len 16)
2024-10-15 16:54:07 [1728982447] unbound[1:0] debug: iter_handle processing q with state INIT REQUEST STATE (stage 2)
2024-10-15 16:54:07 [1728982447] unbound[1:0] info: resolving (init part 2):  keytrap.test. TXT IN
2024-10-15 16:54:07 [1728982447] unbound[1:0] info: use stub keytrap.test. NS IN
2024-10-15 16:54:07 [1728982447] unbound[1:0] debug: iter_handle processing q with state INIT REQUEST STATE (stage 3)
2024-10-15 16:54:07 [1728982447] unbound[1:0] info: resolving (init part 3):  keytrap.test. TXT IN
2024-10-15 16:54:07 [1728982447] unbound[1:0] debug: iter_handle processing q with state QUERY TARGETS STATE
2024-10-15 16:54:07 [1728982447] unbound[1:0] info: processQueryTargets: keytrap.test. TXT IN
2024-10-15 16:54:07 [1728982447] unbound[1:0] debug: processQueryTargets: targetqueries 0, currentqueries 0 sentcount 0
2024-10-15 16:54:07 [1728982447] unbound[1:0] info: DelegationPoint<keytrap.test.>: 0 names (0 missing), 1 addrs (0 result, 1 avail) parentNS
2024-10-15 16:54:07 [1728982447] unbound[1:0] debug:    ip4 10.10.3.3 port 53 (len 16)
2024-10-15 16:54:07 [1728982447] unbound[1:0] debug: attempt to get extra 3 targets
2024-10-15 16:54:07 [1728982447] unbound[1:0] debug: rpz: iterator module callback: have_rpz=0
2024-10-15 16:54:07 [1728982447] unbound[1:0] debug: servselect ip4 10.10.3.3 port 53 (len 16)
2024-10-15 16:54:07 [1728982447] unbound[1:0] debug:    rtt=116
2024-10-15 16:54:07 [1728982447] unbound[1:0] debug: selrtt 480116
2024-10-15 16:54:07 [1728982447] unbound[1:0] info: sending query: keytrap.test. TXT IN
2024-10-15 16:54:07 [1728982447] unbound[1:0] debug: sending to target: <keytrap.test.> 10.10.3.3#53
2024-10-15 16:54:07 [1728982447] unbound[1:0] debug: dnssec status: expected
2024-10-15 16:54:07 [1728982447] unbound[1:0] debug: mesh_run: iterator module exit state is module_wait_reply
2024-10-15 16:54:07 [1728982447] unbound[1:0] info: mesh_run: end 1 recursion states (1 with reply, 0 detached), 1 waiting replies, 0 recursion replies sent, 0 replies dropped, 0 states jostled out
2024-10-15 16:54:07 [1728982447] unbound[1:0] info: 0RDd mod1 rep keytrap.test. TXT IN
2024-10-15 16:54:07 [1728982447] unbound[1:0] debug: cache memory msg=66923 rrset=68103 infra=8534 val=67198
2024-10-15 16:54:07 [1728982447] unbound[1:0] debug: svcd callbacks end
2024-10-15 16:54:07 [1728982447] unbound[1:0] debug: close of port 57319
2024-10-15 16:54:07 [1728982447] unbound[1:0] debug: close fd 7
2024-10-15 16:54:07 [1728982447] unbound[1:0] debug: serviced send timer
2024-10-15 16:54:07 [1728982447] unbound[1:0] debug: EDNS lookup known=1 vs=0
2024-10-15 16:54:07 [1728982447] unbound[1:0] debug: serviced query UDP timeout=116 msec
2024-10-15 16:54:07 [1728982447] unbound[1:0] debug: inserted new pending reply id=044b
2024-10-15 16:54:07 [1728982447] unbound[1:0] debug: opened UDP if=0 port=5394
2024-10-15 16:54:07 [1728982447] unbound[1:0] debug: comm point start listening 7 (-1 msec)
2024-10-15 16:54:07 [1728982447] unbound[1:0] debug: answer cb
2024-10-15 16:54:07 [1728982447] unbound[1:0] debug: Incoming reply id = 044b
2024-10-15 16:54:07 [1728982447] unbound[1:0] debug: Incoming reply addr = ip4 10.10.3.3 port 53 (len 16)
2024-10-15 16:54:07 [1728982447] unbound[1:0] debug: lookup size is 1 entries
2024-10-15 16:54:07 [1728982447] unbound[1:0] debug: received udp reply.
2024-10-15 16:54:07 [1728982447] unbound[1:0] debug: udp message[605:0] 044B84000001000200020002076B65797472617004746573740000100001076B657974726170047465737400001000010001518000111066DC81CDF297AC017C45D066E61FD149076B657974726170047465737400002E000100015180008000100E020001518067334F2B670BC22B18CE076B65797472617004746573740062C3CFB365A9B82D21EFE7986A70EBDCD67E6E80D29140141E384A546CCC947A64A728D3329258B0793F33D1E6DA2B2AE65A172A9092E3720B91BFFDFA4054A728D2FA4310C0DF95EEFFB87CF102A5A03E07EB21D52D04DB34F4976E0905B070076B65797472617004746573740000020001000151800012036E7331076B657974
2024-10-15 16:54:07 [1728982447] unbound[1:0] debug: udp message[605:256] 726170047465737400076B657974726170047465737400002E000100015180008000020E020001518067334F2B670BC22B18CE076B657974726170047465737400DA0FBB8F01C649A8EE06D39860CD4EFBF002EB809DC1168CE25354AF2C58773F959FF66A50BFD1C69FD11C41636B96BE4B00F3304E95C33638EC114BA68402D3869FCDAC702924E99F59B0DAD4714BE64BBC8FECD178512CB19B564D2F7FDA5B036E7331076B657974726170047465737400000100010001518000040A0A0303036E7331076B657974726170047465737400002E000100015180008000010E030001518067334F2B670BC22B18CE076B65797472617004746573740079F896
2024-10-15 16:54:07 [1728982447] unbound[1:0] debug: udp message[605:512] 468B2957B88F50CA53E93F3515B676C75D07BC46E04BE2FFF13BC83626CD65F8B438B6959BF010FFFB42423C7CE806A4F258362061FD126A9A790C1D8151B7E1B2DD59B72C8A7F89BEE5CE3EB0792B985E3F15F9F4B4B4B2F14C5B2F0F
2024-10-15 16:54:07 [1728982447] unbound[1:0] debug: outnet handle udp reply
2024-10-15 16:54:07 [1728982447] unbound[1:0] debug: measured roundtrip at 19 msec
2024-10-15 16:54:07 [1728982447] unbound[1:0] debug: svcd callbacks start
2024-10-15 16:54:07 [1728982447] unbound[1:0] debug: worker svcd callback for qstate 0x556bea69f510
2024-10-15 16:54:07 [1728982447] unbound[1:0] debug: mesh_run: start
2024-10-15 16:54:07 [1728982447] unbound[1:0] debug: iterator[module 1] operate: extstate:module_wait_reply event:module_event_reply
2024-10-15 16:54:07 [1728982447] unbound[1:0] info: iterator operate: query keytrap.test. TXT IN
2024-10-15 16:54:07 [1728982447] unbound[1:0] debug: process_response: new external response event
2024-10-15 16:54:07 [1728982447] unbound[1:0] info: scrub for keytrap.test. NS IN
2024-10-15 16:54:07 [1728982447] unbound[1:0] info: response for keytrap.test. TXT IN
2024-10-15 16:54:07 [1728982447] unbound[1:0] info: reply from <keytrap.test.> 10.10.3.3#53
2024-10-15 16:54:07 [1728982447] unbound[1:0] info: incoming scrubbed packet: ;; ->>HEADER<<- opcode: QUERY, rcode: NOERROR, id: 0
2024-10-15 16:54:07 ;; flags: qr aa ; QUERY: 1, ANSWER: 2, AUTHORITY: 2, ADDITIONAL: 2 
2024-10-15 16:54:07 ;; QUESTION SECTION:
2024-10-15 16:54:07 keytrap.test.INTXT
2024-10-15 16:54:07 
2024-10-15 16:54:07 ;; ANSWER SECTION:
2024-10-15 16:54:07 keytrap.test.86400INTXT"f\220\129\205\242\151\172\001|E\208f\230\031\209I"
2024-10-15 16:54:07 keytrap.test.86400INRRSIGTXT 14 2 86400 20241112125051 20241013125051 6350 keytrap.test. YsPPs2WpuC0h7+eYanDr3NZ+boDSkUAUHjhKVGzMlHpkpyjTMpJYsHk/M9Hm2isq5loXKpCS43ILkb/9+kBUpyjS+kMQwN+V7v+4fPECpaA+B+sh1S0E2zT0l24JBbBw ;{id = 6350}
2024-10-15 16:54:07 
2024-10-15 16:54:07 ;; AUTHORITY SECTION:
2024-10-15 16:54:07 keytrap.test.86400INNSns1.keytrap.test.
2024-10-15 16:54:07 keytrap.test.86400INRRSIGNS 14 2 86400 20241112125051 20241013125051 6350 keytrap.test. 2g+7jwHGSajuBtOYYM1O+/AC64CdwRaM4lNUryxYdz+Vn/ZqUL/Rxp/RHEFja5a+SwDzME6VwzY47BFLpoQC04afzaxwKSTpn1mw2tRxS+ZLvI/s0XhRLLGbVk0vf9pb ;{id = 6350}
2024-10-15 16:54:07 
2024-10-15 16:54:07 ;; ADDITIONAL SECTION:
2024-10-15 16:54:07 ns1.keytrap.test.86400INA10.10.3.3
2024-10-15 16:54:07 ns1.keytrap.test.86400INRRSIGA 14 3 86400 20241112125051 20241013125051 6350 keytrap.test. efiWRospV7iPUMpT6T81FbZ2x10HvEbgS+L/8TvINibNZfi0OLaVm/AQ//tCQjx86Aak8lg2IGH9EmqaeQwdgVG34bLdWbcsin+JvuXOPrB5K5hePxX59LS0svFMWy8P ;{id = 6350}
2024-10-15 16:54:07 ;; MSG SIZE  rcvd: 513
2024-10-15 16:54:07 
2024-10-15 16:54:07 [1728982447] unbound[1:0] debug: iter_handle processing q with state QUERY RESPONSE STATE
2024-10-15 16:54:07 [1728982447] unbound[1:0] info: query response was ANSWER
2024-10-15 16:54:07 [1728982447] unbound[1:0] debug: iter_handle processing q with state FINISHED RESPONSE STATE
2024-10-15 16:54:07 [1728982447] unbound[1:0] info: finishing processing for keytrap.test. TXT IN
2024-10-15 16:54:07 [1728982447] unbound[1:0] debug: mesh_run: iterator module exit state is module_finished
2024-10-15 16:54:07 [1728982447] unbound[1:0] debug: validator[module 0] operate: extstate:module_restart_next event:module_event_moddone
2024-10-15 16:54:07 [1728982447] unbound[1:0] info: validator operate: query keytrap.test. TXT IN
2024-10-15 16:54:07 [1728982447] unbound[1:0] info: validator operate: chased to . TYPE0 CLASS0
2024-10-15 16:54:07 [1728982447] unbound[1:0] debug: validator: nextmodule returned
2024-10-15 16:54:07 [1728982447] unbound[1:0] debug: val handle processing q with state VAL_INIT_STATE
2024-10-15 16:54:07 [1728982447] unbound[1:0] debug: validator classification positive
2024-10-15 16:54:07 [1728982447] unbound[1:0] info: signer is keytrap.test. TYPE0 CLASS0
2024-10-15 16:54:07 [1728982447] unbound[1:0] debug: val handle processing q with state VAL_FINDKEY_STATE
2024-10-15 16:54:07 [1728982447] unbound[1:0] info: validator: FindKey keytrap.test. TXT IN
2024-10-15 16:54:07 [1728982447] unbound[1:0] debug: val handle processing q with state VAL_VALIDATE_STATE
2024-10-15 16:54:07 [1728982447] unbound[1:0] info: verify rrset keytrap.test. TXT IN
2024-10-15 16:54:07 [1728982447] unbound[1:0] debug: verify sig 6350 14
2024-10-15 16:54:07 [1728982447] unbound[1:0] debug: verify: signature mismatch
2024-10-15 16:54:07 [1728982447] unbound[1:0] debug: rrset failed to verify: no valid signatures
2024-10-15 16:54:07 [1728982447] unbound[1:0] debug: verify result: sec_status_bogus
2024-10-15 16:54:07 [1728982447] unbound[1:0] info: validator: response has failed ANSWER rrset: keytrap.test. TXT IN
2024-10-15 16:54:07 [1728982447] unbound[1:0] info: Validate: message contains bad rrsets
2024-10-15 16:54:07 [1728982447] unbound[1:0] debug: val handle processing q with state VAL_FINISHED_STATE
2024-10-15 16:54:07 [1728982447] unbound[1:0] debug: validation failed, blacklist and retry to fetch data
2024-10-15 16:54:07 [1728982447] unbound[1:0] debug: blacklist ip4 10.10.3.3 port 53 (len 16)
2024-10-15 16:54:07 [1728982447] unbound[1:0] debug: blacklist ip4 10.10.3.3 port 53 (len 16)
2024-10-15 16:54:07 [1728982447] unbound[1:0] debug: blacklist ip4 10.10.3.3 port 53 (len 16)
2024-10-15 16:54:07 [1728982447] unbound[1:0] debug: blacklist ip4 10.10.3.3 port 53 (len 16)
2024-10-15 16:54:07 [1728982447] unbound[1:0] debug: blacklist add ip4 10.10.3.3 port 53 (len 16)
2024-10-15 16:54:07 [1728982447] unbound[1:0] debug: pass back to next module
2024-10-15 16:54:07 [1728982447] unbound[1:0] debug: mesh_run: validator module exit state is module_restart_next
2024-10-15 16:54:07 [1728982447] unbound[1:0] debug: iterator[module 1] operate: extstate:module_finished event:module_event_pass
2024-10-15 16:54:07 [1728982447] unbound[1:0] debug: process_request: new external request event
2024-10-15 16:54:07 [1728982447] unbound[1:0] debug: iter_handle processing q with state INIT REQUEST STATE
2024-10-15 16:54:07 [1728982447] unbound[1:0] info: resolving keytrap.test. TXT IN
2024-10-15 16:54:07 [1728982447] unbound[1:0] debug: request has dependency depth of 0
2024-10-15 16:54:07 [1728982447] unbound[1:0] debug: cache blacklisted, going to the network
2024-10-15 16:54:07 [1728982447] unbound[1:0] debug: cache delegation returns delegpt
2024-10-15 16:54:07 [1728982447] unbound[1:0] info: DelegationPoint<keytrap.test.>: 1 names (1 missing), 1 addrs (0 result, 1 avail) cacheNS
2024-10-15 16:54:07 [1728982447] unbound[1:0] info:   ns1.keytrap.test.  A
2024-10-15 16:54:07 [1728982447] unbound[1:0] debug:    ip4 10.10.3.3 port 53 (len 16)
2024-10-15 16:54:07 [1728982447] unbound[1:0] debug: iter_handle processing q with state INIT REQUEST STATE (stage 2)
2024-10-15 16:54:07 [1728982447] unbound[1:0] info: resolving (init part 2):  keytrap.test. TXT IN
2024-10-15 16:54:07 [1728982447] unbound[1:0] info: use stub keytrap.test. NS IN
2024-10-15 16:54:07 [1728982447] unbound[1:0] debug: iter_handle processing q with state INIT REQUEST STATE (stage 3)
2024-10-15 16:54:07 [1728982447] unbound[1:0] info: resolving (init part 3):  keytrap.test. TXT IN
2024-10-15 16:54:07 [1728982447] unbound[1:0] debug: iter_handle processing q with state QUERY TARGETS STATE
2024-10-15 16:54:07 [1728982447] unbound[1:0] info: processQueryTargets: keytrap.test. TXT IN
2024-10-15 16:54:07 [1728982447] unbound[1:0] debug: processQueryTargets: targetqueries 0, currentqueries 0 sentcount 0
2024-10-15 16:54:07 [1728982447] unbound[1:0] info: DelegationPoint<keytrap.test.>: 0 names (0 missing), 1 addrs (0 result, 1 avail) parentNS
2024-10-15 16:54:07 [1728982447] unbound[1:0] debug:    ip4 10.10.3.3 port 53 (len 16)
2024-10-15 16:54:07 [1728982447] unbound[1:0] debug: attempt to get extra 3 targets
2024-10-15 16:54:07 [1728982447] unbound[1:0] debug: rpz: iterator module callback: have_rpz=0
2024-10-15 16:54:07 [1728982447] unbound[1:0] debug: servselect ip4 10.10.3.3 port 53 (len 16)
2024-10-15 16:54:07 [1728982447] unbound[1:0] debug:    rtt=100
2024-10-15 16:54:07 [1728982447] unbound[1:0] debug: selrtt 480100
2024-10-15 16:54:07 [1728982447] unbound[1:0] info: sending query: keytrap.test. TXT IN
2024-10-15 16:54:07 [1728982447] unbound[1:0] debug: sending to target: <keytrap.test.> 10.10.3.3#53
2024-10-15 16:54:07 [1728982447] unbound[1:0] debug: dnssec status: expected
2024-10-15 16:54:07 [1728982447] unbound[1:0] debug: mesh_run: iterator module exit state is module_wait_reply
2024-10-15 16:54:07 [1728982447] unbound[1:0] info: mesh_run: end 1 recursion states (1 with reply, 0 detached), 1 waiting replies, 0 recursion replies sent, 0 replies dropped, 0 states jostled out
2024-10-15 16:54:07 [1728982447] unbound[1:0] info: 0RDd mod1 rep keytrap.test. TXT IN
2024-10-15 16:54:07 [1728982447] unbound[1:0] debug: cache memory msg=66923 rrset=68103 infra=8534 val=67198
2024-10-15 16:54:07 [1728982447] unbound[1:0] debug: svcd callbacks end
2024-10-15 16:54:07 [1728982447] unbound[1:0] debug: close of port 5394
2024-10-15 16:54:07 [1728982447] unbound[1:0] debug: close fd 7
2024-10-15 16:54:07 [1728982447] unbound[1:0] debug: serviced send timer
2024-10-15 16:54:07 [1728982447] unbound[1:0] debug: EDNS lookup known=1 vs=0
2024-10-15 16:54:07 [1728982447] unbound[1:0] debug: serviced query UDP timeout=100 msec
2024-10-15 16:54:07 [1728982447] unbound[1:0] debug: inserted new pending reply id=abf0
2024-10-15 16:54:07 [1728982447] unbound[1:0] debug: opened UDP if=0 port=60642
2024-10-15 16:54:07 [1728982447] unbound[1:0] debug: comm point start listening 7 (-1 msec)
2024-10-15 16:54:07 [1728982447] unbound[1:0] debug: answer cb
2024-10-15 16:54:07 [1728982447] unbound[1:0] debug: Incoming reply id = abf0
2024-10-15 16:54:07 [1728982447] unbound[1:0] debug: Incoming reply addr = ip4 10.10.3.3 port 53 (len 16)
2024-10-15 16:54:07 [1728982447] unbound[1:0] debug: lookup size is 1 entries
2024-10-15 16:54:07 [1728982447] unbound[1:0] debug: received udp reply.
2024-10-15 16:54:07 [1728982447] unbound[1:0] debug: udp message[605:0] ABF084000001000200020002076B65797472617004746573740000100001076B657974726170047465737400001000010001518000111066DC81CDF297AC017C45D066E61FD149076B657974726170047465737400002E000100015180008000100E020001518067334F2B670BC22B18CE076B65797472617004746573740062C3CFB365A9B82D21EFE7986A70EBDCD67E6E80D29140141E384A546CCC947A64A728D3329258B0793F33D1E6DA2B2AE65A172A9092E3720B91BFFDFA4054A728D2FA4310C0DF95EEFFB87CF102A5A03E07EB21D52D04DB34F4976E0905B070076B65797472617004746573740000020001000151800012036E7331076B657974
2024-10-15 16:54:07 [1728982447] unbound[1:0] debug: udp message[605:256] 726170047465737400076B657974726170047465737400002E000100015180008000020E020001518067334F2B670BC22B18CE076B657974726170047465737400DA0FBB8F01C649A8EE06D39860CD4EFBF002EB809DC1168CE25354AF2C58773F959FF66A50BFD1C69FD11C41636B96BE4B00F3304E95C33638EC114BA68402D3869FCDAC702924E99F59B0DAD4714BE64BBC8FECD178512CB19B564D2F7FDA5B036E7331076B657974726170047465737400000100010001518000040A0A0303036E7331076B657974726170047465737400002E000100015180008000010E030001518067334F2B670BC22B18CE076B65797472617004746573740079F896
2024-10-15 16:54:07 [1728982447] unbound[1:0] debug: udp message[605:512] 468B2957B88F50CA53E93F3515B676C75D07BC46E04BE2FFF13BC83626CD65F8B438B6959BF010FFFB42423C7CE806A4F258362061FD126A9A790C1D8151B7E1B2DD59B72C8A7F89BEE5CE3EB0792B985E3F15F9F4B4B4B2F14C5B2F0F
2024-10-15 16:54:07 [1728982447] unbound[1:0] debug: outnet handle udp reply
2024-10-15 16:54:07 [1728982447] unbound[1:0] debug: measured roundtrip at 19 msec
2024-10-15 16:54:07 [1728982447] unbound[1:0] debug: svcd callbacks start
2024-10-15 16:54:07 [1728982447] unbound[1:0] debug: worker svcd callback for qstate 0x556bea69f510
2024-10-15 16:54:07 [1728982447] unbound[1:0] debug: mesh_run: start
2024-10-15 16:54:07 [1728982447] unbound[1:0] debug: iterator[module 1] operate: extstate:module_wait_reply event:module_event_reply
2024-10-15 16:54:07 [1728982447] unbound[1:0] info: iterator operate: query keytrap.test. TXT IN
2024-10-15 16:54:07 [1728982447] unbound[1:0] debug: process_response: new external response event
2024-10-15 16:54:07 [1728982447] unbound[1:0] info: scrub for keytrap.test. NS IN
2024-10-15 16:54:07 [1728982447] unbound[1:0] info: response for keytrap.test. TXT IN
2024-10-15 16:54:07 [1728982447] unbound[1:0] info: reply from <keytrap.test.> 10.10.3.3#53
2024-10-15 16:54:07 [1728982447] unbound[1:0] info: incoming scrubbed packet: ;; ->>HEADER<<- opcode: QUERY, rcode: NOERROR, id: 0
2024-10-15 16:54:07 ;; flags: qr aa ; QUERY: 1, ANSWER: 2, AUTHORITY: 2, ADDITIONAL: 2 
2024-10-15 16:54:07 ;; QUESTION SECTION:
2024-10-15 16:54:07 keytrap.test.INTXT
2024-10-15 16:54:07 
2024-10-15 16:54:07 ;; ANSWER SECTION:
2024-10-15 16:54:07 keytrap.test.86400INTXT"f\220\129\205\242\151\172\001|E\208f\230\031\209I"
2024-10-15 16:54:07 keytrap.test.86400INRRSIGTXT 14 2 86400 20241112125051 20241013125051 6350 keytrap.test. YsPPs2WpuC0h7+eYanDr3NZ+boDSkUAUHjhKVGzMlHpkpyjTMpJYsHk/M9Hm2isq5loXKpCS43ILkb/9+kBUpyjS+kMQwN+V7v+4fPECpaA+B+sh1S0E2zT0l24JBbBw ;{id = 6350}
2024-10-15 16:54:07 
2024-10-15 16:54:07 ;; AUTHORITY SECTION:
2024-10-15 16:54:07 keytrap.test.86400INNSns1.keytrap.test.
2024-10-15 16:54:07 keytrap.test.86400INRRSIGNS 14 2 86400 20241112125051 20241013125051 6350 keytrap.test. 2g+7jwHGSajuBtOYYM1O+/AC64CdwRaM4lNUryxYdz+Vn/ZqUL/Rxp/RHEFja5a+SwDzME6VwzY47BFLpoQC04afzaxwKSTpn1mw2tRxS+ZLvI/s0XhRLLGbVk0vf9pb ;{id = 6350}
2024-10-15 16:54:07 
2024-10-15 16:54:07 ;; ADDITIONAL SECTION:
2024-10-15 16:54:07 ns1.keytrap.test.86400INA10.10.3.3
2024-10-15 16:54:07 ns1.keytrap.test.86400INRRSIGA 14 3 86400 20241112125051 20241013125051 6350 keytrap.test. efiWRospV7iPUMpT6T81FbZ2x10HvEbgS+L/8TvINibNZfi0OLaVm/AQ//tCQjx86Aak8lg2IGH9EmqaeQwdgVG34bLdWbcsin+JvuXOPrB5K5hePxX59LS0svFMWy8P ;{id = 6350}
2024-10-15 16:54:07 ;; MSG SIZE  rcvd: 513
2024-10-15 16:54:07 
2024-10-15 16:54:07 [1728982447] unbound[1:0] debug: iter_handle processing q with state QUERY RESPONSE STATE
2024-10-15 16:54:07 [1728982447] unbound[1:0] info: query response was ANSWER
2024-10-15 16:54:07 [1728982447] unbound[1:0] debug: iter_handle processing q with state FINISHED RESPONSE STATE
2024-10-15 16:54:07 [1728982447] unbound[1:0] info: finishing processing for keytrap.test. TXT IN
2024-10-15 16:54:07 [1728982447] unbound[1:0] debug: mesh_run: iterator module exit state is module_finished
2024-10-15 16:54:07 [1728982447] unbound[1:0] debug: validator[module 0] operate: extstate:module_restart_next event:module_event_moddone
2024-10-15 16:54:07 [1728982447] unbound[1:0] info: validator operate: query keytrap.test. TXT IN
2024-10-15 16:54:07 [1728982447] unbound[1:0] info: validator operate: chased to . TYPE0 CLASS0
2024-10-15 16:54:07 [1728982447] unbound[1:0] debug: validator: nextmodule returned
2024-10-15 16:54:07 [1728982447] unbound[1:0] debug: val handle processing q with state VAL_INIT_STATE
2024-10-15 16:54:07 [1728982447] unbound[1:0] debug: validator classification positive
2024-10-15 16:54:07 [1728982447] unbound[1:0] info: signer is keytrap.test. TYPE0 CLASS0
2024-10-15 16:54:07 [1728982447] unbound[1:0] debug: val handle processing q with state VAL_FINDKEY_STATE
2024-10-15 16:54:07 [1728982447] unbound[1:0] info: validator: FindKey keytrap.test. TXT IN
2024-10-15 16:54:07 [1728982447] unbound[1:0] debug: val handle processing q with state VAL_VALIDATE_STATE
2024-10-15 16:54:07 [1728982447] unbound[1:0] info: verify rrset keytrap.test. TXT IN
2024-10-15 16:54:07 [1728982447] unbound[1:0] debug: verify sig 6350 14
2024-10-15 16:54:07 [1728982447] unbound[1:0] debug: verify: signature mismatch
2024-10-15 16:54:07 [1728982447] unbound[1:0] debug: rrset failed to verify: no valid signatures
2024-10-15 16:54:07 [1728982447] unbound[1:0] debug: verify result: sec_status_bogus
2024-10-15 16:54:07 [1728982447] unbound[1:0] info: validator: response has failed ANSWER rrset: keytrap.test. TXT IN
2024-10-15 16:54:07 [1728982447] unbound[1:0] info: Validate: message contains bad rrsets
2024-10-15 16:54:07 [1728982447] unbound[1:0] debug: val handle processing q with state VAL_FINISHED_STATE
2024-10-15 16:54:07 [1728982447] unbound[1:0] debug: mesh_run: validator module exit state is module_finished
2024-10-15 16:54:07 [1728982447] unbound[1:0] debug: query took 0.144378 sec
2024-10-15 16:54:07 [1728982447] unbound[1:0] info: mesh_run: end 0 recursion states (0 with reply, 0 detached), 0 waiting replies, 1 recursion replies sent, 0 replies dropped, 0 states jostled out
2024-10-15 16:54:07 [1728982447] unbound[1:0] info: average recursion processing time 0.144378 sec
2024-10-15 16:54:07 [1728982447] unbound[1:0] info: histogram of recursion processing times
2024-10-15 16:54:07 [1728982447] unbound[1:0] info: [25%]=0 median[50%]=0 [75%]=0
2024-10-15 16:54:07 [1728982447] unbound[1:0] info: lower(secs) upper(secs) recursions
2024-10-15 16:54:07 [1728982447] unbound[1:0] info:    0.131072    0.262144 1
2024-10-15 16:54:07 [1728982447] unbound[1:0] debug: cache memory msg=66923 rrset=68103 infra=8534 val=67198
2024-10-15 16:54:07 [1728982447] unbound[1:0] debug: svcd callbacks end
2024-10-15 16:54:07 [1728982447] unbound[1:0] debug: close of port 60642
2024-10-15 16:54:07 [1728982447] unbound[1:0] debug: close fd 7
