[1728040703] unbound[1:0] debug: mesh_run: start
[1728040703] unbound[1:0] debug: validator[module 0] operate: extstate:module_state_initial event:module_event_new
[1728040703] unbound[1:0] info: validator operate: query www.keytrap.test. A IN
[1728040703] unbound[1:0] debug: validator: pass to next module
[1728040703] unbound[1:0] debug: mesh_run: validator module exit state is module_wait_module
[1728040703] unbound[1:0] debug: iterator[module 1] operate: extstate:module_state_initial event:module_event_pass
[1728040703] unbound[1:0] debug: process_request: new external request event
[1728040703] unbound[1:0] debug: iter_handle processing q with state INIT REQUEST STATE
[1728040703] unbound[1:0] info: resolving www.keytrap.test. A IN
[1728040703] unbound[1:0] debug: request has dependency depth of 0
[1728040703] unbound[1:0] info: use stub keytrap.test. NS IN
[1728040703] unbound[1:0] debug: cache delegation returns delegpt
[1728040703] unbound[1:0] info: DelegationPoint<keytrap.test.>: 0 names (0 missing), 1 addrs (0 result, 1 avail) parentNS
[1728040703] unbound[1:0] debug:    ip4 124.222.27.40 port 53 (len 16)
[1728040703] unbound[1:0] debug: iter_handle processing q with state INIT REQUEST STATE (stage 2)
[1728040703] unbound[1:0] info: resolving (init part 2):  www.keytrap.test. A IN
[1728040703] unbound[1:0] info: use stub keytrap.test. NS IN
[1728040703] unbound[1:0] debug: iter_handle processing q with state INIT REQUEST STATE (stage 3)
[1728040703] unbound[1:0] info: resolving (init part 3):  www.keytrap.test. A IN
[1728040703] unbound[1:0] debug: iter_handle processing q with state QUERY TARGETS STATE
[1728040703] unbound[1:0] info: processQueryTargets: www.keytrap.test. A IN
[1728040703] unbound[1:0] debug: processQueryTargets: targetqueries 0, currentqueries 0 sentcount 0
[1728040703] unbound[1:0] info: DelegationPoint<keytrap.test.>: 0 names (0 missing), 1 addrs (0 result, 1 avail) parentNS
[1728040703] unbound[1:0] debug:    ip4 124.222.27.40 port 53 (len 16)
[1728040703] unbound[1:0] debug: attempt to get extra 3 targets
[1728040703] unbound[1:0] debug: rpz: iterator module callback: have_rpz=0
[1728040703] unbound[1:0] debug: selrtt 376
[1728040703] unbound[1:0] info: sending query: www.keytrap.test. A IN
[1728040703] unbound[1:0] debug: sending to target: <keytrap.test.> 124.222.27.40#53
[1728040703] unbound[1:0] debug: dnssec status: expected
[1728040703] unbound[1:0] debug: mesh_run: iterator module exit state is module_wait_reply
[1728040703] unbound[1:0] info: mesh_run: end 1 recursion states (1 with reply, 0 detached), 1 waiting replies, 0 recursion replies sent, 0 replies dropped, 0 states jostled out
[1728040703] unbound[1:0] info: 0RDd mod1 rep www.keytrap.test. A IN
[1728040703] unbound[1:0] debug: cache memory msg=66104 rrset=66104 infra=8224 val=66384
[1728040703] unbound[1:0] debug: serviced send timer
[1728040703] unbound[1:0] debug: EDNS lookup known=0 vs=0
[1728040703] unbound[1:0] debug: serviced query UDP timeout=376 msec
[1728040703] unbound[1:0] debug: inserted new pending reply id=9f75
[1728040703] unbound[1:0] debug: opened UDP if=0 port=55495
[1728040703] unbound[1:0] debug: comm point start listening 7 (-1 msec)
[1728040703] unbound[1:0] debug: answer cb
[1728040703] unbound[1:0] debug: Incoming reply id = 9f75
[1728040703] unbound[1:0] debug: Incoming reply addr = ip4 124.222.27.40 port 53 (len 16)
[1728040703] unbound[1:0] debug: lookup size is 1 entries
[1728040703] unbound[1:0] debug: received udp reply.
[1728040703] unbound[1:0] debug: udp message[4072:0] 9F758520000100020011002003777777076B6579747261700474657374000001000103777777076B657974726170047465737400000100010001518000047CDE1B2803777777076B657974726170047465737400002E000100015180008000010E030001518067274C2166FFBF2118CE076B65797472617004746573740069340192ADBC349BB3007863130BF63A962437FD85BFCDDF8B6312000DD75B27DAD3D3932C711CD3ED58F75351900D48561A9FB208BE494D4271E8AAF73F953677FA601D2954B64A738E56CF947580EFCBAF02DB07F3DBF7AF34AED5A7DFB46E076B657974726170047465737400002E000100015180008000020E02000151806727
[1728040703] unbound[1:0] debug: udp message[4072:256] 4C2166FFBF2118CE076B657974726170047465737400AA02878CAAB06A77498917FAF948F498697DC2E72C9D3597ADDD7D739A909EC24E8E6160E0016774819BEE353C8653573846ED50BC26B6CF380A7F52452BB93F42CAA8C65B22DFADD49ACDDAFADE14883F7587D6A5344EAB0BBBACD9FCCF9EF4076B65797472617004746573740000020001000151800012036E7330076B657974726170047465737400076B65797472617004746573740000020001000151800012036E7331076B657974726170047465737400076B65797472617004746573740000020001000151800012036E7332076B657974726170047465737400076B65797472617004746573
[1728040703] unbound[1:0] debug: udp message[4072:512] 740000020001000151800012036E7333076B657974726170047465737400076B65797472617004746573740000020001000151800012036E7334076B657974726170047465737400076B65797472617004746573740000020001000151800012036E7335076B657974726170047465737400076B65797472617004746573740000020001000151800012036E7336076B657974726170047465737400076B65797472617004746573740000020001000151800012036E7337076B657974726170047465737400076B65797472617004746573740000020001000151800012036E7338076B657974726170047465737400076B6579747261700474657374000002
[1728040703] unbound[1:0] debug: udp message[4072:768] 0001000151800012036E7339076B657974726170047465737400076B65797472617004746573740000020001000151800013046E733130076B657974726170047465737400076B65797472617004746573740000020001000151800013046E733131076B657974726170047465737400076B65797472617004746573740000020001000151800013046E733132076B657974726170047465737400076B65797472617004746573740000020001000151800013046E733133076B657974726170047465737400076B65797472617004746573740000020001000151800013046E733134076B657974726170047465737400076B65797472617004746573740000
[1728040703] unbound[1:0] debug: udp message[4072:1024] 020001000151800013046E733135076B657974726170047465737400036E7330076B657974726170047465737400000100010001518000047CDE1B28036E7330076B657974726170047465737400002E000100015180008000010E030001518067274C2166FFBF2118CE076B6579747261700474657374000C1772BB9E4FA0BAEA13CF4186709A268174054043C4D65C4063CB4DF22C51CFA7A142F1D2805D5EB6C1933EDFA8416AB9DB9CAC925DDCE2B007DF73736209F73F4EE066F68C9BE4C0F02EA9E3F5029A31D46445741D20A4C57146967E7BFFAB036E7331076B657974726170047465737400000100010001518000047CDE1B28036E7331076B6579
[1728040703] unbound[1:0] debug: udp message[4072:1280] 74726170047465737400002E000100015180008000010E030001518067274C2166FFBF2118CE076B65797472617004746573740072315B19572D622C0C8BC9C5477186BBC76ED49D24C4EC1C44070FBF1FEF31E61F0CC99486481547A02DC5A5FD91331B6AC80C2379D22A6A8FCE34853FA77EEBE964542F120FBE0403BBDB9C17625729735183B270DE07F1B2E92228D999AA8A036E7332076B657974726170047465737400000100010001518000047CDE1B28036E7332076B657974726170047465737400002E000100015180008000010E030001518067274C2166FFBF2118CE076B65797472617004746573740094B9437A6BBF5B57BC955CC06B7F11AD
[1728040703] unbound[1:0] debug: udp message[4072:1536] 611CC2BBAA9B56C186FF4172EF2456AE9D06FBC2A82945E295440A5023C9325657617F7C22948942BA1C89112D56B53DFC2B51DFF6D6A62A3849EBC55D3439BC1355AD179A5464362AA06C224B29EDA5036E7333076B657974726170047465737400000100010001518000047CDE1B28036E7333076B657974726170047465737400002E000100015180008000010E030001518067274C2166FFBF2118CE076B657974726170047465737400E65CB200B7CFE5FC1EAA767CE5C6D15A4D41CDB9F38B3B17C9559FF962B81D73BD74DF6ADF1E3C92163486323C16E024261BD1DAB1EA3C7F9F188F2AA3294BF86E0D05EDD5B4C3891018618211340326E4D2257E
[1728040703] unbound[1:0] debug: udp message[4072:1792] 8D8012C5758797EA7FEB0A5B036E7334076B657974726170047465737400000100010001518000047CDE1B28036E7334076B657974726170047465737400002E000100015180008000010E030001518067274C2166FFBF2118CE076B65797472617004746573740056E961F08711495C67D755901E3658A1524E975AA04C0544C9A046F5FADBDA151E22C62ECC17080DA2466F33EE0FD4135131ADD1D180295FB235571278C7049907B696D0AB5F56BB6E6DE91201C5B2CA267371DB2132D6504E0D2AD77F5F73D9036E7335076B657974726170047465737400000100010001518000047CDE1B28036E7335076B657974726170047465737400002E00010001
[1728040703] unbound[1:0] debug: udp message[4072:2048] 5180008000010E030001518067274C2166FFBF2118CE076B6579747261700474657374009C37BEED2D969AF772F11A5146E090A21604FC7F86AF92DA5901EC373D0B4D7FB55C16CA5C9F119D3FACB18924C7757C42FE79F57D223CFA0BDC45BA33448BBB5C290087A25607BFC9F1F9C2A99387297D73EB43AD142F774BFA9F46FF280A3A036E7336076B657974726170047465737400000100010001518000047CDE1B28036E7336076B657974726170047465737400002E000100015180008000010E030001518067274C2166FFBF2118CE076B657974726170047465737400222E52F9A41FF97BB1B09ECDECB16ADF28EB1A634B29018F76DEA82B77952E85
[1728040703] unbound[1:0] debug: udp message[4072:2304] E4C7DA0444488EBE36930F1D02F965AECE1C7D72A44CE1876263B3B922EF0B34540BAC3BF60588EC0BC4990DB453D6E9D480ECEB71C5799E7DD5A079069B74EE036E7337076B657974726170047465737400000100010001518000047CDE1B28036E7337076B657974726170047465737400002E000100015180008000010E030001518067274C2166FFBF2118CE076B6579747261700474657374007F4D4CBB7218EAA75A1A4972420EC66481800FFC084A8A527853F7C312AC99EF65A3249BFB536B80950AEB490A45B70A7EEDA2ADEF03BBCA3C5808F757E4DC25845A349E2777C9B430D67978B71F4D968F518550E8DF1EB75C447695E34E3AC2036E7338
[1728040703] unbound[1:0] debug: udp message[4072:2560] 076B657974726170047465737400000100010001518000047CDE1B28036E7338076B657974726170047465737400002E000100015180008000010E030001518067274C2166FFBF2118CE076B6579747261700474657374002D30217CE4A382BAEA016CCEADF9073CC1BC08237CEFA91063F7FC225429E93CFCBCEB68480369DC8D76E6B77EBB159924C1232427E3BA0433426E5584D145A8B994658DE8350027EB6B0E264CEF536BFCEF54FBA17C970C7391C9CC0BC1B995036E7339076B657974726170047465737400000100010001518000047CDE1B28036E7339076B657974726170047465737400002E000100015180008000010E030001518067274C21
[1728040703] unbound[1:0] debug: udp message[4072:2816] 66FFBF2118CE076B65797472617004746573740040096B73674C69295B7FE91B65901F49F48838E51DD568B505E987B18E7F7A803E6B0839217EFED3C9BCD62B9C3C14DA2418B3C5C77B4AD6824E14FAA944B4A174E2F8D471E9566104C3E9298DC4293980C7E3311BEAAA1CB53673AF589B7259046E733130076B657974726170047465737400000100010001518000047CDE1B28046E733130076B657974726170047465737400002E000100015180008000010E030001518067274C2166FFBF2118CE076B65797472617004746573740097BA24E5CB8B442D32F6A4E155748A7F8289F0ECCAB984A1F6DAEAC0F283AE4E1295DC835B451B3E960C96A1E567
[1728040703] unbound[1:0] debug: udp message[4072:3072] C9F9E6BC6EBB27B08388F9F58560EF13775431385A91E08D1DD09A14FB497A34E72D7471F86862847335DF2637E1FD7D8739046E733131076B657974726170047465737400000100010001518000047CDE1B28046E733131076B657974726170047465737400002E000100015180008000010E030001518067274C2166FFBF2118CE076B6579747261700474657374000A99FD175A17B39E58F80D45729C2DA89898BCDC17BB451EF4447FCDCF0CC8FC3819ACD2892853876F6A39AC0BB18AAFD4B08A5783D032BBF7E17970515A1176232203543C5B4646AE0B090FB7FD92B7B1858073B914D5600B05313D1BB5712D046E733132076B657974726170047465
[1728040703] unbound[1:0] debug: udp message[4072:3328] 737400000100010001518000047CDE1B28046E733132076B657974726170047465737400002E000100015180008000010E030001518067274C2166FFBF2118CE076B6579747261700474657374009B43799B4CE6844D6448D9C33E5D2E077B950EE5694D38875DEF255FC0B81808F00F1DDDAE6CADD82027D53E9CF1BA08793B5E380877EB54A008857472AF26B4613F6AF120A6C9393221615E02A11DEA40D954E545272DD95D1FC86792FF1287046E733133076B657974726170047465737400000100010001518000047CDE1B28046E733133076B657974726170047465737400002E000100015180008000010E030001518067274C2166FFBF2118CE076B
[1728040703] unbound[1:0] debug: udp message[4072:3584] 657974726170047465737400FA9F9A24E909A9D89FE2861D29D93C1186B1E7BEDD4676FB962098F004B683100A3DFCDB643DB13FC7B81B66A15D16E855FA0F0943F6E0782292EC12399407B4A4FC0681CA634BEB678D37AFF2F45607E326FA516B053921A7CAB28DAF863240046E733134076B657974726170047465737400000100010001518000047CDE1B28046E733134076B657974726170047465737400002E000100015180008000010E030001518067274C2166FFBF2118CE076B657974726170047465737400B67F9CEC9A825E392304DC4BBAC7FBB24899AB0A806A4E2B9FC5EB72C0C764106399C654FA5282C47967C45BDBBBB7125FCC4BF848D5
[1728040703] unbound[1:0] debug: udp message[4072:3840] C9CD477761C26470CAAFECFA6080467E8F36C5108201BD4E8524A9335F88C9977F824F9975FB81ECA785046E733135076B657974726170047465737400000100010001518000047CDE1B28046E733135076B657974726170047465737400002E000100015180008000010E030001518067274C2166FFBF2118CE076B657974726170047465737400516479C3DC1ACA29021D3067FB2686E93F448BCC4FEB7892AC9AFACC5449780CBF674C3B598BD66055F5A0A16A1E828843E8855F32C9F30A7800705974CE864855CA6C9EECA26ACEDF3BD87FE39482C91EB40E890B920FA74431421F7448B51B
[1728040703] unbound[1:0] debug: outnet handle udp reply
[1728040703] unbound[1:0] debug: serviced query: EDNS works for ip4 124.222.27.40 port 53 (len 16)
[1728040703] unbound[1:0] debug: measured roundtrip at 152 msec
[1728040703] unbound[1:0] debug: svcd callbacks start
[1728040703] unbound[1:0] debug: worker svcd callback for qstate 0x55a0eaa3f200
[1728040703] unbound[1:0] debug: mesh_run: start
[1728040703] unbound[1:0] debug: iterator[module 1] operate: extstate:module_wait_reply event:module_event_reply
[1728040703] unbound[1:0] info: iterator operate: query www.keytrap.test. A IN
[1728040703] unbound[1:0] debug: process_response: new external response event
[1728040703] unbound[1:0] info: scrub for keytrap.test. NS IN
[1728040703] unbound[1:0] info: response for www.keytrap.test. A IN
[1728040703] unbound[1:0] info: reply from <keytrap.test.> 124.222.27.40#53
[1728040703] unbound[1:0] info: incoming scrubbed packet: ;; ->>HEADER<<- opcode: QUERY, rcode: NOERROR, id: 0
;; flags: qr aa rd ; QUERY: 1, ANSWER: 2, AUTHORITY: 17, ADDITIONAL: 32 
;; QUESTION SECTION:
www.keytrap.test.INA

;; ANSWER SECTION:
www.keytrap.test.86400INA124.222.27.40
www.keytrap.test.86400INRRSIGA 14 3 86400 20241103101041 20241004101041 6350 keytrap.test. aTQBkq28NJuzAHhjEwv2OpYkN/2Fv83fi2MSAA3XWyfa09OTLHEc0+1Y91NRkA1IVhqfsgi+SU1Cceiq9z+VNnf6YB0pVLZKc45Wz5R1gO/LrwLbB/Pb9680rtWn37Ru ;{id = 6350}

;; AUTHORITY SECTION:
keytrap.test.86400INNSns15.keytrap.test.
keytrap.test.86400INNSns0.keytrap.test.
keytrap.test.86400INNSns1.keytrap.test.
keytrap.test.86400INNSns2.keytrap.test.
keytrap.test.86400INNSns3.keytrap.test.
keytrap.test.86400INNSns4.keytrap.test.
keytrap.test.86400INNSns5.keytrap.test.
keytrap.test.86400INNSns6.keytrap.test.
keytrap.test.86400INNSns7.keytrap.test.
keytrap.test.86400INNSns8.keytrap.test.
keytrap.test.86400INNSns9.keytrap.test.
keytrap.test.86400INNSns10.keytrap.test.
keytrap.test.86400INNSns11.keytrap.test.
keytrap.test.86400INNSns12.keytrap.test.
keytrap.test.86400INNSns13.keytrap.test.
keytrap.test.86400INNSns14.keytrap.test.
keytrap.test.86400INRRSIGNS 14 2 86400 20241103101041 20241004101041 6350 keytrap.test. qgKHjKqwandJiRf6+Uj0mGl9wucsnTWXrd19c5qQnsJOjmFg4AFndIGb7jU8hlNXOEbtULwmts84Cn9SRSu5P0LKqMZbIt+t1JrN2vreFIg/dYfWpTROqwu7rNn8z570 ;{id = 6350}

;; ADDITIONAL SECTION:
ns0.keytrap.test.86400INA124.222.27.40
ns1.keytrap.test.86400INA124.222.27.40
ns2.keytrap.test.86400INA124.222.27.40
ns3.keytrap.test.86400INA124.222.27.40
ns4.keytrap.test.86400INA124.222.27.40
ns5.keytrap.test.86400INA124.222.27.40
ns6.keytrap.test.86400INA124.222.27.40
ns7.keytrap.test.86400INA124.222.27.40
ns8.keytrap.test.86400INA124.222.27.40
ns9.keytrap.test.86400INA124.222.27.40
ns10.keytrap.test.86400INA124.222.27.40
ns11.keytrap.test.86400INA124.222.27.40
ns12.keytrap.test.86400INA124.222.27.40
ns13.keytrap.test.86400INA124.222.27.40
ns14.keytrap.test.86400INA124.222.27.40
ns15.keytrap.test.86400INA124.222.27.40
ns0.keytrap.test.86400INRRSIGA 14 3 86400 20241103101041 20241004101041 6350 keytrap.test. DBdyu55PoLrqE89BhnCaJoF0BUBDxNZcQGPLTfIsUc+noULx0oBdXrbBkz7fqEFquducrJJd3OKwB99zc2IJ9z9O4Gb2jJvkwPAuqeP1Apox1GRFdB0gpMVxRpZ+e/+r ;{id = 6350}
ns1.keytrap.test.86400INRRSIGA 14 3 86400 20241103101041 20241004101041 6350 keytrap.test. cjFbGVctYiwMi8nFR3GGu8du1J0kxOwcRAcPvx/vMeYfDMmUhkgVR6AtxaX9kTMbasgMI3nSKmqPzjSFP6d+6+lkVC8SD74EA7vbnBdiVylzUYOycN4H8bLpIijZmaqK ;{id = 6350}
ns2.keytrap.test.86400INRRSIGA 14 3 86400 20241103101041 20241004101041 6350 keytrap.test. lLlDemu/W1e8lVzAa38RrWEcwruqm1bBhv9Bcu8kVq6dBvvCqClF4pVEClAjyTJWV2F/fCKUiUK6HIkRLVa1PfwrUd/21qYqOEnrxV00ObwTVa0XmlRkNiqgbCJLKe2l ;{id = 6350}
ns3.keytrap.test.86400INRRSIGA 14 3 86400 20241103101041 20241004101041 6350 keytrap.test. 5lyyALfP5fweqnZ85cbRWk1BzbnzizsXyVWf+WK4HXO9dN9q3x48khY0hjI8FuAkJhvR2rHqPH+fGI8qoylL+G4NBe3VtMOJEBhhghE0Aybk0iV+jYASxXWHl+p/6wpb ;{id = 6350}
ns4.keytrap.test.86400INRRSIGA 14 3 86400 20241103101041 20241004101041 6350 keytrap.test. Vulh8IcRSVxn11WQHjZYoVJOl1qgTAVEyaBG9frb2hUeIsYuzBcIDaJGbzPuD9QTUTGt0dGAKV+yNVcSeMcEmQe2ltCrX1a7bm3pEgHFssomc3HbITLWUE4NKtd/X3PZ ;{id = 6350}
ns5.keytrap.test.86400INRRSIGA 14 3 86400 20241103101041 20241004101041 6350 keytrap.test. nDe+7S2Wmvdy8RpRRuCQohYE/H+Gr5LaWQHsNz0LTX+1XBbKXJ8RnT+ssYkkx3V8Qv559X0iPPoL3EW6M0SLu1wpAIeiVge/yfH5wqmThyl9c+tDrRQvd0v6n0b/KAo6 ;{id = 6350}
ns6.keytrap.test.86400INRRSIGA 14 3 86400 20241103101041 20241004101041 6350 keytrap.test. Ii5S+aQf+XuxsJ7N7LFq3yjrGmNLKQGPdt6oK3eVLoXkx9oEREiOvjaTDx0C+WWuzhx9cqRM4YdiY7O5Iu8LNFQLrDv2BYjsC8SZDbRT1unUgOzrccV5nn3VoHkGm3Tu ;{id = 6350}
ns7.keytrap.test.86400INRRSIGA 14 3 86400 20241103101041 20241004101041 6350 keytrap.test. f01Mu3IY6qdaGklyQg7GZIGAD/wISopSeFP3wxKsme9loySb+1NrgJUK60kKRbcKfu2ire8Du8o8WAj3V+TcJYRaNJ4nd8m0MNZ5eLcfTZaPUYVQ6N8et1xEdpXjTjrC ;{id = 6350}
ns8.keytrap.test.86400INRRSIGA 14 3 86400 20241103101041 20241004101041 6350 keytrap.test. LTAhfOSjgrrqAWzOrfkHPMG8CCN876kQY/f8IlQp6Tz8vOtoSANp3I125rd+uxWZJMEjJCfjugQzQm5VhNFFqLmUZY3oNQAn62sOJkzvU2v871T7oXyXDHORycwLwbmV ;{id = 6350}
ns9.keytrap.test.86400INRRSIGA 14 3 86400 20241103101041 20241004101041 6350 keytrap.test. QAlrc2dMaSlbf+kbZZAfSfSIOOUd1Wi1BemHsY5/eoA+awg5IX7+08m81iucPBTaJBizxcd7StaCThT6qUS0oXTi+NRx6VZhBMPpKY3EKTmAx+MxG+qqHLU2c69Ym3JZ ;{id = 6350}
ns10.keytrap.test.86400INRRSIGA 14 3 86400 20241103101041 20241004101041 6350 keytrap.test. l7ok5cuLRC0y9qThVXSKf4KJ8OzKuYSh9trqwPKDrk4SldyDW0UbPpYMlqHlZ8n55rxuuyewg4j59YVg7xN3VDE4WpHgjR3QmhT7SXo05y10cfhoYoRzNd8mN+H9fYc5 ;{id = 6350}
ns11.keytrap.test.86400INRRSIGA 14 3 86400 20241103101041 20241004101041 6350 keytrap.test. Cpn9F1oXs55Y+A1FcpwtqJiYvNwXu0Ue9ER/zc8MyPw4GazSiShTh29qOawLsYqv1LCKV4PQMrv34XlwUVoRdiMiA1Q8W0ZGrgsJD7f9krexhYBzuRTVYAsFMT0btXEt ;{id = 6350}
ns12.keytrap.test.86400INRRSIGA 14 3 86400 20241103101041 20241004101041 6350 keytrap.test. m0N5m0zmhE1kSNnDPl0uB3uVDuVpTTiHXe8lX8C4GAjwDx3drmyt2CAn1T6c8boIeTteOAh361SgCIV0cq8mtGE/avEgpsk5MiFhXgKhHepA2VTlRSct2V0fyGeS/xKH ;{id = 6350}
ns13.keytrap.test.86400INRRSIGA 14 3 86400 20241103101041 20241004101041 6350 keytrap.test. +p+aJOkJqdif4oYdKdk8EYax577dRnb7liCY8AS2gxAKPfzbZD2xP8e4G2ahXRboVfoPCUP24HgikuwSOZQHtKT8BoHKY0vrZ403r/L0VgfjJvpRawU5IafKso2vhjJA ;{id = 6350}
ns14.keytrap.test.86400INRRSIGA 14 3 86400 20241103101041 20241004101041 6350 keytrap.test. tn+c7JqCXjkjBNxLusf7skiZqwqAak4rn8XrcsDHZBBjmcZU+lKCxHlnxFvbu7cSX8xL+EjVyc1Hd2HCZHDKr+z6YIBGfo82xRCCAb1OhSSpM1+IyZd/gk+ZdfuB7KeF ;{id = 6350}
ns15.keytrap.test.86400INRRSIGA 14 3 86400 20241103101041 20241004101041 6350 keytrap.test. UWR5w9wayikCHTBn+yaG6T9Ei8xP63iSrJr6zFRJeAy/Z0w7WYvWYFX1oKFqHoKIQ+iFXzLJ8wp4AHBZdM6GSFXKbJ7somrO3zvYf+OUgsketA6JC5IPp0QxQh90SLUb ;{id = 6350}
;; MSG SIZE  rcvd: 3120

[1728040703] unbound[1:0] debug: iter_handle processing q with state QUERY RESPONSE STATE
[1728040703] unbound[1:0] info: query response was ANSWER
[1728040703] unbound[1:0] debug: iter_handle processing q with state FINISHED RESPONSE STATE
[1728040703] unbound[1:0] info: finishing processing for www.keytrap.test. A IN
[1728040703] unbound[1:0] debug: mesh_run: iterator module exit state is module_finished
[1728040703] unbound[1:0] debug: validator[module 0] operate: extstate:module_wait_module event:module_event_moddone
[1728040703] unbound[1:0] info: validator operate: query www.keytrap.test. A IN
[1728040703] unbound[1:0] debug: validator: nextmodule returned
[1728040703] unbound[1:0] debug: val handle processing q with state VAL_INIT_STATE
[1728040703] unbound[1:0] debug: validator classification positive
[1728040703] unbound[1:0] info: signer is keytrap.test. TYPE0 CLASS0
[1728040703] unbound[1:0] info: prime trust anchor
[1728040703] unbound[1:0] info: generate request keytrap.test. DNSKEY IN
[1728040703] unbound[1:0] info: generate keytag query _ta-75b2.keytrap.test. NULL IN
[1728040703] unbound[1:0] info: generate request _ta-75b2.keytrap.test. NULL IN
[1728040703] unbound[1:0] debug: mesh_run: validator module exit state is module_wait_subquery
[1728040703] unbound[1:0] debug: validator[module 0] operate: extstate:module_state_initial event:module_event_pass
[1728040703] unbound[1:0] info: validator operate: query keytrap.test. DNSKEY IN
[1728040703] unbound[1:0] debug: validator: pass to next module
[1728040703] unbound[1:0] debug: mesh_run: validator module exit state is module_wait_module
[1728040703] unbound[1:0] debug: iterator[module 1] operate: extstate:module_state_initial event:module_event_pass
[1728040703] unbound[1:0] debug: process_request: new external request event
[1728040703] unbound[1:0] debug: iter_handle processing q with state INIT REQUEST STATE
[1728040703] unbound[1:0] info: resolving keytrap.test. DNSKEY IN
[1728040703] unbound[1:0] debug: request has dependency depth of 0
[1728040703] unbound[1:0] debug: cache delegation returns delegpt
[1728040703] unbound[1:0] info: DelegationPoint<keytrap.test.>: 16 names (16 missing), 1 addrs (0 result, 1 avail) cacheNS
[1728040703] unbound[1:0] info:   ns15.keytrap.test.  A
[1728040703] unbound[1:0] info:   ns14.keytrap.test.  A
[1728040703] unbound[1:0] info:   ns13.keytrap.test.  A
[1728040703] unbound[1:0] info:   ns12.keytrap.test.  A
[1728040703] unbound[1:0] info:   ns11.keytrap.test.  A
[1728040703] unbound[1:0] info:   ns10.keytrap.test.  A
[1728040703] unbound[1:0] info:   ns9.keytrap.test.  A
[1728040703] unbound[1:0] info:   ns8.keytrap.test.  A
[1728040703] unbound[1:0] info:   ns7.keytrap.test.  A
[1728040703] unbound[1:0] info:   ns6.keytrap.test.  A
[1728040703] unbound[1:0] info:   ns5.keytrap.test.  A
[1728040703] unbound[1:0] info:   ns4.keytrap.test.  A
[1728040703] unbound[1:0] info:   ns3.keytrap.test.  A
[1728040703] unbound[1:0] info:   ns2.keytrap.test.  A
[1728040703] unbound[1:0] info:   ns1.keytrap.test.  A
[1728040703] unbound[1:0] info:   ns0.keytrap.test.  A
[1728040703] unbound[1:0] debug:    ip4 124.222.27.40 port 53 (len 16)
[1728040703] unbound[1:0] debug: iter_handle processing q with state INIT REQUEST STATE (stage 2)
[1728040703] unbound[1:0] info: resolving (init part 2):  keytrap.test. DNSKEY IN
[1728040703] unbound[1:0] info: use stub keytrap.test. NS IN
[1728040703] unbound[1:0] debug: iter_handle processing q with state INIT REQUEST STATE (stage 3)
[1728040703] unbound[1:0] info: resolving (init part 3):  keytrap.test. DNSKEY IN
[1728040703] unbound[1:0] debug: iter_handle processing q with state QUERY TARGETS STATE
[1728040703] unbound[1:0] info: processQueryTargets: keytrap.test. DNSKEY IN
[1728040703] unbound[1:0] debug: processQueryTargets: targetqueries 0, currentqueries 0 sentcount 0
[1728040703] unbound[1:0] info: DelegationPoint<keytrap.test.>: 0 names (0 missing), 1 addrs (0 result, 1 avail) parentNS
[1728040703] unbound[1:0] debug:    ip4 124.222.27.40 port 53 (len 16)
[1728040703] unbound[1:0] debug: attempt to get extra 3 targets
[1728040703] unbound[1:0] debug: rpz: iterator module callback: have_rpz=0
[1728040703] unbound[1:0] debug: servselect ip4 124.222.27.40 port 53 (len 16)
[1728040703] unbound[1:0] debug:    rtt=451
[1728040703] unbound[1:0] debug: selrtt 451
[1728040703] unbound[1:0] info: sending query: keytrap.test. DNSKEY IN
[1728040703] unbound[1:0] debug: sending to target: <keytrap.test.> 124.222.27.40#53
[1728040703] unbound[1:0] debug: dnssec status: expected
[1728040703] unbound[1:0] debug: mesh_run: iterator module exit state is module_wait_reply
[1728040703] unbound[1:0] debug: validator[module 0] operate: extstate:module_state_initial event:module_event_pass
[1728040703] unbound[1:0] info: validator operate: query _ta-75b2.keytrap.test. NULL IN
[1728040703] unbound[1:0] debug: validator: pass to next module
[1728040703] unbound[1:0] debug: mesh_run: validator module exit state is module_wait_module
[1728040703] unbound[1:0] debug: iterator[module 1] operate: extstate:module_state_initial event:module_event_pass
[1728040703] unbound[1:0] debug: process_request: new external request event
[1728040703] unbound[1:0] debug: iter_handle processing q with state INIT REQUEST STATE
[1728040703] unbound[1:0] info: resolving _ta-75b2.keytrap.test. NULL IN
[1728040703] unbound[1:0] debug: request has dependency depth of 0
[1728040703] unbound[1:0] debug: cache delegation returns delegpt
[1728040703] unbound[1:0] info: DelegationPoint<keytrap.test.>: 16 names (16 missing), 1 addrs (0 result, 1 avail) cacheNS
[1728040703] unbound[1:0] info:   ns15.keytrap.test.  A
[1728040703] unbound[1:0] info:   ns14.keytrap.test.  A
[1728040703] unbound[1:0] info:   ns13.keytrap.test.  A
[1728040703] unbound[1:0] info:   ns12.keytrap.test.  A
[1728040703] unbound[1:0] info:   ns11.keytrap.test.  A
[1728040703] unbound[1:0] info:   ns10.keytrap.test.  A
[1728040703] unbound[1:0] info:   ns9.keytrap.test.  A
[1728040703] unbound[1:0] info:   ns8.keytrap.test.  A
[1728040703] unbound[1:0] info:   ns7.keytrap.test.  A
[1728040703] unbound[1:0] info:   ns6.keytrap.test.  A
[1728040703] unbound[1:0] info:   ns5.keytrap.test.  A
[1728040703] unbound[1:0] info:   ns4.keytrap.test.  A
[1728040703] unbound[1:0] info:   ns3.keytrap.test.  A
[1728040703] unbound[1:0] info:   ns2.keytrap.test.  A
[1728040703] unbound[1:0] info:   ns1.keytrap.test.  A
[1728040703] unbound[1:0] info:   ns0.keytrap.test.  A
[1728040703] unbound[1:0] debug:    ip4 124.222.27.40 port 53 (len 16)
[1728040703] unbound[1:0] debug: iter_handle processing q with state INIT REQUEST STATE (stage 2)
[1728040703] unbound[1:0] info: resolving (init part 2):  _ta-75b2.keytrap.test. NULL IN
[1728040703] unbound[1:0] info: use stub keytrap.test. NS IN
[1728040703] unbound[1:0] debug: iter_handle processing q with state INIT REQUEST STATE (stage 3)
[1728040703] unbound[1:0] info: resolving (init part 3):  _ta-75b2.keytrap.test. NULL IN
[1728040703] unbound[1:0] debug: iter_handle processing q with state QUERY TARGETS STATE
[1728040703] unbound[1:0] info: processQueryTargets: _ta-75b2.keytrap.test. NULL IN
[1728040703] unbound[1:0] debug: processQueryTargets: targetqueries 0, currentqueries 0 sentcount 0
[1728040703] unbound[1:0] info: DelegationPoint<keytrap.test.>: 0 names (0 missing), 1 addrs (0 result, 1 avail) parentNS
[1728040703] unbound[1:0] debug:    ip4 124.222.27.40 port 53 (len 16)
[1728040703] unbound[1:0] debug: attempt to get extra 3 targets
[1728040703] unbound[1:0] debug: rpz: iterator module callback: have_rpz=0
[1728040703] unbound[1:0] debug: servselect ip4 124.222.27.40 port 53 (len 16)
[1728040703] unbound[1:0] debug:    rtt=451
[1728040703] unbound[1:0] debug: selrtt 451
[1728040703] unbound[1:0] info: sending query: _ta-75b2.keytrap.test. A IN
[1728040703] unbound[1:0] debug: sending to target: <keytrap.test.> 124.222.27.40#53
[1728040703] unbound[1:0] debug: dnssec status: expected
[1728040703] unbound[1:0] debug: mesh_run: iterator module exit state is module_wait_reply
[1728040703] unbound[1:0] info: mesh_run: end 3 recursion states (1 with reply, 1 detached), 1 waiting replies, 0 recursion replies sent, 0 replies dropped, 0 states jostled out
[1728040703] unbound[1:0] info: 0vRDCD mod1  keytrap.test. DNSKEY IN
[1728040703] unbound[1:0] info: 1vRDd mod1  _ta-75b2.keytrap.test. NULL IN
[1728040703] unbound[1:0] info: 2RDdc mod0 rep www.keytrap.test. A IN
[1728040703] unbound[1:0] debug: cache memory msg=66778 rrset=74022 infra=8534 val=66384
[1728040703] unbound[1:0] debug: svcd callbacks end
[1728040703] unbound[1:0] debug: close of port 55495
[1728040703] unbound[1:0] debug: close fd 7
[1728040703] unbound[1:0] debug: serviced send timer
[1728040703] unbound[1:0] debug: EDNS lookup known=1 vs=0
[1728040703] unbound[1:0] debug: serviced query UDP timeout=451 msec
[1728040703] unbound[1:0] debug: inserted new pending reply id=3974
[1728040703] unbound[1:0] debug: opened UDP if=0 port=12452
[1728040703] unbound[1:0] debug: comm point start listening 7 (-1 msec)
[1728040703] unbound[1:0] debug: serviced send timer
[1728040703] unbound[1:0] debug: EDNS lookup known=1 vs=0
[1728040703] unbound[1:0] debug: serviced query UDP timeout=451 msec
[1728040703] unbound[1:0] debug: inserted new pending reply id=1c8f
[1728040703] unbound[1:0] debug: opened UDP if=0 port=59928
[1728040703] unbound[1:0] debug: comm point start listening 8 (-1 msec)
[1728040703] unbound[1:0] debug: answer cb
[1728040703] unbound[1:0] debug: Incoming reply id = 3974
[1728040703] unbound[1:0] debug: Incoming reply addr = ip4 124.222.27.40 port 53 (len 16)
[1728040703] unbound[1:0] debug: lookup size is 2 entries
[1728040703] unbound[1:0] debug: received udp reply.
[1728040703] unbound[1:0] debug: udp message[1574:0] 397485200001000C00000000076B65797472617004746573740000300001076B657974726170047465737400003000010001518000640100030E0DC62B78087E512B0AD66B6FEDB491DA2690BD284F52A0B2EE5FC14505EDB4016EA57A7AA54690652FA48A2F87D8926A77EAD2E18802DCA09DFDBCBCC908B98FE592CB6C91A6B4AE16E0F2A993059C34FF3F2FA71A39886B9F7E5B588C74461B076B657974726170047465737400003000010001518000640101030E33326C153B40A348FCA86A4322110C9CAE08993C98C0CC033D4E60B7F15A5DDE933B0E80BD90C08F6865859BDAC4C5D5EB10B0D4C53988FBF9650ADBDCD0CB514F935B4EE2989E460FD6
[1728040703] unbound[1:0] debug: udp message[1574:256] 0A8B44228B2A68FB386D2F868668E1BEF3BD321F0B98076B657974726170047465737400002E000100015180008000300E020001518067274C2166FFBF2118CE076B6579747261700474657374004F7AF3566B0B1C767126F90FFE0ACAF7C5CCC9BD845B33C4329C76A92B04B2068DFD5C93E04CB64167C657928096A7590F2CC2956190C72D9BFD235254FD552D400C42DA830016A94DD47910185F1D4DF6AEEDD74CA0154D36D54D8A0F20D833076B657974726170047465737400002E000100015180008000300E020001518067274C2166FFBF2175B2076B657974726170047465737400A0C73615E96AD4F53AF770D6790625491E0F2178FD028ACB3F3B
[1728040703] unbound[1:0] debug: udp message[1574:512] 90670C3C68DFE1B886C81254F737D9592C1F25A9C375CA4FD7C49AB878AA749D4F2913265C91084132E22EF0B53FCB087BC3F67BF3A799396E2EA9FAEF0151774C7F244D6971076B657974726170047465737400003000010001518000640100030EAB3DB2B39EB0BBEACF1D7A7AD9EB24A856BF958C38C65EE80D3E57FF0723EDF15AA4BABCCEC393DE433913B2252B06B8D9C22A09C35C6FA846F02F1829650E8144CE8973D78FB93848EE0ADFFF827C5A7EEC9E9A8BCB2129214032F85FD9A8E5076B657974726170047465737400003000010001518000640100030E349008AD7A5C4E89686790A74B0C8F7FF63CAB22F768596A16BF17730FE6D7D74173
[1728040703] unbound[1:0] debug: udp message[1574:768] 2A094086A4E7281F7CB4C71AB42164D18CF13ACBD3BBF8D6C2F5658B988C6060ED105D31A790AFE24E500E1DE5EFEBF377E44FBB8734E707CCE02123B36E076B657974726170047465737400003000010001518000640100030E5224E5E53F517455D3BA5E0DC37AD0F7FCE5182383CA581C23D9ABCF94AAA44931C3DFA5F84D34FC91B1023E887FCCA313B12D7B1B3F293097EDCB006104CBABCEB889807EE6C3E281C30703396EC8F53D7CE52600B41B46DC376573C705BECB076B657974726170047465737400003000010001518000640100030E3236385F4193F637F4D15F5B654EDC32471E1467543206DE34AE1A7C5E8107F5739F2297B19953797E48
[1728040703] unbound[1:0] debug: udp message[1574:1024] 82B0FFF013567758CCBEF2F94656C15DB9B2E74DB6777E15A9178AE48440E962B1A7DBB30C112973AAA88769E976E7434EC14C64AA2B076B657974726170047465737400003000010001518000640100030EF32E72F8F948FCC4003000C0352BB0D145EAED6506A46AFE53E638B25F9D02EEFC4FEAD9D4D504D53560E5F654EE3EDB3BE21EECC93A0DCAAE353D33617F7CEA9189817A71EA34C3877773B67B7D49CF5205C51D070D2FFEED72EF611F2D0D8F076B657974726170047465737400003000010001518000640100030E11409EC79071351FDC290518A07243D478FA4CAF9A3299EDCC2F7C36FF997A04E49735C0C4CC42F2701CF554B2C151C18D3A
[1728040703] unbound[1:0] debug: udp message[1574:1280] E40A7558AD8E06BB56107EC71111CFA68DBCA153310C6411CF20401FB9EAD9C2EDB0A2F0B899ABB74555874618A3076B657974726170047465737400003000010001518000640100030E32AF4E86AD365EAE83E46A6B117BAF91916E9A40CD9945040262AD186FFB15F55E7AEDD93106A791BC347880F6A7C301E1D7120E8B6FE181EFC7A4B1DEDEB376348568296802F78C527BED210B172FC29B7E6D86D22915B97B5B3121E614CF70076B657974726170047465737400003000010001518000640100030E35DFE186515F13D61C1802A7FC38F06910E8DB1D6C863F00E7D2CC5DF36EC603ED447D5F4F993D101D6DC024C4CEA01034BCB1F5AEADF8A99AFC
[1728040703] unbound[1:0] debug: udp message[1574:1536] B057B5AA7133BF055CD6A57929C5D9F278D3EEEB0819E7D5C163BDD1C43C7916E175064E8C8E
[1728040703] unbound[1:0] debug: outnet handle udp reply
[1728040703] unbound[1:0] debug: measured roundtrip at 86 msec
[1728040703] unbound[1:0] debug: svcd callbacks start
[1728040703] unbound[1:0] debug: worker svcd callback for qstate 0x55a0eaa371e0
[1728040703] unbound[1:0] debug: mesh_run: start
[1728040703] unbound[1:0] debug: iterator[module 1] operate: extstate:module_wait_reply event:module_event_reply
[1728040703] unbound[1:0] info: iterator operate: query keytrap.test. DNSKEY IN
[1728040703] unbound[1:0] debug: process_response: new external response event
[1728040703] unbound[1:0] info: scrub for keytrap.test. NS IN
[1728040703] unbound[1:0] info: response for keytrap.test. DNSKEY IN
[1728040703] unbound[1:0] info: reply from <keytrap.test.> 124.222.27.40#53
[1728040703] unbound[1:0] info: incoming scrubbed packet: ;; ->>HEADER<<- opcode: QUERY, rcode: NOERROR, id: 0
;; flags: qr aa rd ; QUERY: 1, ANSWER: 12, AUTHORITY: 0, ADDITIONAL: 0 
;; QUESTION SECTION:
keytrap.test.INDNSKEY

;; ANSWER SECTION:
keytrap.test.86400INDNSKEY256 3 14 NJAIrXpcToloZ5CnSwyPf/Y8qyL3aFlqFr8Xcw/m19dBcyoJQIak5ygffLTHGrQhZNGM8TrL07v41sL1ZYuYjGBg7RBdMaeQr+JOUA4d5e/r83fkT7uHNOcHzOAhI7Nu ;{id = 6350 (zsk), size = 384b}
keytrap.test.86400INDNSKEY256 3 14 UiTl5T9RdFXTul4Nw3rQ9/zlGCODylgcI9mrz5SqpEkxw9+l+E00/JGxAj6If8yjE7Etexs/KTCX7csAYQTLq864iYB+5sPigcMHAzluyPU9fOUmALQbRtw3ZXPHBb7L ;{id = 6350 (zsk), size = 384b}
keytrap.test.86400INDNSKEY256 3 14 MjY4X0GT9jf00V9bZU7cMkceFGdUMgbeNK4afF6BB/VznyKXsZlTeX5IgrD/8BNWd1jMvvL5RlbBXbmy5022d34VqReK5IRA6WKxp9uzDBEpc6qoh2npdudDTsFMZKor ;{id = 6350 (zsk), size = 384b}
keytrap.test.86400INDNSKEY256 3 14 8y5y+PlI/MQAMADANSuw0UXq7WUGpGr+U+Y4sl+dAu78T+rZ1NUE1TVg5fZU7j7bO+Ie7Mk6DcquNT0zYX986pGJgXpx6jTDh3dztnt9Sc9SBcUdBw0v/u1y72EfLQ2P ;{id = 6350 (zsk), size = 384b}
keytrap.test.86400INDNSKEY256 3 14 EUCex5BxNR/cKQUYoHJD1Hj6TK+aMpntzC98Nv+ZegTklzXAxMxC8nAc9VSywVHBjTrkCnVYrY4Gu1YQfscREc+mjbyhUzEMZBHPIEAfuerZwu2wovC4mau3RVWHRhij ;{id = 6350 (zsk), size = 384b}
keytrap.test.86400INDNSKEY256 3 14 Mq9Ohq02Xq6D5GprEXuvkZFumkDNmUUEAmKtGG/7FfVeeu3ZMQankbw0eID2p8MB4dcSDotv4YHvx6Sx3t6zdjSFaCloAveMUnvtIQsXL8Kbfm2G0ikVuXtbMSHmFM9w ;{id = 6350 (zsk), size = 384b}
keytrap.test.86400INDNSKEY256 3 14 Nd/hhlFfE9YcGAKn/DjwaRDo2x1shj8A59LMXfNuxgPtRH1fT5k9EB1twCTEzqAQNLyx9a6t+Kma/LBXtapxM78FXNaleSnF2fJ40+7rCBnn1cFjvdHEPHkW4XUGToyO ;{id = 6350 (zsk), size = 384b}
keytrap.test.86400INDNSKEY256 3 14 DcYreAh+USsK1mtv7bSR2iaQvShPUqCy7l/BRQXttAFupXp6pUaQZS+kii+H2JJqd+rS4YgC3KCd/by8yQi5j+WSy2yRprSuFuDyqZMFnDT/Py+nGjmIa59+W1iMdEYb ;{id = 6350 (zsk), size = 384b}
keytrap.test.86400INDNSKEY257 3 14 MzJsFTtAo0j8qGpDIhEMnK4ImTyYwMwDPU5gt/FaXd6TOw6AvZDAj2hlhZvaxMXV6xCw1MU5iPv5ZQrb3NDLUU+TW07imJ5GD9YKi0Qiiypo+zhtL4aGaOG+870yHwuY ;{id = 30130 (ksk), size = 384b}
keytrap.test.86400INDNSKEY256 3 14 qz2ys56wu+rPHXp62eskqFa/lYw4xl7oDT5X/wcj7fFapLq8zsOT3kM5E7IlKwa42cIqCcNcb6hG8C8YKWUOgUTOiXPXj7k4SO4K3/+CfFp+7J6ai8shKSFAMvhf2ajl ;{id = 6350 (zsk), size = 384b}
keytrap.test.86400INRRSIGDNSKEY 14 2 86400 20241103101041 20241004101041 6350 keytrap.test. T3rzVmsLHHZxJvkP/grK98XMyb2EWzPEMpx2qSsEsgaN/VyT4Ey2QWfGV5KAlqdZDyzClWGQxy2b/SNSVP1VLUAMQtqDABapTdR5EBhfHU32ru3XTKAVTTbVTYoPINgz ;{id = 6350}
keytrap.test.86400INRRSIGDNSKEY 14 2 86400 20241103101041 20241004101041 30130 keytrap.test. oMc2Felq1PU693DWeQYlSR4PIXj9AorLPzuQZww8aN/huIbIElT3N9lZLB8lqcN1yk/XxJq4eKp0nU8pEyZckQhBMuIu8LU/ywh7w/Z786eZOW4uqfrvAVF3TH8kTWlx ;{id = 30130}

;; AUTHORITY SECTION:

;; ADDITIONAL SECTION:
;; MSG SIZE  rcvd: 1430

[1728040703] unbound[1:0] debug: iter_handle processing q with state QUERY RESPONSE STATE
[1728040703] unbound[1:0] info: query response was ANSWER
[1728040703] unbound[1:0] debug: iter_handle processing q with state FINISHED RESPONSE STATE
[1728040703] unbound[1:0] info: finishing processing for keytrap.test. DNSKEY IN
[1728040703] unbound[1:0] debug: mesh_run: iterator module exit state is module_finished
[1728040703] unbound[1:0] debug: validator[module 0] operate: extstate:module_wait_module event:module_event_moddone
[1728040703] unbound[1:0] info: validator operate: query keytrap.test. DNSKEY IN
[1728040703] unbound[1:0] debug: validator: nextmodule returned
[1728040703] unbound[1:0] debug: not validating response, is valrec(validation recursion lookup)
[1728040703] unbound[1:0] debug: mesh_run: validator module exit state is module_finished
[1728040703] unbound[1:0] info: validator: inform_super, sub is keytrap.test. DNSKEY IN
[1728040703] unbound[1:0] info: super is www.keytrap.test. A IN
[1728040703] unbound[1:0] debug: anchor matched DNSKEY.
[1728040703] unbound[1:0] info: validate keys with anchor(DS): sec_status_secure
[1728040703] unbound[1:0] info: Successfully primed trust anchor keytrap.test. DNSKEY IN
[1728040703] unbound[1:0] debug: validator[module 0] operate: extstate:module_wait_subquery event:module_event_pass
[1728040703] unbound[1:0] info: validator operate: query www.keytrap.test. A IN
[1728040703] unbound[1:0] debug: val handle processing q with state VAL_FINDKEY_STATE
[1728040703] unbound[1:0] info: validator: FindKey www.keytrap.test. A IN
[1728040703] unbound[1:0] debug: val handle processing q with state VAL_VALIDATE_STATE
[1728040703] unbound[1:0] info: verify rrset www.keytrap.test. A IN
[1728040703] unbound[1:0] debug: verify sig 6350 14
[1728040703] unbound[1:0] debug: verify result: sec_status_secure
[1728040703] unbound[1:0] info: verify rrset keytrap.test. NS IN
[1728040703] unbound[1:0] debug: verify sig 6350 14
[1728040703] unbound[1:0] debug: verify result: sec_status_secure
[1728040703] unbound[1:0] info: verify rrset ns0.keytrap.test. A IN
[1728040703] unbound[1:0] debug: verify sig 6350 14
[1728040703] unbound[1:0] debug: verify: signature mismatch
[1728040703] unbound[1:0] debug: verify: signature mismatch
[1728040703] unbound[1:0] debug: verify: signature mismatch
[1728040703] unbound[1:0] debug: verify: signature mismatch
[1728040703] unbound[1:0] debug: verify: signature mismatch
[1728040703] unbound[1:0] debug: verify: signature mismatch
[1728040703] unbound[1:0] debug: verify: signature mismatch
[1728040703] unbound[1:0] debug: verify: signature mismatch
[1728040703] unbound[1:0] debug: verify: signature mismatch
[1728040703] unbound[1:0] debug: verify sig: too many RRSIG validations
[1728040703] unbound[1:0] debug: rrset failed to verify, too many RRSIG validations
[1728040703] unbound[1:0] debug: verify result: sec_status_bogus
[1728040703] unbound[1:0] debug: msg signature validation suspended
[1728040703] unbound[1:0] debug: validate_suspend timer, set for suspend
[1728040703] unbound[1:0] debug: mesh_run: validator module exit state is module_wait_reply
[1728040703] unbound[1:0] info: mesh_run: end 2 recursion states (1 with reply, 1 detached), 1 waiting replies, 0 recursion replies sent, 0 replies dropped, 0 states jostled out
[1728040703] unbound[1:0] info: 0vRDd mod1  _ta-75b2.keytrap.test. NULL IN
[1728040703] unbound[1:0] info: 1RDd mod0 rep www.keytrap.test. A IN
[1728040703] unbound[1:0] debug: cache memory msg=67040 rrset=75804 infra=8534 val=68206
[1728040703] unbound[1:0] debug: svcd callbacks end
[1728040703] unbound[1:0] debug: close of port 12452
[1728040703] unbound[1:0] debug: close fd 7
[1728040703] unbound[1:0] debug: validate_suspend timer, continue
[1728040703] unbound[1:0] debug: mesh_run: start
[1728040703] unbound[1:0] debug: validator[module 0] operate: extstate:module_wait_reply event:module_event_pass
[1728040703] unbound[1:0] info: validator operate: query www.keytrap.test. A IN
[1728040703] unbound[1:0] debug: val handle processing q with state VAL_VALIDATE_STATE
[1728040703] unbound[1:0] info: verify rrset ns1.keytrap.test. A IN
[1728040703] unbound[1:0] debug: verify sig 6350 14
[1728040703] unbound[1:0] debug: verify: signature mismatch
[1728040703] unbound[1:0] debug: verify: signature mismatch
[1728040703] unbound[1:0] debug: verify: signature mismatch
[1728040703] unbound[1:0] debug: verify: signature mismatch
[1728040703] unbound[1:0] debug: verify: signature mismatch
[1728040703] unbound[1:0] debug: verify: signature mismatch
[1728040703] unbound[1:0] debug: verify: signature mismatch
[1728040703] unbound[1:0] debug: verify: signature mismatch
[1728040703] unbound[1:0] debug: verify: signature mismatch
[1728040703] unbound[1:0] debug: verify sig: too many RRSIG validations
[1728040703] unbound[1:0] debug: rrset failed to verify, too many RRSIG validations
[1728040703] unbound[1:0] debug: verify result: sec_status_bogus
[1728040703] unbound[1:0] debug: msg signature validation suspended
[1728040703] unbound[1:0] debug: validate_suspend timer, set for suspend
[1728040703] unbound[1:0] debug: mesh_run: validator module exit state is module_wait_reply
[1728040703] unbound[1:0] info: mesh_run: end 2 recursion states (1 with reply, 1 detached), 1 waiting replies, 0 recursion replies sent, 0 replies dropped, 0 states jostled out
[1728040703] unbound[1:0] info: 0vRDd mod1  _ta-75b2.keytrap.test. NULL IN
[1728040703] unbound[1:0] info: 1RDd mod0 rep www.keytrap.test. A IN
[1728040703] unbound[1:0] debug: answer cb
[1728040703] unbound[1:0] debug: Incoming reply id = 1c8f
[1728040703] unbound[1:0] debug: Incoming reply addr = ip4 124.222.27.40 port 53 (len 16)
[1728040703] unbound[1:0] debug: lookup size is 1 entries
[1728040703] unbound[1:0] debug: received udp reply.
[1728040703] unbound[1:0] debug: udp message[4087:0] 1C8F85200001000200110020085F74612D37356232076B65797472617004746573740000010001085F74612D37356232076B657974726170047465737400000100010001518000047CDE1B28085F74612D37356232076B657974726170047465737400002E000100015180008000010E030001518067274C2166FFBF2118CE076B65797472617004746573740069340192ADBC349BB3007863130BF63A962437FD85BFCDDF8B6312000DD75B27DAD3D3932C711CD3ED58F75351900D48561A9FB208BE494D4271E8AAF73F953677FA601D2954B64A738E56CF947580EFCBAF02DB07F3DBF7AF34AED5A7DFB46E076B657974726170047465737400002E000100
[1728040703] unbound[1:0] debug: udp message[4087:256] 015180008000020E020001518067274C2166FFBF2118CE076B657974726170047465737400AA02878CAAB06A77498917FAF948F498697DC2E72C9D3597ADDD7D739A909EC24E8E6160E0016774819BEE353C8653573846ED50BC26B6CF380A7F52452BB93F42CAA8C65B22DFADD49ACDDAFADE14883F7587D6A5344EAB0BBBACD9FCCF9EF4076B65797472617004746573740000020001000151800012036E7330076B657974726170047465737400076B65797472617004746573740000020001000151800012036E7331076B657974726170047465737400076B65797472617004746573740000020001000151800012036E7332076B657974726170047465
[1728040703] unbound[1:0] debug: udp message[4087:512] 737400076B65797472617004746573740000020001000151800012036E7333076B657974726170047465737400076B65797472617004746573740000020001000151800012036E7334076B657974726170047465737400076B65797472617004746573740000020001000151800012036E7335076B657974726170047465737400076B65797472617004746573740000020001000151800012036E7336076B657974726170047465737400076B65797472617004746573740000020001000151800012036E7337076B657974726170047465737400076B65797472617004746573740000020001000151800012036E7338076B65797472617004746573740007
[1728040703] unbound[1:0] debug: udp message[4087:768] 6B65797472617004746573740000020001000151800012036E7339076B657974726170047465737400076B65797472617004746573740000020001000151800013046E733130076B657974726170047465737400076B65797472617004746573740000020001000151800013046E733131076B657974726170047465737400076B65797472617004746573740000020001000151800013046E733132076B657974726170047465737400076B65797472617004746573740000020001000151800013046E733133076B657974726170047465737400076B65797472617004746573740000020001000151800013046E733134076B657974726170047465737400
[1728040703] unbound[1:0] debug: udp message[4087:1024] 076B65797472617004746573740000020001000151800013046E733135076B657974726170047465737400036E7330076B657974726170047465737400000100010001518000047CDE1B28036E7330076B657974726170047465737400002E000100015180008000010E030001518067274C2166FFBF2118CE076B6579747261700474657374006E2A7F472997F6E660FF658A3D3CD51CE2AFD18AC133711FFA058D5EB60F9ACACDF48E6E8902A9402BF9773696E32EE36AFCC9F6788835629A822028C2E14291EE14A53FC80431C5B08D43504E58B7ED7A859EBF5B8379F54F49A10F18286501036E7331076B65797472617004746573740000010001000151
[1728040703] unbound[1:0] debug: udp message[4087:1280] 8000047CDE1B28036E7331076B657974726170047465737400002E000100015180008000010E030001518067274C2166FFBF2118CE076B657974726170047465737400F169289EFAFBA5C36CDCEE0C9F9DDB6B15E88A78A98982B1BAB8F8D48B62358CCD36CE1A658B375B8E0C9A88F22CB960AB82357E2BC0407D6D607423121A59B5AB357D50A5C7807029CD26FD271132E33D23EAF9B36F42C4375C9EEF633630EE036E7332076B657974726170047465737400000100010001518000047CDE1B28036E7332076B657974726170047465737400002E000100015180008000010E030001518067274C2166FFBF2118CE076B6579747261700474657374006C
[1728040703] unbound[1:0] debug: udp message[4087:1536] 590D3164A480C61996E09BD9C0FB0FE17B6DFF635002D91F0D7C1AFA14CE89F16E56DB439BEB2D1687A3AA3D680D3E62E28B7CC4101FD983A16C0C0B83E782730199D1C5DCE18277666880490E1FD5537D91AA50EDE5A949F74ED44B53EAAA036E7333076B657974726170047465737400000100010001518000047CDE1B28036E7333076B657974726170047465737400002E000100015180008000010E030001518067274C2166FFBF2118CE076B6579747261700474657374005F906D6C8B9B8D28A62524E6051F9CE3F8D3F178EFA861195E5C46AB9108EC918D9B46FA270F060429B1A9AC9F9FA9E38EEE00E8E6285A14512D744861F085D7AFBB34698A
[1728040703] unbound[1:0] debug: udp message[4087:1792] 03A7E06EC95B095919A4BB3CE6A3F270B71D5F9E83BBB4DBA5F223036E7334076B657974726170047465737400000100010001518000047CDE1B28036E7334076B657974726170047465737400002E000100015180008000010E030001518067274C2166FFBF2118CE076B657974726170047465737400FD259638F2D95CE1D9C0ECF6002FE445143B3D451F0C96FF01D70D8AD6A0E2A1E844FAE8DBFDE223B9AD8439A0778104B6ED0AF1ECE9562376B492BC8B1C359275367B07E30CEDD1910874B47177B3491B3DFA6EB8627975A08C1047B340FD60036E7335076B657974726170047465737400000100010001518000047CDE1B28036E7335076B657974
[1728040703] unbound[1:0] debug: udp message[4087:2048] 726170047465737400002E000100015180008000010E030001518067274C2166FFBF2118CE076B657974726170047465737400E402615D5D8F2A9FDAE5877130FF57000EC228FB45F20519ABB5E5760D91586289F9AEFC4D658D8816ED59AF1A916A496CEDD3E0B2743FC9121EBD3C696F9F0BC85498752B3FA610B71146F5F0C81A6BFC49A54F16F01009243D5DB2038472F0036E7336076B657974726170047465737400000100010001518000047CDE1B28036E7336076B657974726170047465737400002E000100015180008000010E030001518067274C2166FFBF2118CE076B6579747261700474657374004A25CE9A039F9EA7928F4FF12EA5AB95C8
[1728040703] unbound[1:0] debug: udp message[4087:2304] E8931631427BACE69030ED98340BAFD8B3675A6FF1F1DE5748353C9D13AB3405AC815E772E2A665FB15876D24E5A04627894B1963D441E41F94F890DEFC1FB2718F78721D59F821B51E17EB869EF73036E7337076B657974726170047465737400000100010001518000047CDE1B28036E7337076B657974726170047465737400002E000100015180008000010E030001518067274C2166FFBF2118CE076B6579747261700474657374006B1D7A771C195B5EF826D72C7E06BC5BCEC761C0536B077596DCB3AEDA094D75F476173BF44AF54E620B5BEF78037BA14A925E6E96DC33D543276F0754B67E4D2E35FDB7328A36C85E71101CD75E54EE50FADEA972
[1728040703] unbound[1:0] debug: udp message[4087:2560] B7E40A95BFDBF204322888036E7338076B657974726170047465737400000100010001518000047CDE1B28036E7338076B657974726170047465737400002E000100015180008000010E030001518067274C2166FFBF2118CE076B657974726170047465737400E46FF6B10BD3E4C50F470ABEA3E9C8B10DF6194946B0C014B795D2D149125DB2574C7B50812909629DEC04DF89156EA0FB1B1F008EA3FAAF47613BE028A092E3A2454C32543D60241EA7093BEBCA79A5D17D482BC0EF8DB19310C2508A16DDC2036E7339076B657974726170047465737400000100010001518000047CDE1B28036E7339076B657974726170047465737400002E0001000151
[1728040703] unbound[1:0] debug: udp message[4087:2816] 80008000010E030001518067274C2166FFBF2118CE076B65797472617004746573740038CD63D54843DEAC095CAE88E12CB8BC2E8AB317D694CC9C6AB2E298F039AFD9D5834A6C2011970A340D15B5567E5760D8BB958D607014954047EC6834457BDE53998A3BBC83A1A51655D7AC25F389806339D687436FEC9AFF9841B18F942B11046E733130076B657974726170047465737400000100010001518000047CDE1B28046E733130076B657974726170047465737400002E000100015180008000010E030001518067274C2166FFBF2118CE076B657974726170047465737400E7AE513D84F5C140416B5C989D07290BDA03B888C147ED741D96552799BA8D
[1728040703] unbound[1:0] debug: udp message[4087:3072] 798A4BB866B79F8F846CDA007DD08F2B80057C6E3C421683B83314C343A3B3EDE1B6CCE65A0EA96844518FBB42A6815C77A6AB70791CF8C8E3FEB7ABDA19015627046E733131076B657974726170047465737400000100010001518000047CDE1B28046E733131076B657974726170047465737400002E000100015180008000010E030001518067274C2166FFBF2118CE076B657974726170047465737400F62E83F47A876814AF8B1670D892A45E737D290B6A79F55C7B508F88A7DDC5B394D8AA9FC287AF5CBE9300EB5CA0002437D34D58C78EB24EE255D3A55407C5B5F9BD1C958B062963AD98451EAC5507516EFAEE4D4E7D0451E25F6AAA62DAEB4A04
[1728040703] unbound[1:0] debug: udp message[4087:3328] 6E733132076B657974726170047465737400000100010001518000047CDE1B28046E733132076B657974726170047465737400002E000100015180008000010E030001518067274C2166FFBF2118CE076B657974726170047465737400778EE65719F0C9FB1699E4F15946FA3DD2FCE1BD1F2E7F60A7FCCE2F8DA205BAAEA2CE121C4EF2F755DDE95B8AB257F6B9154E7CEC889D0FC0F8112F614B3F542B280FF3FC4F82AD4C41B428872381C90CDF4EB8B5D46D3ECE6C6A4E830747AE046E733133076B657974726170047465737400000100010001518000047CDE1B28046E733133076B657974726170047465737400002E000100015180008000010E0300
[1728040703] unbound[1:0] debug: udp message[4087:3584] 01518067274C2166FFBF2118CE076B65797472617004746573740085F0D51E2DA4703E55D4319F787CEF3C1576627098D0B9E9F5F98F7F438395B08077BBBA889EA617CB615838D1E6A70B53F3AEA9BCDDFB99179DA1089AD5BC9192854EE5439247491812886283F4C83A01D6FD9D981837F873BCE666C2E14204046E733134076B657974726170047465737400000100010001518000047CDE1B28046E733134076B657974726170047465737400002E000100015180008000010E030001518067274C2166FFBF2118CE076B6579747261700474657374004306BFF748484F41364D45EDCE55703E7BB41F92544737367ED29C3D68C314755A5DC823F735FF
[1728040703] unbound[1:0] debug: udp message[4087:3840] 961A00EA789C22CE98341FFE270EB618944C785211A4CA63C6656CA3642F249EE6AC417F65A6A475895D390B3D5F9D8E3E2B0067F7F0D0D730046E733135076B657974726170047465737400000100010001518000047CDE1B28046E733135076B657974726170047465737400002E000100015180008000010E030001518067274C2166FFBF2118CE076B6579747261700474657374000CA5644346B3C594CE89FE62708CCDFF717339C61D847F481EA4473C399EF50AFF16D3614EF3403E35A0AE7D228332E28323E85F0658552F8325D55380981219DB15167D6800810350F230EE472CC8AF890F0DECF3A7EBDB0B431609C7CC5DD6
[1728040703] unbound[1:0] debug: outnet handle udp reply
[1728040703] unbound[1:0] debug: measured roundtrip at 201 msec
[1728040703] unbound[1:0] debug: svcd callbacks start
[1728040703] unbound[1:0] debug: worker svcd callback for qstate 0x55a0eaa331d0
[1728040703] unbound[1:0] debug: mesh_run: start
[1728040703] unbound[1:0] debug: iterator[module 1] operate: extstate:module_wait_reply event:module_event_reply
[1728040703] unbound[1:0] info: iterator operate: query _ta-75b2.keytrap.test. NULL IN
[1728040703] unbound[1:0] debug: process_response: new external response event
[1728040703] unbound[1:0] info: scrub for keytrap.test. NS IN
[1728040703] unbound[1:0] info: response for _ta-75b2.keytrap.test. NULL IN
[1728040703] unbound[1:0] info: reply from <keytrap.test.> 124.222.27.40#53
[1728040703] unbound[1:0] info: incoming scrubbed packet: ;; ->>HEADER<<- opcode: QUERY, rcode: NOERROR, id: 0
;; flags: qr aa rd ; QUERY: 1, ANSWER: 2, AUTHORITY: 17, ADDITIONAL: 32 
;; QUESTION SECTION:
_ta-75b2.keytrap.test.INA

;; ANSWER SECTION:
_ta-75b2.keytrap.test.86400INA124.222.27.40
_ta-75b2.keytrap.test.86400INRRSIGA 14 3 86400 20241103101041 20241004101041 6350 keytrap.test. aTQBkq28NJuzAHhjEwv2OpYkN/2Fv83fi2MSAA3XWyfa09OTLHEc0+1Y91NRkA1IVhqfsgi+SU1Cceiq9z+VNnf6YB0pVLZKc45Wz5R1gO/LrwLbB/Pb9680rtWn37Ru ;{id = 6350}

;; AUTHORITY SECTION:
keytrap.test.86400INNSns15.keytrap.test.
keytrap.test.86400INNSns0.keytrap.test.
keytrap.test.86400INNSns1.keytrap.test.
keytrap.test.86400INNSns2.keytrap.test.
keytrap.test.86400INNSns3.keytrap.test.
keytrap.test.86400INNSns4.keytrap.test.
keytrap.test.86400INNSns5.keytrap.test.
keytrap.test.86400INNSns6.keytrap.test.
keytrap.test.86400INNSns7.keytrap.test.
keytrap.test.86400INNSns8.keytrap.test.
keytrap.test.86400INNSns9.keytrap.test.
keytrap.test.86400INNSns10.keytrap.test.
keytrap.test.86400INNSns11.keytrap.test.
keytrap.test.86400INNSns12.keytrap.test.
keytrap.test.86400INNSns13.keytrap.test.
keytrap.test.86400INNSns14.keytrap.test.
keytrap.test.86400INRRSIGNS 14 2 86400 20241103101041 20241004101041 6350 keytrap.test. qgKHjKqwandJiRf6+Uj0mGl9wucsnTWXrd19c5qQnsJOjmFg4AFndIGb7jU8hlNXOEbtULwmts84Cn9SRSu5P0LKqMZbIt+t1JrN2vreFIg/dYfWpTROqwu7rNn8z570 ;{id = 6350}

;; ADDITIONAL SECTION:
ns0.keytrap.test.86400INA124.222.27.40
ns1.keytrap.test.86400INA124.222.27.40
ns2.keytrap.test.86400INA124.222.27.40
ns3.keytrap.test.86400INA124.222.27.40
ns4.keytrap.test.86400INA124.222.27.40
ns5.keytrap.test.86400INA124.222.27.40
ns6.keytrap.test.86400INA124.222.27.40
ns7.keytrap.test.86400INA124.222.27.40
ns8.keytrap.test.86400INA124.222.27.40
ns9.keytrap.test.86400INA124.222.27.40
ns10.keytrap.test.86400INA124.222.27.40
ns11.keytrap.test.86400INA124.222.27.40
ns12.keytrap.test.86400INA124.222.27.40
ns13.keytrap.test.86400INA124.222.27.40
ns14.keytrap.test.86400INA124.222.27.40
ns15.keytrap.test.86400INA124.222.27.40
ns0.keytrap.test.86400INRRSIGA 14 3 86400 20241103101041 20241004101041 6350 keytrap.test. bip/RymX9uZg/2WKPTzVHOKv0YrBM3Ef+gWNXrYPmsrN9I5uiQKpQCv5dzaW4y7javzJ9niINWKagiAowuFCke4UpT/IBDHFsI1DUE5Yt+16hZ6/W4N59U9JoQ8YKGUB ;{id = 6350}
ns1.keytrap.test.86400INRRSIGA 14 3 86400 20241103101041 20241004101041 6350 keytrap.test. 8Wkonvr7pcNs3O4Mn53baxXoinipiYKxurj41ItiNYzNNs4aZYs3W44MmojyLLlgq4I1fivAQH1tYHQjEhpZtas1fVClx4BwKc0m/ScRMuM9I+r5s29CxDdcnu9jNjDu ;{id = 6350}
ns2.keytrap.test.86400INRRSIGA 14 3 86400 20241103101041 20241004101041 6350 keytrap.test. bFkNMWSkgMYZluCb2cD7D+F7bf9jUALZHw18GvoUzonxblbbQ5vrLRaHo6o9aA0+YuKLfMQQH9mDoWwMC4PngnMBmdHF3OGCd2ZogEkOH9VTfZGqUO3lqUn3TtRLU+qq ;{id = 6350}
ns3.keytrap.test.86400INRRSIGA 14 3 86400 20241103101041 20241004101041 6350 keytrap.test. X5BtbIubjSimJSTmBR+c4/jT8XjvqGEZXlxGq5EI7JGNm0b6Jw8GBCmxqayfn6njju4A6OYoWhRRLXRIYfCF16+7NGmKA6fgbslbCVkZpLs85qPycLcdX56Du7TbpfIj ;{id = 6350}
ns4.keytrap.test.86400INRRSIGA 14 3 86400 20241103101041 20241004101041 6350 keytrap.test. /SWWOPLZXOHZwOz2AC/kRRQ7PUUfDJb/AdcNitag4qHoRPro2/3iI7mthDmgd4EEtu0K8ezpViN2tJK8ixw1knU2ewfjDO3RkQh0tHF3s0kbPfpuuGJ5daCMEEezQP1g ;{id = 6350}
ns5.keytrap.test.86400INRRSIGA 14 3 86400 20241103101041 20241004101041 6350 keytrap.test. 5AJhXV2PKp/a5YdxMP9XAA7CKPtF8gUZq7Xldg2RWGKJ+a78TWWNiBbtWa8akWpJbO3T4LJ0P8kSHr08aW+fC8hUmHUrP6YQtxFG9fDIGmv8SaVPFvAQCSQ9XbIDhHLw ;{id = 6350}
ns6.keytrap.test.86400INRRSIGA 14 3 86400 20241103101041 20241004101041 6350 keytrap.test. SiXOmgOfnqeSj0/xLqWrlcjokxYxQnus5pAw7Zg0C6/Ys2dab/Hx3ldINTydE6s0BayBXncuKmZfsVh20k5aBGJ4lLGWPUQeQflPiQ3vwfsnGPeHIdWfghtR4X64ae9z ;{id = 6350}
ns7.keytrap.test.86400INRRSIGA 14 3 86400 20241103101041 20241004101041 6350 keytrap.test. ax16dxwZW174Jtcsfga8W87HYcBTawd1ltyzrtoJTXX0dhc79Er1TmILW+94A3uhSpJebpbcM9VDJ28HVLZ+TS41/bcyijbIXnEQHNdeVO5Q+t6pcrfkCpW/2/IEMiiI ;{id = 6350}
ns8.keytrap.test.86400INRRSIGA 14 3 86400 20241103101041 20241004101041 6350 keytrap.test. 5G/2sQvT5MUPRwq+o+nIsQ32GUlGsMAUt5XS0UkSXbJXTHtQgSkJYp3sBN+JFW6g+xsfAI6j+q9HYTvgKKCS46JFTDJUPWAkHqcJO+vKeaXRfUgrwO+NsZMQwlCKFt3C ;{id = 6350}
ns9.keytrap.test.86400INRRSIGA 14 3 86400 20241103101041 20241004101041 6350 keytrap.test. OM1j1UhD3qwJXK6I4Sy4vC6KsxfWlMycarLimPA5r9nVg0psIBGXCjQNFbVWfldg2LuVjWBwFJVAR+xoNEV73lOZiju8g6GlFlXXrCXziYBjOdaHQ2/smv+YQbGPlCsR ;{id = 6350}
ns10.keytrap.test.86400INRRSIGA 14 3 86400 20241103101041 20241004101041 6350 keytrap.test. 565RPYT1wUBBa1yYnQcpC9oDuIjBR+10HZZVJ5m6jXmKS7hmt5+PhGzaAH3QjyuABXxuPEIWg7gzFMNDo7Pt4bbM5loOqWhEUY+7QqaBXHemq3B5HPjI4/63q9oZAVYn ;{id = 6350}
ns11.keytrap.test.86400INRRSIGA 14 3 86400 20241103101041 20241004101041 6350 keytrap.test. 9i6D9HqHaBSvixZw2JKkXnN9KQtqefVce1CPiKfdxbOU2KqfwoevXL6TAOtcoAAkN9NNWMeOsk7iVdOlVAfFtfm9HJWLBiljrZhFHqxVB1Fu+u5NTn0EUeJfaqpi2utK ;{id = 6350}
ns12.keytrap.test.86400INRRSIGA 14 3 86400 20241103101041 20241004101041 6350 keytrap.test. d47mVxnwyfsWmeTxWUb6PdL84b0fLn9gp/zOL42iBbquos4SHE7y91Xd6VuKslf2uRVOfOyInQ/A+BEvYUs/VCsoD/P8T4KtTEG0KIcjgckM3064tdRtPs5sak6DB0eu ;{id = 6350}
ns13.keytrap.test.86400INRRSIGA 14 3 86400 20241103101041 20241004101041 6350 keytrap.test. hfDVHi2kcD5V1DGfeHzvPBV2YnCY0Lnp9fmPf0ODlbCAd7u6iJ6mF8thWDjR5qcLU/Ouqbzd+5kXnaEImtW8kZKFTuVDkkdJGBKIYoP0yDoB1v2dmBg3+HO85mbC4UIE ;{id = 6350}
ns14.keytrap.test.86400INRRSIGA 14 3 86400 20241103101041 20241004101041 6350 keytrap.test. Qwa/90hIT0E2TUXtzlVwPnu0H5JURzc2ftKcPWjDFHVaXcgj9zX/lhoA6nicIs6YNB/+Jw62GJRMeFIRpMpjxmVso2QvJJ7mrEF/ZaakdYldOQs9X52OPisAZ/fw0Ncw ;{id = 6350}
ns15.keytrap.test.86400INRRSIGA 14 3 86400 20241103101041 20241004101041 6350 keytrap.test. DKVkQ0azxZTOif5icIzN/3FzOcYdhH9IHqRHPDme9Qr/FtNhTvNAPjWgrn0igzLigyPoXwZYVS+DJdVTgJgSGdsVFn1oAIEDUPIw7kcsyK+JDw3s86fr2wtDFgnHzF3W ;{id = 6350}
;; MSG SIZE  rcvd: 3125

[1728040703] unbound[1:0] debug: iter_handle processing q with state QUERY RESPONSE STATE
[1728040703] unbound[1:0] info: query response was ANSWER
[1728040703] unbound[1:0] debug: iter_handle processing q with state QUERY TARGETS STATE
[1728040703] unbound[1:0] info: processQueryTargets: _ta-75b2.keytrap.test. NULL IN
[1728040703] unbound[1:0] debug: processQueryTargets: targetqueries 0, currentqueries 0 sentcount 1
[1728040703] unbound[1:0] info: DelegationPoint<keytrap.test.>: 0 names (0 missing), 1 addrs (1 result, 0 avail) parentNS
[1728040703] unbound[1:0] debug:    ip4 124.222.27.40 port 53 (len 16)
[1728040703] unbound[1:0] debug: attempt to get extra 3 targets
[1728040703] unbound[1:0] debug: rpz: iterator module callback: have_rpz=0
[1728040703] unbound[1:0] debug: servselect ip4 124.222.27.40 port 53 (len 16)
[1728040703] unbound[1:0] debug:    rtt=516
[1728040703] unbound[1:0] debug: selrtt 516
[1728040703] unbound[1:0] info: sending query: _ta-75b2.keytrap.test. NULL IN
[1728040703] unbound[1:0] debug: sending to target: <keytrap.test.> 124.222.27.40#53
[1728040703] unbound[1:0] debug: dnssec status: expected
[1728040703] unbound[1:0] debug: mesh_run: iterator module exit state is module_wait_reply
[1728040703] unbound[1:0] info: mesh_run: end 2 recursion states (1 with reply, 1 detached), 1 waiting replies, 0 recursion replies sent, 0 replies dropped, 0 states jostled out
[1728040703] unbound[1:0] info: 0vRDd mod1  _ta-75b2.keytrap.test. NULL IN
[1728040703] unbound[1:0] info: 1RDd mod0 rep www.keytrap.test. A IN
[1728040703] unbound[1:0] debug: cache memory msg=67040 rrset=76211 infra=8534 val=68206
[1728040703] unbound[1:0] debug: svcd callbacks end
[1728040703] unbound[1:0] debug: close of port 59928
[1728040703] unbound[1:0] debug: close fd 8
[1728040703] unbound[1:0] debug: serviced send timer
[1728040703] unbound[1:0] debug: EDNS lookup known=1 vs=0
[1728040703] unbound[1:0] debug: serviced query UDP timeout=516 msec
[1728040703] unbound[1:0] debug: inserted new pending reply id=2d7f
[1728040703] unbound[1:0] debug: opened UDP if=0 port=19785
[1728040703] unbound[1:0] debug: comm point start listening 7 (-1 msec)
[1728040703] unbound[1:0] debug: validate_suspend timer, continue
[1728040703] unbound[1:0] debug: mesh_run: start
[1728040703] unbound[1:0] debug: validator[module 0] operate: extstate:module_wait_reply event:module_event_pass
[1728040703] unbound[1:0] info: validator operate: query www.keytrap.test. A IN
[1728040703] unbound[1:0] debug: val handle processing q with state VAL_VALIDATE_STATE
[1728040703] unbound[1:0] info: verify rrset ns2.keytrap.test. A IN
[1728040703] unbound[1:0] debug: verify sig 6350 14
[1728040703] unbound[1:0] debug: verify: signature mismatch
[1728040703] unbound[1:0] debug: verify: signature mismatch
[1728040703] unbound[1:0] debug: verify: signature mismatch
[1728040703] unbound[1:0] debug: verify: signature mismatch
[1728040703] unbound[1:0] debug: verify: signature mismatch
[1728040703] unbound[1:0] debug: verify: signature mismatch
[1728040703] unbound[1:0] debug: verify: signature mismatch
[1728040703] unbound[1:0] debug: verify: signature mismatch
[1728040703] unbound[1:0] debug: verify: signature mismatch
[1728040703] unbound[1:0] debug: verify sig: too many RRSIG validations
[1728040703] unbound[1:0] debug: rrset failed to verify, too many RRSIG validations
[1728040703] unbound[1:0] debug: verify result: sec_status_bogus
[1728040703] unbound[1:0] debug: msg signature validation suspended
[1728040703] unbound[1:0] debug: validate_suspend timer, set for suspend
[1728040703] unbound[1:0] debug: mesh_run: validator module exit state is module_wait_reply
[1728040703] unbound[1:0] info: mesh_run: end 2 recursion states (1 with reply, 1 detached), 1 waiting replies, 0 recursion replies sent, 0 replies dropped, 0 states jostled out
[1728040703] unbound[1:0] info: 0vRDd mod1  _ta-75b2.keytrap.test. NULL IN
[1728040703] unbound[1:0] info: 1RDd mod0 rep www.keytrap.test. A IN
[1728040703] unbound[1:0] debug: answer cb
[1728040703] unbound[1:0] debug: Incoming reply id = 2d7f
[1728040703] unbound[1:0] debug: Incoming reply addr = ip4 124.222.27.40 port 53 (len 16)
[1728040703] unbound[1:0] debug: lookup size is 1 entries
[1728040703] unbound[1:0] debug: received udp reply.
[1728040703] unbound[1:0] debug: udp message[233:0] 2D7F85230001000000020000085F74612D37356232076B657974726170047465737400000A0001076B65797472617004746573740000020001000151800012036E7331076B657974726170047465737400076B657974726170047465737400002E000100015180008000020E020001518067274C2166FFBF2118CE076B657974726170047465737400AA02878CAAB06A77498917FAF948F498697DC2E72C9D3597ADDD7D739A909EC24E8E6160E0016774819BEE353C8653573846ED50BC26B6CF380A7F52452BB93F42CAA8C65B22DFADD49ACDDAFADE14883F7587D6A5344EAB0BBBACD9FCCF9EF4
[1728040703] unbound[1:0] debug: outnet handle udp reply
[1728040703] unbound[1:0] debug: measured roundtrip at 91 msec
[1728040703] unbound[1:0] debug: svcd callbacks start
[1728040703] unbound[1:0] debug: worker svcd callback for qstate 0x55a0eaa331d0
[1728040703] unbound[1:0] debug: mesh_run: start
[1728040703] unbound[1:0] debug: iterator[module 1] operate: extstate:module_wait_reply event:module_event_reply
[1728040703] unbound[1:0] info: iterator operate: query _ta-75b2.keytrap.test. NULL IN
[1728040703] unbound[1:0] debug: process_response: new external response event
[1728040703] unbound[1:0] info: scrub for keytrap.test. NS IN
[1728040703] unbound[1:0] info: normalize: removing irrelevant RRset: keytrap.test. NS IN
[1728040703] unbound[1:0] info: response for _ta-75b2.keytrap.test. NULL IN
[1728040703] unbound[1:0] info: reply from <keytrap.test.> 124.222.27.40#53
[1728040703] unbound[1:0] info: incoming scrubbed packet: ;; ->>HEADER<<- opcode: QUERY, rcode: NXDOMAIN, id: 0
;; flags: qr aa rd ; QUERY: 1, ANSWER: 0, AUTHORITY: 0, ADDITIONAL: 0 
;; QUESTION SECTION:
_ta-75b2.keytrap.test.INNULL

;; ANSWER SECTION:

;; AUTHORITY SECTION:

;; ADDITIONAL SECTION:
;; MSG SIZE  rcvd: 39

[1728040703] unbound[1:0] debug: iter_handle processing q with state QUERY RESPONSE STATE
[1728040703] unbound[1:0] info: query response was DNSSEC LAME
[1728040703] unbound[1:0] debug: iter_handle processing q with state QUERY TARGETS STATE
[1728040703] unbound[1:0] info: processQueryTargets: _ta-75b2.keytrap.test. NULL IN
[1728040703] unbound[1:0] debug: processQueryTargets: targetqueries 0, currentqueries 0 sentcount 2
[1728040703] unbound[1:0] info: DelegationPoint<keytrap.test.>: 0 names (0 missing), 1 addrs (1 result, 0 avail) parentNS
[1728040703] unbound[1:0] debug:    ip4 124.222.27.40 port 53 (len 16)
[1728040703] unbound[1:0] debug: attempt to get extra 3 targets
[1728040703] unbound[1:0] debug: rpz: iterator module callback: have_rpz=0
[1728040703] unbound[1:0] debug: servselect ip4 124.222.27.40 port 53 (len 16)
[1728040703] unbound[1:0] debug:    rtt=449 ADDR_DNSSEC_LAME
[1728040703] unbound[1:0] debug: selrtt 240449
[1728040703] unbound[1:0] debug: chase to dnssec lame server
[1728040703] unbound[1:0] info: sending query: _ta-75b2.keytrap.test. NULL IN
[1728040703] unbound[1:0] debug: sending to target: <keytrap.test.> 124.222.27.40#53
[1728040703] unbound[1:0] debug: dnssec status: expected but lame_query anyway
[1728040703] unbound[1:0] debug: mesh_run: iterator module exit state is module_wait_reply
[1728040703] unbound[1:0] info: mesh_run: end 2 recursion states (1 with reply, 1 detached), 1 waiting replies, 0 recursion replies sent, 0 replies dropped, 0 states jostled out
[1728040703] unbound[1:0] info: 0vRDd mod1  _ta-75b2.keytrap.test. NULL IN
[1728040703] unbound[1:0] info: 1RDd mod0 rep www.keytrap.test. A IN
[1728040703] unbound[1:0] debug: cache memory msg=67040 rrset=76211 infra=8534 val=68206
[1728040703] unbound[1:0] debug: svcd callbacks end
[1728040703] unbound[1:0] debug: close of port 19785
[1728040703] unbound[1:0] debug: close fd 7
[1728040703] unbound[1:0] debug: serviced send timer
[1728040703] unbound[1:0] debug: EDNS lookup known=1 vs=0
[1728040703] unbound[1:0] debug: serviced query UDP timeout=449 msec
[1728040703] unbound[1:0] debug: inserted new pending reply id=71db
[1728040703] unbound[1:0] debug: opened UDP if=0 port=48873
[1728040703] unbound[1:0] debug: comm point start listening 7 (-1 msec)
[1728040704] unbound[1:0] debug: answer cb
[1728040704] unbound[1:0] debug: Incoming reply id = 71db
[1728040704] unbound[1:0] debug: Incoming reply addr = ip4 124.222.27.40 port 53 (len 16)
[1728040704] unbound[1:0] debug: lookup size is 1 entries
[1728040704] unbound[1:0] debug: received udp reply.
[1728040704] unbound[1:0] debug: udp message[233:0] 71DB85230001000000020000085F74612D37356232076B657974726170047465737400000A0001076B65797472617004746573740000020001000151800012036E7331076B657974726170047465737400076B657974726170047465737400002E000100015180008000020E020001518067274C2166FFBF2118CE076B657974726170047465737400AA02878CAAB06A77498917FAF948F498697DC2E72C9D3597ADDD7D739A909EC24E8E6160E0016774819BEE353C8653573846ED50BC26B6CF380A7F52452BB93F42CAA8C65B22DFADD49ACDDAFADE14883F7587D6A5344EAB0BBBACD9FCCF9EF4
[1728040704] unbound[1:0] debug: outnet handle udp reply
[1728040704] unbound[1:0] debug: measured roundtrip at 89 msec
[1728040704] unbound[1:0] debug: svcd callbacks start
[1728040704] unbound[1:0] debug: worker svcd callback for qstate 0x55a0eaa331d0
[1728040704] unbound[1:0] debug: mesh_run: start
[1728040704] unbound[1:0] debug: iterator[module 1] operate: extstate:module_wait_reply event:module_event_reply
[1728040704] unbound[1:0] info: iterator operate: query _ta-75b2.keytrap.test. NULL IN
[1728040704] unbound[1:0] debug: process_response: new external response event
[1728040704] unbound[1:0] info: scrub for keytrap.test. NS IN
[1728040704] unbound[1:0] info: normalize: removing irrelevant RRset: keytrap.test. NS IN
[1728040704] unbound[1:0] info: response for _ta-75b2.keytrap.test. NULL IN
[1728040704] unbound[1:0] info: reply from <keytrap.test.> 124.222.27.40#53
[1728040704] unbound[1:0] info: incoming scrubbed packet: ;; ->>HEADER<<- opcode: QUERY, rcode: NXDOMAIN, id: 0
;; flags: qr aa rd ; QUERY: 1, ANSWER: 0, AUTHORITY: 0, ADDITIONAL: 0 
;; QUESTION SECTION:
_ta-75b2.keytrap.test.INNULL

;; ANSWER SECTION:

;; AUTHORITY SECTION:

;; ADDITIONAL SECTION:
;; MSG SIZE  rcvd: 39

[1728040704] unbound[1:0] debug: iter_handle processing q with state QUERY RESPONSE STATE
[1728040704] unbound[1:0] info: query response was NXDOMAIN ANSWER
[1728040704] unbound[1:0] debug: iter_handle processing q with state FINISHED RESPONSE STATE
[1728040704] unbound[1:0] info: finishing processing for _ta-75b2.keytrap.test. NULL IN
[1728040704] unbound[1:0] debug: mesh_run: iterator module exit state is module_finished
[1728040704] unbound[1:0] debug: validator[module 0] operate: extstate:module_wait_module event:module_event_moddone
[1728040704] unbound[1:0] info: validator operate: query _ta-75b2.keytrap.test. NULL IN
[1728040704] unbound[1:0] debug: validator: nextmodule returned
[1728040704] unbound[1:0] debug: not validating response, is valrec(validation recursion lookup)
[1728040704] unbound[1:0] debug: mesh_run: validator module exit state is module_finished
[1728040704] unbound[1:0] info: mesh_run: end 1 recursion states (1 with reply, 0 detached), 1 waiting replies, 0 recursion replies sent, 0 replies dropped, 0 states jostled out
[1728040704] unbound[1:0] info: 0RDd mod0 rep www.keytrap.test. A IN
[1728040704] unbound[1:0] debug: cache memory msg=67287 rrset=76211 infra=8534 val=68206
[1728040704] unbound[1:0] debug: svcd callbacks end
[1728040704] unbound[1:0] debug: close of port 48873
[1728040704] unbound[1:0] debug: close fd 7
[1728040704] unbound[1:0] debug: validate_suspend timer, continue
[1728040704] unbound[1:0] debug: mesh_run: start
[1728040704] unbound[1:0] debug: validator[module 0] operate: extstate:module_wait_reply event:module_event_pass
[1728040704] unbound[1:0] info: validator operate: query www.keytrap.test. A IN
[1728040704] unbound[1:0] debug: val handle processing q with state VAL_VALIDATE_STATE
[1728040704] unbound[1:0] info: verify rrset ns3.keytrap.test. A IN
[1728040704] unbound[1:0] debug: verify sig 6350 14
[1728040704] unbound[1:0] debug: verify: signature mismatch
[1728040704] unbound[1:0] debug: verify: signature mismatch
[1728040704] unbound[1:0] debug: verify: signature mismatch
[1728040704] unbound[1:0] debug: verify: signature mismatch
[1728040704] unbound[1:0] debug: verify: signature mismatch
[1728040704] unbound[1:0] debug: verify: signature mismatch
[1728040704] unbound[1:0] debug: verify: signature mismatch
[1728040704] unbound[1:0] debug: verify: signature mismatch
[1728040704] unbound[1:0] debug: verify: signature mismatch
[1728040704] unbound[1:0] debug: verify sig: too many RRSIG validations
[1728040704] unbound[1:0] debug: rrset failed to verify, too many RRSIG validations
[1728040704] unbound[1:0] debug: verify result: sec_status_bogus
[1728040704] unbound[1:0] debug: msg signature validation suspended
[1728040704] unbound[1:0] debug: validate_suspend timer, set for suspend
[1728040704] unbound[1:0] debug: mesh_run: validator module exit state is module_wait_reply
[1728040704] unbound[1:0] info: mesh_run: end 1 recursion states (1 with reply, 0 detached), 1 waiting replies, 0 recursion replies sent, 0 replies dropped, 0 states jostled out
[1728040704] unbound[1:0] info: 0RDd mod0 rep www.keytrap.test. A IN
[1728040704] unbound[1:0] debug: validate_suspend timer, continue
[1728040704] unbound[1:0] debug: mesh_run: start
[1728040704] unbound[1:0] debug: validator[module 0] operate: extstate:module_wait_reply event:module_event_pass
[1728040704] unbound[1:0] info: validator operate: query www.keytrap.test. A IN
[1728040704] unbound[1:0] debug: val handle processing q with state VAL_VALIDATE_STATE
[1728040704] unbound[1:0] info: verify rrset ns4.keytrap.test. A IN
[1728040704] unbound[1:0] debug: verify sig 6350 14
[1728040704] unbound[1:0] debug: verify: signature mismatch
[1728040704] unbound[1:0] debug: verify: signature mismatch
[1728040704] unbound[1:0] debug: verify: signature mismatch
[1728040704] unbound[1:0] debug: verify: signature mismatch
[1728040704] unbound[1:0] debug: verify: signature mismatch
[1728040704] unbound[1:0] debug: verify: signature mismatch
[1728040704] unbound[1:0] debug: verify: signature mismatch
[1728040704] unbound[1:0] debug: verify: signature mismatch
[1728040704] unbound[1:0] debug: verify: signature mismatch
[1728040704] unbound[1:0] debug: verify sig: too many RRSIG validations
[1728040704] unbound[1:0] debug: rrset failed to verify, too many RRSIG validations
[1728040704] unbound[1:0] debug: verify result: sec_status_bogus
[1728040704] unbound[1:0] debug: msg signature validation suspended
[1728040704] unbound[1:0] debug: validate_suspend timer, set for suspend
[1728040704] unbound[1:0] debug: mesh_run: validator module exit state is module_wait_reply
[1728040704] unbound[1:0] info: mesh_run: end 1 recursion states (1 with reply, 0 detached), 1 waiting replies, 0 recursion replies sent, 0 replies dropped, 0 states jostled out
[1728040704] unbound[1:0] info: 0RDd mod0 rep www.keytrap.test. A IN
[1728040704] unbound[1:0] debug: validate_suspend timer, continue
[1728040704] unbound[1:0] debug: mesh_run: start
[1728040704] unbound[1:0] debug: validator[module 0] operate: extstate:module_wait_reply event:module_event_pass
[1728040704] unbound[1:0] info: validator operate: query www.keytrap.test. A IN
[1728040704] unbound[1:0] debug: val handle processing q with state VAL_VALIDATE_STATE
[1728040704] unbound[1:0] info: verify rrset ns5.keytrap.test. A IN
[1728040704] unbound[1:0] debug: verify sig 6350 14
[1728040704] unbound[1:0] debug: verify: signature mismatch
[1728040704] unbound[1:0] debug: verify: signature mismatch
[1728040704] unbound[1:0] debug: verify: signature mismatch
[1728040704] unbound[1:0] debug: verify: signature mismatch
[1728040704] unbound[1:0] debug: verify: signature mismatch
[1728040704] unbound[1:0] debug: verify: signature mismatch
[1728040704] unbound[1:0] debug: verify: signature mismatch
[1728040704] unbound[1:0] debug: verify: signature mismatch
[1728040704] unbound[1:0] debug: verify: signature mismatch
[1728040704] unbound[1:0] debug: verify sig: too many RRSIG validations
[1728040704] unbound[1:0] debug: rrset failed to verify, too many RRSIG validations
[1728040704] unbound[1:0] debug: verify result: sec_status_bogus
[1728040704] unbound[1:0] debug: msg signature validation suspended
[1728040704] unbound[1:0] debug: validate_suspend timer, set for suspend
[1728040704] unbound[1:0] debug: mesh_run: validator module exit state is module_wait_reply
[1728040704] unbound[1:0] info: mesh_run: end 1 recursion states (1 with reply, 0 detached), 1 waiting replies, 0 recursion replies sent, 0 replies dropped, 0 states jostled out
[1728040704] unbound[1:0] info: 0RDd mod0 rep www.keytrap.test. A IN
[1728040705] unbound[1:0] debug: validate_suspend timer, continue
[1728040705] unbound[1:0] debug: mesh_run: start
[1728040705] unbound[1:0] debug: validator[module 0] operate: extstate:module_wait_reply event:module_event_pass
[1728040705] unbound[1:0] info: validator operate: query www.keytrap.test. A IN
[1728040705] unbound[1:0] debug: val handle processing q with state VAL_VALIDATE_STATE
[1728040705] unbound[1:0] info: verify rrset ns6.keytrap.test. A IN
[1728040705] unbound[1:0] debug: verify sig 6350 14
[1728040705] unbound[1:0] debug: verify: signature mismatch
[1728040705] unbound[1:0] debug: verify: signature mismatch
[1728040705] unbound[1:0] debug: verify: signature mismatch
[1728040705] unbound[1:0] debug: verify: signature mismatch
[1728040705] unbound[1:0] debug: verify: signature mismatch
[1728040705] unbound[1:0] debug: verify: signature mismatch
[1728040705] unbound[1:0] debug: verify: signature mismatch
[1728040705] unbound[1:0] debug: verify: signature mismatch
[1728040705] unbound[1:0] debug: verify: signature mismatch
[1728040705] unbound[1:0] debug: verify sig: too many RRSIG validations
[1728040705] unbound[1:0] debug: rrset failed to verify, too many RRSIG validations
[1728040705] unbound[1:0] debug: verify result: sec_status_bogus
[1728040705] unbound[1:0] debug: msg signature validation suspended
[1728040705] unbound[1:0] debug: validate_suspend timer, set for suspend
[1728040705] unbound[1:0] debug: mesh_run: validator module exit state is module_wait_reply
[1728040705] unbound[1:0] info: mesh_run: end 1 recursion states (1 with reply, 0 detached), 1 waiting replies, 0 recursion replies sent, 0 replies dropped, 0 states jostled out
[1728040705] unbound[1:0] info: 0RDd mod0 rep www.keytrap.test. A IN
[1728040705] unbound[1:0] debug: validate_suspend timer, continue
[1728040705] unbound[1:0] debug: mesh_run: start
[1728040705] unbound[1:0] debug: validator[module 0] operate: extstate:module_wait_reply event:module_event_pass
[1728040705] unbound[1:0] info: validator operate: query www.keytrap.test. A IN
[1728040705] unbound[1:0] debug: val handle processing q with state VAL_VALIDATE_STATE
[1728040705] unbound[1:0] info: verify rrset ns7.keytrap.test. A IN
[1728040705] unbound[1:0] debug: verify sig 6350 14
[1728040705] unbound[1:0] debug: verify: signature mismatch
[1728040705] unbound[1:0] debug: verify: signature mismatch
[1728040705] unbound[1:0] debug: verify: signature mismatch
[1728040705] unbound[1:0] debug: verify: signature mismatch
[1728040705] unbound[1:0] debug: verify: signature mismatch
[1728040705] unbound[1:0] debug: verify: signature mismatch
[1728040705] unbound[1:0] debug: verify: signature mismatch
[1728040705] unbound[1:0] debug: verify: signature mismatch
[1728040705] unbound[1:0] debug: verify: signature mismatch
[1728040705] unbound[1:0] debug: verify sig: too many RRSIG validations
[1728040705] unbound[1:0] debug: rrset failed to verify, too many RRSIG validations
[1728040705] unbound[1:0] debug: verify result: sec_status_bogus
[1728040705] unbound[1:0] debug: msg signature validation suspended
[1728040705] unbound[1:0] debug: validate_suspend timer, set for suspend
[1728040705] unbound[1:0] debug: mesh_run: validator module exit state is module_wait_reply
[1728040705] unbound[1:0] info: mesh_run: end 1 recursion states (1 with reply, 0 detached), 1 waiting replies, 0 recursion replies sent, 0 replies dropped, 0 states jostled out
[1728040705] unbound[1:0] info: 0RDd mod0 rep www.keytrap.test. A IN
[1728040706] unbound[1:0] debug: validate_suspend timer, continue
[1728040706] unbound[1:0] debug: mesh_run: start
[1728040706] unbound[1:0] debug: validator[module 0] operate: extstate:module_wait_reply event:module_event_pass
[1728040706] unbound[1:0] info: validator operate: query www.keytrap.test. A IN
[1728040706] unbound[1:0] debug: val handle processing q with state VAL_VALIDATE_STATE
[1728040706] unbound[1:0] info: verify rrset ns8.keytrap.test. A IN
[1728040706] unbound[1:0] debug: verify sig 6350 14
[1728040706] unbound[1:0] debug: verify: signature mismatch
[1728040706] unbound[1:0] debug: verify: signature mismatch
[1728040706] unbound[1:0] debug: verify: signature mismatch
[1728040706] unbound[1:0] debug: verify: signature mismatch
[1728040706] unbound[1:0] debug: verify: signature mismatch
[1728040706] unbound[1:0] debug: verify: signature mismatch
[1728040706] unbound[1:0] debug: verify: signature mismatch
[1728040706] unbound[1:0] debug: verify: signature mismatch
[1728040706] unbound[1:0] debug: verify: signature mismatch
[1728040706] unbound[1:0] debug: verify sig: too many RRSIG validations
[1728040706] unbound[1:0] debug: rrset failed to verify, too many RRSIG validations
[1728040706] unbound[1:0] debug: verify result: sec_status_bogus
[1728040706] unbound[1:0] debug: msg signature validation suspended
[1728040706] unbound[1:0] debug: validate_suspend timer, set for suspend
[1728040706] unbound[1:0] debug: mesh_run: validator module exit state is module_wait_reply
[1728040706] unbound[1:0] info: mesh_run: end 1 recursion states (1 with reply, 0 detached), 1 waiting replies, 0 recursion replies sent, 0 replies dropped, 0 states jostled out
[1728040706] unbound[1:0] info: 0RDd mod0 rep www.keytrap.test. A IN
[1728040706] unbound[1:0] debug: validate_suspend timer, continue
[1728040706] unbound[1:0] debug: mesh_run: start
[1728040706] unbound[1:0] debug: validator[module 0] operate: extstate:module_wait_reply event:module_event_pass
[1728040706] unbound[1:0] info: validator operate: query www.keytrap.test. A IN
[1728040706] unbound[1:0] debug: val handle processing q with state VAL_VALIDATE_STATE
[1728040706] unbound[1:0] info: verify rrset ns9.keytrap.test. A IN
[1728040706] unbound[1:0] debug: verify sig 6350 14
[1728040706] unbound[1:0] debug: verify: signature mismatch
[1728040706] unbound[1:0] debug: verify: signature mismatch
[1728040706] unbound[1:0] debug: verify: signature mismatch
[1728040706] unbound[1:0] debug: verify: signature mismatch
[1728040706] unbound[1:0] debug: verify: signature mismatch
[1728040706] unbound[1:0] debug: verify: signature mismatch
[1728040706] unbound[1:0] debug: verify: signature mismatch
[1728040706] unbound[1:0] debug: verify: signature mismatch
[1728040706] unbound[1:0] debug: verify: signature mismatch
[1728040706] unbound[1:0] debug: verify sig: too many RRSIG validations
[1728040706] unbound[1:0] debug: rrset failed to verify, too many RRSIG validations
[1728040706] unbound[1:0] debug: verify result: sec_status_bogus
[1728040706] unbound[1:0] debug: msg signature validation suspended
[1728040706] unbound[1:0] debug: validate_suspend timer, set for suspend
[1728040706] unbound[1:0] debug: mesh_run: validator module exit state is module_wait_reply
[1728040706] unbound[1:0] info: mesh_run: end 1 recursion states (1 with reply, 0 detached), 1 waiting replies, 0 recursion replies sent, 0 replies dropped, 0 states jostled out
[1728040706] unbound[1:0] info: 0RDd mod0 rep www.keytrap.test. A IN
[1728040706] unbound[1:0] debug: validate_suspend timer, continue
[1728040706] unbound[1:0] debug: mesh_run: start
[1728040706] unbound[1:0] debug: validator[module 0] operate: extstate:module_wait_reply event:module_event_pass
[1728040706] unbound[1:0] info: validator operate: query www.keytrap.test. A IN
[1728040706] unbound[1:0] debug: val handle processing q with state VAL_VALIDATE_STATE
[1728040706] unbound[1:0] info: verify rrset ns10.keytrap.test. A IN
[1728040706] unbound[1:0] debug: verify sig 6350 14
[1728040706] unbound[1:0] debug: verify: signature mismatch
[1728040706] unbound[1:0] debug: verify: signature mismatch
[1728040706] unbound[1:0] debug: verify: signature mismatch
[1728040706] unbound[1:0] debug: verify: signature mismatch
[1728040706] unbound[1:0] debug: verify: signature mismatch
[1728040706] unbound[1:0] debug: verify: signature mismatch
[1728040706] unbound[1:0] debug: verify: signature mismatch
[1728040706] unbound[1:0] debug: verify: signature mismatch
[1728040706] unbound[1:0] debug: verify: signature mismatch
[1728040706] unbound[1:0] debug: verify sig: too many RRSIG validations
[1728040706] unbound[1:0] debug: rrset failed to verify, too many RRSIG validations
[1728040706] unbound[1:0] debug: verify result: sec_status_bogus
[1728040706] unbound[1:0] debug: msg signature validation suspended
[1728040706] unbound[1:0] debug: validate_suspend timer, set for suspend
[1728040706] unbound[1:0] debug: mesh_run: validator module exit state is module_wait_reply
[1728040706] unbound[1:0] info: mesh_run: end 1 recursion states (1 with reply, 0 detached), 1 waiting replies, 0 recursion replies sent, 0 replies dropped, 0 states jostled out
[1728040706] unbound[1:0] info: 0RDd mod0 rep www.keytrap.test. A IN
[1728040707] unbound[1:0] debug: validate_suspend timer, continue
[1728040707] unbound[1:0] debug: mesh_run: start
[1728040707] unbound[1:0] debug: validator[module 0] operate: extstate:module_wait_reply event:module_event_pass
[1728040707] unbound[1:0] info: validator operate: query www.keytrap.test. A IN
[1728040707] unbound[1:0] debug: val handle processing q with state VAL_VALIDATE_STATE
[1728040707] unbound[1:0] info: verify rrset ns11.keytrap.test. A IN
[1728040707] unbound[1:0] debug: verify sig 6350 14
[1728040707] unbound[1:0] debug: verify: signature mismatch
[1728040707] unbound[1:0] debug: verify: signature mismatch
[1728040707] unbound[1:0] debug: verify: signature mismatch
[1728040707] unbound[1:0] debug: verify: signature mismatch
[1728040707] unbound[1:0] debug: verify: signature mismatch
[1728040707] unbound[1:0] debug: verify: signature mismatch
[1728040707] unbound[1:0] debug: verify: signature mismatch
[1728040707] unbound[1:0] debug: verify: signature mismatch
[1728040707] unbound[1:0] debug: verify: signature mismatch
[1728040707] unbound[1:0] debug: verify sig: too many RRSIG validations
[1728040707] unbound[1:0] debug: rrset failed to verify, too many RRSIG validations
[1728040707] unbound[1:0] debug: verify result: sec_status_bogus
[1728040707] unbound[1:0] debug: msg signature validation suspended
[1728040707] unbound[1:0] debug: validate_suspend timer, set for suspend
[1728040707] unbound[1:0] debug: mesh_run: validator module exit state is module_wait_reply
[1728040707] unbound[1:0] info: mesh_run: end 1 recursion states (1 with reply, 0 detached), 1 waiting replies, 0 recursion replies sent, 0 replies dropped, 0 states jostled out
[1728040707] unbound[1:0] info: 0RDd mod0 rep www.keytrap.test. A IN
[1728040707] unbound[1:0] debug: validate_suspend timer, continue
[1728040707] unbound[1:0] debug: mesh_run: start
[1728040707] unbound[1:0] debug: validator[module 0] operate: extstate:module_wait_reply event:module_event_pass
[1728040707] unbound[1:0] info: validator operate: query www.keytrap.test. A IN
[1728040707] unbound[1:0] debug: val handle processing q with state VAL_VALIDATE_STATE
[1728040707] unbound[1:0] info: verify rrset ns12.keytrap.test. A IN
[1728040707] unbound[1:0] debug: verify sig 6350 14
[1728040707] unbound[1:0] debug: verify: signature mismatch
[1728040707] unbound[1:0] debug: verify: signature mismatch
[1728040707] unbound[1:0] debug: verify: signature mismatch
[1728040707] unbound[1:0] debug: verify: signature mismatch
[1728040707] unbound[1:0] debug: verify: signature mismatch
[1728040707] unbound[1:0] debug: verify: signature mismatch
[1728040707] unbound[1:0] debug: verify: signature mismatch
[1728040707] unbound[1:0] debug: verify: signature mismatch
[1728040707] unbound[1:0] debug: verify: signature mismatch
[1728040707] unbound[1:0] debug: verify sig: too many RRSIG validations
[1728040707] unbound[1:0] debug: rrset failed to verify, too many RRSIG validations
[1728040707] unbound[1:0] debug: verify result: sec_status_bogus
[1728040707] unbound[1:0] debug: msg signature validation suspended
[1728040707] unbound[1:0] debug: validate_suspend timer, set for suspend
[1728040707] unbound[1:0] debug: mesh_run: validator module exit state is module_wait_reply
[1728040707] unbound[1:0] info: mesh_run: end 1 recursion states (1 with reply, 0 detached), 1 waiting replies, 0 recursion replies sent, 0 replies dropped, 0 states jostled out
[1728040707] unbound[1:0] info: 0RDd mod0 rep www.keytrap.test. A IN
[1728040708] unbound[1:0] debug: validate_suspend timer, continue
[1728040708] unbound[1:0] debug: mesh_run: start
[1728040708] unbound[1:0] debug: validator[module 0] operate: extstate:module_wait_reply event:module_event_pass
[1728040708] unbound[1:0] info: validator operate: query www.keytrap.test. A IN
[1728040708] unbound[1:0] debug: val handle processing q with state VAL_VALIDATE_STATE
[1728040708] unbound[1:0] info: verify rrset ns13.keytrap.test. A IN
[1728040708] unbound[1:0] debug: verify sig 6350 14
[1728040708] unbound[1:0] debug: verify: signature mismatch
[1728040708] unbound[1:0] debug: verify: signature mismatch
[1728040708] unbound[1:0] debug: verify: signature mismatch
[1728040708] unbound[1:0] debug: verify: signature mismatch
[1728040708] unbound[1:0] debug: verify: signature mismatch
[1728040708] unbound[1:0] debug: verify: signature mismatch
[1728040708] unbound[1:0] debug: verify: signature mismatch
[1728040708] unbound[1:0] debug: verify: signature mismatch
[1728040708] unbound[1:0] debug: verify: signature mismatch
[1728040708] unbound[1:0] debug: verify sig: too many RRSIG validations
[1728040708] unbound[1:0] debug: rrset failed to verify, too many RRSIG validations
[1728040708] unbound[1:0] debug: verify result: sec_status_bogus
[1728040708] unbound[1:0] debug: msg signature validation suspended
[1728040708] unbound[1:0] debug: validate_suspend timer, set for suspend
[1728040708] unbound[1:0] debug: mesh_run: validator module exit state is module_wait_reply
[1728040708] unbound[1:0] info: mesh_run: end 1 recursion states (1 with reply, 0 detached), 1 waiting replies, 0 recursion replies sent, 0 replies dropped, 0 states jostled out
[1728040708] unbound[1:0] info: 0RDd mod0 rep www.keytrap.test. A IN
[1728040708] unbound[1:0] debug: validate_suspend timer, continue
[1728040708] unbound[1:0] debug: mesh_run: start
[1728040708] unbound[1:0] debug: validator[module 0] operate: extstate:module_wait_reply event:module_event_pass
[1728040708] unbound[1:0] info: validator operate: query www.keytrap.test. A IN
[1728040708] unbound[1:0] debug: val handle processing q with state VAL_VALIDATE_STATE
[1728040708] unbound[1:0] info: verify rrset ns14.keytrap.test. A IN
[1728040708] unbound[1:0] debug: verify sig 6350 14
[1728040708] unbound[1:0] debug: verify: signature mismatch
[1728040708] unbound[1:0] debug: verify: signature mismatch
[1728040708] unbound[1:0] debug: verify: signature mismatch
[1728040708] unbound[1:0] debug: verify: signature mismatch
[1728040708] unbound[1:0] debug: verify: signature mismatch
[1728040708] unbound[1:0] debug: verify: signature mismatch
[1728040708] unbound[1:0] debug: verify: signature mismatch
[1728040708] unbound[1:0] debug: verify: signature mismatch
[1728040708] unbound[1:0] debug: verify: signature mismatch
[1728040708] unbound[1:0] debug: verify sig: too many RRSIG validations
[1728040708] unbound[1:0] debug: rrset failed to verify, too many RRSIG validations
[1728040708] unbound[1:0] debug: verify result: sec_status_bogus
[1728040708] unbound[1:0] debug: msg signature validation suspended
[1728040708] unbound[1:0] debug: validate_suspend timer, set for suspend
[1728040708] unbound[1:0] debug: mesh_run: validator module exit state is module_wait_reply
[1728040708] unbound[1:0] info: mesh_run: end 1 recursion states (1 with reply, 0 detached), 1 waiting replies, 0 recursion replies sent, 0 replies dropped, 0 states jostled out
[1728040708] unbound[1:0] info: 0RDd mod0 rep www.keytrap.test. A IN
[1728040708] unbound[1:0] debug: Cache reply: unchecked entry needs validation
[1728040708] unbound[1:0] debug: answer from the cache failed
[1728040708] unbound[1:0] debug: cache memory msg=67287 rrset=76211 infra=8534 val=68206
[1728040708] unbound[1:0] debug: validate_suspend timer, continue
[1728040708] unbound[1:0] debug: mesh_run: start
[1728040708] unbound[1:0] debug: validator[module 0] operate: extstate:module_wait_reply event:module_event_pass
[1728040708] unbound[1:0] info: validator operate: query www.keytrap.test. A IN
[1728040708] unbound[1:0] debug: val handle processing q with state VAL_VALIDATE_STATE
[1728040708] unbound[1:0] info: verify rrset ns15.keytrap.test. A IN
[1728040708] unbound[1:0] debug: verify sig 6350 14
[1728040708] unbound[1:0] debug: verify: signature mismatch
[1728040708] unbound[1:0] debug: verify: signature mismatch
[1728040708] unbound[1:0] debug: verify: signature mismatch
[1728040708] unbound[1:0] debug: verify: signature mismatch
[1728040708] unbound[1:0] debug: verify: signature mismatch
[1728040708] unbound[1:0] debug: verify: signature mismatch
[1728040708] unbound[1:0] debug: verify: signature mismatch
[1728040708] unbound[1:0] debug: verify: signature mismatch
[1728040708] unbound[1:0] debug: verify: signature mismatch
[1728040708] unbound[1:0] debug: verify sig: too many RRSIG validations
[1728040708] unbound[1:0] debug: rrset failed to verify, too many RRSIG validations
[1728040708] unbound[1:0] debug: verify result: sec_status_bogus
[1728040708] unbound[1:0] debug: Validating a positive response
[1728040708] unbound[1:0] debug: Successfully validated positive response
[1728040708] unbound[1:0] info: validate(positive): sec_status_secure
[1728040708] unbound[1:0] debug: val handle processing q with state VAL_FINISHED_STATE
[1728040708] unbound[1:0] info: validation success www.keytrap.test. A IN
[1728040708] unbound[1:0] debug: mesh_run: validator module exit state is module_finished
[1728040708] unbound[1:0] debug: query took 0.314807 sec
[1728040708] unbound[1:0] debug: drop reply, it is older than discard-timeout
[1728040708] unbound[1:0] info: mesh_run: end 0 recursion states (0 with reply, 0 detached), 1 waiting replies, 1 recursion replies sent, 1 replies dropped, 0 states jostled out
[1728040708] unbound[1:0] info: average recursion processing time 0.314807 sec
[1728040708] unbound[1:0] info: histogram of recursion processing times
[1728040708] unbound[1:0] info: [25%]=0 median[50%]=0 [75%]=0
[1728040708] unbound[1:0] info: lower(secs) upper(secs) recursions
[1728040708] unbound[1:0] info:    0.262144    0.524288 1
