2024-09-24 17:06:12 [1727168772] unbound[1:0] debug: mesh_run: start
2024-09-24 17:06:12 [1727168772] unbound[1:0] debug: validator[module 0] operate: extstate:module_state_initial event:module_event_new
2024-09-24 17:06:12 [1727168772] unbound[1:0] info: validator operate: query www.keytrap.test. A IN
2024-09-24 17:06:12 [1727168772] unbound[1:0] debug: validator: pass to next module
2024-09-24 17:06:12 [1727168772] unbound[1:0] debug: mesh_run: validator module exit state is module_wait_module
2024-09-24 17:06:12 [1727168772] unbound[1:0] debug: iterator[module 1] operate: extstate:module_state_initial event:module_event_pass
2024-09-24 17:06:12 [1727168772] unbound[1:0] debug: process_request: new external request event
2024-09-24 17:06:12 [1727168772] unbound[1:0] debug: iter_handle processing q with state INIT REQUEST STATE
2024-09-24 17:06:12 [1727168772] unbound[1:0] info: resolving www.keytrap.test. A IN
2024-09-24 17:06:12 [1727168772] unbound[1:0] debug: request has dependency depth of 0
2024-09-24 17:06:12 [1727168772] unbound[1:0] info: use stub keytrap.test. NS IN
2024-09-24 17:06:12 [1727168772] unbound[1:0] debug: cache delegation returns delegpt
2024-09-24 17:06:12 [1727168772] unbound[1:0] info: DelegationPoint<keytrap.test.>: 0 names (0 missing), 1 addrs (0 result, 1 avail) parentNS
2024-09-24 17:06:12 [1727168772] unbound[1:0] debug:    ip4 10.10.0.4 port 53 (len 16)
2024-09-24 17:06:12 [1727168772] unbound[1:0] debug: iter_handle processing q with state INIT REQUEST STATE (stage 2)
2024-09-24 17:06:12 [1727168772] unbound[1:0] info: resolving (init part 2):  www.keytrap.test. A IN
2024-09-24 17:06:12 [1727168772] unbound[1:0] info: use stub keytrap.test. NS IN
2024-09-24 17:06:12 [1727168772] unbound[1:0] debug: iter_handle processing q with state INIT REQUEST STATE (stage 3)
2024-09-24 17:06:12 [1727168772] unbound[1:0] info: resolving (init part 3):  www.keytrap.test. A IN
2024-09-24 17:06:12 [1727168772] unbound[1:0] debug: iter_handle processing q with state QUERY TARGETS STATE
2024-09-24 17:06:12 [1727168772] unbound[1:0] info: processQueryTargets: www.keytrap.test. A IN
2024-09-24 17:06:12 [1727168772] unbound[1:0] debug: processQueryTargets: targetqueries 0, currentqueries 0 sentcount 0
2024-09-24 17:06:12 [1727168772] unbound[1:0] info: DelegationPoint<keytrap.test.>: 0 names (0 missing), 1 addrs (0 result, 1 avail) parentNS
2024-09-24 17:06:12 [1727168772] unbound[1:0] debug:    ip4 10.10.0.4 port 53 (len 16)
2024-09-24 17:06:12 [1727168772] unbound[1:0] debug: attempt to get extra 3 targets
2024-09-24 17:06:12 [1727168772] unbound[1:0] debug: rpz: iterator module callback: have_rpz=0
2024-09-24 17:06:12 [1727168772] unbound[1:0] debug: selrtt 376
2024-09-24 17:06:12 [1727168772] unbound[1:0] info: sending query: www.keytrap.test. A IN
2024-09-24 17:06:12 [1727168772] unbound[1:0] debug: sending to target: <keytrap.test.> 10.10.0.4#53
2024-09-24 17:06:12 [1727168772] unbound[1:0] debug: dnssec status: expected
2024-09-24 17:06:12 [1727168772] unbound[1:0] debug: mesh_run: iterator module exit state is module_wait_reply
2024-09-24 17:06:12 [1727168772] unbound[1:0] info: mesh_run: end 1 recursion states (1 with reply, 0 detached), 1 waiting replies, 0 recursion replies sent, 0 replies dropped, 0 states jostled out
2024-09-24 17:06:12 [1727168772] unbound[1:0] info: 0RDd mod1 rep www.keytrap.test. A IN
2024-09-24 17:06:12 [1727168772] unbound[1:0] debug: cache memory msg=66104 rrset=66104 infra=8224 val=66384
2024-09-24 17:06:12 [1727168772] unbound[1:0] debug: serviced send timer
2024-09-24 17:06:12 [1727168772] unbound[1:0] debug: EDNS lookup known=0 vs=0
2024-09-24 17:06:12 [1727168772] unbound[1:0] debug: serviced query UDP timeout=376 msec
2024-09-24 17:06:12 [1727168772] unbound[1:0] debug: inserted new pending reply id=5305
2024-09-24 17:06:12 [1727168772] unbound[1:0] debug: opened UDP if=0 port=45252
2024-09-24 17:06:12 [1727168772] unbound[1:0] debug: comm point start listening 7 (-1 msec)
2024-09-24 17:06:12 [1727168772] unbound[1:0] debug: answer cb
2024-09-24 17:06:12 [1727168772] unbound[1:0] debug: Incoming reply id = 5305
2024-09-24 17:06:12 [1727168772] unbound[1:0] debug: Incoming reply addr = ip4 10.10.0.4 port 53 (len 16)
2024-09-24 17:06:12 [1727168772] unbound[1:0] debug: lookup size is 1 entries
2024-09-24 17:06:12 [1727168772] unbound[1:0] debug: received udp reply.
2024-09-24 17:06:12 [1727168772] unbound[1:0] debug: udp message[1101:0] 5305849000010002000B001603777777076B65797472617004746573740000010001C00C000100010001518000040A0A0004C00C002E000100015180008000010E03000151806719FFCA66F272CA18CE076B65797472617004746573740089EC56BF7B12EE83044C140AE5C7ED2903A7722FF8ADC443165324D0E6BE15E99D89C45B7B0EEAAAB369139D7093012BF020716C5DFBA9EA62F8E70E3FB6F938C1211E2458DA4EDD1881205C78EBA43E0DB2B813125E614910F6AAC8712C2FF4C05000020001000151800006036E7337C050C05000020001000151800006036E7339C050C05000020001000151800006036E7330C050C05000020001000151800006
2024-09-24 17:06:12 [1727168772] unbound[1:0] debug: udp message[1101:256] 036E7334C050C05000020001000151800006036E7331C050C05000020001000151800006036E7332C050C05000020001000151800006036E7335C050C05000020001000151800006036E7333C050C05000020001000151800006036E7336C050C05000020001000151800006036E7338C050C050002E000100015180008000020E02000151806719FFCA66F272CA18CE076B657974726170047465737400B5F753DAEF4ADBF0566F92176FF38E5EFC8B8B5A0369662571F638CF50E3C36981A223CD9F77FD3C2D940B53C1D3BBF71E48317CC2A46B15A35738D3085F92B70913BC652C403E62D3E93D6D881486AF81DDFDC0536E2F7DD221C5CDF1CB6222C0EE
2024-09-24 17:06:12 [1727168772] unbound[1:0] debug: udp message[1101:512] 000100010001518000040A0A0004C112000100010001518000040A0A0004C124000100010001518000040A0A0004C148000100010001518000040A0A0004C100000100010001518000040A0A0004C136000100010001518000040A0A0004C15A000100010001518000040A0A0004C0CA000100010001518000040A0A0004C16C000100010001518000040A0A0004C0DC000100010001518000040A0A0004C0EE001C000100015180001020010DB8000000000000000000000004C112001C000100015180001020010DB8000000000000000000000004C124001C000100015180001020010DB8000000000000000000000004C148001C00010001518000102001
2024-09-24 17:06:12 [1727168772] unbound[1:0] debug: udp message[1101:768] 0DB8000000000000000000000004C100001C000100015180001020010DB8000000000000000000000004C136001C000100015180001020010DB8000000000000000000000004C15A001C000100015180001020010DB8000000000000000000000004C0CA001C000100015180001020010DB8000000000000000000000004C16C001C000100015180001020010DB8000000000000000000000004C0DC001C000100015180001020010DB8000000000000000000000004C0EE002E000100015180008000010E03000151806719FFCA66F272CA18CE076B6579747261700474657374008C6CCA629F9F7DFAB7858178473DC5CA4E14822A7162E048CA26803ACB2B
2024-09-24 17:06:12 [1727168772] unbound[1:0] debug: udp message[1101:1024] FC362BA1EE367E43A7CC018A2B345F26217DFD2BFED894282A8DE9F4C71E2A44E6378CBF1DA521C67A730EF8E8ADFD2677E20FE34ABD7C0BA6320AF8ED85C70D97A800002904D0000080000000
2024-09-24 17:06:12 [1727168772] unbound[1:0] debug: outnet handle udp reply
2024-09-24 17:06:12 [1727168772] unbound[1:0] debug: serviced query: EDNS works for ip4 10.10.0.4 port 53 (len 16)
2024-09-24 17:06:12 [1727168772] unbound[1:0] debug: measured roundtrip at 0 msec
2024-09-24 17:06:12 [1727168772] unbound[1:0] debug: svcd callbacks start
2024-09-24 17:06:12 [1727168772] unbound[1:0] debug: worker svcd callback for qstate 0x56270fce6240
2024-09-24 17:06:12 [1727168772] unbound[1:0] debug: mesh_run: start
2024-09-24 17:06:12 [1727168772] unbound[1:0] debug: iterator[module 1] operate: extstate:module_wait_reply event:module_event_reply
2024-09-24 17:06:12 [1727168772] unbound[1:0] info: iterator operate: query www.keytrap.test. A IN
2024-09-24 17:06:12 [1727168772] unbound[1:0] debug: process_response: new external response event
2024-09-24 17:06:12 [1727168772] unbound[1:0] info: scrub for keytrap.test. NS IN
2024-09-24 17:06:12 [1727168772] unbound[1:0] info: response for www.keytrap.test. A IN
2024-09-24 17:06:12 [1727168772] unbound[1:0] info: reply from <keytrap.test.> 10.10.0.4#53
2024-09-24 17:06:12 [1727168772] unbound[1:0] info: incoming scrubbed packet: ;; ->>HEADER<<- opcode: QUERY, rcode: NOERROR, id: 0
2024-09-24 17:06:12 ;; flags: qr aa ra ; QUERY: 1, ANSWER: 2, AUTHORITY: 11, ADDITIONAL: 21 
2024-09-24 17:06:12 ;; QUESTION SECTION:
2024-09-24 17:06:12 www.keytrap.test.INA
2024-09-24 17:06:12 
2024-09-24 17:06:12 ;; ANSWER SECTION:
2024-09-24 17:06:12 www.keytrap.test.86400INA10.10.0.4
2024-09-24 17:06:12 www.keytrap.test.86400INRRSIGA 14 3 86400 20241024080530 20240924080530 6350 keytrap.test. iexWv3sS7oMETBQK5cftKQOnci/4rcRDFlMk0Oa+FemdicRbew7qqrNpE51wkwEr8CBxbF37qepi+OcOP7b5OMEhHiRY2k7dGIEgXHjrpD4NsrgTEl5hSRD2qshxLC/0 ;{id = 6350}
2024-09-24 17:06:12 
2024-09-24 17:06:12 ;; AUTHORITY SECTION:
2024-09-24 17:06:12 keytrap.test.86400INNSns0.keytrap.test.
2024-09-24 17:06:12 keytrap.test.86400INNSns4.keytrap.test.
2024-09-24 17:06:12 keytrap.test.86400INNSns1.keytrap.test.
2024-09-24 17:06:12 keytrap.test.86400INNSns2.keytrap.test.
2024-09-24 17:06:12 keytrap.test.86400INNSns5.keytrap.test.
2024-09-24 17:06:12 keytrap.test.86400INNSns3.keytrap.test.
2024-09-24 17:06:12 keytrap.test.86400INNSns6.keytrap.test.
2024-09-24 17:06:12 keytrap.test.86400INNSns8.keytrap.test.
2024-09-24 17:06:12 keytrap.test.86400INNSns7.keytrap.test.
2024-09-24 17:06:12 keytrap.test.86400INNSns9.keytrap.test.
2024-09-24 17:06:12 keytrap.test.86400INRRSIGNS 14 2 86400 20241024080530 20240924080530 6350 keytrap.test. tfdT2u9K2/BWb5IXb/OOXvyLi1oDaWYlcfY4z1Djw2mBoiPNn3f9PC2UC1PB07v3HkgxfMKkaxWjVzjTCF+StwkTvGUsQD5i0+k9bYgUhq+B3f3AU24vfdIhxc3xy2Ii ;{id = 6350}
2024-09-24 17:06:12 
2024-09-24 17:06:12 ;; ADDITIONAL SECTION:
2024-09-24 17:06:12 ns0.keytrap.test.86400INA10.10.0.4
2024-09-24 17:06:12 ns1.keytrap.test.86400INA10.10.0.4
2024-09-24 17:06:12 ns2.keytrap.test.86400INA10.10.0.4
2024-09-24 17:06:12 ns3.keytrap.test.86400INA10.10.0.4
2024-09-24 17:06:12 ns4.keytrap.test.86400INA10.10.0.4
2024-09-24 17:06:12 ns5.keytrap.test.86400INA10.10.0.4
2024-09-24 17:06:12 ns6.keytrap.test.86400INA10.10.0.4
2024-09-24 17:06:12 ns7.keytrap.test.86400INA10.10.0.4
2024-09-24 17:06:12 ns8.keytrap.test.86400INA10.10.0.4
2024-09-24 17:06:12 ns9.keytrap.test.86400INA10.10.0.4
2024-09-24 17:06:12 ns0.keytrap.test.86400INAAAA2001:db8::4
2024-09-24 17:06:12 ns1.keytrap.test.86400INAAAA2001:db8::4
2024-09-24 17:06:12 ns2.keytrap.test.86400INAAAA2001:db8::4
2024-09-24 17:06:12 ns3.keytrap.test.86400INAAAA2001:db8::4
2024-09-24 17:06:12 ns4.keytrap.test.86400INAAAA2001:db8::4
2024-09-24 17:06:12 ns5.keytrap.test.86400INAAAA2001:db8::4
2024-09-24 17:06:12 ns6.keytrap.test.86400INAAAA2001:db8::4
2024-09-24 17:06:12 ns7.keytrap.test.86400INAAAA2001:db8::4
2024-09-24 17:06:12 ns8.keytrap.test.86400INAAAA2001:db8::4
2024-09-24 17:06:12 ns9.keytrap.test.86400INAAAA2001:db8::4
2024-09-24 17:06:12 ns0.keytrap.test.86400INRRSIGA 14 3 86400 20241024080530 20240924080530 6350 keytrap.test. jGzKYp+fffq3hYF4Rz3Fyk4UgipxYuBIyiaAOssr/DYroe42fkOnzAGKKzRfJiF9/Sv+2JQoKo3p9MceKkTmN4y/HaUhxnpzDvjorf0md+IP40q9fAumMgr47YXHDZeo ;{id = 6350}
2024-09-24 17:06:12 ;; MSG SIZE  rcvd: 1090
2024-09-24 17:06:12 
2024-09-24 17:06:12 [1727168772] unbound[1:0] debug: iter_handle processing q with state QUERY RESPONSE STATE
2024-09-24 17:06:12 [1727168772] unbound[1:0] info: query response was ANSWER
2024-09-24 17:06:12 [1727168772] unbound[1:0] debug: iter_handle processing q with state FINISHED RESPONSE STATE
2024-09-24 17:06:12 [1727168772] unbound[1:0] info: finishing processing for www.keytrap.test. A IN
2024-09-24 17:06:12 [1727168772] unbound[1:0] debug: mesh_run: iterator module exit state is module_finished
2024-09-24 17:06:12 [1727168772] unbound[1:0] debug: validator[module 0] operate: extstate:module_wait_module event:module_event_moddone
2024-09-24 17:06:12 [1727168772] unbound[1:0] info: validator operate: query www.keytrap.test. A IN
2024-09-24 17:06:12 [1727168772] unbound[1:0] debug: validator: nextmodule returned
2024-09-24 17:06:12 [1727168772] unbound[1:0] debug: val handle processing q with state VAL_INIT_STATE
2024-09-24 17:06:12 [1727168772] unbound[1:0] debug: validator classification positive
2024-09-24 17:06:12 [1727168772] unbound[1:0] info: signer is keytrap.test. TYPE0 CLASS0
2024-09-24 17:06:12 [1727168772] unbound[1:0] info: prime trust anchor
2024-09-24 17:06:12 [1727168772] unbound[1:0] info: generate request keytrap.test. DNSKEY IN
2024-09-24 17:06:12 [1727168772] unbound[1:0] info: generate keytag query _ta-75b2.keytrap.test. NULL IN
2024-09-24 17:06:12 [1727168772] unbound[1:0] info: generate request _ta-75b2.keytrap.test. NULL IN
2024-09-24 17:06:12 [1727168772] unbound[1:0] debug: mesh_run: validator module exit state is module_wait_subquery
2024-09-24 17:06:12 [1727168772] unbound[1:0] debug: validator[module 0] operate: extstate:module_state_initial event:module_event_pass
2024-09-24 17:06:12 [1727168772] unbound[1:0] info: validator operate: query keytrap.test. DNSKEY IN
2024-09-24 17:06:12 [1727168772] unbound[1:0] debug: validator: pass to next module
2024-09-24 17:06:12 [1727168772] unbound[1:0] debug: mesh_run: validator module exit state is module_wait_module
2024-09-24 17:06:12 [1727168772] unbound[1:0] debug: iterator[module 1] operate: extstate:module_state_initial event:module_event_pass
2024-09-24 17:06:12 [1727168772] unbound[1:0] debug: process_request: new external request event
2024-09-24 17:06:12 [1727168772] unbound[1:0] debug: iter_handle processing q with state INIT REQUEST STATE
2024-09-24 17:06:12 [1727168772] unbound[1:0] info: resolving keytrap.test. DNSKEY IN
2024-09-24 17:06:12 [1727168772] unbound[1:0] debug: request has dependency depth of 0
2024-09-24 17:06:12 [1727168772] unbound[1:0] debug: cache delegation returns delegpt
2024-09-24 17:06:12 [1727168772] unbound[1:0] info: DelegationPoint<keytrap.test.>: 10 names (0 missing), 2 addrs (0 result, 2 avail) cacheNS
2024-09-24 17:06:12 [1727168772] unbound[1:0] info:   ns8.keytrap.test. * A AAAA
2024-09-24 17:06:12 [1727168772] unbound[1:0] info:   ns6.keytrap.test. * A AAAA
2024-09-24 17:06:12 [1727168772] unbound[1:0] info:   ns3.keytrap.test. * A AAAA
2024-09-24 17:06:12 [1727168772] unbound[1:0] info:   ns5.keytrap.test. * A AAAA
2024-09-24 17:06:12 [1727168772] unbound[1:0] info:   ns2.keytrap.test. * A AAAA
2024-09-24 17:06:12 [1727168772] unbound[1:0] info:   ns1.keytrap.test. * A AAAA
2024-09-24 17:06:12 [1727168772] unbound[1:0] info:   ns4.keytrap.test. * A AAAA
2024-09-24 17:06:12 [1727168772] unbound[1:0] info:   ns0.keytrap.test. * A AAAA
2024-09-24 17:06:12 [1727168772] unbound[1:0] info:   ns9.keytrap.test. * A AAAA
2024-09-24 17:06:12 [1727168772] unbound[1:0] info:   ns7.keytrap.test. * A AAAA
2024-09-24 17:06:12 [1727168772] unbound[1:0] debug:    ip6 2001:db8::4 port 53 (len 28)
2024-09-24 17:06:12 [1727168772] unbound[1:0] debug:    ip4 10.10.0.4 port 53 (len 16)
2024-09-24 17:06:12 [1727168772] unbound[1:0] debug: iter_handle processing q with state INIT REQUEST STATE (stage 2)
2024-09-24 17:06:12 [1727168772] unbound[1:0] info: resolving (init part 2):  keytrap.test. DNSKEY IN
2024-09-24 17:06:12 [1727168772] unbound[1:0] info: use stub keytrap.test. NS IN
2024-09-24 17:06:12 [1727168772] unbound[1:0] debug: iter_handle processing q with state INIT REQUEST STATE (stage 3)
2024-09-24 17:06:12 [1727168772] unbound[1:0] info: resolving (init part 3):  keytrap.test. DNSKEY IN
2024-09-24 17:06:12 [1727168772] unbound[1:0] debug: iter_handle processing q with state QUERY TARGETS STATE
2024-09-24 17:06:12 [1727168772] unbound[1:0] info: processQueryTargets: keytrap.test. DNSKEY IN
2024-09-24 17:06:12 [1727168772] unbound[1:0] debug: processQueryTargets: targetqueries 0, currentqueries 0 sentcount 0
2024-09-24 17:06:12 [1727168772] unbound[1:0] info: DelegationPoint<keytrap.test.>: 0 names (0 missing), 1 addrs (0 result, 1 avail) parentNS
2024-09-24 17:06:12 [1727168772] unbound[1:0] debug:    ip4 10.10.0.4 port 53 (len 16)
2024-09-24 17:06:12 [1727168772] unbound[1:0] debug: attempt to get extra 3 targets
2024-09-24 17:06:12 [1727168772] unbound[1:0] debug: rpz: iterator module callback: have_rpz=0
2024-09-24 17:06:12 [1727168772] unbound[1:0] debug: servselect ip4 10.10.0.4 port 53 (len 16)
2024-09-24 17:06:12 [1727168772] unbound[1:0] debug:    rtt=284
2024-09-24 17:06:12 [1727168772] unbound[1:0] debug: selrtt 284
2024-09-24 17:06:12 [1727168772] unbound[1:0] info: sending query: keytrap.test. DNSKEY IN
2024-09-24 17:06:12 [1727168772] unbound[1:0] debug: sending to target: <keytrap.test.> 10.10.0.4#53
2024-09-24 17:06:12 [1727168772] unbound[1:0] debug: dnssec status: expected
2024-09-24 17:06:12 [1727168772] unbound[1:0] debug: mesh_run: iterator module exit state is module_wait_reply
2024-09-24 17:06:12 [1727168772] unbound[1:0] debug: validator[module 0] operate: extstate:module_state_initial event:module_event_pass
2024-09-24 17:06:12 [1727168772] unbound[1:0] info: validator operate: query _ta-75b2.keytrap.test. NULL IN
2024-09-24 17:06:12 [1727168772] unbound[1:0] debug: validator: pass to next module
2024-09-24 17:06:12 [1727168772] unbound[1:0] debug: mesh_run: validator module exit state is module_wait_module
2024-09-24 17:06:12 [1727168772] unbound[1:0] debug: iterator[module 1] operate: extstate:module_state_initial event:module_event_pass
2024-09-24 17:06:12 [1727168772] unbound[1:0] debug: process_request: new external request event
2024-09-24 17:06:12 [1727168772] unbound[1:0] debug: iter_handle processing q with state INIT REQUEST STATE
2024-09-24 17:06:12 [1727168772] unbound[1:0] info: resolving _ta-75b2.keytrap.test. NULL IN
2024-09-24 17:06:12 [1727168772] unbound[1:0] debug: request has dependency depth of 0
2024-09-24 17:06:12 [1727168772] unbound[1:0] debug: cache delegation returns delegpt
2024-09-24 17:06:12 [1727168772] unbound[1:0] info: DelegationPoint<keytrap.test.>: 10 names (0 missing), 2 addrs (0 result, 2 avail) cacheNS
2024-09-24 17:06:12 [1727168772] unbound[1:0] info:   ns8.keytrap.test. * A AAAA
2024-09-24 17:06:12 [1727168772] unbound[1:0] info:   ns6.keytrap.test. * A AAAA
2024-09-24 17:06:12 [1727168772] unbound[1:0] info:   ns3.keytrap.test. * A AAAA
2024-09-24 17:06:12 [1727168772] unbound[1:0] info:   ns5.keytrap.test. * A AAAA
2024-09-24 17:06:12 [1727168772] unbound[1:0] info:   ns2.keytrap.test. * A AAAA
2024-09-24 17:06:12 [1727168772] unbound[1:0] info:   ns1.keytrap.test. * A AAAA
2024-09-24 17:06:12 [1727168772] unbound[1:0] info:   ns4.keytrap.test. * A AAAA
2024-09-24 17:06:12 [1727168772] unbound[1:0] info:   ns0.keytrap.test. * A AAAA
2024-09-24 17:06:12 [1727168772] unbound[1:0] info:   ns9.keytrap.test. * A AAAA
2024-09-24 17:06:12 [1727168772] unbound[1:0] info:   ns7.keytrap.test. * A AAAA
2024-09-24 17:06:12 [1727168772] unbound[1:0] debug:    ip6 2001:db8::4 port 53 (len 28)
2024-09-24 17:06:12 [1727168772] unbound[1:0] debug:    ip4 10.10.0.4 port 53 (len 16)
2024-09-24 17:06:12 [1727168772] unbound[1:0] debug: iter_handle processing q with state INIT REQUEST STATE (stage 2)
2024-09-24 17:06:12 [1727168772] unbound[1:0] info: resolving (init part 2):  _ta-75b2.keytrap.test. NULL IN
2024-09-24 17:06:12 [1727168772] unbound[1:0] info: use stub keytrap.test. NS IN
2024-09-24 17:06:12 [1727168772] unbound[1:0] debug: iter_handle processing q with state INIT REQUEST STATE (stage 3)
2024-09-24 17:06:12 [1727168772] unbound[1:0] info: resolving (init part 3):  _ta-75b2.keytrap.test. NULL IN
2024-09-24 17:06:12 [1727168772] unbound[1:0] debug: iter_handle processing q with state QUERY TARGETS STATE
2024-09-24 17:06:12 [1727168772] unbound[1:0] info: processQueryTargets: _ta-75b2.keytrap.test. NULL IN
2024-09-24 17:06:12 [1727168772] unbound[1:0] debug: processQueryTargets: targetqueries 0, currentqueries 0 sentcount 0
2024-09-24 17:06:12 [1727168772] unbound[1:0] info: DelegationPoint<keytrap.test.>: 0 names (0 missing), 1 addrs (0 result, 1 avail) parentNS
2024-09-24 17:06:12 [1727168772] unbound[1:0] debug:    ip4 10.10.0.4 port 53 (len 16)
2024-09-24 17:06:12 [1727168772] unbound[1:0] debug: attempt to get extra 3 targets
2024-09-24 17:06:12 [1727168772] unbound[1:0] debug: rpz: iterator module callback: have_rpz=0
2024-09-24 17:06:12 [1727168772] unbound[1:0] debug: servselect ip4 10.10.0.4 port 53 (len 16)
2024-09-24 17:06:12 [1727168772] unbound[1:0] debug:    rtt=284
2024-09-24 17:06:12 [1727168772] unbound[1:0] debug: selrtt 284
2024-09-24 17:06:12 [1727168772] unbound[1:0] info: sending query: _ta-75b2.keytrap.test. A IN
2024-09-24 17:06:12 [1727168772] unbound[1:0] debug: sending to target: <keytrap.test.> 10.10.0.4#53
2024-09-24 17:06:12 [1727168772] unbound[1:0] debug: dnssec status: expected
2024-09-24 17:06:12 [1727168772] unbound[1:0] debug: mesh_run: iterator module exit state is module_wait_reply
2024-09-24 17:06:12 [1727168772] unbound[1:0] info: mesh_run: end 3 recursion states (1 with reply, 1 detached), 1 waiting replies, 0 recursion replies sent, 0 replies dropped, 0 states jostled out
2024-09-24 17:06:12 [1727168772] unbound[1:0] info: 0vRDCD mod1  keytrap.test. DNSKEY IN
2024-09-24 17:06:12 [1727168772] unbound[1:0] info: 1vRDd mod1  _ta-75b2.keytrap.test. NULL IN
2024-09-24 17:06:12 [1727168772] unbound[1:0] info: 2RDdc mod0 rep www.keytrap.test. A IN
2024-09-24 17:06:12 [1727168772] unbound[1:0] debug: cache memory msg=66874 rrset=72548 infra=8534 val=66384
2024-09-24 17:06:12 [1727168772] unbound[1:0] debug: svcd callbacks end
2024-09-24 17:06:12 [1727168772] unbound[1:0] debug: close of port 45252
2024-09-24 17:06:12 [1727168772] unbound[1:0] debug: close fd 7
2024-09-24 17:06:12 [1727168772] unbound[1:0] debug: serviced send timer
2024-09-24 17:06:12 [1727168772] unbound[1:0] debug: EDNS lookup known=1 vs=0
2024-09-24 17:06:12 [1727168772] unbound[1:0] debug: serviced query UDP timeout=284 msec
2024-09-24 17:06:12 [1727168772] unbound[1:0] debug: inserted new pending reply id=80da
2024-09-24 17:06:12 [1727168772] unbound[1:0] debug: opened UDP if=0 port=43250
2024-09-24 17:06:12 [1727168772] unbound[1:0] debug: comm point start listening 7 (-1 msec)
2024-09-24 17:06:12 [1727168772] unbound[1:0] debug: serviced send timer
2024-09-24 17:06:12 [1727168772] unbound[1:0] debug: EDNS lookup known=1 vs=0
2024-09-24 17:06:12 [1727168772] unbound[1:0] debug: serviced query UDP timeout=284 msec
2024-09-24 17:06:12 [1727168772] unbound[1:0] debug: inserted new pending reply id=8533
2024-09-24 17:06:12 [1727168772] unbound[1:0] debug: opened UDP if=0 port=20153
2024-09-24 17:06:12 [1727168772] unbound[1:0] debug: comm point start listening 8 (-1 msec)
2024-09-24 17:06:12 [1727168772] unbound[1:0] debug: answer cb
2024-09-24 17:06:12 [1727168772] unbound[1:0] debug: Incoming reply id = 80da
2024-09-24 17:06:12 [1727168772] unbound[1:0] debug: Incoming reply addr = ip4 10.10.0.4 port 53 (len 16)
2024-09-24 17:06:12 [1727168772] unbound[1:0] debug: lookup size is 2 entries
2024-09-24 17:06:12 [1727168772] unbound[1:0] debug: received udp reply.
2024-09-24 17:06:12 [1727168772] unbound[1:0] debug: udp message[41:0] 80DA86900001000000000001076B6579747261700474657374000030000100002904D0000080000000
2024-09-24 17:06:12 [1727168772] unbound[1:0] debug: outnet handle udp reply
2024-09-24 17:06:12 [1727168772] unbound[1:0] debug: measured roundtrip at 1 msec
2024-09-24 17:06:12 [1727168772] unbound[1:0] debug: initiate TCP query EDNS
2024-09-24 17:06:12 [1727168772] unbound[1:0] debug: comm point start listening 9 (-1 msec)
2024-09-24 17:06:12 [1727168772] unbound[1:0] debug: close of port 43250
2024-09-24 17:06:12 [1727168772] unbound[1:0] debug: close fd 7
2024-09-24 17:06:12 [1727168772] unbound[1:0] debug: answer cb
2024-09-24 17:06:12 [1727168772] unbound[1:0] debug: Incoming reply id = 8533
2024-09-24 17:06:12 [1727168772] unbound[1:0] debug: Incoming reply addr = ip4 10.10.0.4 port 53 (len 16)
2024-09-24 17:06:12 [1727168772] unbound[1:0] debug: lookup size is 1 entries
2024-09-24 17:06:12 [1727168772] unbound[1:0] debug: received udp reply.
2024-09-24 17:06:12 [1727168772] unbound[1:0] debug: udp message[441:0] 853384930001000000040001085F74612D37356232076B65797472617004746573740000010001C0150006000100015180003C036E7331C01506743063687573076B6579747261700474657374076B65797472617004746573740078A52D7900000E100000070800093A8000015180C015002E000100015180008000060E02000151806719FFCA66F272CA18CE076B657974726170047465737400DF815B1DDBECFF9CA87AFCFA5499CDE3501C212D0D1474A1EB8BE21F1783DFA8923F1B9819E3DC913D564D22162EC16757C2C29CA0DBF0FF97BB3A9140A48A97883DA2BD31919BDB830E8BEC550E2FC91DDAE062F463615371068506197B2BB8C08D002F00
2024-09-24 17:06:12 [1727168772] unbound[1:0] debug: udp message[441:256] 0100015180001B036E7330076B657974726170047465737400000722000000000380C10B002E0001000151800080002F0E02000151806719FFCA66F272CA18CE076B65797472617004746573740081E6910A2D78D00D55A1324905FFA63AAEB04DDD53D190A429496B90CD04365B3D02CF10C5C7667A72AA35D1971BFC86D09EDCC927EB1B06C5D838B0FA79E1C5266F12C02A83CD9D33C6AA55FDB4DC45F17FF5E060846FA25A17F41C3EB1C78E00002904D0000080000000
2024-09-24 17:06:12 [1727168772] unbound[1:0] debug: outnet handle udp reply
2024-09-24 17:06:12 [1727168772] unbound[1:0] debug: measured roundtrip at 1 msec
2024-09-24 17:06:12 [1727168772] unbound[1:0] debug: svcd callbacks start
2024-09-24 17:06:12 [1727168772] unbound[1:0] debug: worker svcd callback for qstate 0x56270fcda210
2024-09-24 17:06:12 [1727168772] unbound[1:0] debug: mesh_run: start
2024-09-24 17:06:12 [1727168772] unbound[1:0] debug: iterator[module 1] operate: extstate:module_wait_reply event:module_event_reply
2024-09-24 17:06:12 [1727168772] unbound[1:0] info: iterator operate: query _ta-75b2.keytrap.test. NULL IN
2024-09-24 17:06:12 [1727168772] unbound[1:0] debug: process_response: new external response event
2024-09-24 17:06:12 [1727168772] unbound[1:0] info: scrub for keytrap.test. NS IN
2024-09-24 17:06:12 [1727168772] unbound[1:0] info: response for _ta-75b2.keytrap.test. NULL IN
2024-09-24 17:06:12 [1727168772] unbound[1:0] info: reply from <keytrap.test.> 10.10.0.4#53
2024-09-24 17:06:12 [1727168772] unbound[1:0] info: incoming scrubbed packet: ;; ->>HEADER<<- opcode: QUERY, rcode: NXDOMAIN, id: 0
2024-09-24 17:06:12 ;; flags: qr aa ra ; QUERY: 1, ANSWER: 0, AUTHORITY: 4, ADDITIONAL: 0 
2024-09-24 17:06:12 ;; QUESTION SECTION:
2024-09-24 17:06:12 _ta-75b2.keytrap.test.INA
2024-09-24 17:06:12 
2024-09-24 17:06:12 ;; ANSWER SECTION:
2024-09-24 17:06:12 
2024-09-24 17:06:12 ;; AUTHORITY SECTION:
2024-09-24 17:06:12 keytrap.test.3600INSOAns1.keytrap.test. t0chus.keytrap.test.keytrap.test. 2024091001 3600 1800 604800 86400
2024-09-24 17:06:12 keytrap.test.86400INRRSIGSOA 14 2 86400 20241024080530 20240924080530 6350 keytrap.test. 34FbHdvs/5yoevz6VJnN41AcIS0NFHSh64viHxeD36iSPxuYGePckT1WTSIWLsFnV8LCnKDb8P+XuzqRQKSKl4g9or0xkZvbgw6L7FUOL8kd2uBi9GNhU3EGhQYZeyu4 ;{id = 6350}
2024-09-24 17:06:12 keytrap.test.86400INNSECns0.keytrap.test. NS SOA RRSIG NSEC DNSKEY
2024-09-24 17:06:12 keytrap.test.86400INRRSIGNSEC 14 2 86400 20241024080530 20240924080530 6350 keytrap.test. geaRCi140A1VoTJJBf+mOq6wTd1T0ZCkKUlrkM0ENls9As8QxcdmenKqNdGXG/yG0J7cySfrGwbF2Diw+nnhxSZvEsAqg82dM8aqVf203EXxf/XgYIRvoloX9Bw+sceO ;{id = 6350}
2024-09-24 17:06:12 
2024-09-24 17:06:12 ;; ADDITIONAL SECTION:
2024-09-24 17:06:12 ;; MSG SIZE  rcvd: 418
2024-09-24 17:06:12 
2024-09-24 17:06:12 [1727168772] unbound[1:0] debug: iter_handle processing q with state QUERY RESPONSE STATE
2024-09-24 17:06:12 [1727168772] unbound[1:0] info: query response was NXDOMAIN ANSWER
2024-09-24 17:06:12 [1727168772] unbound[1:0] debug: iter_handle processing q with state FINISHED RESPONSE STATE
2024-09-24 17:06:12 [1727168772] unbound[1:0] info: finishing processing for _ta-75b2.keytrap.test. NULL IN
2024-09-24 17:06:12 [1727168772] unbound[1:0] debug: mesh_run: iterator module exit state is module_finished
2024-09-24 17:06:12 [1727168772] unbound[1:0] debug: validator[module 0] operate: extstate:module_wait_module event:module_event_moddone
2024-09-24 17:06:12 [1727168772] unbound[1:0] info: validator operate: query _ta-75b2.keytrap.test. NULL IN
2024-09-24 17:06:12 [1727168772] unbound[1:0] debug: validator: nextmodule returned
2024-09-24 17:06:12 [1727168772] unbound[1:0] debug: not validating response, is valrec(validation recursion lookup)
2024-09-24 17:06:12 [1727168772] unbound[1:0] debug: mesh_run: validator module exit state is module_finished
2024-09-24 17:06:12 [1727168772] unbound[1:0] info: mesh_run: end 2 recursion states (1 with reply, 0 detached), 1 waiting replies, 0 recursion replies sent, 0 replies dropped, 0 states jostled out
2024-09-24 17:06:12 [1727168772] unbound[1:0] info: 0vRDCD mod1  keytrap.test. DNSKEY IN
2024-09-24 17:06:12 [1727168772] unbound[1:0] info: 1RDdc mod0 rep www.keytrap.test. A IN
2024-09-24 17:06:12 [1727168772] unbound[1:0] debug: cache memory msg=66874 rrset=73435 infra=8534 val=66384
2024-09-24 17:06:12 [1727168772] unbound[1:0] debug: svcd callbacks end
2024-09-24 17:06:12 [1727168772] unbound[1:0] debug: close of port 20153
2024-09-24 17:06:12 [1727168772] unbound[1:0] debug: close fd 8
2024-09-24 17:06:12 [1727168772] unbound[1:0] debug: comm point stop listening 9
2024-09-24 17:06:12 [1727168772] unbound[1:0] debug: outnettcp cb
2024-09-24 17:06:12 [1727168772] unbound[1:0] debug: outnet tcp pkt was written event
2024-09-24 17:06:12 [1727168772] unbound[1:0] debug: outnet tcp writes done, wait
2024-09-24 17:06:12 [1727168772] unbound[1:0] debug: comm point stop listening 9
2024-09-24 17:06:12 [1727168772] unbound[1:0] debug: comm point start listening 9 (60000 msec)
2024-09-24 17:06:12 [1727168772] unbound[1:0] debug: Reading tcp query of length 1441
2024-09-24 17:06:12 [1727168772] unbound[1:0] debug: comm point stop listening 9
2024-09-24 17:06:12 [1727168772] unbound[1:0] debug: outnettcp cb
2024-09-24 17:06:12 [1727168772] unbound[1:0] debug: svcd callbacks start
2024-09-24 17:06:12 [1727168772] unbound[1:0] debug: worker svcd callback for qstate 0x56270fcde220
2024-09-24 17:06:12 [1727168772] unbound[1:0] debug: mesh_run: start
2024-09-24 17:06:12 [1727168772] unbound[1:0] debug: iterator[module 1] operate: extstate:module_wait_reply event:module_event_reply
2024-09-24 17:06:12 [1727168772] unbound[1:0] info: iterator operate: query keytrap.test. DNSKEY IN
2024-09-24 17:06:12 [1727168772] unbound[1:0] debug: process_response: new external response event
2024-09-24 17:06:12 [1727168772] unbound[1:0] info: scrub for keytrap.test. NS IN
2024-09-24 17:06:12 [1727168772] unbound[1:0] info: response for keytrap.test. DNSKEY IN
2024-09-24 17:06:12 [1727168772] unbound[1:0] info: reply from <keytrap.test.> 10.10.0.4#53
2024-09-24 17:06:12 [1727168772] unbound[1:0] info: incoming scrubbed packet: ;; ->>HEADER<<- opcode: QUERY, rcode: NOERROR, id: 0
2024-09-24 17:06:12 ;; flags: qr aa ra ; QUERY: 1, ANSWER: 12, AUTHORITY: 0, ADDITIONAL: 0 
2024-09-24 17:06:12 ;; QUESTION SECTION:
2024-09-24 17:06:12 keytrap.test.INDNSKEY
2024-09-24 17:06:12 
2024-09-24 17:06:12 ;; ANSWER SECTION:
2024-09-24 17:06:12 keytrap.test.86400INDNSKEY256 3 14 MjY4X0GT9jf00V9bZU7cMkceFGdUMgbeNK4afF6BB/VznyKXsZlTeX5IgrD/8BNWd1jMvvL5RlbBXbmy5022d34VqReK5IRA6WKxp9uzDBEpc6qoh2npdudDTsFMZKor ;{id = 6350 (zsk), size = 384b}
2024-09-24 17:06:12 keytrap.test.86400INDNSKEY256 3 14 Nd/hhlFfE9YcGAKn/DjwaRDo2x1shj8A59LMXfNuxgPtRH1fT5k9EB1twCTEzqAQNLyx9a6t+Kma/LBXtapxM78FXNaleSnF2fJ40+7rCBnn1cFjvdHEPHkW4XUGToyO ;{id = 6350 (zsk), size = 384b}
2024-09-24 17:06:12 keytrap.test.86400INDNSKEY256 3 14 UiTl5T9RdFXTul4Nw3rQ9/zlGCODylgcI9mrz5SqpEkxw9+l+E00/JGxAj6If8yjE7Etexs/KTCX7csAYQTLq864iYB+5sPigcMHAzluyPU9fOUmALQbRtw3ZXPHBb7L ;{id = 6350 (zsk), size = 384b}
2024-09-24 17:06:12 keytrap.test.86400INDNSKEY256 3 14 EUCex5BxNR/cKQUYoHJD1Hj6TK+aMpntzC98Nv+ZegTklzXAxMxC8nAc9VSywVHBjTrkCnVYrY4Gu1YQfscREc+mjbyhUzEMZBHPIEAfuerZwu2wovC4mau3RVWHRhij ;{id = 6350 (zsk), size = 384b}
2024-09-24 17:06:12 keytrap.test.86400INDNSKEY256 3 14 DcYreAh+USsK1mtv7bSR2iaQvShPUqCy7l/BRQXttAFupXp6pUaQZS+kii+H2JJqd+rS4YgC3KCd/by8yQi5j+WSy2yRprSuFuDyqZMFnDT/Py+nGjmIa59+W1iMdEYb ;{id = 6350 (zsk), size = 384b}
2024-09-24 17:06:12 keytrap.test.86400INDNSKEY256 3 14 Mq9Ohq02Xq6D5GprEXuvkZFumkDNmUUEAmKtGG/7FfVeeu3ZMQankbw0eID2p8MB4dcSDotv4YHvx6Sx3t6zdjSFaCloAveMUnvtIQsXL8Kbfm2G0ikVuXtbMSHmFM9w ;{id = 6350 (zsk), size = 384b}
2024-09-24 17:06:12 keytrap.test.86400INDNSKEY256 3 14 8y5y+PlI/MQAMADANSuw0UXq7WUGpGr+U+Y4sl+dAu78T+rZ1NUE1TVg5fZU7j7bO+Ie7Mk6DcquNT0zYX986pGJgXpx6jTDh3dztnt9Sc9SBcUdBw0v/u1y72EfLQ2P ;{id = 6350 (zsk), size = 384b}
2024-09-24 17:06:12 keytrap.test.86400INDNSKEY256 3 14 qz2ys56wu+rPHXp62eskqFa/lYw4xl7oDT5X/wcj7fFapLq8zsOT3kM5E7IlKwa42cIqCcNcb6hG8C8YKWUOgUTOiXPXj7k4SO4K3/+CfFp+7J6ai8shKSFAMvhf2ajl ;{id = 6350 (zsk), size = 384b}
2024-09-24 17:06:12 keytrap.test.86400INDNSKEY256 3 14 NJAIrXpcToloZ5CnSwyPf/Y8qyL3aFlqFr8Xcw/m19dBcyoJQIak5ygffLTHGrQhZNGM8TrL07v41sL1ZYuYjGBg7RBdMaeQr+JOUA4d5e/r83fkT7uHNOcHzOAhI7Nu ;{id = 6350 (zsk), size = 384b}
2024-09-24 17:06:12 keytrap.test.86400INDNSKEY257 3 14 MzJsFTtAo0j8qGpDIhEMnK4ImTyYwMwDPU5gt/FaXd6TOw6AvZDAj2hlhZvaxMXV6xCw1MU5iPv5ZQrb3NDLUU+TW07imJ5GD9YKi0Qiiypo+zhtL4aGaOG+870yHwuY ;{id = 30130 (ksk), size = 384b}
2024-09-24 17:06:12 keytrap.test.86400INRRSIGDNSKEY 14 2 86400 20241024080530 20240924080530 6350 keytrap.test. aF5XDvIdRirOCBPYTk3NxziHHUJHohUtxBTpGTiqkYwCQhpgFU1wEx6OQkrH3LqjbhILd3VXwpcsorOktPy/HjOdui+V3hBzavTwA6ocIdjq4QWtkyxGUuuebW9eMUFm ;{id = 6350}
2024-09-24 17:06:12 keytrap.test.86400INRRSIGDNSKEY 14 2 86400 20241024080530 20240924080530 30130 keytrap.test. 4a7aeAgG0Kr7DM9VAOCz71I5Jr1TE4WZ3UI7UcxrasvaNbDGEad1EiBXqd/ocYCUQNqZ6rn6dbgB5BcdQeoFNVwXXErIChmXUueAES0mWk3gaV9y/Yb5QBKKgUSsyKdu ;{id = 30130}
2024-09-24 17:06:12 
2024-09-24 17:06:12 ;; AUTHORITY SECTION:
2024-09-24 17:06:12 
2024-09-24 17:06:12 ;; ADDITIONAL SECTION:
2024-09-24 17:06:12 ;; MSG SIZE  rcvd: 1430
2024-09-24 17:06:12 
2024-09-24 17:06:12 [1727168772] unbound[1:0] debug: iter_handle processing q with state QUERY RESPONSE STATE
2024-09-24 17:06:12 [1727168772] unbound[1:0] info: query response was ANSWER
2024-09-24 17:06:12 [1727168772] unbound[1:0] debug: iter_handle processing q with state FINISHED RESPONSE STATE
2024-09-24 17:06:12 [1727168772] unbound[1:0] info: finishing processing for keytrap.test. DNSKEY IN
2024-09-24 17:06:12 [1727168772] unbound[1:0] debug: mesh_run: iterator module exit state is module_finished
2024-09-24 17:06:12 [1727168772] unbound[1:0] debug: validator[module 0] operate: extstate:module_wait_module event:module_event_moddone
2024-09-24 17:06:12 [1727168772] unbound[1:0] info: validator operate: query keytrap.test. DNSKEY IN
2024-09-24 17:06:12 [1727168772] unbound[1:0] debug: validator: nextmodule returned
2024-09-24 17:06:12 [1727168772] unbound[1:0] debug: not validating response, is valrec(validation recursion lookup)
2024-09-24 17:06:12 [1727168772] unbound[1:0] debug: mesh_run: validator module exit state is module_finished
2024-09-24 17:06:12 [1727168772] unbound[1:0] info: validator: inform_super, sub is keytrap.test. DNSKEY IN
2024-09-24 17:06:12 [1727168772] unbound[1:0] info: super is www.keytrap.test. A IN
2024-09-24 17:06:12 [1727168772] unbound[1:0] debug: anchor matched DNSKEY.
2024-09-24 17:06:12 [1727168772] unbound[1:0] info: validate keys with anchor(DS): sec_status_secure
2024-09-24 17:06:12 [1727168772] unbound[1:0] info: Successfully primed trust anchor keytrap.test. DNSKEY IN
2024-09-24 17:06:12 [1727168772] unbound[1:0] debug: validator[module 0] operate: extstate:module_wait_subquery event:module_event_pass
2024-09-24 17:06:12 [1727168772] unbound[1:0] info: validator operate: query www.keytrap.test. A IN
2024-09-24 17:06:12 [1727168772] unbound[1:0] debug: val handle processing q with state VAL_FINDKEY_STATE
2024-09-24 17:06:12 [1727168772] unbound[1:0] info: validator: FindKey www.keytrap.test. A IN
2024-09-24 17:06:12 [1727168772] unbound[1:0] debug: val handle processing q with state VAL_VALIDATE_STATE
2024-09-24 17:06:12 [1727168772] unbound[1:0] info: verify rrset www.keytrap.test. A IN
2024-09-24 17:06:12 [1727168772] unbound[1:0] debug: verify sig 6350 14
2024-09-24 17:06:12 [1727168772] unbound[1:0] debug: verify: signature mismatch
2024-09-24 17:06:12 [1727168772] unbound[1:0] debug: verify: signature mismatch
2024-09-24 17:06:12 [1727168772] unbound[1:0] debug: verify: signature mismatch
2024-09-24 17:06:12 [1727168772] unbound[1:0] debug: verify: signature mismatch
2024-09-24 17:06:12 [1727168772] unbound[1:0] debug: verify: signature mismatch
2024-09-24 17:06:12 [1727168772] unbound[1:0] debug: verify result: sec_status_secure
2024-09-24 17:06:12 [1727168772] unbound[1:0] info: verify rrset keytrap.test. NS IN
2024-09-24 17:06:12 [1727168772] unbound[1:0] debug: verify sig 6350 14
2024-09-24 17:06:12 [1727168772] unbound[1:0] debug: verify: signature mismatch
2024-09-24 17:06:12 [1727168772] unbound[1:0] debug: verify: signature mismatch
2024-09-24 17:06:12 [1727168772] unbound[1:0] debug: verify: signature mismatch
2024-09-24 17:06:12 [1727168772] unbound[1:0] debug: verify: signature mismatch
2024-09-24 17:06:12 [1727168772] unbound[1:0] debug: verify: signature mismatch
2024-09-24 17:06:12 [1727168772] unbound[1:0] debug: verify result: sec_status_secure
2024-09-24 17:06:12 [1727168772] unbound[1:0] info: verify rrset ns0.keytrap.test. A IN
2024-09-24 17:06:12 [1727168772] unbound[1:0] debug: verify sig 6350 14
2024-09-24 17:06:12 [1727168772] unbound[1:0] debug: verify: signature mismatch
2024-09-24 17:06:12 [1727168772] unbound[1:0] debug: verify: signature mismatch
2024-09-24 17:06:12 [1727168772] unbound[1:0] debug: verify: signature mismatch
2024-09-24 17:06:12 [1727168772] unbound[1:0] debug: verify: signature mismatch
2024-09-24 17:06:12 [1727168772] unbound[1:0] debug: verify: signature mismatch
2024-09-24 17:06:12 [1727168772] unbound[1:0] debug: verify result: sec_status_secure
2024-09-24 17:06:12 [1727168772] unbound[1:0] debug: msg signature validation suspended
2024-09-24 17:06:12 [1727168772] unbound[1:0] debug: validate_suspend timer, set for suspend
2024-09-24 17:06:12 [1727168772] unbound[1:0] debug: mesh_run: validator module exit state is module_wait_reply
2024-09-24 17:06:12 [1727168772] unbound[1:0] info: mesh_run: end 1 recursion states (1 with reply, 0 detached), 1 waiting replies, 0 recursion replies sent, 0 replies dropped, 0 states jostled out
2024-09-24 17:06:12 [1727168772] unbound[1:0] info: 0RDd mod0 rep www.keytrap.test. A IN
2024-09-24 17:06:12 [1727168772] unbound[1:0] debug: cache memory msg=67136 rrset=75217 infra=8534 val=68206
2024-09-24 17:06:12 [1727168772] unbound[1:0] debug: svcd callbacks end
2024-09-24 17:06:12 [1727168772] unbound[1:0] debug: comm point stop listening 9
2024-09-24 17:06:12 [1727168772] unbound[1:0] debug: comm point start listening 9 (60000 msec)
2024-09-24 17:06:12 [1727168772] unbound[1:0] debug: validate_suspend timer, continue
2024-09-24 17:06:12 [1727168772] unbound[1:0] debug: mesh_run: start
2024-09-24 17:06:12 [1727168772] unbound[1:0] debug: validator[module 0] operate: extstate:module_wait_reply event:module_event_pass
2024-09-24 17:06:12 [1727168772] unbound[1:0] info: validator operate: query www.keytrap.test. A IN
2024-09-24 17:06:12 [1727168772] unbound[1:0] debug: val handle processing q with state VAL_VALIDATE_STATE
2024-09-24 17:06:12 [1727168772] unbound[1:0] debug: Validating a positive response
2024-09-24 17:06:12 [1727168772] unbound[1:0] debug: Successfully validated positive response
2024-09-24 17:06:12 [1727168772] unbound[1:0] info: validate(positive): sec_status_secure
2024-09-24 17:06:12 [1727168772] unbound[1:0] debug: val handle processing q with state VAL_FINISHED_STATE
2024-09-24 17:06:12 [1727168772] unbound[1:0] info: validation success www.keytrap.test. A IN
2024-09-24 17:06:12 [1727168772] unbound[1:0] debug: mesh_run: validator module exit state is module_finished
2024-09-24 17:06:12 [1727168772] unbound[1:0] debug: query took 0.072013 sec
2024-09-24 17:06:12 [1727168772] unbound[1:0] info: mesh_run: end 0 recursion states (0 with reply, 0 detached), 0 waiting replies, 1 recursion replies sent, 0 replies dropped, 0 states jostled out
2024-09-24 17:06:12 [1727168772] unbound[1:0] info: average recursion processing time 0.072013 sec
2024-09-24 17:06:12 [1727168772] unbound[1:0] info: histogram of recursion processing times
2024-09-24 17:06:12 [1727168772] unbound[1:0] info: [25%]=0 median[50%]=0 [75%]=0
2024-09-24 17:06:12 [1727168772] unbound[1:0] info: lower(secs) upper(secs) recursions
2024-09-24 17:06:12 [1727168772] unbound[1:0] info:    0.065536    0.131072 1
2024-09-24 17:06:42 [1727168802] unbound[1:0] debug: close fd 9
2024-09-24 17:06:42 [1727168802] unbound[1:0] debug: outnettcp cb
2024-09-24 17:06:42 [1727168802] unbound[1:0] debug: outnettcp got tcp error -1
