2024-09-24 17:24:51 [1727169891] unbound[1:0] debug: mesh_run: start
2024-09-24 17:24:51 [1727169891] unbound[1:0] debug: validator[module 0] operate: extstate:module_state_initial event:module_event_new
2024-09-24 17:24:51 [1727169891] unbound[1:0] info: validator operate: query www.keytrap.test. A IN
2024-09-24 17:24:51 [1727169891] unbound[1:0] debug: validator: pass to next module
2024-09-24 17:24:51 [1727169891] unbound[1:0] debug: mesh_run: validator module exit state is module_wait_module
2024-09-24 17:24:51 [1727169891] unbound[1:0] debug: iterator[module 1] operate: extstate:module_state_initial event:module_event_pass
2024-09-24 17:24:51 [1727169891] unbound[1:0] debug: process_request: new external request event
2024-09-24 17:24:51 [1727169891] unbound[1:0] debug: iter_handle processing q with state INIT REQUEST STATE
2024-09-24 17:24:51 [1727169891] unbound[1:0] info: resolving www.keytrap.test. A IN
2024-09-24 17:24:51 [1727169891] unbound[1:0] debug: request has dependency depth of 0
2024-09-24 17:24:51 [1727169891] unbound[1:0] info: use stub keytrap.test. NS IN
2024-09-24 17:24:51 [1727169891] unbound[1:0] debug: cache delegation returns delegpt
2024-09-24 17:24:51 [1727169891] unbound[1:0] info: DelegationPoint<keytrap.test.>: 0 names (0 missing), 1 addrs (0 result, 1 avail) parentNS
2024-09-24 17:24:51 [1727169891] unbound[1:0] debug:    ip4 10.10.0.4 port 53 (len 16)
2024-09-24 17:24:51 [1727169891] unbound[1:0] debug: iter_handle processing q with state INIT REQUEST STATE (stage 2)
2024-09-24 17:24:51 [1727169891] unbound[1:0] info: resolving (init part 2):  www.keytrap.test. A IN
2024-09-24 17:24:51 [1727169891] unbound[1:0] info: use stub keytrap.test. NS IN
2024-09-24 17:24:51 [1727169891] unbound[1:0] debug: iter_handle processing q with state INIT REQUEST STATE (stage 3)
2024-09-24 17:24:51 [1727169891] unbound[1:0] info: resolving (init part 3):  www.keytrap.test. A IN
2024-09-24 17:24:51 [1727169891] unbound[1:0] debug: iter_handle processing q with state QUERY TARGETS STATE
2024-09-24 17:24:51 [1727169891] unbound[1:0] info: processQueryTargets: www.keytrap.test. A IN
2024-09-24 17:24:51 [1727169891] unbound[1:0] debug: processQueryTargets: targetqueries 0, currentqueries 0 sentcount 0
2024-09-24 17:24:51 [1727169891] unbound[1:0] info: DelegationPoint<keytrap.test.>: 0 names (0 missing), 1 addrs (0 result, 1 avail) parentNS
2024-09-24 17:24:51 [1727169891] unbound[1:0] debug:    ip4 10.10.0.4 port 53 (len 16)
2024-09-24 17:24:51 [1727169891] unbound[1:0] debug: attempt to get extra 3 targets
2024-09-24 17:24:51 [1727169891] unbound[1:0] debug: rpz: iterator module callback: have_rpz=0
2024-09-24 17:24:51 [1727169891] unbound[1:0] debug: selrtt 376
2024-09-24 17:24:51 [1727169891] unbound[1:0] info: sending query: www.keytrap.test. A IN
2024-09-24 17:24:51 [1727169891] unbound[1:0] debug: sending to target: <keytrap.test.> 10.10.0.4#53
2024-09-24 17:24:51 [1727169891] unbound[1:0] debug: dnssec status: expected
2024-09-24 17:24:51 [1727169891] unbound[1:0] debug: mesh_run: iterator module exit state is module_wait_reply
2024-09-24 17:24:51 [1727169891] unbound[1:0] info: mesh_run: end 1 recursion states (1 with reply, 0 detached), 1 waiting replies, 0 recursion replies sent, 0 replies dropped, 0 states jostled out
2024-09-24 17:24:51 [1727169891] unbound[1:0] info: 0RDd mod1 rep www.keytrap.test. A IN
2024-09-24 17:24:51 [1727169891] unbound[1:0] debug: cache memory msg=66104 rrset=66104 infra=8224 val=66384
2024-09-24 17:24:51 [1727169891] unbound[1:0] debug: serviced send timer
2024-09-24 17:24:51 [1727169891] unbound[1:0] debug: EDNS lookup known=0 vs=0
2024-09-24 17:24:51 [1727169891] unbound[1:0] debug: serviced query UDP timeout=376 msec
2024-09-24 17:24:51 [1727169891] unbound[1:0] debug: inserted new pending reply id=9f92
2024-09-24 17:24:51 [1727169891] unbound[1:0] debug: opened UDP if=0 port=53518
2024-09-24 17:24:51 [1727169891] unbound[1:0] debug: comm point start listening 7 (-1 msec)
2024-09-24 17:24:51 [1727169891] unbound[1:0] debug: answer cb
2024-09-24 17:24:51 [1727169891] unbound[1:0] debug: Incoming reply id = 9f92
2024-09-24 17:24:51 [1727169891] unbound[1:0] debug: Incoming reply addr = ip4 10.10.0.4 port 53 (len 16)
2024-09-24 17:24:51 [1727169891] unbound[1:0] debug: lookup size is 1 entries
2024-09-24 17:24:51 [1727169891] unbound[1:0] debug: received udp reply.
2024-09-24 17:24:51 [1727169891] unbound[1:0] debug: udp message[1211:0] 9F928490000100020006000B03777777076B65797472617004746573740000010001C00C000100010001518000040A0A0004C00C002E000100015180008000010E0300015180671A036166F2766118CE076B657974726170047465737400BB78B5F1780F3EC54DEDB425996BD2A8FC74C2DCCD82C984196F05436D508A8B7AEEFE3F323918F07DBB95AFB9789223A3E798228D45A6E51ADB0C59D1E1C0F1D59C93B7A4D0A147FE889B312CEF0D63E45413302C5A6388E8A2255379B0EB70C05000020001000151800006036E7330C050C05000020001000151800006036E7333C050C05000020001000151800006036E7332C050C05000020001000151800006
2024-09-24 17:24:51 [1727169891] unbound[1:0] debug: udp message[1211:256] 036E7331C050C05000020001000151800006036E7334C050C050002E000100015180008000020E0200015180671A036166F2766118CE076B657974726170047465737400F97B52BFB0DE0FD012BAE8D66ECB79BFBDDEABEA4318CD10B36EC4F456A1153BC93558BA80E4D0328C67A42B3453C59ACB601FF223FA3A828E7D963C44CAEFB0C23793D26D1A5D5229ACED580E6FCFD9D54BF321375B0E4C8A642D4E87BE77DAC0CA000100010001518000040A0A0004C100000100010001518000040A0A0004C0EE000100010001518000040A0A0004C0DC000100010001518000040A0A0004C112000100010001518000040A0A0004C0CA002E0001000151800080
2024-09-24 17:24:51 [1727169891] unbound[1:0] debug: udp message[1211:512] 00010E0300015180671A036166F2766118CE076B657974726170047465737400C2D2C80B48CE25AB5C9CA5043081BA62E015B92A7C9BF1C46BEC74517B46C9E1BCFF17553170B2EB67496C44B2C3E354284CDFCF79A58209482970BBD865F13BABBD232A9BB1C360905103B68BA9A0B3064C84595BA03B28E9CFAFC96E7924BEC100002E000100015180008000010E0300015180671A036166F2766118CE076B657974726170047465737400FE234E0123B5A343ED7F1BE52C892BABF85BFA326A85B25E02CB623668E3FC293B8D8BC183ED3150BFEB01A37DF91A40FEFA9AEEEC57F33688DB1BADBB1D5ABEA42F1D89E0C94F444E324DBBA1BAB0B0AA2D33AB
2024-09-24 17:24:51 [1727169891] unbound[1:0] debug: udp message[1211:768] 0CF86B8DB895D4EC9559DBB6C0EE002E000100015180008000010E0300015180671A036166F2766118CE076B65797472617004746573740006E4CB254B1883CB706228519B1093BD55C606278CA0660B6B0E30FB344D63218220D7F02C3CEBCCDC6705F44ACCBB2644BF5DB593123CC05BCF9BCB3B767F4BC01E7B48BB49CFD9C9B1DE9DD6882A5648A82B42FDB78F8115DDAE9DA534E048C0DC002E000100015180008000010E0300015180671A036166F2766118CE076B657974726170047465737400361EF9D32F85EC25D705743B5E8383C98E158100E848C52F0834A2E03C45DB584175F3D77EF0BC0F5AA34F3DEBC2C17BB4DA6C18BD44C6962656CE54
2024-09-24 17:24:51 [1727169891] unbound[1:0] debug: udp message[1211:1024] 9AD5726643F462671B21A2EE2C81CFE9C0A5720738B026D406DE74F2A90E0A45DD19EDC1C112002E000100015180008000010E0300015180671A036166F2766118CE076B65797472617004746573740005BD356465008CE60BD71A0A8CFC7A0F461B90514BB9DE2539374CC10A5ADEF5DED9F28C14385C9DD9F9BEE5C9854C529E2A321D857BFDAE2BBEE3615E94FE7273F54A82B6C77AADF933C879B45606784E7DC9CB831FFFAF158E4644A29C5BC300002904D0000080000000
2024-09-24 17:24:51 [1727169891] unbound[1:0] debug: outnet handle udp reply
2024-09-24 17:24:51 [1727169891] unbound[1:0] debug: serviced query: EDNS works for ip4 10.10.0.4 port 53 (len 16)
2024-09-24 17:24:51 [1727169891] unbound[1:0] debug: measured roundtrip at 0 msec
2024-09-24 17:24:51 [1727169891] unbound[1:0] debug: svcd callbacks start
2024-09-24 17:24:51 [1727169891] unbound[1:0] debug: worker svcd callback for qstate 0x5562029de240
2024-09-24 17:24:51 [1727169891] unbound[1:0] debug: mesh_run: start
2024-09-24 17:24:51 [1727169891] unbound[1:0] debug: iterator[module 1] operate: extstate:module_wait_reply event:module_event_reply
2024-09-24 17:24:51 [1727169891] unbound[1:0] info: iterator operate: query www.keytrap.test. A IN
2024-09-24 17:24:51 [1727169891] unbound[1:0] debug: process_response: new external response event
2024-09-24 17:24:51 [1727169891] unbound[1:0] info: scrub for keytrap.test. NS IN
2024-09-24 17:24:51 [1727169891] unbound[1:0] info: response for www.keytrap.test. A IN
2024-09-24 17:24:51 [1727169891] unbound[1:0] info: reply from <keytrap.test.> 10.10.0.4#53
2024-09-24 17:24:51 [1727169891] unbound[1:0] info: incoming scrubbed packet: ;; ->>HEADER<<- opcode: QUERY, rcode: NOERROR, id: 0
2024-09-24 17:24:51 ;; flags: qr aa ra ; QUERY: 1, ANSWER: 2, AUTHORITY: 6, ADDITIONAL: 10 
2024-09-24 17:24:51 ;; QUESTION SECTION:
2024-09-24 17:24:51 www.keytrap.test.INA
2024-09-24 17:24:51 
2024-09-24 17:24:51 ;; ANSWER SECTION:
2024-09-24 17:24:51 www.keytrap.test.86400INA10.10.0.4
2024-09-24 17:24:51 www.keytrap.test.86400INRRSIGA 14 3 86400 20241024082049 20240924082049 6350 keytrap.test. u3i18XgPPsVN7bQlmWvSqPx0wtzNgsmEGW8FQ21Qiot67v4/MjkY8H27la+5eJIjo+eYIo1FpuUa2wxZ0eHA8dWck7ek0KFH/oibMSzvDWPkVBMwLFpjiOiiJVN5sOtw ;{id = 6350}
2024-09-24 17:24:51 
2024-09-24 17:24:51 ;; AUTHORITY SECTION:
2024-09-24 17:24:51 keytrap.test.86400INNSns3.keytrap.test.
2024-09-24 17:24:51 keytrap.test.86400INNSns2.keytrap.test.
2024-09-24 17:24:51 keytrap.test.86400INNSns1.keytrap.test.
2024-09-24 17:24:51 keytrap.test.86400INNSns4.keytrap.test.
2024-09-24 17:24:51 keytrap.test.86400INNSns0.keytrap.test.
2024-09-24 17:24:51 keytrap.test.86400INRRSIGNS 14 2 86400 20241024082049 20240924082049 6350 keytrap.test. +XtSv7DeD9ASuujWbst5v73eq+pDGM0Qs27E9FahFTvJNVi6gOTQMoxnpCs0U8Way2Af8iP6OoKOfZY8RMrvsMI3k9JtGl1SKaztWA5vz9nVS/MhN1sOTIpkLU6Hvnfa ;{id = 6350}
2024-09-24 17:24:51 
2024-09-24 17:24:51 ;; ADDITIONAL SECTION:
2024-09-24 17:24:51 ns0.keytrap.test.86400INA10.10.0.4
2024-09-24 17:24:51 ns1.keytrap.test.86400INA10.10.0.4
2024-09-24 17:24:51 ns2.keytrap.test.86400INA10.10.0.4
2024-09-24 17:24:51 ns3.keytrap.test.86400INA10.10.0.4
2024-09-24 17:24:51 ns4.keytrap.test.86400INA10.10.0.4
2024-09-24 17:24:51 ns0.keytrap.test.86400INRRSIGA 14 3 86400 20241024082049 20240924082049 6350 keytrap.test. wtLIC0jOJatcnKUEMIG6YuAVuSp8m/HEa+x0UXtGyeG8/xdVMXCy62dJbESyw+NUKEzfz3mlgglIKXC72GXxO6u9IyqbscNgkFEDtoupoLMGTIRZW6A7KOnPr8lueSS+ ;{id = 6350}
2024-09-24 17:24:51 ns1.keytrap.test.86400INRRSIGA 14 3 86400 20241024082049 20240924082049 6350 keytrap.test. /iNOASO1o0PtfxvlLIkrq/hb+jJqhbJeAstiNmjj/Ck7jYvBg+0xUL/rAaN9+RpA/vqa7uxX8zaI2xutux1avqQvHYngyU9ETjJNu6G6sLCqLTOrDPhrjbiV1OyVWdu2 ;{id = 6350}
2024-09-24 17:24:51 ns2.keytrap.test.86400INRRSIGA 14 3 86400 20241024082049 20240924082049 6350 keytrap.test. BuTLJUsYg8twYihRmxCTvVXGBieMoGYLaw4w+zRNYyGCINfwLDzrzNxnBfRKzLsmRL9dtZMSPMBbz5vLO3Z/S8Aee0i7Sc/ZybHendaIKlZIqCtC/bePgRXdrp2lNOBI ;{id = 6350}
2024-09-24 17:24:51 ns3.keytrap.test.86400INRRSIGA 14 3 86400 20241024082049 20240924082049 6350 keytrap.test. Nh750y+F7CXXBXQ7XoODyY4VgQDoSMUvCDSi4DxF21hBdfPXfvC8D1qjTz3rwsF7tNpsGL1ExpYmVs5UmtVyZkP0YmcbIaLuLIHP6cClcgc4sCbUBt508qkOCkXdGe3B ;{id = 6350}
2024-09-24 17:24:51 ns4.keytrap.test.86400INRRSIGA 14 3 86400 20241024082049 20240924082049 6350 keytrap.test. Bb01ZGUAjOYL1xoKjPx6D0YbkFFLud4lOTdMwQpa3vXe2fKMFDhcndn5vuXJhUxSnioyHYV7/a4rvuNhXpT+cnP1SoK2x3qt+TPIebRWBnhOfcnLgx//rxWORkSinFvD ;{id = 6350}
2024-09-24 17:24:51 ;; MSG SIZE  rcvd: 1200
2024-09-24 17:24:51 
2024-09-24 17:24:51 [1727169891] unbound[1:0] debug: iter_handle processing q with state QUERY RESPONSE STATE
2024-09-24 17:24:51 [1727169891] unbound[1:0] info: query response was ANSWER
2024-09-24 17:24:51 [1727169891] unbound[1:0] debug: iter_handle processing q with state FINISHED RESPONSE STATE
2024-09-24 17:24:51 [1727169891] unbound[1:0] info: finishing processing for www.keytrap.test. A IN
2024-09-24 17:24:51 [1727169891] unbound[1:0] debug: mesh_run: iterator module exit state is module_finished
2024-09-24 17:24:51 [1727169891] unbound[1:0] debug: validator[module 0] operate: extstate:module_wait_module event:module_event_moddone
2024-09-24 17:24:51 [1727169891] unbound[1:0] info: validator operate: query www.keytrap.test. A IN
2024-09-24 17:24:51 [1727169891] unbound[1:0] debug: validator: nextmodule returned
2024-09-24 17:24:51 [1727169891] unbound[1:0] debug: val handle processing q with state VAL_INIT_STATE
2024-09-24 17:24:51 [1727169891] unbound[1:0] debug: validator classification positive
2024-09-24 17:24:51 [1727169891] unbound[1:0] info: signer is keytrap.test. TYPE0 CLASS0
2024-09-24 17:24:51 [1727169891] unbound[1:0] info: prime trust anchor
2024-09-24 17:24:51 [1727169891] unbound[1:0] info: generate request keytrap.test. DNSKEY IN
2024-09-24 17:24:51 [1727169891] unbound[1:0] info: generate keytag query _ta-75b2.keytrap.test. NULL IN
2024-09-24 17:24:51 [1727169891] unbound[1:0] info: generate request _ta-75b2.keytrap.test. NULL IN
2024-09-24 17:24:51 [1727169891] unbound[1:0] debug: mesh_run: validator module exit state is module_wait_subquery
2024-09-24 17:24:51 [1727169891] unbound[1:0] debug: validator[module 0] operate: extstate:module_state_initial event:module_event_pass
2024-09-24 17:24:51 [1727169891] unbound[1:0] info: validator operate: query keytrap.test. DNSKEY IN
2024-09-24 17:24:51 [1727169891] unbound[1:0] debug: validator: pass to next module
2024-09-24 17:24:51 [1727169891] unbound[1:0] debug: mesh_run: validator module exit state is module_wait_module
2024-09-24 17:24:51 [1727169891] unbound[1:0] debug: iterator[module 1] operate: extstate:module_state_initial event:module_event_pass
2024-09-24 17:24:51 [1727169891] unbound[1:0] debug: process_request: new external request event
2024-09-24 17:24:51 [1727169891] unbound[1:0] debug: iter_handle processing q with state INIT REQUEST STATE
2024-09-24 17:24:51 [1727169891] unbound[1:0] info: resolving keytrap.test. DNSKEY IN
2024-09-24 17:24:51 [1727169891] unbound[1:0] debug: request has dependency depth of 0
2024-09-24 17:24:51 [1727169891] unbound[1:0] debug: cache delegation returns delegpt
2024-09-24 17:24:51 [1727169891] unbound[1:0] info: DelegationPoint<keytrap.test.>: 5 names (5 missing), 1 addrs (0 result, 1 avail) cacheNS
2024-09-24 17:24:51 [1727169891] unbound[1:0] info:   ns4.keytrap.test.  A
2024-09-24 17:24:51 [1727169891] unbound[1:0] info:   ns1.keytrap.test.  A
2024-09-24 17:24:51 [1727169891] unbound[1:0] info:   ns2.keytrap.test.  A
2024-09-24 17:24:51 [1727169891] unbound[1:0] info:   ns3.keytrap.test.  A
2024-09-24 17:24:51 [1727169891] unbound[1:0] info:   ns0.keytrap.test.  A
2024-09-24 17:24:51 [1727169891] unbound[1:0] debug:    ip4 10.10.0.4 port 53 (len 16)
2024-09-24 17:24:51 [1727169891] unbound[1:0] debug: iter_handle processing q with state INIT REQUEST STATE (stage 2)
2024-09-24 17:24:51 [1727169891] unbound[1:0] info: resolving (init part 2):  keytrap.test. DNSKEY IN
2024-09-24 17:24:51 [1727169891] unbound[1:0] info: use stub keytrap.test. NS IN
2024-09-24 17:24:51 [1727169891] unbound[1:0] debug: iter_handle processing q with state INIT REQUEST STATE (stage 3)
2024-09-24 17:24:51 [1727169891] unbound[1:0] info: resolving (init part 3):  keytrap.test. DNSKEY IN
2024-09-24 17:24:51 [1727169891] unbound[1:0] debug: iter_handle processing q with state QUERY TARGETS STATE
2024-09-24 17:24:51 [1727169891] unbound[1:0] info: processQueryTargets: keytrap.test. DNSKEY IN
2024-09-24 17:24:51 [1727169891] unbound[1:0] debug: processQueryTargets: targetqueries 0, currentqueries 0 sentcount 0
2024-09-24 17:24:51 [1727169891] unbound[1:0] info: DelegationPoint<keytrap.test.>: 0 names (0 missing), 1 addrs (0 result, 1 avail) parentNS
2024-09-24 17:24:51 [1727169891] unbound[1:0] debug:    ip4 10.10.0.4 port 53 (len 16)
2024-09-24 17:24:51 [1727169891] unbound[1:0] debug: attempt to get extra 3 targets
2024-09-24 17:24:51 [1727169891] unbound[1:0] debug: rpz: iterator module callback: have_rpz=0
2024-09-24 17:24:51 [1727169891] unbound[1:0] debug: servselect ip4 10.10.0.4 port 53 (len 16)
2024-09-24 17:24:51 [1727169891] unbound[1:0] debug:    rtt=284
2024-09-24 17:24:51 [1727169891] unbound[1:0] debug: selrtt 284
2024-09-24 17:24:51 [1727169891] unbound[1:0] info: sending query: keytrap.test. DNSKEY IN
2024-09-24 17:24:51 [1727169891] unbound[1:0] debug: sending to target: <keytrap.test.> 10.10.0.4#53
2024-09-24 17:24:51 [1727169891] unbound[1:0] debug: dnssec status: expected
2024-09-24 17:24:51 [1727169891] unbound[1:0] debug: mesh_run: iterator module exit state is module_wait_reply
2024-09-24 17:24:51 [1727169891] unbound[1:0] debug: validator[module 0] operate: extstate:module_state_initial event:module_event_pass
2024-09-24 17:24:51 [1727169891] unbound[1:0] info: validator operate: query _ta-75b2.keytrap.test. NULL IN
2024-09-24 17:24:51 [1727169891] unbound[1:0] debug: validator: pass to next module
2024-09-24 17:24:51 [1727169891] unbound[1:0] debug: mesh_run: validator module exit state is module_wait_module
2024-09-24 17:24:51 [1727169891] unbound[1:0] debug: iterator[module 1] operate: extstate:module_state_initial event:module_event_pass
2024-09-24 17:24:51 [1727169891] unbound[1:0] debug: process_request: new external request event
2024-09-24 17:24:51 [1727169891] unbound[1:0] debug: iter_handle processing q with state INIT REQUEST STATE
2024-09-24 17:24:51 [1727169891] unbound[1:0] info: resolving _ta-75b2.keytrap.test. NULL IN
2024-09-24 17:24:51 [1727169891] unbound[1:0] debug: request has dependency depth of 0
2024-09-24 17:24:51 [1727169891] unbound[1:0] debug: cache delegation returns delegpt
2024-09-24 17:24:51 [1727169891] unbound[1:0] info: DelegationPoint<keytrap.test.>: 5 names (5 missing), 1 addrs (0 result, 1 avail) cacheNS
2024-09-24 17:24:51 [1727169891] unbound[1:0] info:   ns4.keytrap.test.  A
2024-09-24 17:24:51 [1727169891] unbound[1:0] info:   ns1.keytrap.test.  A
2024-09-24 17:24:51 [1727169891] unbound[1:0] info:   ns2.keytrap.test.  A
2024-09-24 17:24:51 [1727169891] unbound[1:0] info:   ns3.keytrap.test.  A
2024-09-24 17:24:51 [1727169891] unbound[1:0] info:   ns0.keytrap.test.  A
2024-09-24 17:24:51 [1727169891] unbound[1:0] debug:    ip4 10.10.0.4 port 53 (len 16)
2024-09-24 17:24:51 [1727169891] unbound[1:0] debug: iter_handle processing q with state INIT REQUEST STATE (stage 2)
2024-09-24 17:24:51 [1727169891] unbound[1:0] info: resolving (init part 2):  _ta-75b2.keytrap.test. NULL IN
2024-09-24 17:24:51 [1727169891] unbound[1:0] info: use stub keytrap.test. NS IN
2024-09-24 17:24:51 [1727169891] unbound[1:0] debug: iter_handle processing q with state INIT REQUEST STATE (stage 3)
2024-09-24 17:24:51 [1727169891] unbound[1:0] info: resolving (init part 3):  _ta-75b2.keytrap.test. NULL IN
2024-09-24 17:24:51 [1727169891] unbound[1:0] debug: iter_handle processing q with state QUERY TARGETS STATE
2024-09-24 17:24:51 [1727169891] unbound[1:0] info: processQueryTargets: _ta-75b2.keytrap.test. NULL IN
2024-09-24 17:24:51 [1727169891] unbound[1:0] debug: processQueryTargets: targetqueries 0, currentqueries 0 sentcount 0
2024-09-24 17:24:51 [1727169891] unbound[1:0] info: DelegationPoint<keytrap.test.>: 0 names (0 missing), 1 addrs (0 result, 1 avail) parentNS
2024-09-24 17:24:51 [1727169891] unbound[1:0] debug:    ip4 10.10.0.4 port 53 (len 16)
2024-09-24 17:24:51 [1727169891] unbound[1:0] debug: attempt to get extra 3 targets
2024-09-24 17:24:51 [1727169891] unbound[1:0] debug: rpz: iterator module callback: have_rpz=0
2024-09-24 17:24:51 [1727169891] unbound[1:0] debug: servselect ip4 10.10.0.4 port 53 (len 16)
2024-09-24 17:24:51 [1727169891] unbound[1:0] debug:    rtt=284
2024-09-24 17:24:51 [1727169891] unbound[1:0] debug: selrtt 284
2024-09-24 17:24:51 [1727169891] unbound[1:0] info: sending query: _ta-75b2.keytrap.test. A IN
2024-09-24 17:24:51 [1727169891] unbound[1:0] debug: sending to target: <keytrap.test.> 10.10.0.4#53
2024-09-24 17:24:51 [1727169891] unbound[1:0] debug: dnssec status: expected
2024-09-24 17:24:51 [1727169891] unbound[1:0] debug: mesh_run: iterator module exit state is module_wait_reply
2024-09-24 17:24:51 [1727169891] unbound[1:0] info: mesh_run: end 3 recursion states (1 with reply, 1 detached), 1 waiting replies, 0 recursion replies sent, 0 replies dropped, 0 states jostled out
2024-09-24 17:24:51 [1727169891] unbound[1:0] info: 0vRDCD mod1  keytrap.test. DNSKEY IN
2024-09-24 17:24:51 [1727169891] unbound[1:0] info: 1vRDd mod1  _ta-75b2.keytrap.test. NULL IN
2024-09-24 17:24:51 [1727169891] unbound[1:0] info: 2RDdc mod0 rep www.keytrap.test. A IN
2024-09-24 17:24:51 [1727169891] unbound[1:0] debug: cache memory msg=66514 rrset=69104 infra=8534 val=66384
2024-09-24 17:24:51 [1727169891] unbound[1:0] debug: svcd callbacks end
2024-09-24 17:24:51 [1727169891] unbound[1:0] debug: close of port 53518
2024-09-24 17:24:51 [1727169891] unbound[1:0] debug: close fd 7
2024-09-24 17:24:51 [1727169891] unbound[1:0] debug: serviced send timer
2024-09-24 17:24:51 [1727169891] unbound[1:0] debug: EDNS lookup known=1 vs=0
2024-09-24 17:24:51 [1727169891] unbound[1:0] debug: serviced query UDP timeout=284 msec
2024-09-24 17:24:51 [1727169891] unbound[1:0] debug: inserted new pending reply id=a26f
2024-09-24 17:24:51 [1727169891] unbound[1:0] debug: opened UDP if=0 port=25959
2024-09-24 17:24:51 [1727169891] unbound[1:0] debug: comm point start listening 7 (-1 msec)
2024-09-24 17:24:51 [1727169891] unbound[1:0] debug: serviced send timer
2024-09-24 17:24:51 [1727169891] unbound[1:0] debug: EDNS lookup known=1 vs=0
2024-09-24 17:24:51 [1727169891] unbound[1:0] debug: serviced query UDP timeout=284 msec
2024-09-24 17:24:51 [1727169891] unbound[1:0] debug: inserted new pending reply id=cfdc
2024-09-24 17:24:51 [1727169891] unbound[1:0] debug: opened UDP if=0 port=47791
2024-09-24 17:24:51 [1727169891] unbound[1:0] debug: comm point start listening 8 (-1 msec)
2024-09-24 17:24:51 [1727169891] unbound[1:0] debug: answer cb
2024-09-24 17:24:51 [1727169891] unbound[1:0] debug: Incoming reply id = a26f
2024-09-24 17:24:51 [1727169891] unbound[1:0] debug: Incoming reply addr = ip4 10.10.0.4 port 53 (len 16)
2024-09-24 17:24:51 [1727169891] unbound[1:0] debug: lookup size is 2 entries
2024-09-24 17:24:51 [1727169891] unbound[1:0] debug: received udp reply.
2024-09-24 17:24:51 [1727169891] unbound[1:0] debug: udp message[41:0] A26F86900001000000000001076B6579747261700474657374000030000100002904D0000080000000
2024-09-24 17:24:51 [1727169891] unbound[1:0] debug: outnet handle udp reply
2024-09-24 17:24:51 [1727169891] unbound[1:0] debug: measured roundtrip at 0 msec
2024-09-24 17:24:51 [1727169891] unbound[1:0] debug: initiate TCP query EDNS
2024-09-24 17:24:51 [1727169891] unbound[1:0] debug: comm point start listening 9 (-1 msec)
2024-09-24 17:24:51 [1727169891] unbound[1:0] debug: close of port 25959
2024-09-24 17:24:51 [1727169891] unbound[1:0] debug: close fd 7
2024-09-24 17:24:51 [1727169891] unbound[1:0] debug: answer cb
2024-09-24 17:24:51 [1727169891] unbound[1:0] debug: Incoming reply id = cfdc
2024-09-24 17:24:51 [1727169891] unbound[1:0] debug: Incoming reply addr = ip4 10.10.0.4 port 53 (len 16)
2024-09-24 17:24:51 [1727169891] unbound[1:0] debug: lookup size is 1 entries
2024-09-24 17:24:51 [1727169891] unbound[1:0] debug: received udp reply.
2024-09-24 17:24:51 [1727169891] unbound[1:0] debug: udp message[441:0] CFDC84930001000000040001085F74612D37356232076B65797472617004746573740000010001C0150006000100015180003C036E7331C01506743063687573076B6579747261700474657374076B65797472617004746573740078A52D7900000E100000070800093A8000015180C015002E000100015180008000060E0200015180671A036166F2766118CE076B657974726170047465737400382F76837EB28B0AA1C62BFE2BAD357C4E148F72192F6960C632EB3408ECBDA835A1C591B952CB33BE2A050970E67C9A167F515EEF0FA3AB61FC644A2E1D22D805743C213FE18BF6B720160BF52894A3D5806413B13C985E92249FE7B2C3D2C0C08D002F00
2024-09-24 17:24:51 [1727169891] unbound[1:0] debug: udp message[441:256] 0100015180001B036E7330076B657974726170047465737400000722000000000380C10B002E0001000151800080002F0E0200015180671A036166F2766118CE076B657974726170047465737400AA3E18C71525F538297F345DAD13566E3DF6CE6115F93952E315F87202F4ED61344D97048E7A42F136F0D2BF0EE9C7B4023A3C9502641C47AAD1D2D29199722CCE1868B58253AA7093E5AA4FECC587294163C95D679D1EA5D2DB0FBF827DC02A00002904D0000080000000
2024-09-24 17:24:51 [1727169891] unbound[1:0] debug: outnet handle udp reply
2024-09-24 17:24:51 [1727169891] unbound[1:0] debug: measured roundtrip at 0 msec
2024-09-24 17:24:51 [1727169891] unbound[1:0] debug: svcd callbacks start
2024-09-24 17:24:51 [1727169891] unbound[1:0] debug: worker svcd callback for qstate 0x5562029d2210
2024-09-24 17:24:51 [1727169891] unbound[1:0] debug: mesh_run: start
2024-09-24 17:24:51 [1727169891] unbound[1:0] debug: iterator[module 1] operate: extstate:module_wait_reply event:module_event_reply
2024-09-24 17:24:51 [1727169891] unbound[1:0] info: iterator operate: query _ta-75b2.keytrap.test. NULL IN
2024-09-24 17:24:51 [1727169891] unbound[1:0] debug: process_response: new external response event
2024-09-24 17:24:51 [1727169891] unbound[1:0] info: scrub for keytrap.test. NS IN
2024-09-24 17:24:51 [1727169891] unbound[1:0] info: response for _ta-75b2.keytrap.test. NULL IN
2024-09-24 17:24:51 [1727169891] unbound[1:0] info: reply from <keytrap.test.> 10.10.0.4#53
2024-09-24 17:24:51 [1727169891] unbound[1:0] info: incoming scrubbed packet: ;; ->>HEADER<<- opcode: QUERY, rcode: NXDOMAIN, id: 0
2024-09-24 17:24:51 ;; flags: qr aa ra ; QUERY: 1, ANSWER: 0, AUTHORITY: 4, ADDITIONAL: 0 
2024-09-24 17:24:51 ;; QUESTION SECTION:
2024-09-24 17:24:51 _ta-75b2.keytrap.test.INA
2024-09-24 17:24:51 
2024-09-24 17:24:51 ;; ANSWER SECTION:
2024-09-24 17:24:51 
2024-09-24 17:24:51 ;; AUTHORITY SECTION:
2024-09-24 17:24:51 keytrap.test.3600INSOAns1.keytrap.test. t0chus.keytrap.test.keytrap.test. 2024091001 3600 1800 604800 86400
2024-09-24 17:24:51 keytrap.test.86400INRRSIGSOA 14 2 86400 20241024082049 20240924082049 6350 keytrap.test. OC92g36yiwqhxiv+K601fE4Uj3IZL2lgxjLrNAjsvag1ocWRuVLLM74qBQlw5nyaFn9RXu8Po6th/GRKLh0i2AV0PCE/4Yv2tyAWC/UolKPVgGQTsTyYXpIkn+eyw9LA ;{id = 6350}
2024-09-24 17:24:51 keytrap.test.86400INNSECns0.keytrap.test. NS SOA RRSIG NSEC DNSKEY
2024-09-24 17:24:51 keytrap.test.86400INRRSIGNSEC 14 2 86400 20241024082049 20240924082049 6350 keytrap.test. qj4YxxUl9TgpfzRdrRNWbj32zmEV+TlS4xX4cgL07WE0TZcEjnpC8Tbw0r8O6ce0Ajo8lQJkHEeq0dLSkZlyLM4YaLWCU6pwk+WqT+zFhylBY8ldZ50epdLbD7+CfcAq ;{id = 6350}
2024-09-24 17:24:51 
2024-09-24 17:24:51 ;; ADDITIONAL SECTION:
2024-09-24 17:24:51 ;; MSG SIZE  rcvd: 418
2024-09-24 17:24:51 
2024-09-24 17:24:51 [1727169891] unbound[1:0] debug: iter_handle processing q with state QUERY RESPONSE STATE
2024-09-24 17:24:51 [1727169891] unbound[1:0] info: query response was NXDOMAIN ANSWER
2024-09-24 17:24:51 [1727169891] unbound[1:0] debug: iter_handle processing q with state FINISHED RESPONSE STATE
2024-09-24 17:24:51 [1727169891] unbound[1:0] info: finishing processing for _ta-75b2.keytrap.test. NULL IN
2024-09-24 17:24:51 [1727169891] unbound[1:0] debug: mesh_run: iterator module exit state is module_finished
2024-09-24 17:24:51 [1727169891] unbound[1:0] debug: validator[module 0] operate: extstate:module_wait_module event:module_event_moddone
2024-09-24 17:24:51 [1727169891] unbound[1:0] info: validator operate: query _ta-75b2.keytrap.test. NULL IN
2024-09-24 17:24:51 [1727169891] unbound[1:0] debug: validator: nextmodule returned
2024-09-24 17:24:51 [1727169891] unbound[1:0] debug: not validating response, is valrec(validation recursion lookup)
2024-09-24 17:24:51 [1727169891] unbound[1:0] debug: mesh_run: validator module exit state is module_finished
2024-09-24 17:24:51 [1727169891] unbound[1:0] info: mesh_run: end 2 recursion states (1 with reply, 0 detached), 1 waiting replies, 0 recursion replies sent, 0 replies dropped, 0 states jostled out
2024-09-24 17:24:51 [1727169891] unbound[1:0] info: 0vRDCD mod1  keytrap.test. DNSKEY IN
2024-09-24 17:24:51 [1727169891] unbound[1:0] info: 1RDdc mod0 rep www.keytrap.test. A IN
2024-09-24 17:24:51 [1727169891] unbound[1:0] debug: cache memory msg=66514 rrset=69991 infra=8534 val=66384
2024-09-24 17:24:51 [1727169891] unbound[1:0] debug: svcd callbacks end
2024-09-24 17:24:51 [1727169891] unbound[1:0] debug: close of port 47791
2024-09-24 17:24:51 [1727169891] unbound[1:0] debug: close fd 8
2024-09-24 17:24:51 [1727169891] unbound[1:0] debug: comm point stop listening 9
2024-09-24 17:24:51 [1727169891] unbound[1:0] debug: outnettcp cb
2024-09-24 17:24:51 [1727169891] unbound[1:0] debug: outnet tcp pkt was written event
2024-09-24 17:24:51 [1727169891] unbound[1:0] debug: outnet tcp writes done, wait
2024-09-24 17:24:51 [1727169891] unbound[1:0] debug: comm point stop listening 9
2024-09-24 17:24:51 [1727169891] unbound[1:0] debug: comm point start listening 9 (60000 msec)
2024-09-24 17:24:51 [1727169891] unbound[1:0] debug: Reading tcp query of length 1441
2024-09-24 17:24:51 [1727169891] unbound[1:0] debug: comm point stop listening 9
2024-09-24 17:24:51 [1727169891] unbound[1:0] debug: outnettcp cb
2024-09-24 17:24:51 [1727169891] unbound[1:0] debug: svcd callbacks start
2024-09-24 17:24:51 [1727169891] unbound[1:0] debug: worker svcd callback for qstate 0x5562029d6220
2024-09-24 17:24:51 [1727169891] unbound[1:0] debug: mesh_run: start
2024-09-24 17:24:51 [1727169891] unbound[1:0] debug: iterator[module 1] operate: extstate:module_wait_reply event:module_event_reply
2024-09-24 17:24:51 [1727169891] unbound[1:0] info: iterator operate: query keytrap.test. DNSKEY IN
2024-09-24 17:24:51 [1727169891] unbound[1:0] debug: process_response: new external response event
2024-09-24 17:24:51 [1727169891] unbound[1:0] info: scrub for keytrap.test. NS IN
2024-09-24 17:24:51 [1727169891] unbound[1:0] info: response for keytrap.test. DNSKEY IN
2024-09-24 17:24:51 [1727169891] unbound[1:0] info: reply from <keytrap.test.> 10.10.0.4#53
2024-09-24 17:24:51 [1727169891] unbound[1:0] info: incoming scrubbed packet: ;; ->>HEADER<<- opcode: QUERY, rcode: NOERROR, id: 0
2024-09-24 17:24:51 ;; flags: qr aa ra ; QUERY: 1, ANSWER: 12, AUTHORITY: 0, ADDITIONAL: 0 
2024-09-24 17:24:51 ;; QUESTION SECTION:
2024-09-24 17:24:51 keytrap.test.INDNSKEY
2024-09-24 17:24:51 
2024-09-24 17:24:51 ;; ANSWER SECTION:
2024-09-24 17:24:51 keytrap.test.86400INDNSKEY256 3 14 Nd/hhlFfE9YcGAKn/DjwaRDo2x1shj8A59LMXfNuxgPtRH1fT5k9EB1twCTEzqAQNLyx9a6t+Kma/LBXtapxM78FXNaleSnF2fJ40+7rCBnn1cFjvdHEPHkW4XUGToyO ;{id = 6350 (zsk), size = 384b}
2024-09-24 17:24:51 keytrap.test.86400INDNSKEY256 3 14 UiTl5T9RdFXTul4Nw3rQ9/zlGCODylgcI9mrz5SqpEkxw9+l+E00/JGxAj6If8yjE7Etexs/KTCX7csAYQTLq864iYB+5sPigcMHAzluyPU9fOUmALQbRtw3ZXPHBb7L ;{id = 6350 (zsk), size = 384b}
2024-09-24 17:24:51 keytrap.test.86400INDNSKEY256 3 14 DcYreAh+USsK1mtv7bSR2iaQvShPUqCy7l/BRQXttAFupXp6pUaQZS+kii+H2JJqd+rS4YgC3KCd/by8yQi5j+WSy2yRprSuFuDyqZMFnDT/Py+nGjmIa59+W1iMdEYb ;{id = 6350 (zsk), size = 384b}
2024-09-24 17:24:51 keytrap.test.86400INDNSKEY256 3 14 8y5y+PlI/MQAMADANSuw0UXq7WUGpGr+U+Y4sl+dAu78T+rZ1NUE1TVg5fZU7j7bO+Ie7Mk6DcquNT0zYX986pGJgXpx6jTDh3dztnt9Sc9SBcUdBw0v/u1y72EfLQ2P ;{id = 6350 (zsk), size = 384b}
2024-09-24 17:24:51 keytrap.test.86400INDNSKEY256 3 14 qz2ys56wu+rPHXp62eskqFa/lYw4xl7oDT5X/wcj7fFapLq8zsOT3kM5E7IlKwa42cIqCcNcb6hG8C8YKWUOgUTOiXPXj7k4SO4K3/+CfFp+7J6ai8shKSFAMvhf2ajl ;{id = 6350 (zsk), size = 384b}
2024-09-24 17:24:51 keytrap.test.86400INDNSKEY256 3 14 Mq9Ohq02Xq6D5GprEXuvkZFumkDNmUUEAmKtGG/7FfVeeu3ZMQankbw0eID2p8MB4dcSDotv4YHvx6Sx3t6zdjSFaCloAveMUnvtIQsXL8Kbfm2G0ikVuXtbMSHmFM9w ;{id = 6350 (zsk), size = 384b}
2024-09-24 17:24:51 keytrap.test.86400INDNSKEY256 3 14 NJAIrXpcToloZ5CnSwyPf/Y8qyL3aFlqFr8Xcw/m19dBcyoJQIak5ygffLTHGrQhZNGM8TrL07v41sL1ZYuYjGBg7RBdMaeQr+JOUA4d5e/r83fkT7uHNOcHzOAhI7Nu ;{id = 6350 (zsk), size = 384b}
2024-09-24 17:24:51 keytrap.test.86400INDNSKEY256 3 14 EUCex5BxNR/cKQUYoHJD1Hj6TK+aMpntzC98Nv+ZegTklzXAxMxC8nAc9VSywVHBjTrkCnVYrY4Gu1YQfscREc+mjbyhUzEMZBHPIEAfuerZwu2wovC4mau3RVWHRhij ;{id = 6350 (zsk), size = 384b}
2024-09-24 17:24:51 keytrap.test.86400INDNSKEY257 3 14 MzJsFTtAo0j8qGpDIhEMnK4ImTyYwMwDPU5gt/FaXd6TOw6AvZDAj2hlhZvaxMXV6xCw1MU5iPv5ZQrb3NDLUU+TW07imJ5GD9YKi0Qiiypo+zhtL4aGaOG+870yHwuY ;{id = 30130 (ksk), size = 384b}
2024-09-24 17:24:51 keytrap.test.86400INDNSKEY256 3 14 MjY4X0GT9jf00V9bZU7cMkceFGdUMgbeNK4afF6BB/VznyKXsZlTeX5IgrD/8BNWd1jMvvL5RlbBXbmy5022d34VqReK5IRA6WKxp9uzDBEpc6qoh2npdudDTsFMZKor ;{id = 6350 (zsk), size = 384b}
2024-09-24 17:24:51 keytrap.test.86400INRRSIGDNSKEY 14 2 86400 20241024082049 20240924082049 6350 keytrap.test. RV1t5PrsLi9tSUYq9ZNtFoXT8cmJYVUzOsn7xYPItKC7ky7Kpqiykk6HJIcnU4yyMbY2eLVfdjUZFqu0dKl5yQnJvuVswc6ZvbWUtPc1ElbETHKve+MqGZagRPfwulLT ;{id = 6350}
2024-09-24 17:24:51 keytrap.test.86400INRRSIGDNSKEY 14 2 86400 20241024082049 20240924082049 30130 keytrap.test. n4xGxlkb2FsJ3/nSfPaznBYXM4lDbMXLcXvIuxMNoRwpkdoKgUDX1PcwxnPhVS8T8Pi9SFM7KdhEl6b0lj/wtZPJtEA1oncjoE5sC7atr66ncAIpt9XVkCufFpepA8P/ ;{id = 30130}
2024-09-24 17:24:51 
2024-09-24 17:24:51 ;; AUTHORITY SECTION:
2024-09-24 17:24:51 
2024-09-24 17:24:51 ;; ADDITIONAL SECTION:
2024-09-24 17:24:51 ;; MSG SIZE  rcvd: 1430
2024-09-24 17:24:51 
2024-09-24 17:24:51 [1727169891] unbound[1:0] debug: iter_handle processing q with state QUERY RESPONSE STATE
2024-09-24 17:24:51 [1727169891] unbound[1:0] info: query response was ANSWER
2024-09-24 17:24:51 [1727169891] unbound[1:0] debug: iter_handle processing q with state FINISHED RESPONSE STATE
2024-09-24 17:24:51 [1727169891] unbound[1:0] info: finishing processing for keytrap.test. DNSKEY IN
2024-09-24 17:24:51 [1727169891] unbound[1:0] debug: mesh_run: iterator module exit state is module_finished
2024-09-24 17:24:51 [1727169891] unbound[1:0] debug: validator[module 0] operate: extstate:module_wait_module event:module_event_moddone
2024-09-24 17:24:51 [1727169891] unbound[1:0] info: validator operate: query keytrap.test. DNSKEY IN
2024-09-24 17:24:51 [1727169891] unbound[1:0] debug: validator: nextmodule returned
2024-09-24 17:24:51 [1727169891] unbound[1:0] debug: not validating response, is valrec(validation recursion lookup)
2024-09-24 17:24:51 [1727169891] unbound[1:0] debug: mesh_run: validator module exit state is module_finished
2024-09-24 17:24:51 [1727169891] unbound[1:0] info: validator: inform_super, sub is keytrap.test. DNSKEY IN
2024-09-24 17:24:51 [1727169891] unbound[1:0] info: super is www.keytrap.test. A IN
2024-09-24 17:24:51 [1727169891] unbound[1:0] debug: anchor matched DNSKEY.
2024-09-24 17:24:51 [1727169891] unbound[1:0] info: validate keys with anchor(DS): sec_status_secure
2024-09-24 17:24:51 [1727169891] unbound[1:0] info: Successfully primed trust anchor keytrap.test. DNSKEY IN
2024-09-24 17:24:51 [1727169891] unbound[1:0] debug: validator[module 0] operate: extstate:module_wait_subquery event:module_event_pass
2024-09-24 17:24:51 [1727169891] unbound[1:0] info: validator operate: query www.keytrap.test. A IN
2024-09-24 17:24:51 [1727169891] unbound[1:0] debug: val handle processing q with state VAL_FINDKEY_STATE
2024-09-24 17:24:51 [1727169891] unbound[1:0] info: validator: FindKey www.keytrap.test. A IN
2024-09-24 17:24:51 [1727169891] unbound[1:0] debug: val handle processing q with state VAL_VALIDATE_STATE
2024-09-24 17:24:51 [1727169891] unbound[1:0] info: verify rrset www.keytrap.test. A IN
2024-09-24 17:24:51 [1727169891] unbound[1:0] debug: verify sig 6350 14
2024-09-24 17:24:51 [1727169891] unbound[1:0] debug: verify: signature mismatch
2024-09-24 17:24:51 [1727169891] unbound[1:0] debug: verify: signature mismatch
2024-09-24 17:24:51 [1727169891] unbound[1:0] debug: verify: signature mismatch
2024-09-24 17:24:51 [1727169891] unbound[1:0] debug: verify result: sec_status_secure
2024-09-24 17:24:51 [1727169891] unbound[1:0] info: verify rrset keytrap.test. NS IN
2024-09-24 17:24:51 [1727169891] unbound[1:0] debug: verify sig 6350 14
2024-09-24 17:24:51 [1727169891] unbound[1:0] debug: verify: signature mismatch
2024-09-24 17:24:51 [1727169891] unbound[1:0] debug: verify: signature mismatch
2024-09-24 17:24:51 [1727169891] unbound[1:0] debug: verify: signature mismatch
2024-09-24 17:24:51 [1727169891] unbound[1:0] debug: verify result: sec_status_secure
2024-09-24 17:24:51 [1727169891] unbound[1:0] info: verify rrset ns0.keytrap.test. A IN
2024-09-24 17:24:51 [1727169891] unbound[1:0] debug: verify sig 6350 14
2024-09-24 17:24:51 [1727169891] unbound[1:0] debug: verify: signature mismatch
2024-09-24 17:24:51 [1727169891] unbound[1:0] debug: verify: signature mismatch
2024-09-24 17:24:51 [1727169891] unbound[1:0] debug: verify: signature mismatch
2024-09-24 17:24:51 [1727169891] unbound[1:0] debug: verify result: sec_status_secure
2024-09-24 17:24:51 [1727169891] unbound[1:0] debug: msg signature validation suspended
2024-09-24 17:24:51 [1727169891] unbound[1:0] debug: validate_suspend timer, set for suspend
2024-09-24 17:24:51 [1727169891] unbound[1:0] debug: mesh_run: validator module exit state is module_wait_reply
2024-09-24 17:24:51 [1727169891] unbound[1:0] info: mesh_run: end 1 recursion states (1 with reply, 0 detached), 1 waiting replies, 0 recursion replies sent, 0 replies dropped, 0 states jostled out
2024-09-24 17:24:51 [1727169891] unbound[1:0] info: 0RDd mod0 rep www.keytrap.test. A IN
2024-09-24 17:24:51 [1727169891] unbound[1:0] debug: cache memory msg=66776 rrset=71773 infra=8534 val=68206
2024-09-24 17:24:51 [1727169891] unbound[1:0] debug: svcd callbacks end
2024-09-24 17:24:51 [1727169891] unbound[1:0] debug: comm point stop listening 9
2024-09-24 17:24:51 [1727169891] unbound[1:0] debug: comm point start listening 9 (60000 msec)
2024-09-24 17:24:51 [1727169891] unbound[1:0] debug: validate_suspend timer, continue
2024-09-24 17:24:51 [1727169891] unbound[1:0] debug: mesh_run: start
2024-09-24 17:24:51 [1727169891] unbound[1:0] debug: validator[module 0] operate: extstate:module_wait_reply event:module_event_pass
2024-09-24 17:24:51 [1727169891] unbound[1:0] info: validator operate: query www.keytrap.test. A IN
2024-09-24 17:24:51 [1727169891] unbound[1:0] debug: val handle processing q with state VAL_VALIDATE_STATE
2024-09-24 17:24:51 [1727169891] unbound[1:0] info: verify rrset ns1.keytrap.test. A IN
2024-09-24 17:24:51 [1727169891] unbound[1:0] debug: verify sig 6350 14
2024-09-24 17:24:51 [1727169891] unbound[1:0] debug: verify: signature mismatch
2024-09-24 17:24:51 [1727169891] unbound[1:0] debug: verify: signature mismatch
2024-09-24 17:24:51 [1727169891] unbound[1:0] debug: verify: signature mismatch
2024-09-24 17:24:51 [1727169891] unbound[1:0] debug: verify: signature mismatch
2024-09-24 17:24:51 [1727169891] unbound[1:0] debug: verify: signature mismatch
2024-09-24 17:24:51 [1727169891] unbound[1:0] debug: verify: signature mismatch
2024-09-24 17:24:51 [1727169891] unbound[1:0] debug: verify: signature mismatch
2024-09-24 17:24:51 [1727169891] unbound[1:0] debug: verify: signature mismatch
2024-09-24 17:24:51 [1727169891] unbound[1:0] debug: verify: signature mismatch
2024-09-24 17:24:51 [1727169891] unbound[1:0] debug: verify sig: too many RRSIG validations
2024-09-24 17:24:51 [1727169891] unbound[1:0] debug: rrset failed to verify, too many RRSIG validations
2024-09-24 17:24:51 [1727169891] unbound[1:0] debug: verify result: sec_status_bogus
2024-09-24 17:24:51 [1727169891] unbound[1:0] debug: msg signature validation suspended
2024-09-24 17:24:51 [1727169891] unbound[1:0] debug: validate_suspend timer, set for suspend
2024-09-24 17:24:51 [1727169891] unbound[1:0] debug: mesh_run: validator module exit state is module_wait_reply
2024-09-24 17:24:51 [1727169891] unbound[1:0] info: mesh_run: end 1 recursion states (1 with reply, 0 detached), 1 waiting replies, 0 recursion replies sent, 0 replies dropped, 0 states jostled out
2024-09-24 17:24:51 [1727169891] unbound[1:0] info: 0RDd mod0 rep www.keytrap.test. A IN
2024-09-24 17:24:51 [1727169891] unbound[1:0] debug: validate_suspend timer, continue
2024-09-24 17:24:51 [1727169891] unbound[1:0] debug: mesh_run: start
2024-09-24 17:24:51 [1727169891] unbound[1:0] debug: validator[module 0] operate: extstate:module_wait_reply event:module_event_pass
2024-09-24 17:24:51 [1727169891] unbound[1:0] info: validator operate: query www.keytrap.test. A IN
2024-09-24 17:24:51 [1727169891] unbound[1:0] debug: val handle processing q with state VAL_VALIDATE_STATE
2024-09-24 17:24:51 [1727169891] unbound[1:0] info: verify rrset ns2.keytrap.test. A IN
2024-09-24 17:24:51 [1727169891] unbound[1:0] debug: verify sig 6350 14
2024-09-24 17:24:51 [1727169891] unbound[1:0] debug: verify: signature mismatch
2024-09-24 17:24:51 [1727169891] unbound[1:0] debug: verify: signature mismatch
2024-09-24 17:24:51 [1727169891] unbound[1:0] debug: verify: signature mismatch
2024-09-24 17:24:51 [1727169891] unbound[1:0] debug: verify: signature mismatch
2024-09-24 17:24:51 [1727169891] unbound[1:0] debug: verify: signature mismatch
2024-09-24 17:24:51 [1727169891] unbound[1:0] debug: verify: signature mismatch
2024-09-24 17:24:51 [1727169891] unbound[1:0] debug: verify: signature mismatch
2024-09-24 17:24:51 [1727169891] unbound[1:0] debug: verify: signature mismatch
2024-09-24 17:24:51 [1727169891] unbound[1:0] debug: verify: signature mismatch
2024-09-24 17:24:51 [1727169891] unbound[1:0] debug: verify sig: too many RRSIG validations
2024-09-24 17:24:51 [1727169891] unbound[1:0] debug: rrset failed to verify, too many RRSIG validations
2024-09-24 17:24:51 [1727169891] unbound[1:0] debug: verify result: sec_status_bogus
2024-09-24 17:24:51 [1727169891] unbound[1:0] debug: msg signature validation suspended
2024-09-24 17:24:51 [1727169891] unbound[1:0] debug: validate_suspend timer, set for suspend
2024-09-24 17:24:51 [1727169891] unbound[1:0] debug: mesh_run: validator module exit state is module_wait_reply
2024-09-24 17:24:51 [1727169891] unbound[1:0] info: mesh_run: end 1 recursion states (1 with reply, 0 detached), 1 waiting replies, 0 recursion replies sent, 0 replies dropped, 0 states jostled out
2024-09-24 17:24:51 [1727169891] unbound[1:0] info: 0RDd mod0 rep www.keytrap.test. A IN
2024-09-24 17:24:51 [1727169891] unbound[1:0] debug: validate_suspend timer, continue
2024-09-24 17:24:51 [1727169891] unbound[1:0] debug: mesh_run: start
2024-09-24 17:24:51 [1727169891] unbound[1:0] debug: validator[module 0] operate: extstate:module_wait_reply event:module_event_pass
2024-09-24 17:24:51 [1727169891] unbound[1:0] info: validator operate: query www.keytrap.test. A IN
2024-09-24 17:24:51 [1727169891] unbound[1:0] debug: val handle processing q with state VAL_VALIDATE_STATE
2024-09-24 17:24:51 [1727169891] unbound[1:0] info: verify rrset ns3.keytrap.test. A IN
2024-09-24 17:24:51 [1727169891] unbound[1:0] debug: verify sig 6350 14
2024-09-24 17:24:51 [1727169891] unbound[1:0] debug: verify: signature mismatch
2024-09-24 17:24:51 [1727169891] unbound[1:0] debug: verify: signature mismatch
2024-09-24 17:24:51 [1727169891] unbound[1:0] debug: verify: signature mismatch
2024-09-24 17:24:51 [1727169891] unbound[1:0] debug: verify: signature mismatch
2024-09-24 17:24:51 [1727169891] unbound[1:0] debug: verify: signature mismatch
2024-09-24 17:24:51 [1727169891] unbound[1:0] debug: verify: signature mismatch
2024-09-24 17:24:51 [1727169891] unbound[1:0] debug: verify: signature mismatch
2024-09-24 17:24:51 [1727169891] unbound[1:0] debug: verify: signature mismatch
2024-09-24 17:24:51 [1727169891] unbound[1:0] debug: verify: signature mismatch
2024-09-24 17:24:51 [1727169891] unbound[1:0] debug: verify sig: too many RRSIG validations
2024-09-24 17:24:51 [1727169891] unbound[1:0] debug: rrset failed to verify, too many RRSIG validations
2024-09-24 17:24:51 [1727169891] unbound[1:0] debug: verify result: sec_status_bogus
2024-09-24 17:24:51 [1727169891] unbound[1:0] debug: msg signature validation suspended
2024-09-24 17:24:51 [1727169891] unbound[1:0] debug: validate_suspend timer, set for suspend
2024-09-24 17:24:51 [1727169891] unbound[1:0] debug: mesh_run: validator module exit state is module_wait_reply
2024-09-24 17:24:51 [1727169891] unbound[1:0] info: mesh_run: end 1 recursion states (1 with reply, 0 detached), 1 waiting replies, 0 recursion replies sent, 0 replies dropped, 0 states jostled out
2024-09-24 17:24:51 [1727169891] unbound[1:0] info: 0RDd mod0 rep www.keytrap.test. A IN
2024-09-24 17:24:52 [1727169892] unbound[1:0] debug: validate_suspend timer, continue
2024-09-24 17:24:52 [1727169892] unbound[1:0] debug: mesh_run: start
2024-09-24 17:24:52 [1727169892] unbound[1:0] debug: validator[module 0] operate: extstate:module_wait_reply event:module_event_pass
2024-09-24 17:24:52 [1727169892] unbound[1:0] info: validator operate: query www.keytrap.test. A IN
2024-09-24 17:24:52 [1727169892] unbound[1:0] debug: val handle processing q with state VAL_VALIDATE_STATE
2024-09-24 17:24:52 [1727169892] unbound[1:0] info: verify rrset ns4.keytrap.test. A IN
2024-09-24 17:24:52 [1727169892] unbound[1:0] debug: verify sig 6350 14
2024-09-24 17:24:52 [1727169892] unbound[1:0] debug: verify: signature mismatch
2024-09-24 17:24:52 [1727169892] unbound[1:0] debug: verify: signature mismatch
2024-09-24 17:24:52 [1727169892] unbound[1:0] debug: verify: signature mismatch
2024-09-24 17:24:52 [1727169892] unbound[1:0] debug: verify: signature mismatch
2024-09-24 17:24:52 [1727169892] unbound[1:0] debug: verify: signature mismatch
2024-09-24 17:24:52 [1727169892] unbound[1:0] debug: verify: signature mismatch
2024-09-24 17:24:52 [1727169892] unbound[1:0] debug: verify: signature mismatch
2024-09-24 17:24:52 [1727169892] unbound[1:0] debug: verify: signature mismatch
2024-09-24 17:24:52 [1727169892] unbound[1:0] debug: verify: signature mismatch
2024-09-24 17:24:52 [1727169892] unbound[1:0] debug: verify sig: too many RRSIG validations
2024-09-24 17:24:52 [1727169892] unbound[1:0] debug: rrset failed to verify, too many RRSIG validations
2024-09-24 17:24:52 [1727169892] unbound[1:0] debug: verify result: sec_status_bogus
2024-09-24 17:24:52 [1727169892] unbound[1:0] debug: Validating a positive response
2024-09-24 17:24:52 [1727169892] unbound[1:0] debug: Successfully validated positive response
2024-09-24 17:24:52 [1727169892] unbound[1:0] info: validate(positive): sec_status_secure
2024-09-24 17:24:52 [1727169892] unbound[1:0] debug: val handle processing q with state VAL_FINISHED_STATE
2024-09-24 17:24:52 [1727169892] unbound[1:0] info: validation success www.keytrap.test. A IN
2024-09-24 17:24:52 [1727169892] unbound[1:0] debug: mesh_run: validator module exit state is module_finished
2024-09-24 17:24:52 [1727169892] unbound[1:0] debug: query took 0.767291 sec
2024-09-24 17:24:52 [1727169892] unbound[1:0] info: mesh_run: end 0 recursion states (0 with reply, 0 detached), 0 waiting replies, 1 recursion replies sent, 0 replies dropped, 0 states jostled out
2024-09-24 17:24:52 [1727169892] unbound[1:0] info: average recursion processing time 0.767291 sec
2024-09-24 17:24:52 [1727169892] unbound[1:0] info: histogram of recursion processing times
2024-09-24 17:24:52 [1727169892] unbound[1:0] info: [25%]=0 median[50%]=0 [75%]=0
2024-09-24 17:24:52 [1727169892] unbound[1:0] info: lower(secs) upper(secs) recursions
2024-09-24 17:24:52 [1727169892] unbound[1:0] info:    0.524288    1.000000 1
