[1728995726] unbound[1:0] debug: mesh_run: start
[1728995726] unbound[1:0] debug: validator[module 0] operate: extstate:module_state_initial event:module_event_new
[1728995726] unbound[1:0] info: validator operate: query www.keytrap.test. A IN
[1728995726] unbound[1:0] debug: validator: pass to next module
[1728995726] unbound[1:0] debug: mesh_run: validator module exit state is module_wait_module
[1728995726] unbound[1:0] debug: iterator[module 1] operate: extstate:module_state_initial event:module_event_pass
[1728995726] unbound[1:0] debug: process_request: new external request event
[1728995726] unbound[1:0] debug: iter_handle processing q with state INIT REQUEST STATE
[1728995726] unbound[1:0] info: resolving www.keytrap.test. A IN
[1728995726] unbound[1:0] debug: request has dependency depth of 0
[1728995726] unbound[1:0] info: use stub keytrap.test. NS IN
[1728995726] unbound[1:0] debug: cache delegation returns delegpt
[1728995726] unbound[1:0] info: DelegationPoint<keytrap.test.>: 0 names (0 missing), 1 addrs (0 result, 1 avail) parentNS
[1728995726] unbound[1:0] debug:    ip4 10.10.3.3 port 53 (len 16)
[1728995726] unbound[1:0] debug: iter_handle processing q with state INIT REQUEST STATE (stage 2)
[1728995726] unbound[1:0] info: resolving (init part 2):  www.keytrap.test. A IN
[1728995726] unbound[1:0] info: use stub keytrap.test. NS IN
[1728995726] unbound[1:0] debug: iter_handle processing q with state INIT REQUEST STATE (stage 3)
[1728995726] unbound[1:0] info: resolving (init part 3):  www.keytrap.test. A IN
[1728995726] unbound[1:0] debug: iter_handle processing q with state QUERY TARGETS STATE
[1728995726] unbound[1:0] info: processQueryTargets: www.keytrap.test. A IN
[1728995726] unbound[1:0] debug: processQueryTargets: targetqueries 0, currentqueries 0 sentcount 0
[1728995726] unbound[1:0] info: DelegationPoint<keytrap.test.>: 0 names (0 missing), 1 addrs (0 result, 1 avail) parentNS
[1728995726] unbound[1:0] debug:    ip4 10.10.3.3 port 53 (len 16)
[1728995726] unbound[1:0] debug: attempt to get extra 3 targets
[1728995726] unbound[1:0] debug: rpz: iterator module callback: have_rpz=0
[1728995726] unbound[1:0] debug: selrtt 376
[1728995726] unbound[1:0] info: sending query: www.keytrap.test. A IN
[1728995726] unbound[1:0] debug: sending to target: <keytrap.test.> 10.10.3.3#53
[1728995726] unbound[1:0] debug: dnssec status: expected
[1728995726] unbound[1:0] debug: mesh_run: iterator module exit state is module_wait_reply
[1728995726] unbound[1:0] info: mesh_run: end 1 recursion states (1 with reply, 0 detached), 1 waiting replies, 0 recursion replies sent, 0 replies dropped, 0 states jostled out
[1728995726] unbound[1:0] info: 0RDd mod1 rep www.keytrap.test. A IN
[1728995726] unbound[1:0] debug: cache memory msg=66104 rrset=66104 infra=8224 val=66384
[1728995726] unbound[1:0] debug: serviced send timer
[1728995726] unbound[1:0] debug: EDNS lookup known=0 vs=0
[1728995726] unbound[1:0] debug: serviced query UDP timeout=376 msec
[1728995726] unbound[1:0] debug: inserted new pending reply id=80c3
[1728995726] unbound[1:0] debug: opened UDP if=0 port=22124
[1728995726] unbound[1:0] debug: comm point start listening 7 (-1 msec)
[1728995726] unbound[1:0] debug: answer cb
[1728995726] unbound[1:0] debug: Incoming reply id = 80c3
[1728995726] unbound[1:0] debug: Incoming reply addr = ip4 10.10.3.3 port 53 (len 16)
[1728995726] unbound[1:0] debug: lookup size is 1 entries
[1728995726] unbound[1:0] debug: received udp reply.
[1728995726] unbound[1:0] debug: udp message[613:0] 80C38400000100020002000203777777076B6579747261700474657374000001000103777777076B657974726170047465737400000100010001518000040A0A030303777777076B657974726170047465737400002E000100015180008000010E030001518067334F2B670BC22B18CE076B65797472617004746573740062C3CFB365A9B82D21EFE7986A70EBDCD67E6E80D29140141E384A546CCC947A64A728D3329258B0793F33D1E6DA2B2AE65A172A9092E3720B91BFFDFA4054A728D2FA4310C0DF95EEFFB87CF102A5A03E07EB21D52D04DB34F4976E0905B070076B65797472617004746573740000020001000151800012036E7331076B65797472
[1728995726] unbound[1:0] debug: udp message[613:256] 6170047465737400076B657974726170047465737400002E000100015180008000020E020001518067334F2B670BC22B18CE076B657974726170047465737400DA0FBB8F01C649A8EE06D39860CD4EFBF002EB809DC1168CE25354AF2C58773F959FF66A50BFD1C69FD11C41636B96BE4B00F3304E95C33638EC114BA68402D3869FCDAC702924E99F59B0DAD4714BE64BBC8FECD178512CB19B564D2F7FDA5B076B657974726170047465737400001000010001518000151454686973206973206120545854207265636F7264076B657974726170047465737400002E000100015180008000100E030001518067334F2B670BC22B18CE076B65797472617004
[1728995726] unbound[1:0] debug: udp message[613:512] 74657374007881537E998938030CA1DF32B2A57E91ACB22EE96F5B011EDFF9C5C572CB7C6FC741DA5F3B490D2ECA03B436EA7BC5902AA6013AD946B3DD5B01A4F459E21BA24B5796397E8B900142E5C77C538CE8620BEDB3D9FE94587CE0D2054DAA9BE9B8
[1728995726] unbound[1:0] debug: outnet handle udp reply
[1728995726] unbound[1:0] debug: serviced query: EDNS works for ip4 10.10.3.3 port 53 (len 16)
[1728995726] unbound[1:0] debug: measured roundtrip at 17 msec
[1728995726] unbound[1:0] debug: svcd callbacks start
[1728995726] unbound[1:0] debug: worker svcd callback for qstate 0x556050fbc510
[1728995726] unbound[1:0] debug: mesh_run: start
[1728995726] unbound[1:0] debug: iterator[module 1] operate: extstate:module_wait_reply event:module_event_reply
[1728995726] unbound[1:0] info: iterator operate: query www.keytrap.test. A IN
[1728995726] unbound[1:0] debug: process_response: new external response event
[1728995726] unbound[1:0] info: scrub for keytrap.test. NS IN
[1728995726] unbound[1:0] info: response for www.keytrap.test. A IN
[1728995726] unbound[1:0] info: reply from <keytrap.test.> 10.10.3.3#53
[1728995726] unbound[1:0] info: incoming scrubbed packet: ;; ->>HEADER<<- opcode: QUERY, rcode: NOERROR, id: 0
;; flags: qr aa ; QUERY: 1, ANSWER: 2, AUTHORITY: 2, ADDITIONAL: 2 
;; QUESTION SECTION:
www.keytrap.test.INA

;; ANSWER SECTION:
www.keytrap.test.86400INA10.10.3.3
www.keytrap.test.86400INRRSIGA 14 3 86400 20241112125051 20241013125051 6350 keytrap.test. YsPPs2WpuC0h7+eYanDr3NZ+boDSkUAUHjhKVGzMlHpkpyjTMpJYsHk/M9Hm2isq5loXKpCS43ILkb/9+kBUpyjS+kMQwN+V7v+4fPECpaA+B+sh1S0E2zT0l24JBbBw ;{id = 6350}

;; AUTHORITY SECTION:
keytrap.test.86400INNSns1.keytrap.test.
keytrap.test.86400INRRSIGNS 14 2 86400 20241112125051 20241013125051 6350 keytrap.test. 2g+7jwHGSajuBtOYYM1O+/AC64CdwRaM4lNUryxYdz+Vn/ZqUL/Rxp/RHEFja5a+SwDzME6VwzY47BFLpoQC04afzaxwKSTpn1mw2tRxS+ZLvI/s0XhRLLGbVk0vf9pb ;{id = 6350}

;; ADDITIONAL SECTION:
keytrap.test.86400INTXT"This is a TXT record"
keytrap.test.86400INRRSIGTXT 14 3 86400 20241112125051 20241013125051 6350 keytrap.test. eIFTfpmJOAMMod8ysqV+kayyLulvWwEe3/nFxXLLfG/HQdpfO0kNLsoDtDbqe8WQKqYBOtlGs91bAaT0WeIboktXljl+i5ABQuXHfFOM6GIL7bPZ/pRYfODSBU2qm+m4 ;{id = 6350}
;; MSG SIZE  rcvd: 521

[1728995726] unbound[1:0] debug: iter_handle processing q with state QUERY RESPONSE STATE
[1728995726] unbound[1:0] info: query response was ANSWER
[1728995726] unbound[1:0] debug: iter_handle processing q with state FINISHED RESPONSE STATE
[1728995726] unbound[1:0] info: finishing processing for www.keytrap.test. A IN
[1728995726] unbound[1:0] debug: mesh_run: iterator module exit state is module_finished
[1728995726] unbound[1:0] debug: validator[module 0] operate: extstate:module_wait_module event:module_event_moddone
[1728995726] unbound[1:0] info: validator operate: query www.keytrap.test. A IN
[1728995726] unbound[1:0] debug: validator: nextmodule returned
[1728995726] unbound[1:0] debug: val handle processing q with state VAL_INIT_STATE
[1728995726] unbound[1:0] debug: validator classification positive
[1728995726] unbound[1:0] info: signer is keytrap.test. TYPE0 CLASS0
[1728995726] unbound[1:0] info: prime trust anchor
[1728995726] unbound[1:0] info: generate request keytrap.test. DNSKEY IN
[1728995726] unbound[1:0] info: generate keytag query _ta-75b2.keytrap.test. NULL IN
[1728995726] unbound[1:0] info: generate request _ta-75b2.keytrap.test. NULL IN
[1728995726] unbound[1:0] debug: mesh_run: validator module exit state is module_wait_subquery
[1728995726] unbound[1:0] debug: validator[module 0] operate: extstate:module_state_initial event:module_event_pass
[1728995726] unbound[1:0] info: validator operate: query keytrap.test. DNSKEY IN
[1728995726] unbound[1:0] debug: validator: pass to next module
[1728995726] unbound[1:0] debug: mesh_run: validator module exit state is module_wait_module
[1728995726] unbound[1:0] debug: iterator[module 1] operate: extstate:module_state_initial event:module_event_pass
[1728995726] unbound[1:0] debug: process_request: new external request event
[1728995726] unbound[1:0] debug: iter_handle processing q with state INIT REQUEST STATE
[1728995726] unbound[1:0] info: resolving keytrap.test. DNSKEY IN
[1728995726] unbound[1:0] debug: request has dependency depth of 0
[1728995726] unbound[1:0] debug: cache has stub or fwd but no addresses, fallback to config
[1728995726] unbound[1:0] debug: cache delegation returns delegpt
[1728995726] unbound[1:0] info: DelegationPoint<keytrap.test.>: 0 names (0 missing), 1 addrs (0 result, 1 avail) parentNS
[1728995726] unbound[1:0] debug:    ip4 10.10.3.3 port 53 (len 16)
[1728995726] unbound[1:0] debug: iter_handle processing q with state INIT REQUEST STATE (stage 2)
[1728995726] unbound[1:0] info: resolving (init part 2):  keytrap.test. DNSKEY IN
[1728995726] unbound[1:0] info: use stub keytrap.test. NS IN
[1728995726] unbound[1:0] debug: iter_handle processing q with state INIT REQUEST STATE (stage 3)
[1728995726] unbound[1:0] info: resolving (init part 3):  keytrap.test. DNSKEY IN
[1728995726] unbound[1:0] debug: iter_handle processing q with state QUERY TARGETS STATE
[1728995726] unbound[1:0] info: processQueryTargets: keytrap.test. DNSKEY IN
[1728995726] unbound[1:0] debug: processQueryTargets: targetqueries 0, currentqueries 0 sentcount 0
[1728995726] unbound[1:0] info: DelegationPoint<keytrap.test.>: 0 names (0 missing), 1 addrs (0 result, 1 avail) parentNS
[1728995726] unbound[1:0] debug:    ip4 10.10.3.3 port 53 (len 16)
[1728995726] unbound[1:0] debug: attempt to get extra 3 targets
[1728995726] unbound[1:0] debug: rpz: iterator module callback: have_rpz=0
[1728995726] unbound[1:0] debug: servselect ip4 10.10.3.3 port 53 (len 16)
[1728995726] unbound[1:0] debug:    rtt=302
[1728995726] unbound[1:0] debug: selrtt 302
[1728995726] unbound[1:0] info: sending query: keytrap.test. DNSKEY IN
[1728995726] unbound[1:0] debug: sending to target: <keytrap.test.> 10.10.3.3#53
[1728995726] unbound[1:0] debug: dnssec status: expected
[1728995726] unbound[1:0] debug: mesh_run: iterator module exit state is module_wait_reply
[1728995726] unbound[1:0] debug: validator[module 0] operate: extstate:module_state_initial event:module_event_pass
[1728995726] unbound[1:0] info: validator operate: query _ta-75b2.keytrap.test. NULL IN
[1728995726] unbound[1:0] debug: validator: pass to next module
[1728995726] unbound[1:0] debug: mesh_run: validator module exit state is module_wait_module
[1728995726] unbound[1:0] debug: iterator[module 1] operate: extstate:module_state_initial event:module_event_pass
[1728995726] unbound[1:0] debug: process_request: new external request event
[1728995726] unbound[1:0] debug: iter_handle processing q with state INIT REQUEST STATE
[1728995726] unbound[1:0] info: resolving _ta-75b2.keytrap.test. NULL IN
[1728995726] unbound[1:0] debug: request has dependency depth of 0
[1728995726] unbound[1:0] debug: cache has stub or fwd but no addresses, fallback to config
[1728995726] unbound[1:0] debug: cache delegation returns delegpt
[1728995726] unbound[1:0] info: DelegationPoint<keytrap.test.>: 0 names (0 missing), 1 addrs (0 result, 1 avail) parentNS
[1728995726] unbound[1:0] debug:    ip4 10.10.3.3 port 53 (len 16)
[1728995726] unbound[1:0] debug: iter_handle processing q with state INIT REQUEST STATE (stage 2)
[1728995726] unbound[1:0] info: resolving (init part 2):  _ta-75b2.keytrap.test. NULL IN
[1728995726] unbound[1:0] info: use stub keytrap.test. NS IN
[1728995726] unbound[1:0] debug: iter_handle processing q with state INIT REQUEST STATE (stage 3)
[1728995726] unbound[1:0] info: resolving (init part 3):  _ta-75b2.keytrap.test. NULL IN
[1728995726] unbound[1:0] debug: iter_handle processing q with state QUERY TARGETS STATE
[1728995726] unbound[1:0] info: processQueryTargets: _ta-75b2.keytrap.test. NULL IN
[1728995726] unbound[1:0] debug: processQueryTargets: targetqueries 0, currentqueries 0 sentcount 0
[1728995726] unbound[1:0] info: DelegationPoint<keytrap.test.>: 0 names (0 missing), 1 addrs (0 result, 1 avail) parentNS
[1728995726] unbound[1:0] debug:    ip4 10.10.3.3 port 53 (len 16)
[1728995726] unbound[1:0] debug: attempt to get extra 3 targets
[1728995726] unbound[1:0] debug: rpz: iterator module callback: have_rpz=0
[1728995726] unbound[1:0] debug: servselect ip4 10.10.3.3 port 53 (len 16)
[1728995726] unbound[1:0] debug:    rtt=302
[1728995726] unbound[1:0] debug: selrtt 302
[1728995726] unbound[1:0] info: sending query: _ta-75b2.keytrap.test. A IN
[1728995726] unbound[1:0] debug: sending to target: <keytrap.test.> 10.10.3.3#53
[1728995726] unbound[1:0] debug: dnssec status: expected
[1728995726] unbound[1:0] debug: mesh_run: iterator module exit state is module_wait_reply
[1728995726] unbound[1:0] info: mesh_run: end 3 recursion states (1 with reply, 1 detached), 1 waiting replies, 0 recursion replies sent, 0 replies dropped, 0 states jostled out
[1728995726] unbound[1:0] info: 0vRDCD mod1  keytrap.test. DNSKEY IN
[1728995726] unbound[1:0] info: 1vRDd mod1  _ta-75b2.keytrap.test. NULL IN
[1728995726] unbound[1:0] info: 2RDdc mod0 rep www.keytrap.test. A IN
[1728995726] unbound[1:0] debug: cache memory msg=66418 rrset=67333 infra=8534 val=66384
[1728995726] unbound[1:0] debug: svcd callbacks end
[1728995726] unbound[1:0] debug: close of port 22124
[1728995726] unbound[1:0] debug: close fd 7
[1728995726] unbound[1:0] debug: serviced send timer
[1728995726] unbound[1:0] debug: EDNS lookup known=1 vs=0
[1728995726] unbound[1:0] debug: serviced query UDP timeout=302 msec
[1728995726] unbound[1:0] debug: inserted new pending reply id=145c
[1728995726] unbound[1:0] debug: opened UDP if=0 port=64026
[1728995726] unbound[1:0] debug: comm point start listening 7 (-1 msec)
[1728995726] unbound[1:0] debug: serviced send timer
[1728995726] unbound[1:0] debug: EDNS lookup known=1 vs=0
[1728995726] unbound[1:0] debug: serviced query UDP timeout=302 msec
[1728995726] unbound[1:0] debug: inserted new pending reply id=f132
[1728995726] unbound[1:0] debug: opened UDP if=0 port=44027
[1728995726] unbound[1:0] debug: comm point start listening 8 (-1 msec)
[1728995726] unbound[1:0] debug: answer cb
[1728995726] unbound[1:0] debug: Incoming reply id = f132
[1728995726] unbound[1:0] debug: Incoming reply addr = ip4 10.10.3.3 port 53 (len 16)
[1728995726] unbound[1:0] debug: lookup size is 2 entries
[1728995726] unbound[1:0] debug: received udp reply.
[1728995726] unbound[1:0] debug: udp message[39:0] F13284030001000000000000085F74612D37356232076B65797472617004746573740000010001
[1728995726] unbound[1:0] debug: outnet handle udp reply
[1728995726] unbound[1:0] debug: measured roundtrip at 19 msec
[1728995726] unbound[1:0] debug: svcd callbacks start
[1728995726] unbound[1:0] debug: worker svcd callback for qstate 0x556050fb04e0
[1728995726] unbound[1:0] debug: mesh_run: start
[1728995726] unbound[1:0] debug: iterator[module 1] operate: extstate:module_wait_reply event:module_event_reply
[1728995726] unbound[1:0] info: iterator operate: query _ta-75b2.keytrap.test. NULL IN
[1728995726] unbound[1:0] debug: process_response: new external response event
[1728995726] unbound[1:0] info: scrub for keytrap.test. NS IN
[1728995726] unbound[1:0] info: response for _ta-75b2.keytrap.test. NULL IN
[1728995726] unbound[1:0] info: reply from <keytrap.test.> 10.10.3.3#53
[1728995726] unbound[1:0] info: incoming scrubbed packet: ;; ->>HEADER<<- opcode: QUERY, rcode: NXDOMAIN, id: 0
;; flags: qr aa ; QUERY: 1, ANSWER: 0, AUTHORITY: 0, ADDITIONAL: 0 
;; QUESTION SECTION:
_ta-75b2.keytrap.test.INA

;; ANSWER SECTION:

;; AUTHORITY SECTION:

;; ADDITIONAL SECTION:
;; MSG SIZE  rcvd: 39

[1728995726] unbound[1:0] debug: iter_handle processing q with state QUERY RESPONSE STATE
[1728995726] unbound[1:0] info: query response was DNSSEC LAME
[1728995726] unbound[1:0] debug: iter_handle processing q with state QUERY TARGETS STATE
[1728995726] unbound[1:0] info: processQueryTargets: _ta-75b2.keytrap.test. NULL IN
[1728995726] unbound[1:0] debug: processQueryTargets: targetqueries 0, currentqueries 0 sentcount 1
[1728995726] unbound[1:0] info: DelegationPoint<keytrap.test.>: 0 names (0 missing), 1 addrs (1 result, 0 avail) parentNS
[1728995726] unbound[1:0] debug:    ip4 10.10.3.3 port 53 (len 16)
[1728995726] unbound[1:0] debug: attempt to get extra 3 targets
[1728995726] unbound[1:0] debug: rpz: iterator module callback: have_rpz=0
[1728995726] unbound[1:0] debug: servselect ip4 10.10.3.3 port 53 (len 16)
[1728995726] unbound[1:0] debug:    rtt=248 ADDR_DNSSEC_LAME
[1728995726] unbound[1:0] debug: selrtt 240248
[1728995726] unbound[1:0] debug: chase to dnssec lame server
[1728995726] unbound[1:0] info: sending query: _ta-75b2.keytrap.test. NULL IN
[1728995726] unbound[1:0] debug: sending to target: <keytrap.test.> 10.10.3.3#53
[1728995726] unbound[1:0] debug: dnssec status: expected but lame_query anyway
[1728995726] unbound[1:0] debug: mesh_run: iterator module exit state is module_wait_reply
[1728995726] unbound[1:0] info: mesh_run: end 3 recursion states (1 with reply, 1 detached), 1 waiting replies, 0 recursion replies sent, 0 replies dropped, 0 states jostled out
[1728995726] unbound[1:0] info: 0vRDCD mod1  keytrap.test. DNSKEY IN
[1728995726] unbound[1:0] info: 1vRDd mod1  _ta-75b2.keytrap.test. NULL IN
[1728995726] unbound[1:0] info: 2RDdc mod0 rep www.keytrap.test. A IN
[1728995726] unbound[1:0] debug: cache memory msg=66418 rrset=67333 infra=8534 val=66384
[1728995726] unbound[1:0] debug: svcd callbacks end
[1728995726] unbound[1:0] debug: close of port 44027
[1728995726] unbound[1:0] debug: close fd 8
[1728995726] unbound[1:0] debug: serviced send timer
[1728995726] unbound[1:0] debug: EDNS lookup known=1 vs=0
[1728995726] unbound[1:0] debug: serviced query UDP timeout=248 msec
[1728995726] unbound[1:0] debug: inserted new pending reply id=382e
[1728995726] unbound[1:0] debug: opened UDP if=0 port=61751
[1728995726] unbound[1:0] debug: comm point start listening 8 (-1 msec)
[1728995726] unbound[1:0] debug: answer cb
[1728995726] unbound[1:0] debug: Incoming reply id = 145c
[1728995726] unbound[1:0] debug: Incoming reply addr = ip4 10.10.3.3 port 53 (len 16)
[1728995726] unbound[1:0] debug: lookup size is 2 entries
[1728995726] unbound[1:0] debug: received udp reply.
[1728995726] unbound[1:0] debug: udp message[582:0] 145C84000001000400000000076B65797472617004746573740000300001076B657974726170047465737400003000010001518000640101030E33326C153B40A348FCA86A4322110C9CAE08993C98C0CC033D4E60B7F15A5DDE933B0E80BD90C08F6865859BDAC4C5D5EB10B0D4C53988FBF9650ADBDCD0CB514F935B4EE2989E460FD60A8B44228B2A68FB386D2F868668E1BEF3BD321F0B98076B657974726170047465737400003000010001518000640100030E0DC62B78087E512B0AD66B6FEDB491DA2690BD284F52A0B2EE5FC14505EDB4016EA57A7AA54690652FA48A2F87D8926A77EAD2E18802DCA09DFDBCBCC908B98FE592CB6C91A6B4AE16E0
[1728995726] unbound[1:0] debug: udp message[582:256] F2A993059C34FF3F2FA71A39886B9F7E5B588C74461B076B657974726170047465737400002E000100015180008000300E020001518067334F2B670BC22B18CE076B657974726170047465737400D53DB3C0B11756F63C64029108AC581A9EA389A00AF7F7ACEA74906CE052E6F8152DA062FFC517E61563741A60986C49A8F558CF0976D0BD387CF0ED0083007115C2A736FC35FCE71181517C120C039DDF047B3921840650F046AC7E673CC1AB076B657974726170047465737400002E000100015180008000300E020001518067334F2B670BC22B75B2076B657974726170047465737400B587DC97C8166F53AAACF506A0CDF85F9BB48D7EBF0F129A8EC4
[1728995726] unbound[1:0] debug: udp message[582:512] 0B5C01022EBB82944C05FD0CD25B7EC910802E1AF1A092624D7A38A7BA4AC6F99E9BB809746C59027C46F2513F8D11CAF76B74EB63ED07117C8FC5D2B24081D73624192C3FFA
[1728995726] unbound[1:0] debug: outnet handle udp reply
[1728995726] unbound[1:0] debug: measured roundtrip at 19 msec
[1728995726] unbound[1:0] debug: svcd callbacks start
[1728995726] unbound[1:0] debug: worker svcd callback for qstate 0x556050fb44f0
[1728995726] unbound[1:0] debug: mesh_run: start
[1728995726] unbound[1:0] debug: iterator[module 1] operate: extstate:module_wait_reply event:module_event_reply
[1728995726] unbound[1:0] info: iterator operate: query keytrap.test. DNSKEY IN
[1728995726] unbound[1:0] debug: process_response: new external response event
[1728995726] unbound[1:0] info: scrub for keytrap.test. NS IN
[1728995726] unbound[1:0] info: response for keytrap.test. DNSKEY IN
[1728995726] unbound[1:0] info: reply from <keytrap.test.> 10.10.3.3#53
[1728995726] unbound[1:0] info: incoming scrubbed packet: ;; ->>HEADER<<- opcode: QUERY, rcode: NOERROR, id: 0
;; flags: qr aa ; QUERY: 1, ANSWER: 4, AUTHORITY: 0, ADDITIONAL: 0 
;; QUESTION SECTION:
keytrap.test.INDNSKEY

;; ANSWER SECTION:
keytrap.test.86400INDNSKEY257 3 14 MzJsFTtAo0j8qGpDIhEMnK4ImTyYwMwDPU5gt/FaXd6TOw6AvZDAj2hlhZvaxMXV6xCw1MU5iPv5ZQrb3NDLUU+TW07imJ5GD9YKi0Qiiypo+zhtL4aGaOG+870yHwuY ;{id = 30130 (ksk), size = 384b}
keytrap.test.86400INDNSKEY256 3 14 DcYreAh+USsK1mtv7bSR2iaQvShPUqCy7l/BRQXttAFupXp6pUaQZS+kii+H2JJqd+rS4YgC3KCd/by8yQi5j+WSy2yRprSuFuDyqZMFnDT/Py+nGjmIa59+W1iMdEYb ;{id = 6350 (zsk), size = 384b}
keytrap.test.86400INRRSIGDNSKEY 14 2 86400 20241112125051 20241013125051 6350 keytrap.test. 1T2zwLEXVvY8ZAKRCKxYGp6jiaAK9/es6nSQbOBS5vgVLaBi/8UX5hVjdBpgmGxJqPVYzwl20L04fPDtAIMAcRXCpzb8NfznEYFRfBIMA53fBHs5IYQGUPBGrH5nPMGr ;{id = 6350}
keytrap.test.86400INRRSIGDNSKEY 14 2 86400 20241112125051 20241013125051 30130 keytrap.test. tYfcl8gWb1OqrPUGoM34X5u0jX6/DxKajsQLXAECLruClEwF/QzSW37JEIAuGvGgkmJNejinukrG+Z6buAl0bFkCfEbyUT+NEcr3a3TrY+0HEXyPxdKyQIHXNiQZLD/6 ;{id = 30130}

;; AUTHORITY SECTION:

;; ADDITIONAL SECTION:
;; MSG SIZE  rcvd: 534

[1728995726] unbound[1:0] debug: iter_handle processing q with state QUERY RESPONSE STATE
[1728995726] unbound[1:0] info: query response was ANSWER
[1728995726] unbound[1:0] debug: iter_handle processing q with state FINISHED RESPONSE STATE
[1728995726] unbound[1:0] info: finishing processing for keytrap.test. DNSKEY IN
[1728995726] unbound[1:0] debug: mesh_run: iterator module exit state is module_finished
[1728995726] unbound[1:0] debug: validator[module 0] operate: extstate:module_wait_module event:module_event_moddone
[1728995726] unbound[1:0] info: validator operate: query keytrap.test. DNSKEY IN
[1728995726] unbound[1:0] debug: validator: nextmodule returned
[1728995726] unbound[1:0] debug: not validating response, is valrec(validation recursion lookup)
[1728995726] unbound[1:0] debug: mesh_run: validator module exit state is module_finished
[1728995726] unbound[1:0] info: validator: inform_super, sub is keytrap.test. DNSKEY IN
[1728995726] unbound[1:0] info: super is www.keytrap.test. A IN
[1728995726] unbound[1:0] debug: anchor matched DNSKEY.
[1728995726] unbound[1:0] info: validate keys with anchor(DS): sec_status_secure
[1728995726] unbound[1:0] info: Successfully primed trust anchor keytrap.test. DNSKEY IN
[1728995726] unbound[1:0] debug: validator[module 0] operate: extstate:module_wait_subquery event:module_event_pass
[1728995726] unbound[1:0] info: validator operate: query www.keytrap.test. A IN
[1728995726] unbound[1:0] debug: val handle processing q with state VAL_FINDKEY_STATE
[1728995726] unbound[1:0] info: validator: FindKey www.keytrap.test. A IN
[1728995726] unbound[1:0] debug: val handle processing q with state VAL_VALIDATE_STATE
[1728995726] unbound[1:0] info: verify rrset www.keytrap.test. A IN
[1728995726] unbound[1:0] debug: verify sig 6350 14
[1728995726] unbound[1:0] debug: verify result: sec_status_secure
[1728995726] unbound[1:0] info: verify rrset keytrap.test. NS IN
[1728995726] unbound[1:0] debug: verify sig 6350 14
[1728995726] unbound[1:0] debug: verify result: sec_status_secure
[1728995726] unbound[1:0] info: verify rrset keytrap.test. TXT IN
[1728995726] unbound[1:0] debug: verify sig 6350 14
[1728995726] unbound[1:0] debug: verify: labelcount out of range
[1728995726] unbound[1:0] debug: rrset failed to verify: no valid signatures
[1728995726] unbound[1:0] debug: verify result: sec_status_bogus
[1728995726] unbound[1:0] debug: Validating a positive response
[1728995726] unbound[1:0] debug: Successfully validated positive response
[1728995726] unbound[1:0] info: validate(positive): sec_status_secure
[1728995726] unbound[1:0] debug: val handle processing q with state VAL_FINISHED_STATE
[1728995726] unbound[1:0] info: validation success www.keytrap.test. A IN
[1728995726] unbound[1:0] debug: mesh_run: validator module exit state is module_finished
[1728995726] unbound[1:0] debug: query took 0.037410 sec
[1728995726] unbound[1:0] info: mesh_run: end 1 recursion states (0 with reply, 1 detached), 0 waiting replies, 1 recursion replies sent, 0 replies dropped, 0 states jostled out
[1728995726] unbound[1:0] info: average recursion processing time 0.037410 sec
[1728995726] unbound[1:0] info: histogram of recursion processing times
[1728995726] unbound[1:0] info: [25%]=0 median[50%]=0 [75%]=0
[1728995726] unbound[1:0] info: lower(secs) upper(secs) recursions
[1728995726] unbound[1:0] info:    0.032768    0.065536 1
[1728995726] unbound[1:0] info: 0vRDd mod1  _ta-75b2.keytrap.test. NULL IN
[1728995726] unbound[1:0] debug: cache memory msg=66656 rrset=68107 infra=8534 val=67198
[1728995726] unbound[1:0] debug: svcd callbacks end
[1728995726] unbound[1:0] debug: close of port 64026
[1728995726] unbound[1:0] debug: close fd 7
[1728995726] unbound[1:0] debug: answer cb
[1728995726] unbound[1:0] debug: Incoming reply id = 382e
[1728995726] unbound[1:0] debug: Incoming reply addr = ip4 10.10.3.3 port 53 (len 16)
[1728995726] unbound[1:0] debug: lookup size is 1 entries
[1728995726] unbound[1:0] debug: received udp reply.
[1728995726] unbound[1:0] debug: udp message[39:0] 382E84030001000000000000085F74612D37356232076B657974726170047465737400000A0001
[1728995726] unbound[1:0] debug: outnet handle udp reply
[1728995726] unbound[1:0] debug: measured roundtrip at 19 msec
[1728995726] unbound[1:0] debug: svcd callbacks start
[1728995726] unbound[1:0] debug: worker svcd callback for qstate 0x556050fb04e0
[1728995726] unbound[1:0] debug: mesh_run: start
[1728995726] unbound[1:0] debug: iterator[module 1] operate: extstate:module_wait_reply event:module_event_reply
[1728995726] unbound[1:0] info: iterator operate: query _ta-75b2.keytrap.test. NULL IN
[1728995726] unbound[1:0] debug: process_response: new external response event
[1728995726] unbound[1:0] info: scrub for keytrap.test. NS IN
[1728995726] unbound[1:0] info: response for _ta-75b2.keytrap.test. NULL IN
[1728995726] unbound[1:0] info: reply from <keytrap.test.> 10.10.3.3#53
[1728995726] unbound[1:0] info: incoming scrubbed packet: ;; ->>HEADER<<- opcode: QUERY, rcode: NXDOMAIN, id: 0
;; flags: qr aa ; QUERY: 1, ANSWER: 0, AUTHORITY: 0, ADDITIONAL: 0 
;; QUESTION SECTION:
_ta-75b2.keytrap.test.INNULL

;; ANSWER SECTION:

;; AUTHORITY SECTION:

;; ADDITIONAL SECTION:
;; MSG SIZE  rcvd: 39

[1728995726] unbound[1:0] debug: iter_handle processing q with state QUERY RESPONSE STATE
[1728995726] unbound[1:0] info: query response was NXDOMAIN ANSWER
[1728995726] unbound[1:0] debug: iter_handle processing q with state FINISHED RESPONSE STATE
[1728995726] unbound[1:0] info: finishing processing for _ta-75b2.keytrap.test. NULL IN
[1728995726] unbound[1:0] debug: mesh_run: iterator module exit state is module_finished
[1728995726] unbound[1:0] debug: validator[module 0] operate: extstate:module_wait_module event:module_event_moddone
[1728995726] unbound[1:0] info: validator operate: query _ta-75b2.keytrap.test. NULL IN
[1728995726] unbound[1:0] debug: validator: nextmodule returned
[1728995726] unbound[1:0] debug: not validating response, is valrec(validation recursion lookup)
[1728995726] unbound[1:0] debug: mesh_run: validator module exit state is module_finished
[1728995726] unbound[1:0] info: mesh_run: end 0 recursion states (0 with reply, 0 detached), 0 waiting replies, 1 recursion replies sent, 0 replies dropped, 0 states jostled out
[1728995726] unbound[1:0] info: average recursion processing time 0.037410 sec
[1728995726] unbound[1:0] info: histogram of recursion processing times
[1728995726] unbound[1:0] info: [25%]=0 median[50%]=0 [75%]=0
[1728995726] unbound[1:0] info: lower(secs) upper(secs) recursions
[1728995726] unbound[1:0] info:    0.032768    0.065536 1
[1728995726] unbound[1:0] debug: cache memory msg=66903 rrset=68107 infra=8534 val=67198
[1728995726] unbound[1:0] debug: svcd callbacks end
[1728995726] unbound[1:0] debug: close of port 61751
[1728995726] unbound[1:0] debug: close fd 8
[1728995867] unbound[1:0] info: service stopped (unbound 1.21.0).
[1728995867] unbound[1:0] debug: stop threads
[1728995867] unbound[1:0] debug: cleanup.
[1728995867] unbound[1:0] info: server stats for thread 0: 1 queries, 0 answers from cache, 1 recursions, 0 prefetch, 0 rejected by ip ratelimiting
[1728995867] unbound[1:0] info: server stats for thread 0: requestlist max 0 avg 0 exceeded 0 jostled 0
[1728995867] unbound[1:0] info: mesh has 0 recursion states (0 with reply, 0 detached), 0 waiting replies, 1 recursion replies sent, 0 replies dropped, 0 states jostled out
[1728995867] unbound[1:0] info: average recursion processing time 0.037410 sec
[1728995867] unbound[1:0] info: histogram of recursion processing times
[1728995867] unbound[1:0] info: [25%]=0 median[50%]=0 [75%]=0
[1728995867] unbound[1:0] info: lower(secs) upper(secs) recursions
[1728995867] unbound[1:0] info:    0.032768    0.065536 1
[1728995867] unbound[1:0] debug: cache memory msg=66104 rrset=66104 infra=8534 val=67198
[1728995867] unbound[1:0] debug: Exit cleanup.
[1728995867] unbound[1:0] debug: switching log to stderr
[1728995867] unbound[1:0] debug: creating udp4 socket 0.0.0.0 53
[1728995867] unbound[1:0] debug: creating tcp4 socket 0.0.0.0 53
[1728995867] unbound[1:0] debug: module config: "validator iterator"
[1728995867] unbound[1:0] debug: chdir to /usr/local/etc/unbound
[1728995867] unbound[1:0] debug: chroot to /usr/local/etc/unbound
[1728995867] unbound[1:0] debug: drop user privileges, run as unbound
[1728995867] unbound[1:0] debug: switching log to stderr
[1728995867] unbound[1:0] info: DelegationPoint<nodnssec.test.>: 0 names (0 missing), 1 addrs (0 result, 1 avail) parentNS
[1728995867] unbound[1:0] debug:    ip4 10.10.3.3 port 53 (len 16)
[1728995867] unbound[1:0] info: DelegationPoint<keytrap.test.>: 0 names (0 missing), 1 addrs (0 result, 1 avail) parentNS
[1728995867] unbound[1:0] debug:    ip4 10.10.3.3 port 53 (len 16)
[1728995867] unbound[1:0] debug: no config, using builtin root hints.
[1728995867] unbound[1:0] notice: init module 0: validator
[1728995867] unbound[1:0] info: adding trusted key keytrap.test. DNSKEY IN
[1728995867] unbound[1:0] debug: validator nsec3cfg keysz 1024 mxiter 150
[1728995867] unbound[1:0] debug: validator nsec3cfg keysz 2048 mxiter 150
[1728995867] unbound[1:0] debug: validator nsec3cfg keysz 4096 mxiter 150
[1728995867] unbound[1:0] notice: init module 1: iterator
[1728995867] unbound[1:0] debug: target fetch policy for level 0 is 3
[1728995867] unbound[1:0] debug: target fetch policy for level 1 is 2
[1728995867] unbound[1:0] debug: target fetch policy for level 2 is 1
[1728995867] unbound[1:0] debug: target fetch policy for level 3 is 0
[1728995867] unbound[1:0] debug: target fetch policy for level 4 is 0
[1728995867] unbound[1:0] debug: donotq: 127.0.0.0/8
[1728995867] unbound[1:0] debug: total of 59446 outgoing ports available
[1728995867] unbound[1:0] debug: start threads
[1728995867] unbound[1:0] debug: mini-event internal uses select method.
[1728995867] unbound[1:0] debug: cache memory msg=66104 rrset=66104 infra=7952 val=66384
[1728995867] unbound[1:0] info: start of service (unbound 1.21.0).
[1728996166] unbound[1:0] info: service stopped (unbound 1.21.0).
[1728996166] unbound[1:0] debug: stop threads
[1728996166] unbound[1:0] debug: cleanup.
[1728996166] unbound[1:0] info: server stats for thread 0: 0 queries, 0 answers from cache, 0 recursions, 0 prefetch, 0 rejected by ip ratelimiting
[1728996166] unbound[1:0] info: server stats for thread 0: requestlist max 0 avg 0 exceeded 0 jostled 0
[1728996166] unbound[1:0] info: mesh has 0 recursion states (0 with reply, 0 detached), 0 waiting replies, 0 recursion replies sent, 0 replies dropped, 0 states jostled out
[1728996166] unbound[1:0] debug: cache memory msg=66104 rrset=66104 infra=7952 val=66384
[1728996166] unbound[1:0] debug: Exit cleanup.
[1728996166] unbound[1:0] debug: switching log to stderr
[1728996167] unbound[1:0] debug: creating udp4 socket 0.0.0.0 53
[1728996167] unbound[1:0] debug: creating tcp4 socket 0.0.0.0 53
[1728996167] unbound[1:0] debug: module config: "validator iterator"
[1728996167] unbound[1:0] debug: chdir to /usr/local/etc/unbound
[1728996167] unbound[1:0] debug: chroot to /usr/local/etc/unbound
[1728996167] unbound[1:0] debug: drop user privileges, run as unbound
[1728996167] unbound[1:0] debug: switching log to stderr
[1728996167] unbound[1:0] info: DelegationPoint<nodnssec.test.>: 0 names (0 missing), 1 addrs (0 result, 1 avail) parentNS
[1728996167] unbound[1:0] debug:    ip4 10.10.3.3 port 53 (len 16)
[1728996167] unbound[1:0] info: DelegationPoint<keytrap.test.>: 0 names (0 missing), 1 addrs (0 result, 1 avail) parentNS
[1728996167] unbound[1:0] debug:    ip4 10.10.3.3 port 53 (len 16)
[1728996167] unbound[1:0] debug: no config, using builtin root hints.
[1728996167] unbound[1:0] notice: init module 0: validator
[1728996167] unbound[1:0] info: adding trusted key keytrap.test. DNSKEY IN
[1728996167] unbound[1:0] debug: validator nsec3cfg keysz 1024 mxiter 150
[1728996167] unbound[1:0] debug: validator nsec3cfg keysz 2048 mxiter 150
[1728996167] unbound[1:0] debug: validator nsec3cfg keysz 4096 mxiter 150
[1728996167] unbound[1:0] notice: init module 1: iterator
[1728996167] unbound[1:0] debug: target fetch policy for level 0 is 3
[1728996167] unbound[1:0] debug: target fetch policy for level 1 is 2
[1728996167] unbound[1:0] debug: target fetch policy for level 2 is 1
[1728996167] unbound[1:0] debug: target fetch policy for level 3 is 0
[1728996167] unbound[1:0] debug: target fetch policy for level 4 is 0
[1728996167] unbound[1:0] debug: donotq: 127.0.0.0/8
[1728996167] unbound[1:0] debug: total of 59446 outgoing ports available
[1728996167] unbound[1:0] debug: start threads
[1728996167] unbound[1:0] debug: mini-event internal uses select method.
[1728996167] unbound[1:0] debug: cache memory msg=66104 rrset=66104 infra=7952 val=66384
[1728996167] unbound[1:0] info: start of service (unbound 1.21.0).
[1728996195] unbound[1:0] info: service stopped (unbound 1.21.0).
[1728996195] unbound[1:0] debug: stop threads
[1728996195] unbound[1:0] debug: cleanup.
[1728996195] unbound[1:0] info: server stats for thread 0: 0 queries, 0 answers from cache, 0 recursions, 0 prefetch, 0 rejected by ip ratelimiting
[1728996195] unbound[1:0] info: server stats for thread 0: requestlist max 0 avg 0 exceeded 0 jostled 0
[1728996195] unbound[1:0] info: mesh has 0 recursion states (0 with reply, 0 detached), 0 waiting replies, 0 recursion replies sent, 0 replies dropped, 0 states jostled out
[1728996195] unbound[1:0] debug: cache memory msg=66104 rrset=66104 infra=7952 val=66384
[1728996195] unbound[1:0] debug: Exit cleanup.
[1728996195] unbound[1:0] debug: switching log to stderr
[1728996196] unbound[1:0] debug: creating udp4 socket 0.0.0.0 53
[1728996196] unbound[1:0] debug: creating tcp4 socket 0.0.0.0 53
[1728996196] unbound[1:0] debug: module config: "validator iterator"
[1728996196] unbound[1:0] debug: chdir to /usr/local/etc/unbound
[1728996196] unbound[1:0] debug: chroot to /usr/local/etc/unbound
[1728996196] unbound[1:0] debug: drop user privileges, run as unbound
[1728996196] unbound[1:0] debug: switching log to stderr
[1728996196] unbound[1:0] info: DelegationPoint<nodnssec.test.>: 0 names (0 missing), 1 addrs (0 result, 1 avail) parentNS
[1728996196] unbound[1:0] debug:    ip4 10.10.3.3 port 53 (len 16)
[1728996196] unbound[1:0] info: DelegationPoint<keytrap.test.>: 0 names (0 missing), 1 addrs (0 result, 1 avail) parentNS
[1728996196] unbound[1:0] debug:    ip4 10.10.3.3 port 53 (len 16)
[1728996196] unbound[1:0] debug: no config, using builtin root hints.
[1728996196] unbound[1:0] notice: init module 0: validator
[1728996196] unbound[1:0] info: adding trusted key keytrap.test. DNSKEY IN
[1728996196] unbound[1:0] debug: validator nsec3cfg keysz 1024 mxiter 150
[1728996196] unbound[1:0] debug: validator nsec3cfg keysz 2048 mxiter 150
[1728996196] unbound[1:0] debug: validator nsec3cfg keysz 4096 mxiter 150
[1728996196] unbound[1:0] notice: init module 1: iterator
[1728996196] unbound[1:0] debug: target fetch policy for level 0 is 3
[1728996196] unbound[1:0] debug: target fetch policy for level 1 is 2
[1728996196] unbound[1:0] debug: target fetch policy for level 2 is 1
[1728996196] unbound[1:0] debug: target fetch policy for level 3 is 0
[1728996196] unbound[1:0] debug: target fetch policy for level 4 is 0
[1728996196] unbound[1:0] debug: donotq: 127.0.0.0/8
[1728996196] unbound[1:0] debug: total of 59446 outgoing ports available
[1728996196] unbound[1:0] debug: start threads
[1728996196] unbound[1:0] debug: mini-event internal uses select method.
[1728996196] unbound[1:0] debug: cache memory msg=66104 rrset=66104 infra=7952 val=66384
[1728996196] unbound[1:0] info: start of service (unbound 1.21.0).
[1728996206] unbound[1:0] debug: mesh_run: start
[1728996206] unbound[1:0] debug: validator[module 0] operate: extstate:module_state_initial event:module_event_new
[1728996206] unbound[1:0] info: validator operate: query www.keytrap.test. A IN
[1728996206] unbound[1:0] debug: validator: pass to next module
[1728996206] unbound[1:0] debug: mesh_run: validator module exit state is module_wait_module
[1728996206] unbound[1:0] debug: iterator[module 1] operate: extstate:module_state_initial event:module_event_pass
[1728996206] unbound[1:0] debug: process_request: new external request event
[1728996206] unbound[1:0] debug: iter_handle processing q with state INIT REQUEST STATE
[1728996206] unbound[1:0] info: resolving www.keytrap.test. A IN
[1728996206] unbound[1:0] debug: request has dependency depth of 0
[1728996206] unbound[1:0] info: use stub keytrap.test. NS IN
[1728996206] unbound[1:0] debug: cache delegation returns delegpt
[1728996206] unbound[1:0] info: DelegationPoint<keytrap.test.>: 0 names (0 missing), 1 addrs (0 result, 1 avail) parentNS
[1728996206] unbound[1:0] debug:    ip4 10.10.3.3 port 53 (len 16)
[1728996206] unbound[1:0] debug: iter_handle processing q with state INIT REQUEST STATE (stage 2)
[1728996206] unbound[1:0] info: resolving (init part 2):  www.keytrap.test. A IN
[1728996206] unbound[1:0] info: use stub keytrap.test. NS IN
[1728996206] unbound[1:0] debug: iter_handle processing q with state INIT REQUEST STATE (stage 3)
[1728996206] unbound[1:0] info: resolving (init part 3):  www.keytrap.test. A IN
[1728996206] unbound[1:0] debug: iter_handle processing q with state QUERY TARGETS STATE
[1728996206] unbound[1:0] info: processQueryTargets: www.keytrap.test. A IN
[1728996206] unbound[1:0] debug: processQueryTargets: targetqueries 0, currentqueries 0 sentcount 0
[1728996206] unbound[1:0] info: DelegationPoint<keytrap.test.>: 0 names (0 missing), 1 addrs (0 result, 1 avail) parentNS
[1728996206] unbound[1:0] debug:    ip4 10.10.3.3 port 53 (len 16)
[1728996206] unbound[1:0] debug: attempt to get extra 3 targets
[1728996206] unbound[1:0] debug: rpz: iterator module callback: have_rpz=0
[1728996206] unbound[1:0] debug: selrtt 376
[1728996206] unbound[1:0] info: sending query: www.keytrap.test. A IN
[1728996206] unbound[1:0] debug: sending to target: <keytrap.test.> 10.10.3.3#53
[1728996206] unbound[1:0] debug: dnssec status: expected
[1728996206] unbound[1:0] debug: mesh_run: iterator module exit state is module_wait_reply
[1728996206] unbound[1:0] info: mesh_run: end 1 recursion states (1 with reply, 0 detached), 1 waiting replies, 0 recursion replies sent, 0 replies dropped, 0 states jostled out
[1728996206] unbound[1:0] info: 0RDd mod1 rep www.keytrap.test. A IN
[1728996206] unbound[1:0] debug: cache memory msg=66104 rrset=66104 infra=8224 val=66384
[1728996206] unbound[1:0] debug: serviced send timer
[1728996206] unbound[1:0] debug: EDNS lookup known=0 vs=0
[1728996206] unbound[1:0] debug: serviced query UDP timeout=376 msec
[1728996206] unbound[1:0] debug: inserted new pending reply id=1f66
[1728996206] unbound[1:0] debug: opened UDP if=0 port=11409
[1728996206] unbound[1:0] debug: comm point start listening 7 (-1 msec)
[1728996206] unbound[1:0] debug: answer cb
[1728996206] unbound[1:0] debug: Incoming reply id = 1f66
[1728996206] unbound[1:0] debug: Incoming reply addr = ip4 10.10.3.3 port 53 (len 16)
[1728996206] unbound[1:0] debug: lookup size is 1 entries
[1728996206] unbound[1:0] debug: received udp reply.
[1728996206] unbound[1:0] debug: udp message[1027:0] 1F668400000100020002000603777777076B6579747261700474657374000001000103777777076B657974726170047465737400000100010001518000040A0A030303777777076B657974726170047465737400002E000100015180008000010E030001518067334F2B670BC22B18CE076B65797472617004746573740062C3CFB365A9B82D21EFE7986A70EBDCD67E6E80D29140141E384A546CCC947A64A728D3329258B0793F33D1E6DA2B2AE65A172A9092E3720B91BFFDFA4054A728D2FA4310C0DF95EEFFB87CF102A5A03E07EB21D52D04DB34F4976E0905B070076B65797472617004746573740000020001000151800012036E7331076B65797472
[1728996206] unbound[1:0] debug: udp message[1027:256] 6170047465737400076B657974726170047465737400002E000100015180008000020E020001518067334F2B670BC22B18CE076B657974726170047465737400DA0FBB8F01C649A8EE06D39860CD4EFBF002EB809DC1168CE25354AF2C58773F959FF66A50BFD1C69FD11C41636B96BE4B00F3304E95C33638EC114BA68402D3869FCDAC702924E99F59B0DAD4714BE64BBC8FECD178512CB19B564D2F7FDA5B076B657974726170047465737400001000010001518000151454686973206973206120545854207265636F7264076B657974726170047465737400002E000100015180008000100E020001518067334F2B670BC22B18CE076B65797472617004
[1728996206] unbound[1:0] debug: udp message[1027:512] 74657374006F47FC49B41DAF90EF93DE9F512ED18B6D9C534E5F4758B1DECCC5BCAED9A35DA02309BC3CC22D4370A21D2CD89594C19CC65D0E4E36AEC70FDDB0609E4C768CC109DA19C1C6E83BE49E81E99D4CBAAE73D6C3149973FC3406709827D068C4FB0474787430076B657974726170047465737400001000010001518000151454686973206973206120545854207265636F72640474787430076B657974726170047465737400002E000100015180008000100E030001518067334F2B670BC22B18CE076B6579747261700474657374006D6A4EF40D743439CCAF6AC9BC6B0A970D88A6AC57584F0A551FE9C3751BDCB4ABD1D77F79189A9C730C2C4C
[1728996206] unbound[1:0] debug: udp message[1027:768] DC49BF728DD589B0048C0BB30C515DFC5AE84ED2BAC9C3619803D193721D8B8E0B56BABE17E525B7128D479D5022B89644E7CF900474787431076B657974726170047465737400001000010001518000151454686973206973206120545854207265636F72640474787431076B657974726170047465737400002E000100015180008000100E030001518067334F2B670BC22B18CE076B657974726170047465737400B9952DF301E75966AC458F1B909D180461EB6456ED85ACFA4E8B21F8EA122100224B127703449F2C10F70265DBABB6CC47556D135EF0D7554A98D896E6F67574437BDA26F3FA0AD6EC25EE100250D58A80E5246E32B027252075774133
[1728996206] unbound[1:0] debug: udp message[1027:1024] FFBA27
[1728996206] unbound[1:0] debug: outnet handle udp reply
[1728996206] unbound[1:0] debug: serviced query: EDNS works for ip4 10.10.3.3 port 53 (len 16)
[1728996206] unbound[1:0] debug: measured roundtrip at 12 msec
[1728996206] unbound[1:0] debug: svcd callbacks start
[1728996206] unbound[1:0] debug: worker svcd callback for qstate 0x55d892468510
[1728996206] unbound[1:0] debug: mesh_run: start
[1728996206] unbound[1:0] debug: iterator[module 1] operate: extstate:module_wait_reply event:module_event_reply
[1728996206] unbound[1:0] info: iterator operate: query www.keytrap.test. A IN
[1728996206] unbound[1:0] debug: process_response: new external response event
[1728996206] unbound[1:0] info: scrub for keytrap.test. NS IN
[1728996206] unbound[1:0] info: response for www.keytrap.test. A IN
[1728996206] unbound[1:0] info: reply from <keytrap.test.> 10.10.3.3#53
[1728996206] unbound[1:0] info: incoming scrubbed packet: ;; ->>HEADER<<- opcode: QUERY, rcode: NOERROR, id: 0
;; flags: qr aa ; QUERY: 1, ANSWER: 2, AUTHORITY: 2, ADDITIONAL: 6 
;; QUESTION SECTION:
www.keytrap.test.INA

;; ANSWER SECTION:
www.keytrap.test.86400INA10.10.3.3
www.keytrap.test.86400INRRSIGA 14 3 86400 20241112125051 20241013125051 6350 keytrap.test. YsPPs2WpuC0h7+eYanDr3NZ+boDSkUAUHjhKVGzMlHpkpyjTMpJYsHk/M9Hm2isq5loXKpCS43ILkb/9+kBUpyjS+kMQwN+V7v+4fPECpaA+B+sh1S0E2zT0l24JBbBw ;{id = 6350}

;; AUTHORITY SECTION:
keytrap.test.86400INNSns1.keytrap.test.
keytrap.test.86400INRRSIGNS 14 2 86400 20241112125051 20241013125051 6350 keytrap.test. 2g+7jwHGSajuBtOYYM1O+/AC64CdwRaM4lNUryxYdz+Vn/ZqUL/Rxp/RHEFja5a+SwDzME6VwzY47BFLpoQC04afzaxwKSTpn1mw2tRxS+ZLvI/s0XhRLLGbVk0vf9pb ;{id = 6350}

;; ADDITIONAL SECTION:
keytrap.test.86400INTXT"This is a TXT record"
txt0.keytrap.test.86400INTXT"This is a TXT record"
txt1.keytrap.test.86400INTXT"This is a TXT record"
keytrap.test.86400INRRSIGTXT 14 2 86400 20241112125051 20241013125051 6350 keytrap.test. b0f8SbQdr5Dvk96fUS7Ri22cU05fR1ix3szFvK7Zo12gIwm8PMItQ3CiHSzYlZTBnMZdDk42rscP3bBgnkx2jMEJ2hnBxug75J6B6Z1Muq5z1sMUmXP8NAZwmCfQaMT7 ;{id = 6350}
txt0.keytrap.test.86400INRRSIGTXT 14 3 86400 20241112125051 20241013125051 6350 keytrap.test. bWpO9A10NDnMr2rJvGsKlw2IpqxXWE8KVR/pw3Ub3LSr0dd/eRianHMMLEzcSb9yjdWJsASMC7MMUV38WuhO0rrJw2GYA9GTch2LjgtWur4X5SW3Eo1HnVAiuJZE58+Q ;{id = 6350}
txt1.keytrap.test.86400INRRSIGTXT 14 3 86400 20241112125051 20241013125051 6350 keytrap.test. uZUt8wHnWWasRY8bkJ0YBGHrZFbthaz6Tosh+OoSIQAiSxJ3A0SfLBD3AmXbq7bMR1VtE17w11VKmNiW5vZ1dEN72ibz+grW7CXuEAJQ1YqA5SRuMrAnJSB1d0Ez/7on ;{id = 6350}
;; MSG SIZE  rcvd: 877

[1728996206] unbound[1:0] debug: iter_handle processing q with state QUERY RESPONSE STATE
[1728996206] unbound[1:0] info: query response was ANSWER
[1728996206] unbound[1:0] debug: iter_handle processing q with state FINISHED RESPONSE STATE
[1728996206] unbound[1:0] info: finishing processing for www.keytrap.test. A IN
[1728996206] unbound[1:0] debug: mesh_run: iterator module exit state is module_finished
[1728996206] unbound[1:0] debug: validator[module 0] operate: extstate:module_wait_module event:module_event_moddone
[1728996206] unbound[1:0] info: validator operate: query www.keytrap.test. A IN
[1728996206] unbound[1:0] debug: validator: nextmodule returned
[1728996206] unbound[1:0] debug: val handle processing q with state VAL_INIT_STATE
[1728996206] unbound[1:0] debug: validator classification positive
[1728996206] unbound[1:0] info: signer is keytrap.test. TYPE0 CLASS0
[1728996206] unbound[1:0] info: prime trust anchor
[1728996206] unbound[1:0] info: generate request keytrap.test. DNSKEY IN
[1728996206] unbound[1:0] info: generate keytag query _ta-75b2.keytrap.test. NULL IN
[1728996206] unbound[1:0] info: generate request _ta-75b2.keytrap.test. NULL IN
[1728996206] unbound[1:0] debug: mesh_run: validator module exit state is module_wait_subquery
[1728996206] unbound[1:0] debug: validator[module 0] operate: extstate:module_state_initial event:module_event_pass
[1728996206] unbound[1:0] info: validator operate: query keytrap.test. DNSKEY IN
[1728996206] unbound[1:0] debug: validator: pass to next module
[1728996206] unbound[1:0] debug: mesh_run: validator module exit state is module_wait_module
[1728996206] unbound[1:0] debug: iterator[module 1] operate: extstate:module_state_initial event:module_event_pass
[1728996206] unbound[1:0] debug: process_request: new external request event
[1728996206] unbound[1:0] debug: iter_handle processing q with state INIT REQUEST STATE
[1728996206] unbound[1:0] info: resolving keytrap.test. DNSKEY IN
[1728996206] unbound[1:0] debug: request has dependency depth of 0
[1728996206] unbound[1:0] debug: cache has stub or fwd but no addresses, fallback to config
[1728996206] unbound[1:0] debug: cache delegation returns delegpt
[1728996206] unbound[1:0] info: DelegationPoint<keytrap.test.>: 0 names (0 missing), 1 addrs (0 result, 1 avail) parentNS
[1728996206] unbound[1:0] debug:    ip4 10.10.3.3 port 53 (len 16)
[1728996206] unbound[1:0] debug: iter_handle processing q with state INIT REQUEST STATE (stage 2)
[1728996206] unbound[1:0] info: resolving (init part 2):  keytrap.test. DNSKEY IN
[1728996206] unbound[1:0] info: use stub keytrap.test. NS IN
[1728996206] unbound[1:0] debug: iter_handle processing q with state INIT REQUEST STATE (stage 3)
[1728996206] unbound[1:0] info: resolving (init part 3):  keytrap.test. DNSKEY IN
[1728996206] unbound[1:0] debug: iter_handle processing q with state QUERY TARGETS STATE
[1728996206] unbound[1:0] info: processQueryTargets: keytrap.test. DNSKEY IN
[1728996206] unbound[1:0] debug: processQueryTargets: targetqueries 0, currentqueries 0 sentcount 0
[1728996206] unbound[1:0] info: DelegationPoint<keytrap.test.>: 0 names (0 missing), 1 addrs (0 result, 1 avail) parentNS
[1728996206] unbound[1:0] debug:    ip4 10.10.3.3 port 53 (len 16)
[1728996206] unbound[1:0] debug: attempt to get extra 3 targets
[1728996206] unbound[1:0] debug: rpz: iterator module callback: have_rpz=0
[1728996206] unbound[1:0] debug: servselect ip4 10.10.3.3 port 53 (len 16)
[1728996206] unbound[1:0] debug:    rtt=297
[1728996206] unbound[1:0] debug: selrtt 297
[1728996206] unbound[1:0] info: sending query: keytrap.test. DNSKEY IN
[1728996206] unbound[1:0] debug: sending to target: <keytrap.test.> 10.10.3.3#53
[1728996206] unbound[1:0] debug: dnssec status: expected
[1728996206] unbound[1:0] debug: mesh_run: iterator module exit state is module_wait_reply
[1728996206] unbound[1:0] debug: validator[module 0] operate: extstate:module_state_initial event:module_event_pass
[1728996206] unbound[1:0] info: validator operate: query _ta-75b2.keytrap.test. NULL IN
[1728996206] unbound[1:0] debug: validator: pass to next module
[1728996206] unbound[1:0] debug: mesh_run: validator module exit state is module_wait_module
[1728996206] unbound[1:0] debug: iterator[module 1] operate: extstate:module_state_initial event:module_event_pass
[1728996206] unbound[1:0] debug: process_request: new external request event
[1728996206] unbound[1:0] debug: iter_handle processing q with state INIT REQUEST STATE
[1728996206] unbound[1:0] info: resolving _ta-75b2.keytrap.test. NULL IN
[1728996206] unbound[1:0] debug: request has dependency depth of 0
[1728996206] unbound[1:0] debug: cache has stub or fwd but no addresses, fallback to config
[1728996206] unbound[1:0] debug: cache delegation returns delegpt
[1728996206] unbound[1:0] info: DelegationPoint<keytrap.test.>: 0 names (0 missing), 1 addrs (0 result, 1 avail) parentNS
[1728996206] unbound[1:0] debug:    ip4 10.10.3.3 port 53 (len 16)
[1728996206] unbound[1:0] debug: iter_handle processing q with state INIT REQUEST STATE (stage 2)
[1728996206] unbound[1:0] info: resolving (init part 2):  _ta-75b2.keytrap.test. NULL IN
[1728996206] unbound[1:0] info: use stub keytrap.test. NS IN
[1728996206] unbound[1:0] debug: iter_handle processing q with state INIT REQUEST STATE (stage 3)
[1728996206] unbound[1:0] info: resolving (init part 3):  _ta-75b2.keytrap.test. NULL IN
[1728996206] unbound[1:0] debug: iter_handle processing q with state QUERY TARGETS STATE
[1728996206] unbound[1:0] info: processQueryTargets: _ta-75b2.keytrap.test. NULL IN
[1728996206] unbound[1:0] debug: processQueryTargets: targetqueries 0, currentqueries 0 sentcount 0
[1728996206] unbound[1:0] info: DelegationPoint<keytrap.test.>: 0 names (0 missing), 1 addrs (0 result, 1 avail) parentNS
[1728996206] unbound[1:0] debug:    ip4 10.10.3.3 port 53 (len 16)
[1728996206] unbound[1:0] debug: attempt to get extra 3 targets
[1728996206] unbound[1:0] debug: rpz: iterator module callback: have_rpz=0
[1728996206] unbound[1:0] debug: servselect ip4 10.10.3.3 port 53 (len 16)
[1728996206] unbound[1:0] debug:    rtt=297
[1728996206] unbound[1:0] debug: selrtt 297
[1728996206] unbound[1:0] info: sending query: _ta-75b2.keytrap.test. A IN
[1728996206] unbound[1:0] debug: sending to target: <keytrap.test.> 10.10.3.3#53
[1728996206] unbound[1:0] debug: dnssec status: expected
[1728996206] unbound[1:0] debug: mesh_run: iterator module exit state is module_wait_reply
[1728996206] unbound[1:0] info: mesh_run: end 3 recursion states (1 with reply, 1 detached), 1 waiting replies, 0 recursion replies sent, 0 replies dropped, 0 states jostled out
[1728996206] unbound[1:0] info: 0vRDCD mod1  keytrap.test. DNSKEY IN
[1728996206] unbound[1:0] info: 1vRDd mod1  _ta-75b2.keytrap.test. NULL IN
[1728996206] unbound[1:0] info: 2RDdc mod0 rep www.keytrap.test. A IN
[1728996206] unbound[1:0] debug: cache memory msg=66466 rrset=68173 infra=8534 val=66384
[1728996206] unbound[1:0] debug: svcd callbacks end
[1728996206] unbound[1:0] debug: close of port 11409
[1728996206] unbound[1:0] debug: close fd 7
[1728996206] unbound[1:0] debug: serviced send timer
[1728996206] unbound[1:0] debug: EDNS lookup known=1 vs=0
[1728996206] unbound[1:0] debug: serviced query UDP timeout=297 msec
[1728996206] unbound[1:0] debug: inserted new pending reply id=ff28
[1728996206] unbound[1:0] debug: opened UDP if=0 port=51815
[1728996206] unbound[1:0] debug: comm point start listening 7 (-1 msec)
[1728996206] unbound[1:0] debug: serviced send timer
[1728996206] unbound[1:0] debug: EDNS lookup known=1 vs=0
[1728996206] unbound[1:0] debug: serviced query UDP timeout=297 msec
[1728996206] unbound[1:0] debug: inserted new pending reply id=b8ba
[1728996206] unbound[1:0] debug: opened UDP if=0 port=29359
[1728996206] unbound[1:0] debug: comm point start listening 8 (-1 msec)
[1728996206] unbound[1:0] debug: answer cb
[1728996206] unbound[1:0] debug: Incoming reply id = b8ba
[1728996206] unbound[1:0] debug: Incoming reply addr = ip4 10.10.3.3 port 53 (len 16)
[1728996206] unbound[1:0] debug: lookup size is 2 entries
[1728996206] unbound[1:0] debug: received udp reply.
[1728996206] unbound[1:0] debug: udp message[39:0] B8BA84030001000000000000085F74612D37356232076B65797472617004746573740000010001
[1728996206] unbound[1:0] debug: outnet handle udp reply
[1728996206] unbound[1:0] debug: measured roundtrip at 20 msec
[1728996206] unbound[1:0] debug: svcd callbacks start
[1728996206] unbound[1:0] debug: worker svcd callback for qstate 0x55d89245c4e0
[1728996206] unbound[1:0] debug: mesh_run: start
[1728996206] unbound[1:0] debug: iterator[module 1] operate: extstate:module_wait_reply event:module_event_reply
[1728996206] unbound[1:0] info: iterator operate: query _ta-75b2.keytrap.test. NULL IN
[1728996206] unbound[1:0] debug: process_response: new external response event
[1728996206] unbound[1:0] info: scrub for keytrap.test. NS IN
[1728996206] unbound[1:0] info: response for _ta-75b2.keytrap.test. NULL IN
[1728996206] unbound[1:0] info: reply from <keytrap.test.> 10.10.3.3#53
[1728996206] unbound[1:0] info: incoming scrubbed packet: ;; ->>HEADER<<- opcode: QUERY, rcode: NXDOMAIN, id: 0
;; flags: qr aa ; QUERY: 1, ANSWER: 0, AUTHORITY: 0, ADDITIONAL: 0 
;; QUESTION SECTION:
_ta-75b2.keytrap.test.INA

;; ANSWER SECTION:

;; AUTHORITY SECTION:

;; ADDITIONAL SECTION:
;; MSG SIZE  rcvd: 39

[1728996206] unbound[1:0] debug: iter_handle processing q with state QUERY RESPONSE STATE
[1728996206] unbound[1:0] info: query response was DNSSEC LAME
[1728996206] unbound[1:0] debug: iter_handle processing q with state QUERY TARGETS STATE
[1728996206] unbound[1:0] info: processQueryTargets: _ta-75b2.keytrap.test. NULL IN
[1728996206] unbound[1:0] debug: processQueryTargets: targetqueries 0, currentqueries 0 sentcount 1
[1728996206] unbound[1:0] info: DelegationPoint<keytrap.test.>: 0 names (0 missing), 1 addrs (1 result, 0 avail) parentNS
[1728996206] unbound[1:0] debug:    ip4 10.10.3.3 port 53 (len 16)
[1728996206] unbound[1:0] debug: attempt to get extra 3 targets
[1728996206] unbound[1:0] debug: rpz: iterator module callback: have_rpz=0
[1728996206] unbound[1:0] debug: servselect ip4 10.10.3.3 port 53 (len 16)
[1728996206] unbound[1:0] debug:    rtt=247 ADDR_DNSSEC_LAME
[1728996206] unbound[1:0] debug: selrtt 240247
[1728996206] unbound[1:0] debug: chase to dnssec lame server
[1728996206] unbound[1:0] info: sending query: _ta-75b2.keytrap.test. NULL IN
[1728996206] unbound[1:0] debug: sending to target: <keytrap.test.> 10.10.3.3#53
[1728996206] unbound[1:0] debug: dnssec status: expected but lame_query anyway
[1728996206] unbound[1:0] debug: mesh_run: iterator module exit state is module_wait_reply
[1728996206] unbound[1:0] info: mesh_run: end 3 recursion states (1 with reply, 1 detached), 1 waiting replies, 0 recursion replies sent, 0 replies dropped, 0 states jostled out
[1728996206] unbound[1:0] info: 0vRDCD mod1  keytrap.test. DNSKEY IN
[1728996206] unbound[1:0] info: 1vRDd mod1  _ta-75b2.keytrap.test. NULL IN
[1728996206] unbound[1:0] info: 2RDdc mod0 rep www.keytrap.test. A IN
[1728996206] unbound[1:0] debug: cache memory msg=66466 rrset=68173 infra=8534 val=66384
[1728996206] unbound[1:0] debug: svcd callbacks end
[1728996206] unbound[1:0] debug: close of port 29359
[1728996206] unbound[1:0] debug: close fd 8
[1728996206] unbound[1:0] debug: serviced send timer
[1728996206] unbound[1:0] debug: EDNS lookup known=1 vs=0
[1728996206] unbound[1:0] debug: serviced query UDP timeout=247 msec
[1728996206] unbound[1:0] debug: inserted new pending reply id=20fa
[1728996206] unbound[1:0] debug: opened UDP if=0 port=20700
[1728996206] unbound[1:0] debug: comm point start listening 8 (-1 msec)
[1728996206] unbound[1:0] debug: answer cb
[1728996206] unbound[1:0] debug: Incoming reply id = ff28
[1728996206] unbound[1:0] debug: Incoming reply addr = ip4 10.10.3.3 port 53 (len 16)
[1728996206] unbound[1:0] debug: lookup size is 2 entries
[1728996206] unbound[1:0] debug: received udp reply.
[1728996206] unbound[1:0] debug: udp message[582:0] FF2884000001000400000000076B65797472617004746573740000300001076B657974726170047465737400003000010001518000640101030E33326C153B40A348FCA86A4322110C9CAE08993C98C0CC033D4E60B7F15A5DDE933B0E80BD90C08F6865859BDAC4C5D5EB10B0D4C53988FBF9650ADBDCD0CB514F935B4EE2989E460FD60A8B44228B2A68FB386D2F868668E1BEF3BD321F0B98076B657974726170047465737400003000010001518000640100030E0DC62B78087E512B0AD66B6FEDB491DA2690BD284F52A0B2EE5FC14505EDB4016EA57A7AA54690652FA48A2F87D8926A77EAD2E18802DCA09DFDBCBCC908B98FE592CB6C91A6B4AE16E0
[1728996206] unbound[1:0] debug: udp message[582:256] F2A993059C34FF3F2FA71A39886B9F7E5B588C74461B076B657974726170047465737400002E000100015180008000300E020001518067334F2B670BC22B18CE076B657974726170047465737400D53DB3C0B11756F63C64029108AC581A9EA389A00AF7F7ACEA74906CE052E6F8152DA062FFC517E61563741A60986C49A8F558CF0976D0BD387CF0ED0083007115C2A736FC35FCE71181517C120C039DDF047B3921840650F046AC7E673CC1AB076B657974726170047465737400002E000100015180008000300E020001518067334F2B670BC22B75B2076B657974726170047465737400B587DC97C8166F53AAACF506A0CDF85F9BB48D7EBF0F129A8EC4
[1728996206] unbound[1:0] debug: udp message[582:512] 0B5C01022EBB82944C05FD0CD25B7EC910802E1AF1A092624D7A38A7BA4AC6F99E9BB809746C59027C46F2513F8D11CAF76B74EB63ED07117C8FC5D2B24081D73624192C3FFA
[1728996206] unbound[1:0] debug: outnet handle udp reply
[1728996206] unbound[1:0] debug: measured roundtrip at 20 msec
[1728996206] unbound[1:0] debug: svcd callbacks start
[1728996206] unbound[1:0] debug: worker svcd callback for qstate 0x55d8924604f0
[1728996206] unbound[1:0] debug: mesh_run: start
[1728996206] unbound[1:0] debug: iterator[module 1] operate: extstate:module_wait_reply event:module_event_reply
[1728996206] unbound[1:0] info: iterator operate: query keytrap.test. DNSKEY IN
[1728996206] unbound[1:0] debug: process_response: new external response event
[1728996206] unbound[1:0] info: scrub for keytrap.test. NS IN
[1728996206] unbound[1:0] info: response for keytrap.test. DNSKEY IN
[1728996206] unbound[1:0] info: reply from <keytrap.test.> 10.10.3.3#53
[1728996206] unbound[1:0] info: incoming scrubbed packet: ;; ->>HEADER<<- opcode: QUERY, rcode: NOERROR, id: 0
;; flags: qr aa ; QUERY: 1, ANSWER: 4, AUTHORITY: 0, ADDITIONAL: 0 
;; QUESTION SECTION:
keytrap.test.INDNSKEY

;; ANSWER SECTION:
keytrap.test.86400INDNSKEY257 3 14 MzJsFTtAo0j8qGpDIhEMnK4ImTyYwMwDPU5gt/FaXd6TOw6AvZDAj2hlhZvaxMXV6xCw1MU5iPv5ZQrb3NDLUU+TW07imJ5GD9YKi0Qiiypo+zhtL4aGaOG+870yHwuY ;{id = 30130 (ksk), size = 384b}
keytrap.test.86400INDNSKEY256 3 14 DcYreAh+USsK1mtv7bSR2iaQvShPUqCy7l/BRQXttAFupXp6pUaQZS+kii+H2JJqd+rS4YgC3KCd/by8yQi5j+WSy2yRprSuFuDyqZMFnDT/Py+nGjmIa59+W1iMdEYb ;{id = 6350 (zsk), size = 384b}
keytrap.test.86400INRRSIGDNSKEY 14 2 86400 20241112125051 20241013125051 6350 keytrap.test. 1T2zwLEXVvY8ZAKRCKxYGp6jiaAK9/es6nSQbOBS5vgVLaBi/8UX5hVjdBpgmGxJqPVYzwl20L04fPDtAIMAcRXCpzb8NfznEYFRfBIMA53fBHs5IYQGUPBGrH5nPMGr ;{id = 6350}
keytrap.test.86400INRRSIGDNSKEY 14 2 86400 20241112125051 20241013125051 30130 keytrap.test. tYfcl8gWb1OqrPUGoM34X5u0jX6/DxKajsQLXAECLruClEwF/QzSW37JEIAuGvGgkmJNejinukrG+Z6buAl0bFkCfEbyUT+NEcr3a3TrY+0HEXyPxdKyQIHXNiQZLD/6 ;{id = 30130}

;; AUTHORITY SECTION:

;; ADDITIONAL SECTION:
;; MSG SIZE  rcvd: 534

[1728996206] unbound[1:0] debug: iter_handle processing q with state QUERY RESPONSE STATE
[1728996206] unbound[1:0] info: query response was ANSWER
[1728996206] unbound[1:0] debug: iter_handle processing q with state FINISHED RESPONSE STATE
[1728996206] unbound[1:0] info: finishing processing for keytrap.test. DNSKEY IN
[1728996206] unbound[1:0] debug: mesh_run: iterator module exit state is module_finished
[1728996206] unbound[1:0] debug: validator[module 0] operate: extstate:module_wait_module event:module_event_moddone
[1728996206] unbound[1:0] info: validator operate: query keytrap.test. DNSKEY IN
[1728996206] unbound[1:0] debug: validator: nextmodule returned
[1728996206] unbound[1:0] debug: not validating response, is valrec(validation recursion lookup)
[1728996206] unbound[1:0] debug: mesh_run: validator module exit state is module_finished
[1728996206] unbound[1:0] info: validator: inform_super, sub is keytrap.test. DNSKEY IN
[1728996206] unbound[1:0] info: super is www.keytrap.test. A IN
[1728996206] unbound[1:0] debug: anchor matched DNSKEY.
[1728996206] unbound[1:0] info: validate keys with anchor(DS): sec_status_secure
[1728996206] unbound[1:0] info: Successfully primed trust anchor keytrap.test. DNSKEY IN
[1728996206] unbound[1:0] debug: validator[module 0] operate: extstate:module_wait_subquery event:module_event_pass
[1728996206] unbound[1:0] info: validator operate: query www.keytrap.test. A IN
[1728996206] unbound[1:0] debug: val handle processing q with state VAL_FINDKEY_STATE
[1728996206] unbound[1:0] info: validator: FindKey www.keytrap.test. A IN
[1728996206] unbound[1:0] debug: val handle processing q with state VAL_VALIDATE_STATE
[1728996206] unbound[1:0] info: verify rrset www.keytrap.test. A IN
[1728996206] unbound[1:0] debug: verify sig 6350 14
[1728996206] unbound[1:0] debug: verify result: sec_status_secure
[1728996206] unbound[1:0] info: verify rrset keytrap.test. NS IN
[1728996206] unbound[1:0] debug: verify sig 6350 14
[1728996206] unbound[1:0] debug: verify result: sec_status_secure
[1728996206] unbound[1:0] info: verify rrset keytrap.test. TXT IN
[1728996206] unbound[1:0] debug: verify sig 6350 14
[1728996206] unbound[1:0] debug: verify: signature mismatch
[1728996206] unbound[1:0] debug: rrset failed to verify: no valid signatures
[1728996206] unbound[1:0] debug: verify result: sec_status_bogus
[1728996206] unbound[1:0] info: verify rrset txt0.keytrap.test. TXT IN
[1728996206] unbound[1:0] debug: verify sig 6350 14
[1728996206] unbound[1:0] debug: verify: signature mismatch
[1728996206] unbound[1:0] debug: rrset failed to verify: no valid signatures
[1728996206] unbound[1:0] debug: verify result: sec_status_bogus
[1728996206] unbound[1:0] info: verify rrset txt1.keytrap.test. TXT IN
[1728996206] unbound[1:0] debug: verify sig 6350 14
[1728996206] unbound[1:0] debug: verify: signature mismatch
[1728996206] unbound[1:0] debug: rrset failed to verify: no valid signatures
[1728996206] unbound[1:0] debug: verify result: sec_status_bogus
[1728996206] unbound[1:0] debug: Validating a positive response
[1728996206] unbound[1:0] debug: Successfully validated positive response
[1728996206] unbound[1:0] info: validate(positive): sec_status_secure
[1728996206] unbound[1:0] debug: val handle processing q with state VAL_FINISHED_STATE
[1728996206] unbound[1:0] info: validation success www.keytrap.test. A IN
[1728996206] unbound[1:0] debug: mesh_run: validator module exit state is module_finished
[1728996206] unbound[1:0] debug: query took 0.033080 sec
[1728996206] unbound[1:0] info: mesh_run: end 1 recursion states (0 with reply, 1 detached), 0 waiting replies, 1 recursion replies sent, 0 replies dropped, 0 states jostled out
[1728996206] unbound[1:0] info: average recursion processing time 0.033080 sec
[1728996206] unbound[1:0] info: histogram of recursion processing times
[1728996206] unbound[1:0] info: [25%]=0 median[50%]=0 [75%]=0
[1728996206] unbound[1:0] info: lower(secs) upper(secs) recursions
[1728996206] unbound[1:0] info:    0.032768    0.065536 1
[1728996206] unbound[1:0] info: 0vRDd mod1  _ta-75b2.keytrap.test. NULL IN
[1728996206] unbound[1:0] debug: cache memory msg=66656 rrset=68947 infra=8534 val=67198
[1728996206] unbound[1:0] debug: svcd callbacks end
[1728996206] unbound[1:0] debug: close of port 51815
[1728996206] unbound[1:0] debug: close fd 7
[1728996206] unbound[1:0] debug: answer cb
[1728996206] unbound[1:0] debug: Incoming reply id = 20fa
[1728996206] unbound[1:0] debug: Incoming reply addr = ip4 10.10.3.3 port 53 (len 16)
[1728996206] unbound[1:0] debug: lookup size is 1 entries
[1728996206] unbound[1:0] debug: received udp reply.
[1728996206] unbound[1:0] debug: udp message[39:0] 20FA84030001000000000000085F74612D37356232076B657974726170047465737400000A0001
[1728996206] unbound[1:0] debug: outnet handle udp reply
[1728996206] unbound[1:0] debug: measured roundtrip at 19 msec
[1728996206] unbound[1:0] debug: svcd callbacks start
[1728996206] unbound[1:0] debug: worker svcd callback for qstate 0x55d89245c4e0
[1728996206] unbound[1:0] debug: mesh_run: start
[1728996206] unbound[1:0] debug: iterator[module 1] operate: extstate:module_wait_reply event:module_event_reply
[1728996206] unbound[1:0] info: iterator operate: query _ta-75b2.keytrap.test. NULL IN
[1728996206] unbound[1:0] debug: process_response: new external response event
[1728996206] unbound[1:0] info: scrub for keytrap.test. NS IN
[1728996206] unbound[1:0] info: response for _ta-75b2.keytrap.test. NULL IN
[1728996206] unbound[1:0] info: reply from <keytrap.test.> 10.10.3.3#53
[1728996206] unbound[1:0] info: incoming scrubbed packet: ;; ->>HEADER<<- opcode: QUERY, rcode: NXDOMAIN, id: 0
;; flags: qr aa ; QUERY: 1, ANSWER: 0, AUTHORITY: 0, ADDITIONAL: 0 
;; QUESTION SECTION:
_ta-75b2.keytrap.test.INNULL

;; ANSWER SECTION:

;; AUTHORITY SECTION:

;; ADDITIONAL SECTION:
;; MSG SIZE  rcvd: 39

[1728996206] unbound[1:0] debug: iter_handle processing q with state QUERY RESPONSE STATE
[1728996206] unbound[1:0] info: query response was NXDOMAIN ANSWER
[1728996206] unbound[1:0] debug: iter_handle processing q with state FINISHED RESPONSE STATE
[1728996206] unbound[1:0] info: finishing processing for _ta-75b2.keytrap.test. NULL IN
[1728996206] unbound[1:0] debug: mesh_run: iterator module exit state is module_finished
[1728996206] unbound[1:0] debug: validator[module 0] operate: extstate:module_wait_module event:module_event_moddone
[1728996206] unbound[1:0] info: validator operate: query _ta-75b2.keytrap.test. NULL IN
[1728996206] unbound[1:0] debug: validator: nextmodule returned
[1728996206] unbound[1:0] debug: not validating response, is valrec(validation recursion lookup)
[1728996206] unbound[1:0] debug: mesh_run: validator module exit state is module_finished
[1728996206] unbound[1:0] info: mesh_run: end 0 recursion states (0 with reply, 0 detached), 0 waiting replies, 1 recursion replies sent, 0 replies dropped, 0 states jostled out
[1728996206] unbound[1:0] info: average recursion processing time 0.033080 sec
[1728996206] unbound[1:0] info: histogram of recursion processing times
[1728996206] unbound[1:0] info: [25%]=0 median[50%]=0 [75%]=0
[1728996206] unbound[1:0] info: lower(secs) upper(secs) recursions
[1728996206] unbound[1:0] info:    0.032768    0.065536 1
[1728996206] unbound[1:0] debug: cache memory msg=66903 rrset=68947 infra=8534 val=67198
[1728996206] unbound[1:0] debug: svcd callbacks end
[1728996206] unbound[1:0] debug: close of port 20700
[1728996206] unbound[1:0] debug: close fd 8
