[1729248685] unbound[1:0] debug: mesh_run: start
[1729248685] unbound[1:0] debug: validator[module 0] operate: extstate:module_state_initial event:module_event_new
[1729248685] unbound[1:0] info: validator operate: query cname.nodnssec.test. A IN
[1729248685] unbound[1:0] debug: validator: pass to next module
[1729248685] unbound[1:0] debug: mesh_run: validator module exit state is module_wait_module
[1729248685] unbound[1:0] debug: iterator[module 1] operate: extstate:module_state_initial event:module_event_pass
[1729248685] unbound[1:0] debug: process_request: new external request event
[1729248685] unbound[1:0] debug: iter_handle processing q with state INIT REQUEST STATE
[1729248685] unbound[1:0] info: resolving cname.nodnssec.test. A IN
[1729248685] unbound[1:0] debug: request has dependency depth of 0
[1729248685] unbound[1:0] info: use stub nodnssec.test. NS IN
[1729248685] unbound[1:0] debug: cache delegation returns delegpt
[1729248685] unbound[1:0] info: DelegationPoint<nodnssec.test.>: 0 names (0 missing), 1 addrs (0 result, 1 avail) parentNS
[1729248685] unbound[1:0] debug:    ip4 10.10.3.3 port 53 (len 16)
[1729248685] unbound[1:0] debug: iter_handle processing q with state INIT REQUEST STATE (stage 2)
[1729248685] unbound[1:0] info: resolving (init part 2):  cname.nodnssec.test. A IN
[1729248685] unbound[1:0] info: use stub nodnssec.test. NS IN
[1729248685] unbound[1:0] debug: iter_handle processing q with state INIT REQUEST STATE (stage 3)
[1729248685] unbound[1:0] info: resolving (init part 3):  cname.nodnssec.test. A IN
[1729248685] unbound[1:0] debug: iter_handle processing q with state QUERY TARGETS STATE
[1729248685] unbound[1:0] info: processQueryTargets: cname.nodnssec.test. A IN
[1729248685] unbound[1:0] debug: processQueryTargets: targetqueries 0, currentqueries 0 sentcount 0
[1729248685] unbound[1:0] info: DelegationPoint<nodnssec.test.>: 0 names (0 missing), 1 addrs (0 result, 1 avail) parentNS
[1729248685] unbound[1:0] debug:    ip4 10.10.3.3 port 53 (len 16)
[1729248685] unbound[1:0] debug: attempt to get extra 3 targets
[1729248685] unbound[1:0] debug: rpz: iterator module callback: have_rpz=0
[1729248685] unbound[1:0] debug: selrtt 376
[1729248685] unbound[1:0] info: sending query: cname.nodnssec.test. A IN
[1729248685] unbound[1:0] debug: sending to target: <nodnssec.test.> 10.10.3.3#53
[1729248685] unbound[1:0] debug: dnssec status: not expected
[1729248685] unbound[1:0] debug: mesh_run: iterator module exit state is module_wait_reply
[1729248685] unbound[1:0] info: mesh_run: end 1 recursion states (1 with reply, 0 detached), 1 waiting replies, 0 recursion replies sent, 0 replies dropped, 0 states jostled out
[1729248685] unbound[1:0] info: 0RDd mod1 rep cname.nodnssec.test. A IN
[1729248685] unbound[1:0] debug: cache memory msg=66104 rrset=66104 infra=8224 val=66384
[1729248685] unbound[1:0] debug: serviced send timer
[1729248685] unbound[1:0] debug: EDNS lookup known=0 vs=0
[1729248685] unbound[1:0] debug: serviced query UDP timeout=376 msec
[1729248685] unbound[1:0] debug: inserted new pending reply id=3941
[1729248685] unbound[1:0] debug: opened UDP if=0 port=11850
[1729248685] unbound[1:0] debug: comm point start listening 7 (-1 msec)
[1729248685] unbound[1:0] debug: answer cb
[1729248685] unbound[1:0] debug: Incoming reply id = 3941
[1729248685] unbound[1:0] debug: Incoming reply addr = ip4 10.10.3.3 port 53 (len 16)
[1729248685] unbound[1:0] debug: lookup size is 1 entries
[1729248685] unbound[1:0] debug: received udp reply.
[1729248685] unbound[1:0] debug: udp message[167:0] 39418400000100010001000105636E616D65086E6F646E737365630474657374000001000105636E616D65086E6F646E737365630474657374000005000100015180001606636E616D6530086E6F646E73736563047465737400086E6F646E7373656304746573740000020001000151800013036E7331086E6F646E73736563047465737400036E7331086E6F646E73736563047465737400000100010001518000040A0A0303
[1729248685] unbound[1:0] debug: outnet handle udp reply
[1729248685] unbound[1:0] debug: serviced query: EDNS works for ip4 10.10.3.3 port 53 (len 16)
[1729248685] unbound[1:0] debug: measured roundtrip at 5 msec
[1729248685] unbound[1:0] debug: svcd callbacks start
[1729248685] unbound[1:0] debug: worker svcd callback for qstate 0x56015b38f510
[1729248685] unbound[1:0] debug: mesh_run: start
[1729248685] unbound[1:0] debug: iterator[module 1] operate: extstate:module_wait_reply event:module_event_reply
[1729248685] unbound[1:0] info: iterator operate: query cname.nodnssec.test. A IN
[1729248685] unbound[1:0] debug: process_response: new external response event
[1729248685] unbound[1:0] info: scrub for nodnssec.test. NS IN
[1729248685] unbound[1:0] info: response for cname.nodnssec.test. A IN
[1729248685] unbound[1:0] info: reply from <nodnssec.test.> 10.10.3.3#53
[1729248685] unbound[1:0] info: incoming scrubbed packet: ;; ->>HEADER<<- opcode: QUERY, rcode: NOERROR, id: 0
;; flags: qr aa ; QUERY: 1, ANSWER: 1, AUTHORITY: 1, ADDITIONAL: 1 
;; QUESTION SECTION:
cname.nodnssec.test.INA

;; ANSWER SECTION:
cname.nodnssec.test.86400INCNAMEcname0.nodnssec.test.

;; AUTHORITY SECTION:
nodnssec.test.86400INNSns1.nodnssec.test.

;; ADDITIONAL SECTION:
ns1.nodnssec.test.86400INA10.10.3.3
;; MSG SIZE  rcvd: 92

[1729248685] unbound[1:0] debug: iter_handle processing q with state QUERY RESPONSE STATE
[1729248685] unbound[1:0] info: query response was CNAME
[1729248685] unbound[1:0] info: cname msg ;; ->>HEADER<<- opcode: QUERY, rcode: NOERROR, id: 0
;; flags: qr aa ; QUERY: 1, ANSWER: 1, AUTHORITY: 1, ADDITIONAL: 1 
;; QUESTION SECTION:
cname.nodnssec.test.INA

;; ANSWER SECTION:
cname.nodnssec.test.86400INCNAMEcname0.nodnssec.test.

;; AUTHORITY SECTION:
nodnssec.test.86400INNSns1.nodnssec.test.

;; ADDITIONAL SECTION:
ns1.nodnssec.test.86400INA10.10.3.3
;; MSG SIZE  rcvd: 92

[1729248685] unbound[1:0] debug: cleared outbound list for query restart
[1729248685] unbound[1:0] debug: iter_handle processing q with state INIT REQUEST STATE
[1729248685] unbound[1:0] info: resolving cname.nodnssec.test. A IN
[1729248685] unbound[1:0] debug: request has dependency depth of 0
[1729248685] unbound[1:0] debug: cache delegation returns delegpt
[1729248685] unbound[1:0] info: DelegationPoint<nodnssec.test.>: 1 names (1 missing), 1 addrs (0 result, 1 avail) cacheNS
[1729248685] unbound[1:0] info:   ns1.nodnssec.test.  A
[1729248685] unbound[1:0] debug:    ip4 10.10.3.3 port 53 (len 16)
[1729248685] unbound[1:0] debug: iter_handle processing q with state INIT REQUEST STATE (stage 2)
[1729248685] unbound[1:0] info: resolving (init part 2):  cname.nodnssec.test. A IN
[1729248685] unbound[1:0] info: use stub nodnssec.test. NS IN
[1729248685] unbound[1:0] debug: iter_handle processing q with state INIT REQUEST STATE (stage 3)
[1729248685] unbound[1:0] info: resolving (init part 3):  cname.nodnssec.test. A IN
[1729248685] unbound[1:0] debug: iter_handle processing q with state QUERY TARGETS STATE
[1729248685] unbound[1:0] info: processQueryTargets: cname.nodnssec.test. A IN
[1729248685] unbound[1:0] debug: processQueryTargets: targetqueries 0, currentqueries 0 sentcount 0
[1729248685] unbound[1:0] info: DelegationPoint<nodnssec.test.>: 0 names (0 missing), 1 addrs (0 result, 1 avail) parentNS
[1729248685] unbound[1:0] debug:    ip4 10.10.3.3 port 53 (len 16)
[1729248685] unbound[1:0] debug: attempt to get extra 3 targets
[1729248685] unbound[1:0] debug: rpz: iterator module callback: have_rpz=0
[1729248685] unbound[1:0] debug: servselect ip4 10.10.3.3 port 53 (len 16)
[1729248685] unbound[1:0] debug:    rtt=288
[1729248685] unbound[1:0] debug: selrtt 288
[1729248685] unbound[1:0] info: sending query: cname0.nodnssec.test. A IN
[1729248685] unbound[1:0] debug: sending to target: <nodnssec.test.> 10.10.3.3#53
[1729248685] unbound[1:0] debug: dnssec status: not expected
[1729248685] unbound[1:0] debug: mesh_run: iterator module exit state is module_wait_reply
[1729248685] unbound[1:0] info: mesh_run: end 1 recursion states (1 with reply, 0 detached), 1 waiting replies, 0 recursion replies sent, 0 replies dropped, 0 states jostled out
[1729248685] unbound[1:0] info: 0RDd mod1 rep cname.nodnssec.test. A IN
[1729248685] unbound[1:0] debug: cache memory msg=66104 rrset=66882 infra=8535 val=66384
[1729248685] unbound[1:0] debug: svcd callbacks end
[1729248685] unbound[1:0] debug: close of port 11850
[1729248685] unbound[1:0] debug: close fd 7
[1729248685] unbound[1:0] debug: serviced send timer
[1729248685] unbound[1:0] debug: EDNS lookup known=1 vs=0
[1729248685] unbound[1:0] debug: serviced query UDP timeout=288 msec
[1729248685] unbound[1:0] debug: inserted new pending reply id=4d1d
[1729248685] unbound[1:0] debug: opened UDP if=0 port=26931
[1729248685] unbound[1:0] debug: comm point start listening 7 (-1 msec)
[1729248685] unbound[1:0] debug: answer cb
[1729248685] unbound[1:0] debug: Incoming reply id = 4d1d
[1729248685] unbound[1:0] debug: Incoming reply addr = ip4 10.10.3.3 port 53 (len 16)
[1729248685] unbound[1:0] debug: lookup size is 1 entries
[1729248685] unbound[1:0] debug: received udp reply.
[1729248685] unbound[1:0] debug: udp message[166:0] 4D1D8400000100010001000106636E616D6530086E6F646E737365630474657374000001000106636E616D6530086E6F646E737365630474657374000005000100015180001303777777086E6F646E73736563047465737400086E6F646E7373656304746573740000020001000151800013036E7331086E6F646E73736563047465737400036E7331086E6F646E73736563047465737400000100010001518000040A0A0303
[1729248685] unbound[1:0] debug: outnet handle udp reply
[1729248685] unbound[1:0] debug: measured roundtrip at 19 msec
[1729248685] unbound[1:0] debug: svcd callbacks start
[1729248685] unbound[1:0] debug: worker svcd callback for qstate 0x56015b38f510
[1729248685] unbound[1:0] debug: mesh_run: start
[1729248685] unbound[1:0] debug: iterator[module 1] operate: extstate:module_wait_reply event:module_event_reply
[1729248685] unbound[1:0] info: iterator operate: query cname.nodnssec.test. A IN
[1729248685] unbound[1:0] info: iterator operate: chased to cname0.nodnssec.test. A IN
[1729248685] unbound[1:0] debug: process_response: new external response event
[1729248685] unbound[1:0] info: scrub for nodnssec.test. NS IN
[1729248685] unbound[1:0] info: response for cname.nodnssec.test. A IN
[1729248685] unbound[1:0] info: reply from <nodnssec.test.> 10.10.3.3#53
[1729248685] unbound[1:0] info: incoming scrubbed packet: ;; ->>HEADER<<- opcode: QUERY, rcode: NOERROR, id: 0
;; flags: qr aa ; QUERY: 1, ANSWER: 1, AUTHORITY: 1, ADDITIONAL: 1 
;; QUESTION SECTION:
cname0.nodnssec.test.INA

;; ANSWER SECTION:
cname0.nodnssec.test.86400INCNAMEwww.nodnssec.test.

;; AUTHORITY SECTION:
nodnssec.test.86400INNSns1.nodnssec.test.

;; ADDITIONAL SECTION:
ns1.nodnssec.test.86400INA10.10.3.3
;; MSG SIZE  rcvd: 90

[1729248685] unbound[1:0] debug: iter_handle processing q with state QUERY RESPONSE STATE
[1729248685] unbound[1:0] info: query response was CNAME
[1729248685] unbound[1:0] info: cname msg ;; ->>HEADER<<- opcode: QUERY, rcode: NOERROR, id: 0
;; flags: qr aa ; QUERY: 1, ANSWER: 1, AUTHORITY: 1, ADDITIONAL: 1 
;; QUESTION SECTION:
cname0.nodnssec.test.INA

;; ANSWER SECTION:
cname0.nodnssec.test.86400INCNAMEwww.nodnssec.test.

;; AUTHORITY SECTION:
nodnssec.test.86400INNSns1.nodnssec.test.

;; ADDITIONAL SECTION:
ns1.nodnssec.test.86400INA10.10.3.3
;; MSG SIZE  rcvd: 90

[1729248685] unbound[1:0] debug: cleared outbound list for query restart
[1729248685] unbound[1:0] debug: iter_handle processing q with state INIT REQUEST STATE
[1729248685] unbound[1:0] info: resolving cname.nodnssec.test. A IN
[1729248685] unbound[1:0] debug: request has dependency depth of 0
[1729248685] unbound[1:0] debug: cache delegation returns delegpt
[1729248685] unbound[1:0] info: DelegationPoint<nodnssec.test.>: 1 names (1 missing), 1 addrs (0 result, 1 avail) cacheNS
[1729248685] unbound[1:0] info:   ns1.nodnssec.test.  A
[1729248685] unbound[1:0] debug:    ip4 10.10.3.3 port 53 (len 16)
[1729248685] unbound[1:0] debug: iter_handle processing q with state INIT REQUEST STATE (stage 2)
[1729248685] unbound[1:0] info: resolving (init part 2):  cname.nodnssec.test. A IN
[1729248685] unbound[1:0] info: use stub nodnssec.test. NS IN
[1729248685] unbound[1:0] debug: iter_handle processing q with state INIT REQUEST STATE (stage 3)
[1729248685] unbound[1:0] info: resolving (init part 3):  cname.nodnssec.test. A IN
[1729248685] unbound[1:0] debug: iter_handle processing q with state QUERY TARGETS STATE
[1729248685] unbound[1:0] info: processQueryTargets: cname.nodnssec.test. A IN
[1729248685] unbound[1:0] debug: processQueryTargets: targetqueries 0, currentqueries 0 sentcount 0
[1729248685] unbound[1:0] info: DelegationPoint<nodnssec.test.>: 0 names (0 missing), 1 addrs (0 result, 1 avail) parentNS
[1729248685] unbound[1:0] debug:    ip4 10.10.3.3 port 53 (len 16)
[1729248685] unbound[1:0] debug: attempt to get extra 3 targets
[1729248685] unbound[1:0] debug: rpz: iterator module callback: have_rpz=0
[1729248685] unbound[1:0] debug: servselect ip4 10.10.3.3 port 53 (len 16)
[1729248685] unbound[1:0] debug:    rtt=238
[1729248685] unbound[1:0] debug: selrtt 238
[1729248685] unbound[1:0] info: sending query: www.nodnssec.test. A IN
[1729248685] unbound[1:0] debug: sending to target: <nodnssec.test.> 10.10.3.3#53
[1729248685] unbound[1:0] debug: dnssec status: not expected
[1729248685] unbound[1:0] debug: mesh_run: iterator module exit state is module_wait_reply
[1729248685] unbound[1:0] info: mesh_run: end 1 recursion states (1 with reply, 0 detached), 1 waiting replies, 0 recursion replies sent, 0 replies dropped, 0 states jostled out
[1729248685] unbound[1:0] info: 0RDd mod1 rep cname.nodnssec.test. A IN
[1729248685] unbound[1:0] debug: cache memory msg=66104 rrset=67149 infra=8535 val=66384
[1729248685] unbound[1:0] debug: svcd callbacks end
[1729248685] unbound[1:0] debug: close of port 26931
[1729248685] unbound[1:0] debug: close fd 7
[1729248685] unbound[1:0] debug: serviced send timer
[1729248685] unbound[1:0] debug: EDNS lookup known=1 vs=0
[1729248685] unbound[1:0] debug: serviced query UDP timeout=238 msec
[1729248685] unbound[1:0] debug: inserted new pending reply id=4808
[1729248685] unbound[1:0] debug: opened UDP if=0 port=20027
[1729248685] unbound[1:0] debug: comm point start listening 7 (-1 msec)
[1729248685] unbound[1:0] debug: answer cb
[1729248685] unbound[1:0] debug: Incoming reply id = 4808
[1729248685] unbound[1:0] debug: Incoming reply addr = ip4 10.10.3.3 port 53 (len 16)
[1729248685] unbound[1:0] debug: lookup size is 1 entries
[1729248685] unbound[1:0] debug: received udp reply.
[1729248685] unbound[1:0] debug: udp message[145:0] 48088400000100010001000103777777086E6F646E737365630474657374000001000103777777086E6F646E73736563047465737400000100010001518000040A0A0303086E6F646E7373656304746573740000020001000151800013036E7331086E6F646E73736563047465737400036E7331086E6F646E73736563047465737400000100010001518000040A0A0303
[1729248685] unbound[1:0] debug: outnet handle udp reply
[1729248685] unbound[1:0] debug: measured roundtrip at 31 msec
[1729248685] unbound[1:0] debug: svcd callbacks start
[1729248685] unbound[1:0] debug: worker svcd callback for qstate 0x56015b38f510
[1729248685] unbound[1:0] debug: mesh_run: start
[1729248685] unbound[1:0] debug: iterator[module 1] operate: extstate:module_wait_reply event:module_event_reply
[1729248685] unbound[1:0] info: iterator operate: query cname.nodnssec.test. A IN
[1729248685] unbound[1:0] info: iterator operate: chased to www.nodnssec.test. A IN
[1729248685] unbound[1:0] debug: process_response: new external response event
[1729248685] unbound[1:0] info: scrub for nodnssec.test. NS IN
[1729248685] unbound[1:0] info: response for cname.nodnssec.test. A IN
[1729248685] unbound[1:0] info: reply from <nodnssec.test.> 10.10.3.3#53
[1729248685] unbound[1:0] info: incoming scrubbed packet: ;; ->>HEADER<<- opcode: QUERY, rcode: NOERROR, id: 0
;; flags: qr aa ; QUERY: 1, ANSWER: 1, AUTHORITY: 1, ADDITIONAL: 1 
;; QUESTION SECTION:
www.nodnssec.test.INA

;; ANSWER SECTION:
www.nodnssec.test.86400INA10.10.3.3

;; AUTHORITY SECTION:
nodnssec.test.86400INNSns1.nodnssec.test.

;; ADDITIONAL SECTION:
ns1.nodnssec.test.86400INA10.10.3.3
;; MSG SIZE  rcvd: 85

[1729248685] unbound[1:0] debug: iter_handle processing q with state QUERY RESPONSE STATE
[1729248685] unbound[1:0] info: query response was ANSWER
[1729248685] unbound[1:0] debug: iter_handle processing q with state FINISHED RESPONSE STATE
[1729248685] unbound[1:0] info: finishing processing for cname.nodnssec.test. A IN
[1729248685] unbound[1:0] debug: prepending 2 rrsets
[1729248685] unbound[1:0] debug: mesh_run: iterator module exit state is module_finished
[1729248685] unbound[1:0] debug: validator[module 0] operate: extstate:module_wait_module event:module_event_moddone
[1729248685] unbound[1:0] info: validator operate: query cname.nodnssec.test. A IN
[1729248685] unbound[1:0] debug: validator: nextmodule returned
[1729248685] unbound[1:0] debug: val handle processing q with state VAL_INIT_STATE
[1729248685] unbound[1:0] debug: validator classification cname
[1729248685] unbound[1:0] info: no signer, using cname.nodnssec.test. TYPE0 CLASS0
[1729248685] unbound[1:0] info: chased extract ;; ->>HEADER<<- opcode: QUERY, rcode: NOERROR, id: 0
;; flags: qr ra ; QUERY: 1, ANSWER: 1, AUTHORITY: 0, ADDITIONAL: 0 
;; QUESTION SECTION:
cname.nodnssec.test.INA

;; ANSWER SECTION:
cname.nodnssec.test.86400INCNAMEcname0.nodnssec.test.

;; AUTHORITY SECTION:

;; ADDITIONAL SECTION:
;; MSG SIZE  rcvd: 58

[1729248685] unbound[1:0] debug: val handle processing q with state VAL_FINISHED_STATE
[1729248685] unbound[1:0] info: validator: chased to cname0.nodnssec.test. A IN
[1729248685] unbound[1:0] debug: val handle processing q with state VAL_INIT_STATE
[1729248685] unbound[1:0] debug: validator classification cname
[1729248685] unbound[1:0] info: no signer, using cname0.nodnssec.test. TYPE0 CLASS0
[1729248685] unbound[1:0] info: chased extract ;; ->>HEADER<<- opcode: QUERY, rcode: NOERROR, id: 0
;; flags: qr ra ; QUERY: 1, ANSWER: 1, AUTHORITY: 0, ADDITIONAL: 0 
;; QUESTION SECTION:
cname0.nodnssec.test.INA

;; ANSWER SECTION:
cname0.nodnssec.test.86400INCNAMEwww.nodnssec.test.

;; AUTHORITY SECTION:

;; ADDITIONAL SECTION:
;; MSG SIZE  rcvd: 56

[1729248685] unbound[1:0] debug: val handle processing q with state VAL_FINISHED_STATE
[1729248685] unbound[1:0] info: validator: chased to www.nodnssec.test. A IN
[1729248685] unbound[1:0] debug: val handle processing q with state VAL_INIT_STATE
[1729248685] unbound[1:0] debug: validator classification positive
[1729248685] unbound[1:0] info: no signer, using www.nodnssec.test. TYPE0 CLASS0
[1729248685] unbound[1:0] info: chased extract ;; ->>HEADER<<- opcode: QUERY, rcode: NOERROR, id: 0
;; flags: qr ra ; QUERY: 1, ANSWER: 1, AUTHORITY: 0, ADDITIONAL: 0 
;; QUESTION SECTION:
www.nodnssec.test.INA

;; ANSWER SECTION:
www.nodnssec.test.86400INA10.10.3.3

;; AUTHORITY SECTION:

;; ADDITIONAL SECTION:
;; MSG SIZE  rcvd: 51

[1729248685] unbound[1:0] debug: val handle processing q with state VAL_FINISHED_STATE
[1729248685] unbound[1:0] debug: mesh_run: validator module exit state is module_finished
[1729248685] unbound[1:0] debug: query took 0.056215 sec
[1729248685] unbound[1:0] info: mesh_run: end 0 recursion states (0 with reply, 0 detached), 0 waiting replies, 1 recursion replies sent, 0 replies dropped, 0 states jostled out
[1729248685] unbound[1:0] info: average recursion processing time 0.056215 sec
[1729248685] unbound[1:0] info: histogram of recursion processing times
[1729248685] unbound[1:0] info: [25%]=0 median[50%]=0 [75%]=0
[1729248685] unbound[1:0] info: lower(secs) upper(secs) recursions
[1729248685] unbound[1:0] info:    0.032768    0.065536 1
[1729248685] unbound[1:0] debug: cache memory msg=66784 rrset=67398 infra=8535 val=66384
[1729248685] unbound[1:0] debug: svcd callbacks end
[1729248685] unbound[1:0] debug: close of port 20027
[1729248685] unbound[1:0] debug: close fd 7
